[0.041s] Invoking command in '/home/ubuntu/LyricalDave/ros2ws/build/nav2_gopigo3': CMAKE_PREFIX_PATH=${CMAKE_PREFIX_PATH}:/home/ubuntu/LyricalDave/ros2ws/install/teleop_gopigo3_keyboard:/home/ubuntu/LyricalDave/ros2ws/install/scan_client:/home/ubuntu/LyricalDave/ros2ws/install/ros2_libcamera_pub:/home/ubuntu/LyricalDave/ros2ws/install/ros2_gopigo3_node:/home/ubuntu/LyricalDave/ros2ws/install/explorer_wanderer:/home/ubuntu/LyricalDave/ros2ws/install/demo_nodes_py:/home/ubuntu/LyricalDave/ros2ws/install/dave:/opt/ros/lyrical /usr/bin/cmake --build /home/ubuntu/LyricalDave/ros2ws/build/nav2_gopigo3 -- -j4 -l4
[0.321s] Built target ament_cmake_python_sync_nav2_gopigo3
[1.866s] running egg_info
[2.001s] writing nav2_gopigo3.egg-info/PKG-INFO
[2.002s] writing dependency_links to nav2_gopigo3.egg-info/dependency_links.txt
[2.003s] writing top-level names to nav2_gopigo3.egg-info/top_level.txt
[2.427s] reading manifest file 'nav2_gopigo3.egg-info/SOURCES.txt'
[2.431s] writing manifest file 'nav2_gopigo3.egg-info/SOURCES.txt'
[2.852s] Built target ament_cmake_python_build_nav2_gopigo3_egg
[2.955s] Invoked command in '/home/ubuntu/LyricalDave/ros2ws/build/nav2_gopigo3' returned '0': CMAKE_PREFIX_PATH=${CMAKE_PREFIX_PATH}:/home/ubuntu/LyricalDave/ros2ws/install/teleop_gopigo3_keyboard:/home/ubuntu/LyricalDave/ros2ws/install/scan_client:/home/ubuntu/LyricalDave/ros2ws/install/ros2_libcamera_pub:/home/ubuntu/LyricalDave/ros2ws/install/ros2_gopigo3_node:/home/ubuntu/LyricalDave/ros2ws/install/explorer_wanderer:/home/ubuntu/LyricalDave/ros2ws/install/demo_nodes_py:/home/ubuntu/LyricalDave/ros2ws/install/dave:/opt/ros/lyrical /usr/bin/cmake --build /home/ubuntu/LyricalDave/ros2ws/build/nav2_gopigo3 -- -j4 -l4
[2.960s] Invoking command in '/home/ubuntu/LyricalDave/ros2ws/build/nav2_gopigo3': CMAKE_PREFIX_PATH=${CMAKE_PREFIX_PATH}:/home/ubuntu/LyricalDave/ros2ws/install/teleop_gopigo3_keyboard:/home/ubuntu/LyricalDave/ros2ws/install/scan_client:/home/ubuntu/LyricalDave/ros2ws/install/ros2_libcamera_pub:/home/ubuntu/LyricalDave/ros2ws/install/ros2_gopigo3_node:/home/ubuntu/LyricalDave/ros2ws/install/explorer_wanderer:/home/ubuntu/LyricalDave/ros2ws/install/demo_nodes_py:/home/ubuntu/LyricalDave/ros2ws/install/dave:/opt/ros/lyrical /usr/bin/cmake --install /home/ubuntu/LyricalDave/ros2ws/build/nav2_gopigo3
[3.057s] -- Install configuration: ""
[3.057s] -- Up-to-date: /home/ubuntu/LyricalDave/ros2ws/install/nav2_gopigo3/share/nav2_gopigo3/config
[3.058s] -- Up-to-date: /home/ubuntu/LyricalDave/ros2ws/install/nav2_gopigo3/share/nav2_gopigo3/config/localization.yaml
[3.058s] -- Up-to-date: /home/ubuntu/LyricalDave/ros2ws/install/nav2_gopigo3/share/nav2_gopigo3/config/nav2.yaml
[3.062s] -- Up-to-date: /home/ubuntu/LyricalDave/ros2ws/install/nav2_gopigo3/share/nav2_gopigo3/config/slam.yaml
[3.062s] -- Up-to-date: /home/ubuntu/LyricalDave/ros2ws/install/nav2_gopigo3/share/nav2_gopigo3/config/slam.tb4.yaml
[3.063s] -- Up-to-date: /home/ubuntu/LyricalDave/ros2ws/install/nav2_gopigo3/share/nav2_gopigo3/launch
[3.064s] -- Up-to-date: /home/ubuntu/LyricalDave/ros2ws/install/nav2_gopigo3/share/nav2_gopigo3/launch/slam.launch.py
[3.068s] -- Up-to-date: /home/ubuntu/LyricalDave/ros2ws/install/nav2_gopigo3/share/nav2_gopigo3/launch/localization.launch.py
[3.070s] -- Up-to-date: /home/ubuntu/LyricalDave/ros2ws/install/nav2_gopigo3/share/nav2_gopigo3/launch/nav2.launch.py
[3.070s] -- Up-to-date: /home/ubuntu/LyricalDave/ros2ws/install/nav2_gopigo3/share/nav2_gopigo3/maps
[3.074s] -- Up-to-date: /home/ubuntu/LyricalDave/ros2ws/install/nav2_gopigo3/share/nav2_gopigo3/maps/maze.pgm
[3.075s] -- Up-to-date: /home/ubuntu/LyricalDave/ros2ws/install/nav2_gopigo3/share/nav2_gopigo3/maps/depot.pgm
[3.075s] -- Up-to-date: /home/ubuntu/LyricalDave/ros2ws/install/nav2_gopigo3/share/nav2_gopigo3/maps/warehouse.yaml
[3.076s] -- Up-to-date: /home/ubuntu/LyricalDave/ros2ws/install/nav2_gopigo3/share/nav2_gopigo3/maps/maze.yaml
[3.076s] -- Up-to-date: /home/ubuntu/LyricalDave/ros2ws/install/nav2_gopigo3/share/nav2_gopigo3/maps/warehouse.pgm
[3.079s] -- Up-to-date: /home/ubuntu/LyricalDave/ros2ws/install/nav2_gopigo3/share/nav2_gopigo3/maps/depot.yaml
[3.081s] -- Up-to-date: /home/ubuntu/LyricalDave/ros2ws/install/nav2_gopigo3/share/nav2_gopigo3/environment/pythonpath.sh
[3.081s] -- Up-to-date: /home/ubuntu/LyricalDave/ros2ws/install/nav2_gopigo3/share/nav2_gopigo3/environment/pythonpath.dsv
[3.081s] -- Up-to-date: /home/ubuntu/LyricalDave/ros2ws/install/nav2_gopigo3/lib/python3.14/site-packages/gopigo3_navigator.py
[3.460s] -- Up-to-date: /home/ubuntu/LyricalDave/ros2ws/install/nav2_gopigo3/share/ament_index/resource_index/package_run_dependencies/nav2_gopigo3
[3.461s] -- Up-to-date: /home/ubuntu/LyricalDave/ros2ws/install/nav2_gopigo3/share/ament_index/resource_index/parent_prefix_path/nav2_gopigo3
[3.462s] -- Up-to-date: /home/ubuntu/LyricalDave/ros2ws/install/nav2_gopigo3/share/nav2_gopigo3/environment/ament_prefix_path.sh
[3.463s] -- Up-to-date: /home/ubuntu/LyricalDave/ros2ws/install/nav2_gopigo3/share/nav2_gopigo3/environment/ament_prefix_path.dsv
[3.463s] -- Up-to-date: /home/ubuntu/LyricalDave/ros2ws/install/nav2_gopigo3/share/nav2_gopigo3/environment/path.sh
[3.464s] -- Up-to-date: /home/ubuntu/LyricalDave/ros2ws/install/nav2_gopigo3/share/nav2_gopigo3/environment/path.dsv
[3.464s] -- Up-to-date: /home/ubuntu/LyricalDave/ros2ws/install/nav2_gopigo3/share/nav2_gopigo3/local_setup.bash
[3.465s] -- Up-to-date: /home/ubuntu/LyricalDave/ros2ws/install/nav2_gopigo3/share/nav2_gopigo3/local_setup.fish
[3.466s] -- Up-to-date: /home/ubuntu/LyricalDave/ros2ws/install/nav2_gopigo3/share/nav2_gopigo3/local_setup.sh
[3.467s] -- Up-to-date: /home/ubuntu/LyricalDave/ros2ws/install/nav2_gopigo3/share/nav2_gopigo3/local_setup.zsh
[3.467s] -- Up-to-date: /home/ubuntu/LyricalDave/ros2ws/install/nav2_gopigo3/share/nav2_gopigo3/local_setup.dsv
[3.467s] -- Installing: /home/ubuntu/LyricalDave/ros2ws/install/nav2_gopigo3/share/nav2_gopigo3/package.dsv
[3.468s] -- Up-to-date: /home/ubuntu/LyricalDave/ros2ws/install/nav2_gopigo3/share/ament_index/resource_index/packages/nav2_gopigo3
[3.469s] -- Up-to-date: /home/ubuntu/LyricalDave/ros2ws/install/nav2_gopigo3/lib/python3.14/site-packages/nav2_gopigo3-1.0.4-py3.14.egg-info
[3.469s] -- Installing: /home/ubuntu/LyricalDave/ros2ws/install/nav2_gopigo3/lib/python3.14/site-packages/nav2_gopigo3-1.0.4-py3.14.egg-info/top_level.txt
[3.470s] -- Installing: /home/ubuntu/LyricalDave/ros2ws/install/nav2_gopigo3/lib/python3.14/site-packages/nav2_gopigo3-1.0.4-py3.14.egg-info/SOURCES.txt
[3.471s] -- Installing: /home/ubuntu/LyricalDave/ros2ws/install/nav2_gopigo3/lib/python3.14/site-packages/nav2_gopigo3-1.0.4-py3.14.egg-info/dependency_links.txt
[3.471s] -- Installing: /home/ubuntu/LyricalDave/ros2ws/install/nav2_gopigo3/lib/python3.14/site-packages/nav2_gopigo3-1.0.4-py3.14.egg-info/PKG-INFO
[3.472s] -- Up-to-date: /home/ubuntu/LyricalDave/ros2ws/install/nav2_gopigo3/lib/python3.14/site-packages/nav2_gopigo3
[3.472s] -- Up-to-date: /home/ubuntu/LyricalDave/ros2ws/install/nav2_gopigo3/lib/python3.14/site-packages/nav2_gopigo3/__init__.py
[3.472s] -- Up-to-date: /home/ubuntu/LyricalDave/ros2ws/install/nav2_gopigo3/lib/python3.14/site-packages/nav2_gopigo3/gopigo3_navigator.py
[3.710s] Listing '/home/ubuntu/LyricalDave/ros2ws/install/nav2_gopigo3/lib/python3.14/site-packages/nav2_gopigo3'...
[3.781s] -- Up-to-date: /home/ubuntu/LyricalDave/ros2ws/install/nav2_gopigo3/share/nav2_gopigo3/cmake/nav2_gopigo3Config.cmake
[3.781s] -- Up-to-date: /home/ubuntu/LyricalDave/ros2ws/install/nav2_gopigo3/share/nav2_gopigo3/cmake/nav2_gopigo3Config-version.cmake
[3.782s] -- Up-to-date: /home/ubuntu/LyricalDave/ros2ws/install/nav2_gopigo3/share/nav2_gopigo3/package.xml
[4.386s] Invoked command in '/home/ubuntu/LyricalDave/ros2ws/build/nav2_gopigo3' returned '0': CMAKE_PREFIX_PATH=${CMAKE_PREFIX_PATH}:/home/ubuntu/LyricalDave/ros2ws/install/teleop_gopigo3_keyboard:/home/ubuntu/LyricalDave/ros2ws/install/scan_client:/home/ubuntu/LyricalDave/ros2ws/install/ros2_libcamera_pub:/home/ubuntu/LyricalDave/ros2ws/install/ros2_gopigo3_node:/home/ubuntu/LyricalDave/ros2ws/install/explorer_wanderer:/home/ubuntu/LyricalDave/ros2ws/install/demo_nodes_py:/home/ubuntu/LyricalDave/ros2ws/install/dave:/opt/ros/lyrical /usr/bin/cmake --install /home/ubuntu/LyricalDave/ros2ws/build/nav2_gopigo3
