[6.588s] Invoking command in '/home/ubuntu/LyricalDave/ros2ws/src/demo_nodes_py': PYTHONPATH=/home/ubuntu/LyricalDave/ros2ws/build/demo_nodes_py/prefix_override:/usr/lib/python3/dist-packages/colcon_core/task/python/colcon_distutils_commands:/home/ubuntu/LyricalDave/ros2ws/install/demo_nodes_py/lib/python3.14/site-packages:${PYTHONPATH} /usr/bin/python3 -W ignore:setup.py install is deprecated -W ignore:easy_install command is deprecated setup.py egg_info --egg-base ../../build/demo_nodes_py build --build-base /home/ubuntu/LyricalDave/ros2ws/build/demo_nodes_py/build install --record /home/ubuntu/LyricalDave/ros2ws/build/demo_nodes_py/install.log --single-version-externally-managed install_data
[7.670s] /usr/lib/python3/dist-packages/setuptools/_distutils/dist.py:289: UserWarning: Unknown distribution option: 'tests_require'
[7.672s]   warnings.warn(msg)
[7.927s] /usr/lib/python3/dist-packages/setuptools/dist.py:759: SetuptoolsDeprecationWarning: License classifiers are deprecated.
[7.927s] !!
[7.928s] 
[7.928s]         ********************************************************************************
[7.928s]         Please consider removing the following classifiers in favor of a SPDX license expression:
[7.932s] 
[7.932s]         License :: OSI Approved :: Apache Software License
[7.933s] 
[7.933s]         See https://packaging.python.org/en/latest/guides/writing-pyproject-toml/#license for details.
[7.934s]         ********************************************************************************
[7.934s] 
[7.934s] !!
[7.938s]   self._finalize_license_expression()
[8.720s] running egg_info
[8.838s] writing ../../build/demo_nodes_py/demo_nodes_py.egg-info/PKG-INFO
[8.838s] writing dependency_links to ../../build/demo_nodes_py/demo_nodes_py.egg-info/dependency_links.txt
[8.841s] writing entry points to ../../build/demo_nodes_py/demo_nodes_py.egg-info/entry_points.txt
[8.852s] writing requirements to ../../build/demo_nodes_py/demo_nodes_py.egg-info/requires.txt
[8.855s] writing top-level names to ../../build/demo_nodes_py/demo_nodes_py.egg-info/top_level.txt
[9.097s] reading manifest file '../../build/demo_nodes_py/demo_nodes_py.egg-info/SOURCES.txt'
[9.107s] writing manifest file '../../build/demo_nodes_py/demo_nodes_py.egg-info/SOURCES.txt'
[9.107s] running build
[9.107s] running build_py
[9.110s] copying demo_nodes_py/__init__.py -> /home/ubuntu/LyricalDave/ros2ws/build/demo_nodes_py/build/lib/demo_nodes_py
[9.112s] copying demo_nodes_py/logging/__init__.py -> /home/ubuntu/LyricalDave/ros2ws/build/demo_nodes_py/build/lib/demo_nodes_py/logging
[9.113s] copying demo_nodes_py/logging/use_logger_service.py -> /home/ubuntu/LyricalDave/ros2ws/build/demo_nodes_py/build/lib/demo_nodes_py/logging
[9.116s] copying demo_nodes_py/parameters/__init__.py -> /home/ubuntu/LyricalDave/ros2ws/build/demo_nodes_py/build/lib/demo_nodes_py/parameters
[9.117s] copying demo_nodes_py/parameters/set_parameters_callback.py -> /home/ubuntu/LyricalDave/ros2ws/build/demo_nodes_py/build/lib/demo_nodes_py/parameters
[9.120s] copying demo_nodes_py/parameters/async_param_client.py -> /home/ubuntu/LyricalDave/ros2ws/build/demo_nodes_py/build/lib/demo_nodes_py/parameters
[9.122s] copying demo_nodes_py/events/__init__.py -> /home/ubuntu/LyricalDave/ros2ws/build/demo_nodes_py/build/lib/demo_nodes_py/events
[9.123s] copying demo_nodes_py/events/matched_event_detect.py -> /home/ubuntu/LyricalDave/ros2ws/build/demo_nodes_py/build/lib/demo_nodes_py/events
[9.127s] copying demo_nodes_py/topics/__init__.py -> /home/ubuntu/LyricalDave/ros2ws/build/demo_nodes_py/build/lib/demo_nodes_py/topics
[9.128s] copying demo_nodes_py/topics/listener_serialized.py -> /home/ubuntu/LyricalDave/ros2ws/build/demo_nodes_py/build/lib/demo_nodes_py/topics
[9.132s] copying demo_nodes_py/topics/talker.py -> /home/ubuntu/LyricalDave/ros2ws/build/demo_nodes_py/build/lib/demo_nodes_py/topics
[9.132s] copying demo_nodes_py/topics/listener_qos.py -> /home/ubuntu/LyricalDave/ros2ws/build/demo_nodes_py/build/lib/demo_nodes_py/topics
[9.134s] copying demo_nodes_py/topics/listener.py -> /home/ubuntu/LyricalDave/ros2ws/build/demo_nodes_py/build/lib/demo_nodes_py/topics
[9.136s] copying demo_nodes_py/topics/talker_qos.py -> /home/ubuntu/LyricalDave/ros2ws/build/demo_nodes_py/build/lib/demo_nodes_py/topics
[9.140s] copying demo_nodes_py/services/__init__.py -> /home/ubuntu/LyricalDave/ros2ws/build/demo_nodes_py/build/lib/demo_nodes_py/services
[9.140s] copying demo_nodes_py/services/introspection.py -> /home/ubuntu/LyricalDave/ros2ws/build/demo_nodes_py/build/lib/demo_nodes_py/services
[9.143s] copying demo_nodes_py/services/add_two_ints_server.py -> /home/ubuntu/LyricalDave/ros2ws/build/demo_nodes_py/build/lib/demo_nodes_py/services
[9.144s] copying demo_nodes_py/services/add_two_ints_client_async.py -> /home/ubuntu/LyricalDave/ros2ws/build/demo_nodes_py/build/lib/demo_nodes_py/services
[9.146s] copying demo_nodes_py/services/add_two_ints_client.py -> /home/ubuntu/LyricalDave/ros2ws/build/demo_nodes_py/build/lib/demo_nodes_py/services
[9.152s] running install
[9.178s] running install_lib
[9.361s] running install_data
[9.364s] copying resource/demo_nodes_py -> /home/ubuntu/LyricalDave/ros2ws/install/demo_nodes_py/share/ament_index/resource_index/packages
[9.368s] copying package.xml -> /home/ubuntu/LyricalDave/ros2ws/install/demo_nodes_py/share/demo_nodes_py
[9.370s] copying demo_nodes_py/parameters/params.yaml -> /home/ubuntu/LyricalDave/ros2ws/install/demo_nodes_py/share/demo_nodes_py
[9.374s] running install_egg_info
[9.590s] removing '/home/ubuntu/LyricalDave/ros2ws/install/demo_nodes_py/lib/python3.14/site-packages/demo_nodes_py-0.37.0-py3.14.egg-info' (and everything under it)
[9.593s] Copying ../../build/demo_nodes_py/demo_nodes_py.egg-info to /home/ubuntu/LyricalDave/ros2ws/install/demo_nodes_py/lib/python3.14/site-packages/demo_nodes_py-0.37.0-py3.14.egg-info
[9.600s] running install_scripts
[10.340s] Installing add_two_ints_client script to /home/ubuntu/LyricalDave/ros2ws/install/demo_nodes_py/lib/demo_nodes_py
[10.342s] Installing add_two_ints_client_async script to /home/ubuntu/LyricalDave/ros2ws/install/demo_nodes_py/lib/demo_nodes_py
[10.344s] Installing add_two_ints_server script to /home/ubuntu/LyricalDave/ros2ws/install/demo_nodes_py/lib/demo_nodes_py
[10.346s] Installing async_param_client script to /home/ubuntu/LyricalDave/ros2ws/install/demo_nodes_py/lib/demo_nodes_py
[10.348s] Installing introspection script to /home/ubuntu/LyricalDave/ros2ws/install/demo_nodes_py/lib/demo_nodes_py
[10.350s] Installing listener script to /home/ubuntu/LyricalDave/ros2ws/install/demo_nodes_py/lib/demo_nodes_py
[10.354s] Installing listener_qos script to /home/ubuntu/LyricalDave/ros2ws/install/demo_nodes_py/lib/demo_nodes_py
[10.355s] Installing listener_serialized script to /home/ubuntu/LyricalDave/ros2ws/install/demo_nodes_py/lib/demo_nodes_py
[10.358s] Installing matched_event_detect script to /home/ubuntu/LyricalDave/ros2ws/install/demo_nodes_py/lib/demo_nodes_py
[10.362s] Installing set_parameters_callback script to /home/ubuntu/LyricalDave/ros2ws/install/demo_nodes_py/lib/demo_nodes_py
[10.363s] Installing talker script to /home/ubuntu/LyricalDave/ros2ws/install/demo_nodes_py/lib/demo_nodes_py
[10.364s] Installing talker_qos script to /home/ubuntu/LyricalDave/ros2ws/install/demo_nodes_py/lib/demo_nodes_py
[10.366s] Installing use_logger_service script to /home/ubuntu/LyricalDave/ros2ws/install/demo_nodes_py/lib/demo_nodes_py
[10.374s] writing list of installed files to '/home/ubuntu/LyricalDave/ros2ws/build/demo_nodes_py/install.log'
[10.728s] Invoked command in '/home/ubuntu/LyricalDave/ros2ws/src/demo_nodes_py' returned '0': PYTHONPATH=/home/ubuntu/LyricalDave/ros2ws/build/demo_nodes_py/prefix_override:/usr/lib/python3/dist-packages/colcon_core/task/python/colcon_distutils_commands:/home/ubuntu/LyricalDave/ros2ws/install/demo_nodes_py/lib/python3.14/site-packages:${PYTHONPATH} /usr/bin/python3 -W ignore:setup.py install is deprecated -W ignore:easy_install command is deprecated setup.py egg_info --egg-base ../../build/demo_nodes_py build --build-base /home/ubuntu/LyricalDave/ros2ws/build/demo_nodes_py/build install --record /home/ubuntu/LyricalDave/ros2ws/build/demo_nodes_py/install.log --single-version-externally-managed install_data
