[6.050s] Invoking command in '/home/ubuntu/LyricalDave/ros2ws/src/teleop_gopigo3_keyboard': PYTHONPATH=/home/ubuntu/LyricalDave/ros2ws/build/teleop_gopigo3_keyboard/prefix_override:/usr/lib/python3/dist-packages/colcon_core/task/python/colcon_distutils_commands:/home/ubuntu/LyricalDave/ros2ws/install/teleop_gopigo3_keyboard/lib/python3.14/site-packages:${PYTHONPATH} /usr/bin/python3 -W ignore:setup.py install is deprecated -W ignore:easy_install command is deprecated setup.py egg_info --egg-base ../../build/teleop_gopigo3_keyboard build --build-base /home/ubuntu/LyricalDave/ros2ws/build/teleop_gopigo3_keyboard/build install --record /home/ubuntu/LyricalDave/ros2ws/build/teleop_gopigo3_keyboard/install.log --single-version-externally-managed install_data
[7.173s] /usr/lib/python3/dist-packages/setuptools/_distutils/dist.py:289: UserWarning: Unknown distribution option: 'tests_require'
[7.173s]   warnings.warn(msg)
[7.325s] /usr/lib/python3/dist-packages/setuptools/dist.py:759: SetuptoolsDeprecationWarning: License classifiers are deprecated.
[7.326s] !!
[7.326s] 
[7.326s]         ********************************************************************************
[7.327s]         Please consider removing the following classifiers in favor of a SPDX license expression:
[7.327s] 
[7.327s]         License :: BSD
[7.327s] 
[7.328s]         See https://packaging.python.org/en/latest/guides/writing-pyproject-toml/#license for details.
[7.328s]         ********************************************************************************
[7.328s] 
[7.329s] !!
[7.329s]   self._finalize_license_expression()
[7.642s] running egg_info
[7.720s] writing ../../build/teleop_gopigo3_keyboard/teleop_gopigo3_keyboard.egg-info/PKG-INFO
[7.722s] writing dependency_links to ../../build/teleop_gopigo3_keyboard/teleop_gopigo3_keyboard.egg-info/dependency_links.txt
[7.723s] writing entry points to ../../build/teleop_gopigo3_keyboard/teleop_gopigo3_keyboard.egg-info/entry_points.txt
[7.725s] writing requirements to ../../build/teleop_gopigo3_keyboard/teleop_gopigo3_keyboard.egg-info/requires.txt
[7.726s] writing top-level names to ../../build/teleop_gopigo3_keyboard/teleop_gopigo3_keyboard.egg-info/top_level.txt
[7.883s] reading manifest file '../../build/teleop_gopigo3_keyboard/teleop_gopigo3_keyboard.egg-info/SOURCES.txt'
[7.885s] adding license file 'LICENSE'
[7.888s] writing manifest file '../../build/teleop_gopigo3_keyboard/teleop_gopigo3_keyboard.egg-info/SOURCES.txt'
[7.888s] running build
[7.889s] running build_py
[7.890s] copying teleop_gopigo3_keyboard.py -> /home/ubuntu/LyricalDave/ros2ws/build/teleop_gopigo3_keyboard/build/lib
[7.890s] running install
[7.909s] running install_lib
[7.985s] running install_data
[7.985s] copying resource/teleop_gopigo3_keyboard -> /home/ubuntu/LyricalDave/ros2ws/install/teleop_gopigo3_keyboard/share/ament_index/resource_index/packages
[7.986s] copying package.xml -> /home/ubuntu/LyricalDave/ros2ws/install/teleop_gopigo3_keyboard/share/teleop_gopigo3_keyboard
[7.987s] running install_egg_info
[8.061s] removing '/home/ubuntu/LyricalDave/ros2ws/install/teleop_gopigo3_keyboard/lib/python3.14/site-packages/teleop_gopigo3_keyboard-2.3.2-py3.14.egg-info' (and everything under it)
[8.063s] Copying ../../build/teleop_gopigo3_keyboard/teleop_gopigo3_keyboard.egg-info to /home/ubuntu/LyricalDave/ros2ws/install/teleop_gopigo3_keyboard/lib/python3.14/site-packages/teleop_gopigo3_keyboard-2.3.2-py3.14.egg-info
[8.067s] running install_scripts
[8.562s] Installing teleop_gopigo3_keyboard script to /home/ubuntu/LyricalDave/ros2ws/install/teleop_gopigo3_keyboard/lib/teleop_gopigo3_keyboard
[8.564s] writing list of installed files to '/home/ubuntu/LyricalDave/ros2ws/build/teleop_gopigo3_keyboard/install.log'
[8.772s] Invoked command in '/home/ubuntu/LyricalDave/ros2ws/src/teleop_gopigo3_keyboard' returned '0': PYTHONPATH=/home/ubuntu/LyricalDave/ros2ws/build/teleop_gopigo3_keyboard/prefix_override:/usr/lib/python3/dist-packages/colcon_core/task/python/colcon_distutils_commands:/home/ubuntu/LyricalDave/ros2ws/install/teleop_gopigo3_keyboard/lib/python3.14/site-packages:${PYTHONPATH} /usr/bin/python3 -W ignore:setup.py install is deprecated -W ignore:easy_install command is deprecated setup.py egg_info --egg-base ../../build/teleop_gopigo3_keyboard build --build-base /home/ubuntu/LyricalDave/ros2ws/build/teleop_gopigo3_keyboard/build install --record /home/ubuntu/LyricalDave/ros2ws/build/teleop_gopigo3_keyboard/install.log --single-version-externally-managed install_data
