running develop
running egg_info
writing ros2_gopigo3_node.egg-info/PKG-INFO
writing dependency_links to ros2_gopigo3_node.egg-info/dependency_links.txt
writing entry points to ros2_gopigo3_node.egg-info/entry_points.txt
writing requirements to ros2_gopigo3_node.egg-info/requires.txt
writing top-level names to ros2_gopigo3_node.egg-info/top_level.txt
reading manifest file 'ros2_gopigo3_node.egg-info/SOURCES.txt'
writing manifest file 'ros2_gopigo3_node.egg-info/SOURCES.txt'
running build_ext
Creating /home/ubuntu/LyricalDave/ros2ws/install/ros2_gopigo3_node/lib/python3.14/site-packages/ros2-gopigo3-node.egg-link (link to .)
Installing distance_sensor script to /home/ubuntu/LyricalDave/ros2ws/install/ros2_gopigo3_node/lib/ros2_gopigo3_node
Installing distance_sensor_subscriber script to /home/ubuntu/LyricalDave/ros2ws/install/ros2_gopigo3_node/lib/ros2_gopigo3_node
Installing gopigo3_node script to /home/ubuntu/LyricalDave/ros2ws/install/ros2_gopigo3_node/lib/ros2_gopigo3_node
Installing imu_sensor script to /home/ubuntu/LyricalDave/ros2ws/install/ros2_gopigo3_node/lib/ros2_gopigo3_node
Installing odometer script to /home/ubuntu/LyricalDave/ros2ws/install/ros2_gopigo3_node/lib/ros2_gopigo3_node
Installing ultrasonic_ranger script to /home/ubuntu/LyricalDave/ros2ws/install/ros2_gopigo3_node/lib/ros2_gopigo3_node

Installed /home/ubuntu/LyricalDave/ros2ws/build/ros2_gopigo3_node
running symlink_data
symbolically linking /home/ubuntu/LyricalDave/ros2ws/build/ros2_gopigo3_node/resource/ros2_gopigo3_node -> /home/ubuntu/LyricalDave/ros2ws/install/ros2_gopigo3_node/share/ament_index/resource_index/packages
symbolically linking /home/ubuntu/LyricalDave/ros2ws/build/ros2_gopigo3_node/package.xml -> /home/ubuntu/LyricalDave/ros2ws/install/ros2_gopigo3_node/share/ros2_gopigo3_node
symbolically linking /home/ubuntu/LyricalDave/ros2ws/build/ros2_gopigo3_node/launch/ros2_finmark_state_and_joint.launch.py -> /home/ubuntu/LyricalDave/ros2ws/install/ros2_gopigo3_node/share/ros2_gopigo3_node
symbolically linking /home/ubuntu/LyricalDave/ros2ws/build/ros2_gopigo3_node/launch/ros2_gopi5go_dave_state_and_joint.launch.py -> /home/ubuntu/LyricalDave/ros2ws/install/ros2_gopigo3_node/share/ros2_gopigo3_node
symbolically linking /home/ubuntu/LyricalDave/ros2ws/build/ros2_gopigo3_node/launch/ros2_dave_state_and_joint.launch.py -> /home/ubuntu/LyricalDave/ros2ws/install/ros2_gopigo3_node/share/ros2_gopigo3_node
symbolically linking /home/ubuntu/LyricalDave/ros2ws/build/ros2_gopigo3_node/launch/ros2_gpgMin_state_and_joint.launch.py -> /home/ubuntu/LyricalDave/ros2ws/install/ros2_gopigo3_node/share/ros2_gopigo3_node
symbolically linking /home/ubuntu/LyricalDave/ros2ws/build/ros2_gopigo3_node/urdf/finmark.urdf -> /home/ubuntu/LyricalDave/ros2ws/install/ros2_gopigo3_node/share/ros2_gopigo3_node
symbolically linking /home/ubuntu/LyricalDave/ros2ws/build/ros2_gopigo3_node/urdf/dave.urdf -> /home/ubuntu/LyricalDave/ros2ws/install/ros2_gopigo3_node/share/ros2_gopigo3_node
symbolically linking /home/ubuntu/LyricalDave/ros2ws/build/ros2_gopigo3_node/urdf/gpgMin.urdf -> /home/ubuntu/LyricalDave/ros2ws/install/ros2_gopigo3_node/share/ros2_gopigo3_node
symbolically linking /home/ubuntu/LyricalDave/ros2ws/build/ros2_gopigo3_node/urdf/common_properties.urdf -> /home/ubuntu/LyricalDave/ros2ws/install/ros2_gopigo3_node/share/ros2_gopigo3_node
symbolically linking /home/ubuntu/LyricalDave/ros2ws/build/ros2_gopigo3_node/urdf/gpg3_gopi5go_dave.urdf -> /home/ubuntu/LyricalDave/ros2ws/install/ros2_gopigo3_node/share/ros2_gopigo3_node
symbolically linking /home/ubuntu/LyricalDave/ros2ws/build/ros2_gopigo3_node/urdf/kilteddave.urdf -> /home/ubuntu/LyricalDave/ros2ws/install/ros2_gopigo3_node/share/ros2_gopigo3_node
symbolically linking /home/ubuntu/LyricalDave/ros2ws/build/ros2_gopigo3_node/urdf/humbledave2.urdf -> /home/ubuntu/LyricalDave/ros2ws/install/ros2_gopigo3_node/share/ros2_gopigo3_node
symbolically linking /home/ubuntu/LyricalDave/ros2ws/build/ros2_gopigo3_node/urdf/gopi5go_dave.urdf -> /home/ubuntu/LyricalDave/ros2ws/install/ros2_gopigo3_node/share/ros2_gopigo3_node
