[6.840s] Invoking command in '/home/ubuntu/LyricalDave/ros2ws/src/demo_nodes_py': PYTHONPATH=/home/ubuntu/LyricalDave/ros2ws/build/demo_nodes_py/prefix_override:/usr/lib/python3/dist-packages/colcon_core/task/python/colcon_distutils_commands:/home/ubuntu/LyricalDave/ros2ws/install/demo_nodes_py/lib/python3.14/site-packages:${PYTHONPATH} /usr/bin/python3 -W ignore:setup.py install is deprecated -W ignore:easy_install command is deprecated setup.py egg_info --egg-base ../../build/demo_nodes_py build --build-base /home/ubuntu/LyricalDave/ros2ws/build/demo_nodes_py/build install --record /home/ubuntu/LyricalDave/ros2ws/build/demo_nodes_py/install.log --single-version-externally-managed install_data
[8.113s] /usr/lib/python3/dist-packages/setuptools/_distutils/dist.py:289: UserWarning: Unknown distribution option: 'tests_require'
[8.114s]   warnings.warn(msg)
[8.448s] /usr/lib/python3/dist-packages/setuptools/dist.py:759: SetuptoolsDeprecationWarning: License classifiers are deprecated.
[8.449s] !!
[8.449s] 
[8.450s]         ********************************************************************************
[8.450s]         Please consider removing the following classifiers in favor of a SPDX license expression:
[8.453s] 
[8.454s]         License :: OSI Approved :: Apache Software License
[8.454s] 
[8.455s]         See https://packaging.python.org/en/latest/guides/writing-pyproject-toml/#license for details.
[8.455s]         ********************************************************************************
[8.456s] 
[8.459s] !!
[8.460s]   self._finalize_license_expression()
[9.132s] running egg_info
[9.300s] creating ../../build/demo_nodes_py/demo_nodes_py.egg-info
[9.304s] writing ../../build/demo_nodes_py/demo_nodes_py.egg-info/PKG-INFO
[9.310s] writing dependency_links to ../../build/demo_nodes_py/demo_nodes_py.egg-info/dependency_links.txt
[9.310s] writing entry points to ../../build/demo_nodes_py/demo_nodes_py.egg-info/entry_points.txt
[9.313s] writing requirements to ../../build/demo_nodes_py/demo_nodes_py.egg-info/requires.txt
[9.313s] writing top-level names to ../../build/demo_nodes_py/demo_nodes_py.egg-info/top_level.txt
[9.315s] writing manifest file '../../build/demo_nodes_py/demo_nodes_py.egg-info/SOURCES.txt'
[9.692s] reading manifest file '../../build/demo_nodes_py/demo_nodes_py.egg-info/SOURCES.txt'
[9.704s] writing manifest file '../../build/demo_nodes_py/demo_nodes_py.egg-info/SOURCES.txt'
[9.706s] running build
[9.708s] running build_py
[9.709s] creating /home/ubuntu/LyricalDave/ros2ws/build/demo_nodes_py/build/lib/demo_nodes_py
[9.715s] copying demo_nodes_py/__init__.py -> /home/ubuntu/LyricalDave/ros2ws/build/demo_nodes_py/build/lib/demo_nodes_py
[9.717s] creating /home/ubuntu/LyricalDave/ros2ws/build/demo_nodes_py/build/lib/demo_nodes_py/logging
[9.719s] copying demo_nodes_py/logging/__init__.py -> /home/ubuntu/LyricalDave/ros2ws/build/demo_nodes_py/build/lib/demo_nodes_py/logging
[9.721s] copying demo_nodes_py/logging/use_logger_service.py -> /home/ubuntu/LyricalDave/ros2ws/build/demo_nodes_py/build/lib/demo_nodes_py/logging
[9.722s] creating /home/ubuntu/LyricalDave/ros2ws/build/demo_nodes_py/build/lib/demo_nodes_py/parameters
[9.726s] copying demo_nodes_py/parameters/__init__.py -> /home/ubuntu/LyricalDave/ros2ws/build/demo_nodes_py/build/lib/demo_nodes_py/parameters
[9.731s] copying demo_nodes_py/parameters/set_parameters_callback.py -> /home/ubuntu/LyricalDave/ros2ws/build/demo_nodes_py/build/lib/demo_nodes_py/parameters
[9.732s] copying demo_nodes_py/parameters/async_param_client.py -> /home/ubuntu/LyricalDave/ros2ws/build/demo_nodes_py/build/lib/demo_nodes_py/parameters
[9.735s] creating /home/ubuntu/LyricalDave/ros2ws/build/demo_nodes_py/build/lib/demo_nodes_py/events
[9.736s] copying demo_nodes_py/events/__init__.py -> /home/ubuntu/LyricalDave/ros2ws/build/demo_nodes_py/build/lib/demo_nodes_py/events
[9.737s] copying demo_nodes_py/events/matched_event_detect.py -> /home/ubuntu/LyricalDave/ros2ws/build/demo_nodes_py/build/lib/demo_nodes_py/events
[9.740s] creating /home/ubuntu/LyricalDave/ros2ws/build/demo_nodes_py/build/lib/demo_nodes_py/topics
[9.741s] copying demo_nodes_py/topics/__init__.py -> /home/ubuntu/LyricalDave/ros2ws/build/demo_nodes_py/build/lib/demo_nodes_py/topics
[9.742s] copying demo_nodes_py/topics/listener_serialized.py -> /home/ubuntu/LyricalDave/ros2ws/build/demo_nodes_py/build/lib/demo_nodes_py/topics
[9.742s] copying demo_nodes_py/topics/talker.py -> /home/ubuntu/LyricalDave/ros2ws/build/demo_nodes_py/build/lib/demo_nodes_py/topics
[9.743s] copying demo_nodes_py/topics/listener_qos.py -> /home/ubuntu/LyricalDave/ros2ws/build/demo_nodes_py/build/lib/demo_nodes_py/topics
[9.744s] copying demo_nodes_py/topics/listener.py -> /home/ubuntu/LyricalDave/ros2ws/build/demo_nodes_py/build/lib/demo_nodes_py/topics
[9.748s] copying demo_nodes_py/topics/talker_qos.py -> /home/ubuntu/LyricalDave/ros2ws/build/demo_nodes_py/build/lib/demo_nodes_py/topics
[9.748s] creating /home/ubuntu/LyricalDave/ros2ws/build/demo_nodes_py/build/lib/demo_nodes_py/services
[9.749s] copying demo_nodes_py/services/__init__.py -> /home/ubuntu/LyricalDave/ros2ws/build/demo_nodes_py/build/lib/demo_nodes_py/services
[9.749s] copying demo_nodes_py/services/introspection.py -> /home/ubuntu/LyricalDave/ros2ws/build/demo_nodes_py/build/lib/demo_nodes_py/services
[9.750s] copying demo_nodes_py/services/add_two_ints_server.py -> /home/ubuntu/LyricalDave/ros2ws/build/demo_nodes_py/build/lib/demo_nodes_py/services
[9.752s] copying demo_nodes_py/services/add_two_ints_client_async.py -> /home/ubuntu/LyricalDave/ros2ws/build/demo_nodes_py/build/lib/demo_nodes_py/services
[9.754s] copying demo_nodes_py/services/add_two_ints_client.py -> /home/ubuntu/LyricalDave/ros2ws/build/demo_nodes_py/build/lib/demo_nodes_py/services
[9.758s] running install
[9.782s] running install_lib
[9.956s] creating /home/ubuntu/LyricalDave/ros2ws/install/demo_nodes_py/lib/python3.14/site-packages/demo_nodes_py
[9.956s] copying /home/ubuntu/LyricalDave/ros2ws/build/demo_nodes_py/build/lib/demo_nodes_py/__init__.py -> /home/ubuntu/LyricalDave/ros2ws/install/demo_nodes_py/lib/python3.14/site-packages/demo_nodes_py
[9.959s] creating /home/ubuntu/LyricalDave/ros2ws/install/demo_nodes_py/lib/python3.14/site-packages/demo_nodes_py/logging
[9.961s] copying /home/ubuntu/LyricalDave/ros2ws/build/demo_nodes_py/build/lib/demo_nodes_py/logging/__init__.py -> /home/ubuntu/LyricalDave/ros2ws/install/demo_nodes_py/lib/python3.14/site-packages/demo_nodes_py/logging
[9.961s] copying /home/ubuntu/LyricalDave/ros2ws/build/demo_nodes_py/build/lib/demo_nodes_py/logging/use_logger_service.py -> /home/ubuntu/LyricalDave/ros2ws/install/demo_nodes_py/lib/python3.14/site-packages/demo_nodes_py/logging
[9.965s] creating /home/ubuntu/LyricalDave/ros2ws/install/demo_nodes_py/lib/python3.14/site-packages/demo_nodes_py/parameters
[9.965s] copying /home/ubuntu/LyricalDave/ros2ws/build/demo_nodes_py/build/lib/demo_nodes_py/parameters/__init__.py -> /home/ubuntu/LyricalDave/ros2ws/install/demo_nodes_py/lib/python3.14/site-packages/demo_nodes_py/parameters
[9.966s] copying /home/ubuntu/LyricalDave/ros2ws/build/demo_nodes_py/build/lib/demo_nodes_py/parameters/set_parameters_callback.py -> /home/ubuntu/LyricalDave/ros2ws/install/demo_nodes_py/lib/python3.14/site-packages/demo_nodes_py/parameters
[9.967s] copying /home/ubuntu/LyricalDave/ros2ws/build/demo_nodes_py/build/lib/demo_nodes_py/parameters/async_param_client.py -> /home/ubuntu/LyricalDave/ros2ws/install/demo_nodes_py/lib/python3.14/site-packages/demo_nodes_py/parameters
[9.974s] creating /home/ubuntu/LyricalDave/ros2ws/install/demo_nodes_py/lib/python3.14/site-packages/demo_nodes_py/events
[9.975s] copying /home/ubuntu/LyricalDave/ros2ws/build/demo_nodes_py/build/lib/demo_nodes_py/events/__init__.py -> /home/ubuntu/LyricalDave/ros2ws/install/demo_nodes_py/lib/python3.14/site-packages/demo_nodes_py/events
[9.976s] copying /home/ubuntu/LyricalDave/ros2ws/build/demo_nodes_py/build/lib/demo_nodes_py/events/matched_event_detect.py -> /home/ubuntu/LyricalDave/ros2ws/install/demo_nodes_py/lib/python3.14/site-packages/demo_nodes_py/events
[9.976s] creating /home/ubuntu/LyricalDave/ros2ws/install/demo_nodes_py/lib/python3.14/site-packages/demo_nodes_py/topics
[9.979s] copying /home/ubuntu/LyricalDave/ros2ws/build/demo_nodes_py/build/lib/demo_nodes_py/topics/__init__.py -> /home/ubuntu/LyricalDave/ros2ws/install/demo_nodes_py/lib/python3.14/site-packages/demo_nodes_py/topics
[9.980s] copying /home/ubuntu/LyricalDave/ros2ws/build/demo_nodes_py/build/lib/demo_nodes_py/topics/listener_serialized.py -> /home/ubuntu/LyricalDave/ros2ws/install/demo_nodes_py/lib/python3.14/site-packages/demo_nodes_py/topics
[9.982s] copying /home/ubuntu/LyricalDave/ros2ws/build/demo_nodes_py/build/lib/demo_nodes_py/topics/talker.py -> /home/ubuntu/LyricalDave/ros2ws/install/demo_nodes_py/lib/python3.14/site-packages/demo_nodes_py/topics
[9.988s] copying /home/ubuntu/LyricalDave/ros2ws/build/demo_nodes_py/build/lib/demo_nodes_py/topics/listener_qos.py -> /home/ubuntu/LyricalDave/ros2ws/install/demo_nodes_py/lib/python3.14/site-packages/demo_nodes_py/topics
[9.989s] copying /home/ubuntu/LyricalDave/ros2ws/build/demo_nodes_py/build/lib/demo_nodes_py/topics/listener.py -> /home/ubuntu/LyricalDave/ros2ws/install/demo_nodes_py/lib/python3.14/site-packages/demo_nodes_py/topics
[9.992s] copying /home/ubuntu/LyricalDave/ros2ws/build/demo_nodes_py/build/lib/demo_nodes_py/topics/talker_qos.py -> /home/ubuntu/LyricalDave/ros2ws/install/demo_nodes_py/lib/python3.14/site-packages/demo_nodes_py/topics
[9.996s] creating /home/ubuntu/LyricalDave/ros2ws/install/demo_nodes_py/lib/python3.14/site-packages/demo_nodes_py/services
[9.998s] copying /home/ubuntu/LyricalDave/ros2ws/build/demo_nodes_py/build/lib/demo_nodes_py/services/__init__.py -> /home/ubuntu/LyricalDave/ros2ws/install/demo_nodes_py/lib/python3.14/site-packages/demo_nodes_py/services
[10.002s] copying /home/ubuntu/LyricalDave/ros2ws/build/demo_nodes_py/build/lib/demo_nodes_py/services/introspection.py -> /home/ubuntu/LyricalDave/ros2ws/install/demo_nodes_py/lib/python3.14/site-packages/demo_nodes_py/services
[10.006s] copying /home/ubuntu/LyricalDave/ros2ws/build/demo_nodes_py/build/lib/demo_nodes_py/services/add_two_ints_server.py -> /home/ubuntu/LyricalDave/ros2ws/install/demo_nodes_py/lib/python3.14/site-packages/demo_nodes_py/services
[10.008s] copying /home/ubuntu/LyricalDave/ros2ws/build/demo_nodes_py/build/lib/demo_nodes_py/services/add_two_ints_client_async.py -> /home/ubuntu/LyricalDave/ros2ws/install/demo_nodes_py/lib/python3.14/site-packages/demo_nodes_py/services
[10.012s] copying /home/ubuntu/LyricalDave/ros2ws/build/demo_nodes_py/build/lib/demo_nodes_py/services/add_two_ints_client.py -> /home/ubuntu/LyricalDave/ros2ws/install/demo_nodes_py/lib/python3.14/site-packages/demo_nodes_py/services
[10.015s] byte-compiling /home/ubuntu/LyricalDave/ros2ws/install/demo_nodes_py/lib/python3.14/site-packages/demo_nodes_py/__init__.py to __init__.cpython-314.pyc
[10.018s] byte-compiling /home/ubuntu/LyricalDave/ros2ws/install/demo_nodes_py/lib/python3.14/site-packages/demo_nodes_py/logging/__init__.py to __init__.cpython-314.pyc
[10.019s] byte-compiling /home/ubuntu/LyricalDave/ros2ws/install/demo_nodes_py/lib/python3.14/site-packages/demo_nodes_py/logging/use_logger_service.py to use_logger_service.cpython-314.pyc
[10.020s] byte-compiling /home/ubuntu/LyricalDave/ros2ws/install/demo_nodes_py/lib/python3.14/site-packages/demo_nodes_py/parameters/__init__.py to __init__.cpython-314.pyc
[10.024s] byte-compiling /home/ubuntu/LyricalDave/ros2ws/install/demo_nodes_py/lib/python3.14/site-packages/demo_nodes_py/parameters/set_parameters_callback.py to set_parameters_callback.cpython-314.pyc
[10.025s] byte-compiling /home/ubuntu/LyricalDave/ros2ws/install/demo_nodes_py/lib/python3.14/site-packages/demo_nodes_py/parameters/async_param_client.py to async_param_client.cpython-314.pyc
[10.027s] byte-compiling /home/ubuntu/LyricalDave/ros2ws/install/demo_nodes_py/lib/python3.14/site-packages/demo_nodes_py/events/__init__.py to __init__.cpython-314.pyc
[10.030s] byte-compiling /home/ubuntu/LyricalDave/ros2ws/install/demo_nodes_py/lib/python3.14/site-packages/demo_nodes_py/events/matched_event_detect.py to matched_event_detect.cpython-314.pyc
[10.040s] byte-compiling /home/ubuntu/LyricalDave/ros2ws/install/demo_nodes_py/lib/python3.14/site-packages/demo_nodes_py/topics/__init__.py to __init__.cpython-314.pyc
[10.042s] byte-compiling /home/ubuntu/LyricalDave/ros2ws/install/demo_nodes_py/lib/python3.14/site-packages/demo_nodes_py/topics/listener_serialized.py to listener_serialized.cpython-314.pyc
[10.045s] byte-compiling /home/ubuntu/LyricalDave/ros2ws/install/demo_nodes_py/lib/python3.14/site-packages/demo_nodes_py/topics/talker.py to talker.cpython-314.pyc
[10.049s] byte-compiling /home/ubuntu/LyricalDave/ros2ws/install/demo_nodes_py/lib/python3.14/site-packages/demo_nodes_py/topics/listener_qos.py to listener_qos.cpython-314.pyc
[10.058s] byte-compiling /home/ubuntu/LyricalDave/ros2ws/install/demo_nodes_py/lib/python3.14/site-packages/demo_nodes_py/topics/listener.py to listener.cpython-314.pyc
[10.064s] byte-compiling /home/ubuntu/LyricalDave/ros2ws/install/demo_nodes_py/lib/python3.14/site-packages/demo_nodes_py/topics/talker_qos.py to talker_qos.cpython-314.pyc
[10.072s] byte-compiling /home/ubuntu/LyricalDave/ros2ws/install/demo_nodes_py/lib/python3.14/site-packages/demo_nodes_py/services/__init__.py to __init__.cpython-314.pyc
[10.072s] byte-compiling /home/ubuntu/LyricalDave/ros2ws/install/demo_nodes_py/lib/python3.14/site-packages/demo_nodes_py/services/introspection.py to introspection.cpython-314.pyc
[10.083s] byte-compiling /home/ubuntu/LyricalDave/ros2ws/install/demo_nodes_py/lib/python3.14/site-packages/demo_nodes_py/services/add_two_ints_server.py to add_two_ints_server.cpython-314.pyc
[10.087s] byte-compiling /home/ubuntu/LyricalDave/ros2ws/install/demo_nodes_py/lib/python3.14/site-packages/demo_nodes_py/services/add_two_ints_client_async.py to add_two_ints_client_async.cpython-314.pyc
[10.091s] byte-compiling /home/ubuntu/LyricalDave/ros2ws/install/demo_nodes_py/lib/python3.14/site-packages/demo_nodes_py/services/add_two_ints_client.py to add_two_ints_client.cpython-314.pyc
[10.094s] running install_data
[10.094s] creating /home/ubuntu/LyricalDave/ros2ws/install/demo_nodes_py/share/ament_index/resource_index/packages
[10.097s] copying resource/demo_nodes_py -> /home/ubuntu/LyricalDave/ros2ws/install/demo_nodes_py/share/ament_index/resource_index/packages
[10.098s] copying package.xml -> /home/ubuntu/LyricalDave/ros2ws/install/demo_nodes_py/share/demo_nodes_py
[10.099s] copying demo_nodes_py/parameters/params.yaml -> /home/ubuntu/LyricalDave/ros2ws/install/demo_nodes_py/share/demo_nodes_py
[10.099s] running install_egg_info
[10.256s] Copying ../../build/demo_nodes_py/demo_nodes_py.egg-info to /home/ubuntu/LyricalDave/ros2ws/install/demo_nodes_py/lib/python3.14/site-packages/demo_nodes_py-0.37.0-py3.14.egg-info
[10.262s] running install_scripts
[11.152s] Installing add_two_ints_client script to /home/ubuntu/LyricalDave/ros2ws/install/demo_nodes_py/lib/demo_nodes_py
[11.159s] Installing add_two_ints_client_async script to /home/ubuntu/LyricalDave/ros2ws/install/demo_nodes_py/lib/demo_nodes_py
[11.160s] Installing add_two_ints_server script to /home/ubuntu/LyricalDave/ros2ws/install/demo_nodes_py/lib/demo_nodes_py
[11.164s] Installing async_param_client script to /home/ubuntu/LyricalDave/ros2ws/install/demo_nodes_py/lib/demo_nodes_py
[11.167s] Installing introspection script to /home/ubuntu/LyricalDave/ros2ws/install/demo_nodes_py/lib/demo_nodes_py
[11.169s] Installing listener script to /home/ubuntu/LyricalDave/ros2ws/install/demo_nodes_py/lib/demo_nodes_py
[11.173s] Installing listener_qos script to /home/ubuntu/LyricalDave/ros2ws/install/demo_nodes_py/lib/demo_nodes_py
[11.180s] Installing listener_serialized script to /home/ubuntu/LyricalDave/ros2ws/install/demo_nodes_py/lib/demo_nodes_py
[11.183s] Installing matched_event_detect script to /home/ubuntu/LyricalDave/ros2ws/install/demo_nodes_py/lib/demo_nodes_py
[11.191s] Installing set_parameters_callback script to /home/ubuntu/LyricalDave/ros2ws/install/demo_nodes_py/lib/demo_nodes_py
[11.196s] Installing talker script to /home/ubuntu/LyricalDave/ros2ws/install/demo_nodes_py/lib/demo_nodes_py
[11.201s] Installing talker_qos script to /home/ubuntu/LyricalDave/ros2ws/install/demo_nodes_py/lib/demo_nodes_py
[11.205s] Installing use_logger_service script to /home/ubuntu/LyricalDave/ros2ws/install/demo_nodes_py/lib/demo_nodes_py
[11.218s] writing list of installed files to '/home/ubuntu/LyricalDave/ros2ws/build/demo_nodes_py/install.log'
[13.200s] Invoked command in '/home/ubuntu/LyricalDave/ros2ws/src/demo_nodes_py' returned '0': PYTHONPATH=/home/ubuntu/LyricalDave/ros2ws/build/demo_nodes_py/prefix_override:/usr/lib/python3/dist-packages/colcon_core/task/python/colcon_distutils_commands:/home/ubuntu/LyricalDave/ros2ws/install/demo_nodes_py/lib/python3.14/site-packages:${PYTHONPATH} /usr/bin/python3 -W ignore:setup.py install is deprecated -W ignore:easy_install command is deprecated setup.py egg_info --egg-base ../../build/demo_nodes_py build --build-base /home/ubuntu/LyricalDave/ros2ws/build/demo_nodes_py/build install --record /home/ubuntu/LyricalDave/ros2ws/build/demo_nodes_py/install.log --single-version-externally-managed install_data
