[6.607s] Invoking command in '/home/ubuntu/LyricalDave/ros2ws/src/explorer_wanderer': PYTHONPATH=/home/ubuntu/LyricalDave/ros2ws/build/explorer_wanderer/prefix_override:/usr/lib/python3/dist-packages/colcon_core/task/python/colcon_distutils_commands:/home/ubuntu/LyricalDave/ros2ws/install/explorer_wanderer/lib/python3.14/site-packages:${PYTHONPATH} /usr/bin/python3 -W ignore:setup.py install is deprecated -W ignore:easy_install command is deprecated setup.py egg_info --egg-base ../../build/explorer_wanderer build --build-base /home/ubuntu/LyricalDave/ros2ws/build/explorer_wanderer/build install --record /home/ubuntu/LyricalDave/ros2ws/build/explorer_wanderer/install.log --single-version-externally-managed install_data
[7.781s] /usr/lib/python3/dist-packages/setuptools/_distutils/dist.py:289: UserWarning: Unknown distribution option: 'tests_require'
[7.782s]   warnings.warn(msg)
[9.017s] running egg_info
[9.167s] creating ../../build/explorer_wanderer/explorer_wanderer.egg-info
[9.167s] writing ../../build/explorer_wanderer/explorer_wanderer.egg-info/PKG-INFO
[9.169s] writing dependency_links to ../../build/explorer_wanderer/explorer_wanderer.egg-info/dependency_links.txt
[9.171s] writing entry points to ../../build/explorer_wanderer/explorer_wanderer.egg-info/entry_points.txt
[9.172s] writing requirements to ../../build/explorer_wanderer/explorer_wanderer.egg-info/requires.txt
[9.173s] writing top-level names to ../../build/explorer_wanderer/explorer_wanderer.egg-info/top_level.txt
[9.176s] writing manifest file '../../build/explorer_wanderer/explorer_wanderer.egg-info/SOURCES.txt'
[9.472s] reading manifest file '../../build/explorer_wanderer/explorer_wanderer.egg-info/SOURCES.txt'
[9.478s] writing manifest file '../../build/explorer_wanderer/explorer_wanderer.egg-info/SOURCES.txt'
[9.479s] running build
[9.480s] running build_py
[9.482s] creating /home/ubuntu/LyricalDave/ros2ws/build/explorer_wanderer/build/lib/explorer_wanderer
[9.483s] copying explorer_wanderer/__init__.py -> /home/ubuntu/LyricalDave/ros2ws/build/explorer_wanderer/build/lib/explorer_wanderer
[9.483s] copying explorer_wanderer/wanderer.py -> /home/ubuntu/LyricalDave/ros2ws/build/explorer_wanderer/build/lib/explorer_wanderer
[9.484s] copying explorer_wanderer/discoverer_server.py -> /home/ubuntu/LyricalDave/ros2ws/build/explorer_wanderer/build/lib/explorer_wanderer
[9.488s] copying explorer_wanderer/wanderer_server.py -> /home/ubuntu/LyricalDave/ros2ws/build/explorer_wanderer/build/lib/explorer_wanderer
[9.490s] running install
[9.507s] running install_lib
[9.703s] creating /home/ubuntu/LyricalDave/ros2ws/install/explorer_wanderer/lib/python3.14/site-packages/explorer_wanderer
[9.704s] copying /home/ubuntu/LyricalDave/ros2ws/build/explorer_wanderer/build/lib/explorer_wanderer/__init__.py -> /home/ubuntu/LyricalDave/ros2ws/install/explorer_wanderer/lib/python3.14/site-packages/explorer_wanderer
[9.709s] copying /home/ubuntu/LyricalDave/ros2ws/build/explorer_wanderer/build/lib/explorer_wanderer/wanderer.py -> /home/ubuntu/LyricalDave/ros2ws/install/explorer_wanderer/lib/python3.14/site-packages/explorer_wanderer
[9.710s] copying /home/ubuntu/LyricalDave/ros2ws/build/explorer_wanderer/build/lib/explorer_wanderer/discoverer_server.py -> /home/ubuntu/LyricalDave/ros2ws/install/explorer_wanderer/lib/python3.14/site-packages/explorer_wanderer
[9.714s] copying /home/ubuntu/LyricalDave/ros2ws/build/explorer_wanderer/build/lib/explorer_wanderer/wanderer_server.py -> /home/ubuntu/LyricalDave/ros2ws/install/explorer_wanderer/lib/python3.14/site-packages/explorer_wanderer
[9.716s] byte-compiling /home/ubuntu/LyricalDave/ros2ws/install/explorer_wanderer/lib/python3.14/site-packages/explorer_wanderer/__init__.py to __init__.cpython-314.pyc
[9.719s] byte-compiling /home/ubuntu/LyricalDave/ros2ws/install/explorer_wanderer/lib/python3.14/site-packages/explorer_wanderer/wanderer.py to wanderer.cpython-314.pyc
[9.732s] byte-compiling /home/ubuntu/LyricalDave/ros2ws/install/explorer_wanderer/lib/python3.14/site-packages/explorer_wanderer/discoverer_server.py to discoverer_server.cpython-314.pyc
[9.747s] byte-compiling /home/ubuntu/LyricalDave/ros2ws/install/explorer_wanderer/lib/python3.14/site-packages/explorer_wanderer/wanderer_server.py to wanderer_server.cpython-314.pyc
[9.757s] running install_data
[9.758s] creating /home/ubuntu/LyricalDave/ros2ws/install/explorer_wanderer/share/ament_index/resource_index/packages
[9.760s] copying resource/explorer_wanderer -> /home/ubuntu/LyricalDave/ros2ws/install/explorer_wanderer/share/ament_index/resource_index/packages
[9.763s] copying package.xml -> /home/ubuntu/LyricalDave/ros2ws/install/explorer_wanderer/share/explorer_wanderer
[9.763s] running install_egg_info
[9.992s] Copying ../../build/explorer_wanderer/explorer_wanderer.egg-info to /home/ubuntu/LyricalDave/ros2ws/install/explorer_wanderer/lib/python3.14/site-packages/explorer_wanderer-0.0.1-py3.14.egg-info
[10.014s] running install_scripts
[10.929s] Installing discoverer_server script to /home/ubuntu/LyricalDave/ros2ws/install/explorer_wanderer/lib/explorer_wanderer
[10.931s] Installing wanderer script to /home/ubuntu/LyricalDave/ros2ws/install/explorer_wanderer/lib/explorer_wanderer
[10.932s] Installing wanderer_server script to /home/ubuntu/LyricalDave/ros2ws/install/explorer_wanderer/lib/explorer_wanderer
[10.935s] writing list of installed files to '/home/ubuntu/LyricalDave/ros2ws/build/explorer_wanderer/install.log'
[11.208s] Invoked command in '/home/ubuntu/LyricalDave/ros2ws/src/explorer_wanderer' returned '0': PYTHONPATH=/home/ubuntu/LyricalDave/ros2ws/build/explorer_wanderer/prefix_override:/usr/lib/python3/dist-packages/colcon_core/task/python/colcon_distutils_commands:/home/ubuntu/LyricalDave/ros2ws/install/explorer_wanderer/lib/python3.14/site-packages:${PYTHONPATH} /usr/bin/python3 -W ignore:setup.py install is deprecated -W ignore:easy_install command is deprecated setup.py egg_info --egg-base ../../build/explorer_wanderer build --build-base /home/ubuntu/LyricalDave/ros2ws/build/explorer_wanderer/build install --record /home/ubuntu/LyricalDave/ros2ws/build/explorer_wanderer/install.log --single-version-externally-managed install_data
