[  1%] Built target ros2_gopigo3_msg__rosidl_generator_type_description
[  3%] Built target ros2_gopigo3_msg__rs
[  5%] Built target ros2_gopigo3_msg__cpp
[ 25%] Built target ros2_gopigo3_msg__rosidl_generator_c
[ 34%] Built target ros2_gopigo3_msg__rosidl_typesupport_introspection_c
[ 43%] Built target ros2_gopigo3_msg__rosidl_typesupport_c
[ 52%] Built target ros2_gopigo3_msg__rosidl_typesupport_fastrtps_c
[ 70%] Built target ros2_gopigo3_msg__rosidl_typesupport_fastrtps_cpp
[ 70%] Built target ros2_gopigo3_msg__rosidl_typesupport_introspection_cpp
[ 80%] Built target ros2_gopigo3_msg__rosidl_typesupport_cpp
[ 80%] Built target ros2_gopigo3_msg
[ 81%] Built target ros2_gopigo3_msg__py
[ 89%] Built target ros2_gopigo3_msg__rosidl_generator_py
[ 89%] Built target ament_cmake_python_sync_ros2_gopigo3_msg
[ 92%] Built target ros2_gopigo3_msg_s__rosidl_typesupport_fastrtps_c
[ 96%] Built target ros2_gopigo3_msg_s__rosidl_typesupport_introspection_c
[100%] Built target ros2_gopigo3_msg_s__rosidl_typesupport_c
running egg_info
writing ros2_gopigo3_msg.egg-info/PKG-INFO
writing dependency_links to ros2_gopigo3_msg.egg-info/dependency_links.txt
writing top-level names to ros2_gopigo3_msg.egg-info/top_level.txt
reading manifest file 'ros2_gopigo3_msg.egg-info/SOURCES.txt'
writing manifest file 'ros2_gopigo3_msg.egg-info/SOURCES.txt'
[100%] Built target ament_cmake_python_build_ros2_gopigo3_msg_egg
-- Install configuration: ""
-- Up-to-date: /home/ubuntu/LyricalDave/ros2ws/install/ros2_gopigo3_msg/share/ament_index/resource_index/rosidl_interfaces/ros2_gopigo3_msg
-- Up-to-date: /home/ubuntu/LyricalDave/ros2ws/install/ros2_gopigo3_msg/share/ros2_gopigo3_msg/msg/MotorStatus.json
-- Up-to-date: /home/ubuntu/LyricalDave/ros2ws/install/ros2_gopigo3_msg/share/ros2_gopigo3_msg/msg/MotorStatusLR.json
-- Up-to-date: /home/ubuntu/LyricalDave/ros2ws/install/ros2_gopigo3_msg/share/ros2_gopigo3_msg/srv/SPI.json
-- Up-to-date: /home/ubuntu/LyricalDave/ros2ws/install/ros2_gopigo3_msg/include/ros2_gopigo3_msg/ros2_gopigo3_msg
-- Up-to-date: /home/ubuntu/LyricalDave/ros2ws/install/ros2_gopigo3_msg/include/ros2_gopigo3_msg/ros2_gopigo3_msg/srv
-- Up-to-date: /home/ubuntu/LyricalDave/ros2ws/install/ros2_gopigo3_msg/include/ros2_gopigo3_msg/ros2_gopigo3_msg/srv/detail
-- Up-to-date: /home/ubuntu/LyricalDave/ros2ws/install/ros2_gopigo3_msg/include/ros2_gopigo3_msg/ros2_gopigo3_msg/srv/detail/spi__functions.c
-- Up-to-date: /home/ubuntu/LyricalDave/ros2ws/install/ros2_gopigo3_msg/include/ros2_gopigo3_msg/ros2_gopigo3_msg/srv/detail/spi__struct.h
-- Up-to-date: /home/ubuntu/LyricalDave/ros2ws/install/ros2_gopigo3_msg/include/ros2_gopigo3_msg/ros2_gopigo3_msg/srv/detail/spi__type_support.h
-- Up-to-date: /home/ubuntu/LyricalDave/ros2ws/install/ros2_gopigo3_msg/include/ros2_gopigo3_msg/ros2_gopigo3_msg/srv/detail/spi__functions.h
-- Installing: /home/ubuntu/LyricalDave/ros2ws/install/ros2_gopigo3_msg/include/ros2_gopigo3_msg/ros2_gopigo3_msg/srv/detail/spi__type_support.c
-- Up-to-date: /home/ubuntu/LyricalDave/ros2ws/install/ros2_gopigo3_msg/include/ros2_gopigo3_msg/ros2_gopigo3_msg/srv/detail/spi__description.c
-- Up-to-date: /home/ubuntu/LyricalDave/ros2ws/install/ros2_gopigo3_msg/include/ros2_gopigo3_msg/ros2_gopigo3_msg/srv/spi.h
-- Up-to-date: /home/ubuntu/LyricalDave/ros2ws/install/ros2_gopigo3_msg/include/ros2_gopigo3_msg/ros2_gopigo3_msg/msg
-- Up-to-date: /home/ubuntu/LyricalDave/ros2ws/install/ros2_gopigo3_msg/include/ros2_gopigo3_msg/ros2_gopigo3_msg/msg/motor_status.h
-- Up-to-date: /home/ubuntu/LyricalDave/ros2ws/install/ros2_gopigo3_msg/include/ros2_gopigo3_msg/ros2_gopigo3_msg/msg/motor_status_lr.h
-- Up-to-date: /home/ubuntu/LyricalDave/ros2ws/install/ros2_gopigo3_msg/include/ros2_gopigo3_msg/ros2_gopigo3_msg/msg/detail
-- Up-to-date: /home/ubuntu/LyricalDave/ros2ws/install/ros2_gopigo3_msg/include/ros2_gopigo3_msg/ros2_gopigo3_msg/msg/detail/motor_status_lr__struct.h
-- Installing: /home/ubuntu/LyricalDave/ros2ws/install/ros2_gopigo3_msg/include/ros2_gopigo3_msg/ros2_gopigo3_msg/msg/detail/motor_status__type_support.c
-- Up-to-date: /home/ubuntu/LyricalDave/ros2ws/install/ros2_gopigo3_msg/include/ros2_gopigo3_msg/ros2_gopigo3_msg/msg/detail/motor_status_lr__functions.c
-- Up-to-date: /home/ubuntu/LyricalDave/ros2ws/install/ros2_gopigo3_msg/include/ros2_gopigo3_msg/ros2_gopigo3_msg/msg/detail/motor_status__functions.c
-- Up-to-date: /home/ubuntu/LyricalDave/ros2ws/install/ros2_gopigo3_msg/include/ros2_gopigo3_msg/ros2_gopigo3_msg/msg/detail/motor_status_lr__functions.h
-- Up-to-date: /home/ubuntu/LyricalDave/ros2ws/install/ros2_gopigo3_msg/include/ros2_gopigo3_msg/ros2_gopigo3_msg/msg/detail/motor_status__struct.h
-- Up-to-date: /home/ubuntu/LyricalDave/ros2ws/install/ros2_gopigo3_msg/include/ros2_gopigo3_msg/ros2_gopigo3_msg/msg/detail/motor_status_lr__description.c
-- Up-to-date: /home/ubuntu/LyricalDave/ros2ws/install/ros2_gopigo3_msg/include/ros2_gopigo3_msg/ros2_gopigo3_msg/msg/detail/motor_status__functions.h
-- Up-to-date: /home/ubuntu/LyricalDave/ros2ws/install/ros2_gopigo3_msg/include/ros2_gopigo3_msg/ros2_gopigo3_msg/msg/detail/motor_status__type_support.h
-- Installing: /home/ubuntu/LyricalDave/ros2ws/install/ros2_gopigo3_msg/include/ros2_gopigo3_msg/ros2_gopigo3_msg/msg/detail/motor_status_lr__type_support.c
-- Up-to-date: /home/ubuntu/LyricalDave/ros2ws/install/ros2_gopigo3_msg/include/ros2_gopigo3_msg/ros2_gopigo3_msg/msg/detail/motor_status_lr__type_support.h
-- Up-to-date: /home/ubuntu/LyricalDave/ros2ws/install/ros2_gopigo3_msg/include/ros2_gopigo3_msg/ros2_gopigo3_msg/msg/detail/motor_status__description.c
-- Up-to-date: /home/ubuntu/LyricalDave/ros2ws/install/ros2_gopigo3_msg/include/ros2_gopigo3_msg/ros2_gopigo3_msg/msg/rosidl_generator_c__visibility_control.h
-- Up-to-date: /home/ubuntu/LyricalDave/ros2ws/install/ros2_gopigo3_msg/share/ros2_gopigo3_msg/environment/library_path.sh
-- Up-to-date: /home/ubuntu/LyricalDave/ros2ws/install/ros2_gopigo3_msg/share/ros2_gopigo3_msg/environment/library_path.dsv
-- Up-to-date: /home/ubuntu/LyricalDave/ros2ws/install/ros2_gopigo3_msg/lib/libros2_gopigo3_msg__rosidl_generator_c.so
-- Up-to-date: /home/ubuntu/LyricalDave/ros2ws/install/ros2_gopigo3_msg/include/ros2_gopigo3_msg/ros2_gopigo3_msg
-- Up-to-date: /home/ubuntu/LyricalDave/ros2ws/install/ros2_gopigo3_msg/include/ros2_gopigo3_msg/ros2_gopigo3_msg/srv
-- Up-to-date: /home/ubuntu/LyricalDave/ros2ws/install/ros2_gopigo3_msg/include/ros2_gopigo3_msg/ros2_gopigo3_msg/srv/detail
-- Up-to-date: /home/ubuntu/LyricalDave/ros2ws/install/ros2_gopigo3_msg/include/ros2_gopigo3_msg/ros2_gopigo3_msg/srv/detail/spi__rosidl_typesupport_fastrtps_c.h
-- Up-to-date: /home/ubuntu/LyricalDave/ros2ws/install/ros2_gopigo3_msg/include/ros2_gopigo3_msg/ros2_gopigo3_msg/msg
-- Up-to-date: /home/ubuntu/LyricalDave/ros2ws/install/ros2_gopigo3_msg/include/ros2_gopigo3_msg/ros2_gopigo3_msg/msg/rosidl_typesupport_fastrtps_c__visibility_control.h
-- Up-to-date: /home/ubuntu/LyricalDave/ros2ws/install/ros2_gopigo3_msg/include/ros2_gopigo3_msg/ros2_gopigo3_msg/msg/detail
-- Up-to-date: /home/ubuntu/LyricalDave/ros2ws/install/ros2_gopigo3_msg/include/ros2_gopigo3_msg/ros2_gopigo3_msg/msg/detail/motor_status_lr__rosidl_typesupport_fastrtps_c.h
-- Up-to-date: /home/ubuntu/LyricalDave/ros2ws/install/ros2_gopigo3_msg/include/ros2_gopigo3_msg/ros2_gopigo3_msg/msg/detail/motor_status__rosidl_typesupport_fastrtps_c.h
-- Up-to-date: /home/ubuntu/LyricalDave/ros2ws/install/ros2_gopigo3_msg/lib/libros2_gopigo3_msg__rosidl_typesupport_fastrtps_c.so
-- Up-to-date: /home/ubuntu/LyricalDave/ros2ws/install/ros2_gopigo3_msg/include/ros2_gopigo3_msg/ros2_gopigo3_msg
-- Up-to-date: /home/ubuntu/LyricalDave/ros2ws/install/ros2_gopigo3_msg/include/ros2_gopigo3_msg/ros2_gopigo3_msg/srv
-- Up-to-date: /home/ubuntu/LyricalDave/ros2ws/install/ros2_gopigo3_msg/include/ros2_gopigo3_msg/ros2_gopigo3_msg/srv/detail
-- Up-to-date: /home/ubuntu/LyricalDave/ros2ws/install/ros2_gopigo3_msg/include/ros2_gopigo3_msg/ros2_gopigo3_msg/srv/detail/spi__rosidl_typesupport_introspection_c.h
-- Installing: /home/ubuntu/LyricalDave/ros2ws/install/ros2_gopigo3_msg/include/ros2_gopigo3_msg/ros2_gopigo3_msg/srv/detail/spi__type_support.c
-- Up-to-date: /home/ubuntu/LyricalDave/ros2ws/install/ros2_gopigo3_msg/include/ros2_gopigo3_msg/ros2_gopigo3_msg/msg
-- Up-to-date: /home/ubuntu/LyricalDave/ros2ws/install/ros2_gopigo3_msg/include/ros2_gopigo3_msg/ros2_gopigo3_msg/msg/detail
-- Installing: /home/ubuntu/LyricalDave/ros2ws/install/ros2_gopigo3_msg/include/ros2_gopigo3_msg/ros2_gopigo3_msg/msg/detail/motor_status__type_support.c
-- Up-to-date: /home/ubuntu/LyricalDave/ros2ws/install/ros2_gopigo3_msg/include/ros2_gopigo3_msg/ros2_gopigo3_msg/msg/detail/motor_status_lr__rosidl_typesupport_introspection_c.h
-- Installing: /home/ubuntu/LyricalDave/ros2ws/install/ros2_gopigo3_msg/include/ros2_gopigo3_msg/ros2_gopigo3_msg/msg/detail/motor_status_lr__type_support.c
-- Up-to-date: /home/ubuntu/LyricalDave/ros2ws/install/ros2_gopigo3_msg/include/ros2_gopigo3_msg/ros2_gopigo3_msg/msg/detail/motor_status__rosidl_typesupport_introspection_c.h
-- Up-to-date: /home/ubuntu/LyricalDave/ros2ws/install/ros2_gopigo3_msg/include/ros2_gopigo3_msg/ros2_gopigo3_msg/msg/rosidl_typesupport_introspection_c__visibility_control.h
-- Up-to-date: /home/ubuntu/LyricalDave/ros2ws/install/ros2_gopigo3_msg/lib/libros2_gopigo3_msg__rosidl_typesupport_introspection_c.so
-- Up-to-date: /home/ubuntu/LyricalDave/ros2ws/install/ros2_gopigo3_msg/lib/libros2_gopigo3_msg__rosidl_typesupport_c.so
-- Up-to-date: /home/ubuntu/LyricalDave/ros2ws/install/ros2_gopigo3_msg/include/ros2_gopigo3_msg/ros2_gopigo3_msg
-- Up-to-date: /home/ubuntu/LyricalDave/ros2ws/install/ros2_gopigo3_msg/include/ros2_gopigo3_msg/ros2_gopigo3_msg/srv
-- Up-to-date: /home/ubuntu/LyricalDave/ros2ws/install/ros2_gopigo3_msg/include/ros2_gopigo3_msg/ros2_gopigo3_msg/srv/spi.hpp
-- Up-to-date: /home/ubuntu/LyricalDave/ros2ws/install/ros2_gopigo3_msg/include/ros2_gopigo3_msg/ros2_gopigo3_msg/srv/detail
-- Up-to-date: /home/ubuntu/LyricalDave/ros2ws/install/ros2_gopigo3_msg/include/ros2_gopigo3_msg/ros2_gopigo3_msg/srv/detail/spi__type_support.hpp
-- Up-to-date: /home/ubuntu/LyricalDave/ros2ws/install/ros2_gopigo3_msg/include/ros2_gopigo3_msg/ros2_gopigo3_msg/srv/detail/spi__traits.hpp
-- Up-to-date: /home/ubuntu/LyricalDave/ros2ws/install/ros2_gopigo3_msg/include/ros2_gopigo3_msg/ros2_gopigo3_msg/srv/detail/spi__struct.hpp
-- Up-to-date: /home/ubuntu/LyricalDave/ros2ws/install/ros2_gopigo3_msg/include/ros2_gopigo3_msg/ros2_gopigo3_msg/srv/detail/spi__builder.hpp
-- Up-to-date: /home/ubuntu/LyricalDave/ros2ws/install/ros2_gopigo3_msg/include/ros2_gopigo3_msg/ros2_gopigo3_msg/msg
-- Up-to-date: /home/ubuntu/LyricalDave/ros2ws/install/ros2_gopigo3_msg/include/ros2_gopigo3_msg/ros2_gopigo3_msg/msg/motor_status_lr.hpp
-- Up-to-date: /home/ubuntu/LyricalDave/ros2ws/install/ros2_gopigo3_msg/include/ros2_gopigo3_msg/ros2_gopigo3_msg/msg/motor_status.hpp
-- Up-to-date: /home/ubuntu/LyricalDave/ros2ws/install/ros2_gopigo3_msg/include/ros2_gopigo3_msg/ros2_gopigo3_msg/msg/detail
-- Up-to-date: /home/ubuntu/LyricalDave/ros2ws/install/ros2_gopigo3_msg/include/ros2_gopigo3_msg/ros2_gopigo3_msg/msg/detail/motor_status_lr__builder.hpp
-- Up-to-date: /home/ubuntu/LyricalDave/ros2ws/install/ros2_gopigo3_msg/include/ros2_gopigo3_msg/ros2_gopigo3_msg/msg/detail/motor_status__traits.hpp
-- Up-to-date: /home/ubuntu/LyricalDave/ros2ws/install/ros2_gopigo3_msg/include/ros2_gopigo3_msg/ros2_gopigo3_msg/msg/detail/motor_status_lr__traits.hpp
-- Up-to-date: /home/ubuntu/LyricalDave/ros2ws/install/ros2_gopigo3_msg/include/ros2_gopigo3_msg/ros2_gopigo3_msg/msg/detail/motor_status__type_support.hpp
-- Up-to-date: /home/ubuntu/LyricalDave/ros2ws/install/ros2_gopigo3_msg/include/ros2_gopigo3_msg/ros2_gopigo3_msg/msg/detail/motor_status__struct.hpp
-- Up-to-date: /home/ubuntu/LyricalDave/ros2ws/install/ros2_gopigo3_msg/include/ros2_gopigo3_msg/ros2_gopigo3_msg/msg/detail/motor_status__builder.hpp
-- Up-to-date: /home/ubuntu/LyricalDave/ros2ws/install/ros2_gopigo3_msg/include/ros2_gopigo3_msg/ros2_gopigo3_msg/msg/detail/motor_status_lr__struct.hpp
-- Up-to-date: /home/ubuntu/LyricalDave/ros2ws/install/ros2_gopigo3_msg/include/ros2_gopigo3_msg/ros2_gopigo3_msg/msg/detail/motor_status_lr__type_support.hpp
-- Up-to-date: /home/ubuntu/LyricalDave/ros2ws/install/ros2_gopigo3_msg/include/ros2_gopigo3_msg/ros2_gopigo3_msg/msg/rosidl_generator_cpp__visibility_control.hpp
-- Up-to-date: /home/ubuntu/LyricalDave/ros2ws/install/ros2_gopigo3_msg/include/ros2_gopigo3_msg/ros2_gopigo3_msg
-- Up-to-date: /home/ubuntu/LyricalDave/ros2ws/install/ros2_gopigo3_msg/include/ros2_gopigo3_msg/ros2_gopigo3_msg/srv
-- Up-to-date: /home/ubuntu/LyricalDave/ros2ws/install/ros2_gopigo3_msg/include/ros2_gopigo3_msg/ros2_gopigo3_msg/srv/detail
-- Up-to-date: /home/ubuntu/LyricalDave/ros2ws/install/ros2_gopigo3_msg/include/ros2_gopigo3_msg/ros2_gopigo3_msg/srv/detail/spi__rosidl_typesupport_fastrtps_cpp.hpp
-- Up-to-date: /home/ubuntu/LyricalDave/ros2ws/install/ros2_gopigo3_msg/include/ros2_gopigo3_msg/ros2_gopigo3_msg/srv/detail/dds_fastrtps
-- Up-to-date: /home/ubuntu/LyricalDave/ros2ws/install/ros2_gopigo3_msg/include/ros2_gopigo3_msg/ros2_gopigo3_msg/msg
-- Up-to-date: /home/ubuntu/LyricalDave/ros2ws/install/ros2_gopigo3_msg/include/ros2_gopigo3_msg/ros2_gopigo3_msg/msg/rosidl_typesupport_fastrtps_cpp__visibility_control.h
-- Up-to-date: /home/ubuntu/LyricalDave/ros2ws/install/ros2_gopigo3_msg/include/ros2_gopigo3_msg/ros2_gopigo3_msg/msg/detail
-- Up-to-date: /home/ubuntu/LyricalDave/ros2ws/install/ros2_gopigo3_msg/include/ros2_gopigo3_msg/ros2_gopigo3_msg/msg/detail/motor_status__rosidl_typesupport_fastrtps_cpp.hpp
-- Up-to-date: /home/ubuntu/LyricalDave/ros2ws/install/ros2_gopigo3_msg/include/ros2_gopigo3_msg/ros2_gopigo3_msg/msg/detail/motor_status_lr__rosidl_typesupport_fastrtps_cpp.hpp
-- Up-to-date: /home/ubuntu/LyricalDave/ros2ws/install/ros2_gopigo3_msg/include/ros2_gopigo3_msg/ros2_gopigo3_msg/msg/detail/dds_fastrtps
-- Up-to-date: /home/ubuntu/LyricalDave/ros2ws/install/ros2_gopigo3_msg/lib/libros2_gopigo3_msg__rosidl_typesupport_fastrtps_cpp.so
-- Up-to-date: /home/ubuntu/LyricalDave/ros2ws/install/ros2_gopigo3_msg/include/ros2_gopigo3_msg/ros2_gopigo3_msg
-- Up-to-date: /home/ubuntu/LyricalDave/ros2ws/install/ros2_gopigo3_msg/include/ros2_gopigo3_msg/ros2_gopigo3_msg/srv
-- Up-to-date: /home/ubuntu/LyricalDave/ros2ws/install/ros2_gopigo3_msg/include/ros2_gopigo3_msg/ros2_gopigo3_msg/srv/detail
-- Up-to-date: /home/ubuntu/LyricalDave/ros2ws/install/ros2_gopigo3_msg/include/ros2_gopigo3_msg/ros2_gopigo3_msg/srv/detail/spi__rosidl_typesupport_introspection_cpp.hpp
-- Up-to-date: /home/ubuntu/LyricalDave/ros2ws/install/ros2_gopigo3_msg/include/ros2_gopigo3_msg/ros2_gopigo3_msg/srv/detail/spi__type_support.cpp
-- Up-to-date: /home/ubuntu/LyricalDave/ros2ws/install/ros2_gopigo3_msg/include/ros2_gopigo3_msg/ros2_gopigo3_msg/msg
-- Up-to-date: /home/ubuntu/LyricalDave/ros2ws/install/ros2_gopigo3_msg/include/ros2_gopigo3_msg/ros2_gopigo3_msg/msg/detail
-- Up-to-date: /home/ubuntu/LyricalDave/ros2ws/install/ros2_gopigo3_msg/include/ros2_gopigo3_msg/ros2_gopigo3_msg/msg/detail/motor_status__type_support.cpp
-- Up-to-date: /home/ubuntu/LyricalDave/ros2ws/install/ros2_gopigo3_msg/include/ros2_gopigo3_msg/ros2_gopigo3_msg/msg/detail/motor_status__rosidl_typesupport_introspection_cpp.hpp
-- Up-to-date: /home/ubuntu/LyricalDave/ros2ws/install/ros2_gopigo3_msg/include/ros2_gopigo3_msg/ros2_gopigo3_msg/msg/detail/motor_status_lr__rosidl_typesupport_introspection_cpp.hpp
-- Up-to-date: /home/ubuntu/LyricalDave/ros2ws/install/ros2_gopigo3_msg/include/ros2_gopigo3_msg/ros2_gopigo3_msg/msg/detail/motor_status_lr__type_support.cpp
-- Up-to-date: /home/ubuntu/LyricalDave/ros2ws/install/ros2_gopigo3_msg/lib/libros2_gopigo3_msg__rosidl_typesupport_introspection_cpp.so
-- Up-to-date: /home/ubuntu/LyricalDave/ros2ws/install/ros2_gopigo3_msg/lib/libros2_gopigo3_msg__rosidl_typesupport_cpp.so
-- Up-to-date: /home/ubuntu/LyricalDave/ros2ws/install/ros2_gopigo3_msg/share/ros2_gopigo3_msg/environment/pythonpath.sh
-- Up-to-date: /home/ubuntu/LyricalDave/ros2ws/install/ros2_gopigo3_msg/share/ros2_gopigo3_msg/environment/pythonpath.dsv
-- Up-to-date: /home/ubuntu/LyricalDave/ros2ws/install/ros2_gopigo3_msg/lib/python3.14/site-packages/ros2_gopigo3_msg/ros2_gopigo3_msg_s__rosidl_typesupport_fastrtps_c.so
-- Up-to-date: /home/ubuntu/LyricalDave/ros2ws/install/ros2_gopigo3_msg/lib/python3.14/site-packages/ros2_gopigo3_msg/ros2_gopigo3_msg_s__rosidl_typesupport_introspection_c.so
-- Up-to-date: /home/ubuntu/LyricalDave/ros2ws/install/ros2_gopigo3_msg/lib/python3.14/site-packages/ros2_gopigo3_msg/ros2_gopigo3_msg_s__rosidl_typesupport_c.so
-- Up-to-date: /home/ubuntu/LyricalDave/ros2ws/install/ros2_gopigo3_msg/lib/libros2_gopigo3_msg__rosidl_generator_py.so
-- Up-to-date: /home/ubuntu/LyricalDave/ros2ws/install/ros2_gopigo3_msg/share/ament_index/resource_index/rust_packages/ros2_gopigo3_msg
-- Up-to-date: /home/ubuntu/LyricalDave/ros2ws/install/ros2_gopigo3_msg/share/ros2_gopigo3_msg/rust
-- Up-to-date: /home/ubuntu/LyricalDave/ros2ws/install/ros2_gopigo3_msg/share/ros2_gopigo3_msg/rust/Cargo.toml
-- Up-to-date: /home/ubuntu/LyricalDave/ros2ws/install/ros2_gopigo3_msg/share/ros2_gopigo3_msg/rust/src
-- Up-to-date: /home/ubuntu/LyricalDave/ros2ws/install/ros2_gopigo3_msg/share/ros2_gopigo3_msg/rust/src/srv
-- Up-to-date: /home/ubuntu/LyricalDave/ros2ws/install/ros2_gopigo3_msg/share/ros2_gopigo3_msg/rust/src/srv/rmw.rs
-- Up-to-date: /home/ubuntu/LyricalDave/ros2ws/install/ros2_gopigo3_msg/share/ros2_gopigo3_msg/rust/src/msg
-- Up-to-date: /home/ubuntu/LyricalDave/ros2ws/install/ros2_gopigo3_msg/share/ros2_gopigo3_msg/rust/src/msg/rmw.rs
-- Up-to-date: /home/ubuntu/LyricalDave/ros2ws/install/ros2_gopigo3_msg/share/ros2_gopigo3_msg/rust/src/lib.rs
-- Up-to-date: /home/ubuntu/LyricalDave/ros2ws/install/ros2_gopigo3_msg/share/ros2_gopigo3_msg/rust/src/msg.rs
-- Up-to-date: /home/ubuntu/LyricalDave/ros2ws/install/ros2_gopigo3_msg/share/ros2_gopigo3_msg/rust/src/srv.rs
-- Up-to-date: /home/ubuntu/LyricalDave/ros2ws/install/ros2_gopigo3_msg/share/ros2_gopigo3_msg/rust/build.rs
-- Up-to-date: /home/ubuntu/LyricalDave/ros2ws/install/ros2_gopigo3_msg/share/ros2_gopigo3_msg/msg/MotorStatus.idl
-- Up-to-date: /home/ubuntu/LyricalDave/ros2ws/install/ros2_gopigo3_msg/share/ros2_gopigo3_msg/msg/MotorStatusLR.idl
-- Up-to-date: /home/ubuntu/LyricalDave/ros2ws/install/ros2_gopigo3_msg/share/ros2_gopigo3_msg/srv/SPI.idl
-- Up-to-date: /home/ubuntu/LyricalDave/ros2ws/install/ros2_gopigo3_msg/share/ros2_gopigo3_msg/msg/MotorStatus.msg
-- Up-to-date: /home/ubuntu/LyricalDave/ros2ws/install/ros2_gopigo3_msg/share/ros2_gopigo3_msg/msg/MotorStatusLR.msg
-- Up-to-date: /home/ubuntu/LyricalDave/ros2ws/install/ros2_gopigo3_msg/share/ros2_gopigo3_msg/srv/SPI.srv
-- Up-to-date: /home/ubuntu/LyricalDave/ros2ws/install/ros2_gopigo3_msg/share/ament_index/resource_index/package_run_dependencies/ros2_gopigo3_msg
-- Up-to-date: /home/ubuntu/LyricalDave/ros2ws/install/ros2_gopigo3_msg/share/ament_index/resource_index/parent_prefix_path/ros2_gopigo3_msg
-- Up-to-date: /home/ubuntu/LyricalDave/ros2ws/install/ros2_gopigo3_msg/share/ros2_gopigo3_msg/environment/ament_prefix_path.sh
-- Up-to-date: /home/ubuntu/LyricalDave/ros2ws/install/ros2_gopigo3_msg/share/ros2_gopigo3_msg/environment/ament_prefix_path.dsv
-- Up-to-date: /home/ubuntu/LyricalDave/ros2ws/install/ros2_gopigo3_msg/share/ros2_gopigo3_msg/environment/path.sh
-- Up-to-date: /home/ubuntu/LyricalDave/ros2ws/install/ros2_gopigo3_msg/share/ros2_gopigo3_msg/environment/path.dsv
-- Up-to-date: /home/ubuntu/LyricalDave/ros2ws/install/ros2_gopigo3_msg/share/ros2_gopigo3_msg/local_setup.bash
-- Up-to-date: /home/ubuntu/LyricalDave/ros2ws/install/ros2_gopigo3_msg/share/ros2_gopigo3_msg/local_setup.fish
-- Up-to-date: /home/ubuntu/LyricalDave/ros2ws/install/ros2_gopigo3_msg/share/ros2_gopigo3_msg/local_setup.sh
-- Up-to-date: /home/ubuntu/LyricalDave/ros2ws/install/ros2_gopigo3_msg/share/ros2_gopigo3_msg/local_setup.zsh
-- Up-to-date: /home/ubuntu/LyricalDave/ros2ws/install/ros2_gopigo3_msg/share/ros2_gopigo3_msg/local_setup.dsv
-- Installing: /home/ubuntu/LyricalDave/ros2ws/install/ros2_gopigo3_msg/share/ros2_gopigo3_msg/package.dsv
-- Up-to-date: /home/ubuntu/LyricalDave/ros2ws/install/ros2_gopigo3_msg/share/ament_index/resource_index/packages/ros2_gopigo3_msg
-- Up-to-date: /home/ubuntu/LyricalDave/ros2ws/install/ros2_gopigo3_msg/share/ros2_gopigo3_msg/cmake/export_ros2_gopigo3_msg__rosidl_generator_cExport.cmake
-- Up-to-date: /home/ubuntu/LyricalDave/ros2ws/install/ros2_gopigo3_msg/share/ros2_gopigo3_msg/cmake/export_ros2_gopigo3_msg__rosidl_generator_cExport-noconfig.cmake
-- Up-to-date: /home/ubuntu/LyricalDave/ros2ws/install/ros2_gopigo3_msg/share/ros2_gopigo3_msg/cmake/export_ros2_gopigo3_msg__rosidl_typesupport_fastrtps_cExport.cmake
-- Up-to-date: /home/ubuntu/LyricalDave/ros2ws/install/ros2_gopigo3_msg/share/ros2_gopigo3_msg/cmake/export_ros2_gopigo3_msg__rosidl_typesupport_fastrtps_cExport-noconfig.cmake
-- Up-to-date: /home/ubuntu/LyricalDave/ros2ws/install/ros2_gopigo3_msg/share/ros2_gopigo3_msg/cmake/ros2_gopigo3_msg__rosidl_typesupport_introspection_cExport.cmake
-- Up-to-date: /home/ubuntu/LyricalDave/ros2ws/install/ros2_gopigo3_msg/share/ros2_gopigo3_msg/cmake/ros2_gopigo3_msg__rosidl_typesupport_introspection_cExport-noconfig.cmake
-- Up-to-date: /home/ubuntu/LyricalDave/ros2ws/install/ros2_gopigo3_msg/share/ros2_gopigo3_msg/cmake/ros2_gopigo3_msg__rosidl_typesupport_cExport.cmake
-- Up-to-date: /home/ubuntu/LyricalDave/ros2ws/install/ros2_gopigo3_msg/share/ros2_gopigo3_msg/cmake/ros2_gopigo3_msg__rosidl_typesupport_cExport-noconfig.cmake
-- Up-to-date: /home/ubuntu/LyricalDave/ros2ws/install/ros2_gopigo3_msg/share/ros2_gopigo3_msg/cmake/export_ros2_gopigo3_msg__rosidl_generator_cppExport.cmake
-- Up-to-date: /home/ubuntu/LyricalDave/ros2ws/install/ros2_gopigo3_msg/share/ros2_gopigo3_msg/cmake/export_ros2_gopigo3_msg__rosidl_typesupport_fastrtps_cppExport.cmake
-- Up-to-date: /home/ubuntu/LyricalDave/ros2ws/install/ros2_gopigo3_msg/share/ros2_gopigo3_msg/cmake/export_ros2_gopigo3_msg__rosidl_typesupport_fastrtps_cppExport-noconfig.cmake
-- Up-to-date: /home/ubuntu/LyricalDave/ros2ws/install/ros2_gopigo3_msg/share/ros2_gopigo3_msg/cmake/ros2_gopigo3_msg__rosidl_typesupport_introspection_cppExport.cmake
-- Up-to-date: /home/ubuntu/LyricalDave/ros2ws/install/ros2_gopigo3_msg/share/ros2_gopigo3_msg/cmake/ros2_gopigo3_msg__rosidl_typesupport_introspection_cppExport-noconfig.cmake
-- Up-to-date: /home/ubuntu/LyricalDave/ros2ws/install/ros2_gopigo3_msg/share/ros2_gopigo3_msg/cmake/ros2_gopigo3_msg__rosidl_typesupport_cppExport.cmake
-- Up-to-date: /home/ubuntu/LyricalDave/ros2ws/install/ros2_gopigo3_msg/share/ros2_gopigo3_msg/cmake/ros2_gopigo3_msg__rosidl_typesupport_cppExport-noconfig.cmake
-- Up-to-date: /home/ubuntu/LyricalDave/ros2ws/install/ros2_gopigo3_msg/share/ros2_gopigo3_msg/cmake/export_ros2_gopigo3_msg__rosidl_generator_pyExport.cmake
-- Up-to-date: /home/ubuntu/LyricalDave/ros2ws/install/ros2_gopigo3_msg/share/ros2_gopigo3_msg/cmake/export_ros2_gopigo3_msg__rosidl_generator_pyExport-noconfig.cmake
-- Up-to-date: /home/ubuntu/LyricalDave/ros2ws/install/ros2_gopigo3_msg/lib/python3.14/site-packages/ros2_gopigo3_msg-0.0.0-py3.14.egg-info
-- Installing: /home/ubuntu/LyricalDave/ros2ws/install/ros2_gopigo3_msg/lib/python3.14/site-packages/ros2_gopigo3_msg-0.0.0-py3.14.egg-info/top_level.txt
-- Installing: /home/ubuntu/LyricalDave/ros2ws/install/ros2_gopigo3_msg/lib/python3.14/site-packages/ros2_gopigo3_msg-0.0.0-py3.14.egg-info/SOURCES.txt
-- Installing: /home/ubuntu/LyricalDave/ros2ws/install/ros2_gopigo3_msg/lib/python3.14/site-packages/ros2_gopigo3_msg-0.0.0-py3.14.egg-info/dependency_links.txt
-- Installing: /home/ubuntu/LyricalDave/ros2ws/install/ros2_gopigo3_msg/lib/python3.14/site-packages/ros2_gopigo3_msg-0.0.0-py3.14.egg-info/PKG-INFO
-- Up-to-date: /home/ubuntu/LyricalDave/ros2ws/install/ros2_gopigo3_msg/lib/python3.14/site-packages/ros2_gopigo3_msg
-- Up-to-date: /home/ubuntu/LyricalDave/ros2ws/install/ros2_gopigo3_msg/lib/python3.14/site-packages/ros2_gopigo3_msg/ros2_gopigo3_msg_s__rosidl_typesupport_introspection_c.so
-- Up-to-date: /home/ubuntu/LyricalDave/ros2ws/install/ros2_gopigo3_msg/lib/python3.14/site-packages/ros2_gopigo3_msg/__init__.py
-- Up-to-date: /home/ubuntu/LyricalDave/ros2ws/install/ros2_gopigo3_msg/lib/python3.14/site-packages/ros2_gopigo3_msg/_ros2_gopigo3_msg_s.ep.rosidl_typesupport_introspection_c.c
-- Up-to-date: /home/ubuntu/LyricalDave/ros2ws/install/ros2_gopigo3_msg/lib/python3.14/site-packages/ros2_gopigo3_msg/_ros2_gopigo3_msg_s.ep.rosidl_typesupport_c.c
-- Up-to-date: /home/ubuntu/LyricalDave/ros2ws/install/ros2_gopigo3_msg/lib/python3.14/site-packages/ros2_gopigo3_msg/py.typed
-- Up-to-date: /home/ubuntu/LyricalDave/ros2ws/install/ros2_gopigo3_msg/lib/python3.14/site-packages/ros2_gopigo3_msg/_ros2_gopigo3_msg_s.ep.rosidl_typesupport_fastrtps_c.c
-- Up-to-date: /home/ubuntu/LyricalDave/ros2ws/install/ros2_gopigo3_msg/lib/python3.14/site-packages/ros2_gopigo3_msg/srv
-- Up-to-date: /home/ubuntu/LyricalDave/ros2ws/install/ros2_gopigo3_msg/lib/python3.14/site-packages/ros2_gopigo3_msg/srv/__init__.py
-- Up-to-date: /home/ubuntu/LyricalDave/ros2ws/install/ros2_gopigo3_msg/lib/python3.14/site-packages/ros2_gopigo3_msg/srv/_spi.py
-- Up-to-date: /home/ubuntu/LyricalDave/ros2ws/install/ros2_gopigo3_msg/lib/python3.14/site-packages/ros2_gopigo3_msg/srv/_spi_s.c
-- Up-to-date: /home/ubuntu/LyricalDave/ros2ws/install/ros2_gopigo3_msg/lib/python3.14/site-packages/ros2_gopigo3_msg/msg
-- Up-to-date: /home/ubuntu/LyricalDave/ros2ws/install/ros2_gopigo3_msg/lib/python3.14/site-packages/ros2_gopigo3_msg/msg/__init__.py
-- Up-to-date: /home/ubuntu/LyricalDave/ros2ws/install/ros2_gopigo3_msg/lib/python3.14/site-packages/ros2_gopigo3_msg/msg/_motor_status_lr.py
-- Up-to-date: /home/ubuntu/LyricalDave/ros2ws/install/ros2_gopigo3_msg/lib/python3.14/site-packages/ros2_gopigo3_msg/msg/_motor_status.py
-- Up-to-date: /home/ubuntu/LyricalDave/ros2ws/install/ros2_gopigo3_msg/lib/python3.14/site-packages/ros2_gopigo3_msg/msg/_motor_status_s.c
-- Up-to-date: /home/ubuntu/LyricalDave/ros2ws/install/ros2_gopigo3_msg/lib/python3.14/site-packages/ros2_gopigo3_msg/msg/_motor_status_lr_s.c
-- Up-to-date: /home/ubuntu/LyricalDave/ros2ws/install/ros2_gopigo3_msg/lib/python3.14/site-packages/ros2_gopigo3_msg/ros2_gopigo3_msg_s__rosidl_typesupport_c.so
-- Up-to-date: /home/ubuntu/LyricalDave/ros2ws/install/ros2_gopigo3_msg/lib/python3.14/site-packages/ros2_gopigo3_msg/ros2_gopigo3_msg_s__rosidl_typesupport_fastrtps_c.so
Listing '/home/ubuntu/LyricalDave/ros2ws/install/ros2_gopigo3_msg/lib/python3.14/site-packages/ros2_gopigo3_msg'...
Listing '/home/ubuntu/LyricalDave/ros2ws/install/ros2_gopigo3_msg/lib/python3.14/site-packages/ros2_gopigo3_msg/msg'...
Listing '/home/ubuntu/LyricalDave/ros2ws/install/ros2_gopigo3_msg/lib/python3.14/site-packages/ros2_gopigo3_msg/srv'...
-- Up-to-date: /home/ubuntu/LyricalDave/ros2ws/install/ros2_gopigo3_msg/share/ros2_gopigo3_msg/cmake/rosidl_cmake-extras.cmake
-- Up-to-date: /home/ubuntu/LyricalDave/ros2ws/install/ros2_gopigo3_msg/share/ros2_gopigo3_msg/cmake/ament_cmake_export_dependencies-extras.cmake
-- Up-to-date: /home/ubuntu/LyricalDave/ros2ws/install/ros2_gopigo3_msg/share/ros2_gopigo3_msg/cmake/ament_cmake_export_include_directories-extras.cmake
-- Up-to-date: /home/ubuntu/LyricalDave/ros2ws/install/ros2_gopigo3_msg/share/ros2_gopigo3_msg/cmake/ament_cmake_export_libraries-extras.cmake
-- Up-to-date: /home/ubuntu/LyricalDave/ros2ws/install/ros2_gopigo3_msg/share/ros2_gopigo3_msg/cmake/ament_cmake_export_targets-extras.cmake
-- Up-to-date: /home/ubuntu/LyricalDave/ros2ws/install/ros2_gopigo3_msg/share/ros2_gopigo3_msg/cmake/rosidl_cmake_export_typesupport_targets-extras.cmake
-- Up-to-date: /home/ubuntu/LyricalDave/ros2ws/install/ros2_gopigo3_msg/share/ros2_gopigo3_msg/cmake/rosidl_cmake_export_typesupport_libraries-extras.cmake
-- Up-to-date: /home/ubuntu/LyricalDave/ros2ws/install/ros2_gopigo3_msg/share/ros2_gopigo3_msg/cmake/rosidl_cmake_aggregate_target-extras.cmake
-- Up-to-date: /home/ubuntu/LyricalDave/ros2ws/install/ros2_gopigo3_msg/share/ros2_gopigo3_msg/cmake/ros2_gopigo3_msgConfig.cmake
-- Up-to-date: /home/ubuntu/LyricalDave/ros2ws/install/ros2_gopigo3_msg/share/ros2_gopigo3_msg/cmake/ros2_gopigo3_msgConfig-version.cmake
-- Up-to-date: /home/ubuntu/LyricalDave/ros2ws/install/ros2_gopigo3_msg/share/ros2_gopigo3_msg/package.xml
