[0.143s] Invoking command in '/home/ubuntu/LyricalDave/ros2ws/build/ros2_gopigo3_msg': CMAKE_PREFIX_PATH=${CMAKE_PREFIX_PATH}:/home/ubuntu/LyricalDave/ros2ws/install/teleop_gopigo3_keyboard:/home/ubuntu/LyricalDave/ros2ws/install/scan_client:/home/ubuntu/LyricalDave/ros2ws/install/ros2_libcamera_pub:/home/ubuntu/LyricalDave/ros2ws/install/ros2_gopigo3_node:/home/ubuntu/LyricalDave/ros2ws/install/explorer_wanderer:/home/ubuntu/LyricalDave/ros2ws/install/demo_nodes_py:/home/ubuntu/LyricalDave/ros2ws/install/dave:/opt/ros/lyrical /usr/bin/cmake --build /home/ubuntu/LyricalDave/ros2ws/build/ros2_gopigo3_msg -- -j4 -l4
[1.551s] [  1%] Built target ros2_gopigo3_msg__rosidl_generator_type_description
[1.553s] [  3%] Built target ros2_gopigo3_msg__rs
[1.554s] [  5%] Built target ros2_gopigo3_msg__cpp
[1.555s] [ 25%] Built target ros2_gopigo3_msg__rosidl_generator_c
[1.557s] [ 34%] Built target ros2_gopigo3_msg__rosidl_typesupport_introspection_c
[1.558s] [ 43%] Built target ros2_gopigo3_msg__rosidl_typesupport_c
[1.559s] [ 52%] Built target ros2_gopigo3_msg__rosidl_typesupport_fastrtps_c
[1.559s] [ 70%] Built target ros2_gopigo3_msg__rosidl_typesupport_fastrtps_cpp
[1.560s] [ 70%] Built target ros2_gopigo3_msg__rosidl_typesupport_introspection_cpp
[1.561s] [ 80%] Built target ros2_gopigo3_msg__rosidl_typesupport_cpp
[1.561s] [ 80%] Built target ros2_gopigo3_msg
[1.562s] [ 81%] Built target ros2_gopigo3_msg__py
[1.563s] [ 89%] Built target ros2_gopigo3_msg__rosidl_generator_py
[1.563s] [ 89%] Built target ament_cmake_python_sync_ros2_gopigo3_msg
[1.564s] [ 92%] Built target ros2_gopigo3_msg_s__rosidl_typesupport_fastrtps_c
[1.565s] [ 96%] Built target ros2_gopigo3_msg_s__rosidl_typesupport_introspection_c
[1.566s] [100%] Built target ros2_gopigo3_msg_s__rosidl_typesupport_c
[2.485s] running egg_info
[2.625s] writing ros2_gopigo3_msg.egg-info/PKG-INFO
[2.630s] writing dependency_links to ros2_gopigo3_msg.egg-info/dependency_links.txt
[2.631s] writing top-level names to ros2_gopigo3_msg.egg-info/top_level.txt
[3.245s] reading manifest file 'ros2_gopigo3_msg.egg-info/SOURCES.txt'
[3.250s] writing manifest file 'ros2_gopigo3_msg.egg-info/SOURCES.txt'
[3.544s] [100%] Built target ament_cmake_python_build_ros2_gopigo3_msg_egg
[3.617s] Invoked command in '/home/ubuntu/LyricalDave/ros2ws/build/ros2_gopigo3_msg' returned '0': CMAKE_PREFIX_PATH=${CMAKE_PREFIX_PATH}:/home/ubuntu/LyricalDave/ros2ws/install/teleop_gopigo3_keyboard:/home/ubuntu/LyricalDave/ros2ws/install/scan_client:/home/ubuntu/LyricalDave/ros2ws/install/ros2_libcamera_pub:/home/ubuntu/LyricalDave/ros2ws/install/ros2_gopigo3_node:/home/ubuntu/LyricalDave/ros2ws/install/explorer_wanderer:/home/ubuntu/LyricalDave/ros2ws/install/demo_nodes_py:/home/ubuntu/LyricalDave/ros2ws/install/dave:/opt/ros/lyrical /usr/bin/cmake --build /home/ubuntu/LyricalDave/ros2ws/build/ros2_gopigo3_msg -- -j4 -l4
[3.684s] Invoking command in '/home/ubuntu/LyricalDave/ros2ws/build/ros2_gopigo3_msg': CMAKE_PREFIX_PATH=${CMAKE_PREFIX_PATH}:/home/ubuntu/LyricalDave/ros2ws/install/teleop_gopigo3_keyboard:/home/ubuntu/LyricalDave/ros2ws/install/scan_client:/home/ubuntu/LyricalDave/ros2ws/install/ros2_libcamera_pub:/home/ubuntu/LyricalDave/ros2ws/install/ros2_gopigo3_node:/home/ubuntu/LyricalDave/ros2ws/install/explorer_wanderer:/home/ubuntu/LyricalDave/ros2ws/install/demo_nodes_py:/home/ubuntu/LyricalDave/ros2ws/install/dave:/opt/ros/lyrical /usr/bin/cmake --install /home/ubuntu/LyricalDave/ros2ws/build/ros2_gopigo3_msg
[3.727s] -- Install configuration: ""
[3.729s] -- Up-to-date: /home/ubuntu/LyricalDave/ros2ws/install/ros2_gopigo3_msg/share/ament_index/resource_index/rosidl_interfaces/ros2_gopigo3_msg
[3.730s] -- Up-to-date: /home/ubuntu/LyricalDave/ros2ws/install/ros2_gopigo3_msg/share/ros2_gopigo3_msg/msg/MotorStatus.json
[3.732s] -- Up-to-date: /home/ubuntu/LyricalDave/ros2ws/install/ros2_gopigo3_msg/share/ros2_gopigo3_msg/msg/MotorStatusLR.json
[3.734s] -- Up-to-date: /home/ubuntu/LyricalDave/ros2ws/install/ros2_gopigo3_msg/share/ros2_gopigo3_msg/srv/SPI.json
[3.735s] -- Up-to-date: /home/ubuntu/LyricalDave/ros2ws/install/ros2_gopigo3_msg/include/ros2_gopigo3_msg/ros2_gopigo3_msg
[3.737s] -- Up-to-date: /home/ubuntu/LyricalDave/ros2ws/install/ros2_gopigo3_msg/include/ros2_gopigo3_msg/ros2_gopigo3_msg/srv
[3.741s] -- Up-to-date: /home/ubuntu/LyricalDave/ros2ws/install/ros2_gopigo3_msg/include/ros2_gopigo3_msg/ros2_gopigo3_msg/srv/detail
[3.742s] -- Up-to-date: /home/ubuntu/LyricalDave/ros2ws/install/ros2_gopigo3_msg/include/ros2_gopigo3_msg/ros2_gopigo3_msg/srv/detail/spi__functions.c
[3.744s] -- Up-to-date: /home/ubuntu/LyricalDave/ros2ws/install/ros2_gopigo3_msg/include/ros2_gopigo3_msg/ros2_gopigo3_msg/srv/detail/spi__struct.h
[3.745s] -- Up-to-date: /home/ubuntu/LyricalDave/ros2ws/install/ros2_gopigo3_msg/include/ros2_gopigo3_msg/ros2_gopigo3_msg/srv/detail/spi__type_support.h
[3.747s] -- Up-to-date: /home/ubuntu/LyricalDave/ros2ws/install/ros2_gopigo3_msg/include/ros2_gopigo3_msg/ros2_gopigo3_msg/srv/detail/spi__functions.h
[3.749s] -- Installing: /home/ubuntu/LyricalDave/ros2ws/install/ros2_gopigo3_msg/include/ros2_gopigo3_msg/ros2_gopigo3_msg/srv/detail/spi__type_support.c
[3.751s] -- Up-to-date: /home/ubuntu/LyricalDave/ros2ws/install/ros2_gopigo3_msg/include/ros2_gopigo3_msg/ros2_gopigo3_msg/srv/detail/spi__description.c
[3.753s] -- Up-to-date: /home/ubuntu/LyricalDave/ros2ws/install/ros2_gopigo3_msg/include/ros2_gopigo3_msg/ros2_gopigo3_msg/srv/spi.h
[3.755s] -- Up-to-date: /home/ubuntu/LyricalDave/ros2ws/install/ros2_gopigo3_msg/include/ros2_gopigo3_msg/ros2_gopigo3_msg/msg
[3.756s] -- Up-to-date: /home/ubuntu/LyricalDave/ros2ws/install/ros2_gopigo3_msg/include/ros2_gopigo3_msg/ros2_gopigo3_msg/msg/motor_status.h
[3.758s] -- Up-to-date: /home/ubuntu/LyricalDave/ros2ws/install/ros2_gopigo3_msg/include/ros2_gopigo3_msg/ros2_gopigo3_msg/msg/motor_status_lr.h
[3.760s] -- Up-to-date: /home/ubuntu/LyricalDave/ros2ws/install/ros2_gopigo3_msg/include/ros2_gopigo3_msg/ros2_gopigo3_msg/msg/detail
[3.761s] -- Up-to-date: /home/ubuntu/LyricalDave/ros2ws/install/ros2_gopigo3_msg/include/ros2_gopigo3_msg/ros2_gopigo3_msg/msg/detail/motor_status_lr__struct.h
[3.761s] -- Installing: /home/ubuntu/LyricalDave/ros2ws/install/ros2_gopigo3_msg/include/ros2_gopigo3_msg/ros2_gopigo3_msg/msg/detail/motor_status__type_support.c
[3.762s] -- Up-to-date: /home/ubuntu/LyricalDave/ros2ws/install/ros2_gopigo3_msg/include/ros2_gopigo3_msg/ros2_gopigo3_msg/msg/detail/motor_status_lr__functions.c
[3.765s] -- Up-to-date: /home/ubuntu/LyricalDave/ros2ws/install/ros2_gopigo3_msg/include/ros2_gopigo3_msg/ros2_gopigo3_msg/msg/detail/motor_status__functions.c
[3.768s] -- Up-to-date: /home/ubuntu/LyricalDave/ros2ws/install/ros2_gopigo3_msg/include/ros2_gopigo3_msg/ros2_gopigo3_msg/msg/detail/motor_status_lr__functions.h
[3.770s] -- Up-to-date: /home/ubuntu/LyricalDave/ros2ws/install/ros2_gopigo3_msg/include/ros2_gopigo3_msg/ros2_gopigo3_msg/msg/detail/motor_status__struct.h
[3.770s] -- Up-to-date: /home/ubuntu/LyricalDave/ros2ws/install/ros2_gopigo3_msg/include/ros2_gopigo3_msg/ros2_gopigo3_msg/msg/detail/motor_status_lr__description.c
[3.774s] -- Up-to-date: /home/ubuntu/LyricalDave/ros2ws/install/ros2_gopigo3_msg/include/ros2_gopigo3_msg/ros2_gopigo3_msg/msg/detail/motor_status__functions.h
[3.776s] -- Up-to-date: /home/ubuntu/LyricalDave/ros2ws/install/ros2_gopigo3_msg/include/ros2_gopigo3_msg/ros2_gopigo3_msg/msg/detail/motor_status__type_support.h
[3.779s] -- Installing: /home/ubuntu/LyricalDave/ros2ws/install/ros2_gopigo3_msg/include/ros2_gopigo3_msg/ros2_gopigo3_msg/msg/detail/motor_status_lr__type_support.c
[3.780s] -- Up-to-date: /home/ubuntu/LyricalDave/ros2ws/install/ros2_gopigo3_msg/include/ros2_gopigo3_msg/ros2_gopigo3_msg/msg/detail/motor_status_lr__type_support.h
[3.782s] -- Up-to-date: /home/ubuntu/LyricalDave/ros2ws/install/ros2_gopigo3_msg/include/ros2_gopigo3_msg/ros2_gopigo3_msg/msg/detail/motor_status__description.c
[3.785s] -- Up-to-date: /home/ubuntu/LyricalDave/ros2ws/install/ros2_gopigo3_msg/include/ros2_gopigo3_msg/ros2_gopigo3_msg/msg/rosidl_generator_c__visibility_control.h
[3.788s] -- Up-to-date: /home/ubuntu/LyricalDave/ros2ws/install/ros2_gopigo3_msg/share/ros2_gopigo3_msg/environment/library_path.sh
[3.789s] -- Up-to-date: /home/ubuntu/LyricalDave/ros2ws/install/ros2_gopigo3_msg/share/ros2_gopigo3_msg/environment/library_path.dsv
[3.790s] -- Up-to-date: /home/ubuntu/LyricalDave/ros2ws/install/ros2_gopigo3_msg/lib/libros2_gopigo3_msg__rosidl_generator_c.so
[3.790s] -- Up-to-date: /home/ubuntu/LyricalDave/ros2ws/install/ros2_gopigo3_msg/include/ros2_gopigo3_msg/ros2_gopigo3_msg
[3.791s] -- Up-to-date: /home/ubuntu/LyricalDave/ros2ws/install/ros2_gopigo3_msg/include/ros2_gopigo3_msg/ros2_gopigo3_msg/srv
[3.791s] -- Up-to-date: /home/ubuntu/LyricalDave/ros2ws/install/ros2_gopigo3_msg/include/ros2_gopigo3_msg/ros2_gopigo3_msg/srv/detail
[3.792s] -- Up-to-date: /home/ubuntu/LyricalDave/ros2ws/install/ros2_gopigo3_msg/include/ros2_gopigo3_msg/ros2_gopigo3_msg/srv/detail/spi__rosidl_typesupport_fastrtps_c.h
[3.792s] -- Up-to-date: /home/ubuntu/LyricalDave/ros2ws/install/ros2_gopigo3_msg/include/ros2_gopigo3_msg/ros2_gopigo3_msg/msg
[3.796s] -- Up-to-date: /home/ubuntu/LyricalDave/ros2ws/install/ros2_gopigo3_msg/include/ros2_gopigo3_msg/ros2_gopigo3_msg/msg/rosidl_typesupport_fastrtps_c__visibility_control.h
[3.796s] -- Up-to-date: /home/ubuntu/LyricalDave/ros2ws/install/ros2_gopigo3_msg/include/ros2_gopigo3_msg/ros2_gopigo3_msg/msg/detail
[3.797s] -- Up-to-date: /home/ubuntu/LyricalDave/ros2ws/install/ros2_gopigo3_msg/include/ros2_gopigo3_msg/ros2_gopigo3_msg/msg/detail/motor_status_lr__rosidl_typesupport_fastrtps_c.h
[3.797s] -- Up-to-date: /home/ubuntu/LyricalDave/ros2ws/install/ros2_gopigo3_msg/include/ros2_gopigo3_msg/ros2_gopigo3_msg/msg/detail/motor_status__rosidl_typesupport_fastrtps_c.h
[3.798s] -- Up-to-date: /home/ubuntu/LyricalDave/ros2ws/install/ros2_gopigo3_msg/lib/libros2_gopigo3_msg__rosidl_typesupport_fastrtps_c.so
[3.803s] -- Up-to-date: /home/ubuntu/LyricalDave/ros2ws/install/ros2_gopigo3_msg/include/ros2_gopigo3_msg/ros2_gopigo3_msg
[3.804s] -- Up-to-date: /home/ubuntu/LyricalDave/ros2ws/install/ros2_gopigo3_msg/include/ros2_gopigo3_msg/ros2_gopigo3_msg/srv
[3.804s] -- Up-to-date: /home/ubuntu/LyricalDave/ros2ws/install/ros2_gopigo3_msg/include/ros2_gopigo3_msg/ros2_gopigo3_msg/srv/detail
[3.804s] -- Up-to-date: /home/ubuntu/LyricalDave/ros2ws/install/ros2_gopigo3_msg/include/ros2_gopigo3_msg/ros2_gopigo3_msg/srv/detail/spi__rosidl_typesupport_introspection_c.h
[3.805s] -- Installing: /home/ubuntu/LyricalDave/ros2ws/install/ros2_gopigo3_msg/include/ros2_gopigo3_msg/ros2_gopigo3_msg/srv/detail/spi__type_support.c
[3.808s] -- Up-to-date: /home/ubuntu/LyricalDave/ros2ws/install/ros2_gopigo3_msg/include/ros2_gopigo3_msg/ros2_gopigo3_msg/msg
[3.808s] -- Up-to-date: /home/ubuntu/LyricalDave/ros2ws/install/ros2_gopigo3_msg/include/ros2_gopigo3_msg/ros2_gopigo3_msg/msg/detail
[3.809s] -- Installing: /home/ubuntu/LyricalDave/ros2ws/install/ros2_gopigo3_msg/include/ros2_gopigo3_msg/ros2_gopigo3_msg/msg/detail/motor_status__type_support.c
[3.809s] -- Up-to-date: /home/ubuntu/LyricalDave/ros2ws/install/ros2_gopigo3_msg/include/ros2_gopigo3_msg/ros2_gopigo3_msg/msg/detail/motor_status_lr__rosidl_typesupport_introspection_c.h
[3.812s] -- Installing: /home/ubuntu/LyricalDave/ros2ws/install/ros2_gopigo3_msg/include/ros2_gopigo3_msg/ros2_gopigo3_msg/msg/detail/motor_status_lr__type_support.c
[3.815s] -- Up-to-date: /home/ubuntu/LyricalDave/ros2ws/install/ros2_gopigo3_msg/include/ros2_gopigo3_msg/ros2_gopigo3_msg/msg/detail/motor_status__rosidl_typesupport_introspection_c.h
[3.816s] -- Up-to-date: /home/ubuntu/LyricalDave/ros2ws/install/ros2_gopigo3_msg/include/ros2_gopigo3_msg/ros2_gopigo3_msg/msg/rosidl_typesupport_introspection_c__visibility_control.h
[3.816s] -- Up-to-date: /home/ubuntu/LyricalDave/ros2ws/install/ros2_gopigo3_msg/lib/libros2_gopigo3_msg__rosidl_typesupport_introspection_c.so
[3.817s] -- Up-to-date: /home/ubuntu/LyricalDave/ros2ws/install/ros2_gopigo3_msg/lib/libros2_gopigo3_msg__rosidl_typesupport_c.so
[3.817s] -- Up-to-date: /home/ubuntu/LyricalDave/ros2ws/install/ros2_gopigo3_msg/include/ros2_gopigo3_msg/ros2_gopigo3_msg
[3.821s] -- Up-to-date: /home/ubuntu/LyricalDave/ros2ws/install/ros2_gopigo3_msg/include/ros2_gopigo3_msg/ros2_gopigo3_msg/srv
[3.822s] -- Up-to-date: /home/ubuntu/LyricalDave/ros2ws/install/ros2_gopigo3_msg/include/ros2_gopigo3_msg/ros2_gopigo3_msg/srv/spi.hpp
[3.823s] -- Up-to-date: /home/ubuntu/LyricalDave/ros2ws/install/ros2_gopigo3_msg/include/ros2_gopigo3_msg/ros2_gopigo3_msg/srv/detail
[3.823s] -- Up-to-date: /home/ubuntu/LyricalDave/ros2ws/install/ros2_gopigo3_msg/include/ros2_gopigo3_msg/ros2_gopigo3_msg/srv/detail/spi__type_support.hpp
[3.826s] -- Up-to-date: /home/ubuntu/LyricalDave/ros2ws/install/ros2_gopigo3_msg/include/ros2_gopigo3_msg/ros2_gopigo3_msg/srv/detail/spi__traits.hpp
[3.826s] -- Up-to-date: /home/ubuntu/LyricalDave/ros2ws/install/ros2_gopigo3_msg/include/ros2_gopigo3_msg/ros2_gopigo3_msg/srv/detail/spi__struct.hpp
[3.827s] -- Up-to-date: /home/ubuntu/LyricalDave/ros2ws/install/ros2_gopigo3_msg/include/ros2_gopigo3_msg/ros2_gopigo3_msg/srv/detail/spi__builder.hpp
[3.828s] -- Up-to-date: /home/ubuntu/LyricalDave/ros2ws/install/ros2_gopigo3_msg/include/ros2_gopigo3_msg/ros2_gopigo3_msg/msg
[3.828s] -- Up-to-date: /home/ubuntu/LyricalDave/ros2ws/install/ros2_gopigo3_msg/include/ros2_gopigo3_msg/ros2_gopigo3_msg/msg/motor_status_lr.hpp
[3.831s] -- Up-to-date: /home/ubuntu/LyricalDave/ros2ws/install/ros2_gopigo3_msg/include/ros2_gopigo3_msg/ros2_gopigo3_msg/msg/motor_status.hpp
[3.831s] -- Up-to-date: /home/ubuntu/LyricalDave/ros2ws/install/ros2_gopigo3_msg/include/ros2_gopigo3_msg/ros2_gopigo3_msg/msg/detail
[3.832s] -- Up-to-date: /home/ubuntu/LyricalDave/ros2ws/install/ros2_gopigo3_msg/include/ros2_gopigo3_msg/ros2_gopigo3_msg/msg/detail/motor_status_lr__builder.hpp
[3.832s] -- Up-to-date: /home/ubuntu/LyricalDave/ros2ws/install/ros2_gopigo3_msg/include/ros2_gopigo3_msg/ros2_gopigo3_msg/msg/detail/motor_status__traits.hpp
[3.833s] -- Up-to-date: /home/ubuntu/LyricalDave/ros2ws/install/ros2_gopigo3_msg/include/ros2_gopigo3_msg/ros2_gopigo3_msg/msg/detail/motor_status_lr__traits.hpp
[3.836s] -- Up-to-date: /home/ubuntu/LyricalDave/ros2ws/install/ros2_gopigo3_msg/include/ros2_gopigo3_msg/ros2_gopigo3_msg/msg/detail/motor_status__type_support.hpp
[3.837s] -- Up-to-date: /home/ubuntu/LyricalDave/ros2ws/install/ros2_gopigo3_msg/include/ros2_gopigo3_msg/ros2_gopigo3_msg/msg/detail/motor_status__struct.hpp
[3.838s] -- Up-to-date: /home/ubuntu/LyricalDave/ros2ws/install/ros2_gopigo3_msg/include/ros2_gopigo3_msg/ros2_gopigo3_msg/msg/detail/motor_status__builder.hpp
[3.843s] -- Up-to-date: /home/ubuntu/LyricalDave/ros2ws/install/ros2_gopigo3_msg/include/ros2_gopigo3_msg/ros2_gopigo3_msg/msg/detail/motor_status_lr__struct.hpp
[3.848s] -- Up-to-date: /home/ubuntu/LyricalDave/ros2ws/install/ros2_gopigo3_msg/include/ros2_gopigo3_msg/ros2_gopigo3_msg/msg/detail/motor_status_lr__type_support.hpp
[3.849s] -- Up-to-date: /home/ubuntu/LyricalDave/ros2ws/install/ros2_gopigo3_msg/include/ros2_gopigo3_msg/ros2_gopigo3_msg/msg/rosidl_generator_cpp__visibility_control.hpp
[3.850s] -- Up-to-date: /home/ubuntu/LyricalDave/ros2ws/install/ros2_gopigo3_msg/include/ros2_gopigo3_msg/ros2_gopigo3_msg
[3.853s] -- Up-to-date: /home/ubuntu/LyricalDave/ros2ws/install/ros2_gopigo3_msg/include/ros2_gopigo3_msg/ros2_gopigo3_msg/srv
[3.853s] -- Up-to-date: /home/ubuntu/LyricalDave/ros2ws/install/ros2_gopigo3_msg/include/ros2_gopigo3_msg/ros2_gopigo3_msg/srv/detail
[3.854s] -- Up-to-date: /home/ubuntu/LyricalDave/ros2ws/install/ros2_gopigo3_msg/include/ros2_gopigo3_msg/ros2_gopigo3_msg/srv/detail/spi__rosidl_typesupport_fastrtps_cpp.hpp
[3.854s] -- Up-to-date: /home/ubuntu/LyricalDave/ros2ws/install/ros2_gopigo3_msg/include/ros2_gopigo3_msg/ros2_gopigo3_msg/srv/detail/dds_fastrtps
[3.854s] -- Up-to-date: /home/ubuntu/LyricalDave/ros2ws/install/ros2_gopigo3_msg/include/ros2_gopigo3_msg/ros2_gopigo3_msg/msg
[3.855s] -- Up-to-date: /home/ubuntu/LyricalDave/ros2ws/install/ros2_gopigo3_msg/include/ros2_gopigo3_msg/ros2_gopigo3_msg/msg/rosidl_typesupport_fastrtps_cpp__visibility_control.h
[3.859s] -- Up-to-date: /home/ubuntu/LyricalDave/ros2ws/install/ros2_gopigo3_msg/include/ros2_gopigo3_msg/ros2_gopigo3_msg/msg/detail
[3.859s] -- Up-to-date: /home/ubuntu/LyricalDave/ros2ws/install/ros2_gopigo3_msg/include/ros2_gopigo3_msg/ros2_gopigo3_msg/msg/detail/motor_status__rosidl_typesupport_fastrtps_cpp.hpp
[3.860s] -- Up-to-date: /home/ubuntu/LyricalDave/ros2ws/install/ros2_gopigo3_msg/include/ros2_gopigo3_msg/ros2_gopigo3_msg/msg/detail/motor_status_lr__rosidl_typesupport_fastrtps_cpp.hpp
[3.860s] -- Up-to-date: /home/ubuntu/LyricalDave/ros2ws/install/ros2_gopigo3_msg/include/ros2_gopigo3_msg/ros2_gopigo3_msg/msg/detail/dds_fastrtps
[3.860s] -- Up-to-date: /home/ubuntu/LyricalDave/ros2ws/install/ros2_gopigo3_msg/lib/libros2_gopigo3_msg__rosidl_typesupport_fastrtps_cpp.so
[3.861s] -- Up-to-date: /home/ubuntu/LyricalDave/ros2ws/install/ros2_gopigo3_msg/include/ros2_gopigo3_msg/ros2_gopigo3_msg
[3.865s] -- Up-to-date: /home/ubuntu/LyricalDave/ros2ws/install/ros2_gopigo3_msg/include/ros2_gopigo3_msg/ros2_gopigo3_msg/srv
[3.865s] -- Up-to-date: /home/ubuntu/LyricalDave/ros2ws/install/ros2_gopigo3_msg/include/ros2_gopigo3_msg/ros2_gopigo3_msg/srv/detail
[3.866s] -- Up-to-date: /home/ubuntu/LyricalDave/ros2ws/install/ros2_gopigo3_msg/include/ros2_gopigo3_msg/ros2_gopigo3_msg/srv/detail/spi__rosidl_typesupport_introspection_cpp.hpp
[3.866s] -- Up-to-date: /home/ubuntu/LyricalDave/ros2ws/install/ros2_gopigo3_msg/include/ros2_gopigo3_msg/ros2_gopigo3_msg/srv/detail/spi__type_support.cpp
[3.867s] -- Up-to-date: /home/ubuntu/LyricalDave/ros2ws/install/ros2_gopigo3_msg/include/ros2_gopigo3_msg/ros2_gopigo3_msg/msg
[3.870s] -- Up-to-date: /home/ubuntu/LyricalDave/ros2ws/install/ros2_gopigo3_msg/include/ros2_gopigo3_msg/ros2_gopigo3_msg/msg/detail
[3.871s] -- Up-to-date: /home/ubuntu/LyricalDave/ros2ws/install/ros2_gopigo3_msg/include/ros2_gopigo3_msg/ros2_gopigo3_msg/msg/detail/motor_status__type_support.cpp
[3.872s] -- Up-to-date: /home/ubuntu/LyricalDave/ros2ws/install/ros2_gopigo3_msg/include/ros2_gopigo3_msg/ros2_gopigo3_msg/msg/detail/motor_status__rosidl_typesupport_introspection_cpp.hpp
[3.875s] -- Up-to-date: /home/ubuntu/LyricalDave/ros2ws/install/ros2_gopigo3_msg/include/ros2_gopigo3_msg/ros2_gopigo3_msg/msg/detail/motor_status_lr__rosidl_typesupport_introspection_cpp.hpp
[3.876s] -- Up-to-date: /home/ubuntu/LyricalDave/ros2ws/install/ros2_gopigo3_msg/include/ros2_gopigo3_msg/ros2_gopigo3_msg/msg/detail/motor_status_lr__type_support.cpp
[3.877s] -- Up-to-date: /home/ubuntu/LyricalDave/ros2ws/install/ros2_gopigo3_msg/lib/libros2_gopigo3_msg__rosidl_typesupport_introspection_cpp.so
[3.877s] -- Up-to-date: /home/ubuntu/LyricalDave/ros2ws/install/ros2_gopigo3_msg/lib/libros2_gopigo3_msg__rosidl_typesupport_cpp.so
[3.878s] -- Up-to-date: /home/ubuntu/LyricalDave/ros2ws/install/ros2_gopigo3_msg/share/ros2_gopigo3_msg/environment/pythonpath.sh
[3.882s] -- Up-to-date: /home/ubuntu/LyricalDave/ros2ws/install/ros2_gopigo3_msg/share/ros2_gopigo3_msg/environment/pythonpath.dsv
[3.882s] -- Up-to-date: /home/ubuntu/LyricalDave/ros2ws/install/ros2_gopigo3_msg/lib/python3.14/site-packages/ros2_gopigo3_msg/ros2_gopigo3_msg_s__rosidl_typesupport_fastrtps_c.so
[3.883s] -- Up-to-date: /home/ubuntu/LyricalDave/ros2ws/install/ros2_gopigo3_msg/lib/python3.14/site-packages/ros2_gopigo3_msg/ros2_gopigo3_msg_s__rosidl_typesupport_introspection_c.so
[3.883s] -- Up-to-date: /home/ubuntu/LyricalDave/ros2ws/install/ros2_gopigo3_msg/lib/python3.14/site-packages/ros2_gopigo3_msg/ros2_gopigo3_msg_s__rosidl_typesupport_c.so
[3.883s] -- Up-to-date: /home/ubuntu/LyricalDave/ros2ws/install/ros2_gopigo3_msg/lib/libros2_gopigo3_msg__rosidl_generator_py.so
[3.884s] -- Up-to-date: /home/ubuntu/LyricalDave/ros2ws/install/ros2_gopigo3_msg/share/ament_index/resource_index/rust_packages/ros2_gopigo3_msg
[3.888s] -- Up-to-date: /home/ubuntu/LyricalDave/ros2ws/install/ros2_gopigo3_msg/share/ros2_gopigo3_msg/rust
[3.889s] -- Up-to-date: /home/ubuntu/LyricalDave/ros2ws/install/ros2_gopigo3_msg/share/ros2_gopigo3_msg/rust/Cargo.toml
[3.890s] -- Up-to-date: /home/ubuntu/LyricalDave/ros2ws/install/ros2_gopigo3_msg/share/ros2_gopigo3_msg/rust/src
[3.894s] -- Up-to-date: /home/ubuntu/LyricalDave/ros2ws/install/ros2_gopigo3_msg/share/ros2_gopigo3_msg/rust/src/srv
[3.895s] -- Up-to-date: /home/ubuntu/LyricalDave/ros2ws/install/ros2_gopigo3_msg/share/ros2_gopigo3_msg/rust/src/srv/rmw.rs
[3.900s] -- Up-to-date: /home/ubuntu/LyricalDave/ros2ws/install/ros2_gopigo3_msg/share/ros2_gopigo3_msg/rust/src/msg
[3.901s] -- Up-to-date: /home/ubuntu/LyricalDave/ros2ws/install/ros2_gopigo3_msg/share/ros2_gopigo3_msg/rust/src/msg/rmw.rs
[3.902s] -- Up-to-date: /home/ubuntu/LyricalDave/ros2ws/install/ros2_gopigo3_msg/share/ros2_gopigo3_msg/rust/src/lib.rs
[3.906s] -- Up-to-date: /home/ubuntu/LyricalDave/ros2ws/install/ros2_gopigo3_msg/share/ros2_gopigo3_msg/rust/src/msg.rs
[3.907s] -- Up-to-date: /home/ubuntu/LyricalDave/ros2ws/install/ros2_gopigo3_msg/share/ros2_gopigo3_msg/rust/src/srv.rs
[3.907s] -- Up-to-date: /home/ubuntu/LyricalDave/ros2ws/install/ros2_gopigo3_msg/share/ros2_gopigo3_msg/rust/build.rs
[3.909s] -- Up-to-date: /home/ubuntu/LyricalDave/ros2ws/install/ros2_gopigo3_msg/share/ros2_gopigo3_msg/msg/MotorStatus.idl
[3.910s] -- Up-to-date: /home/ubuntu/LyricalDave/ros2ws/install/ros2_gopigo3_msg/share/ros2_gopigo3_msg/msg/MotorStatusLR.idl
[3.911s] -- Up-to-date: /home/ubuntu/LyricalDave/ros2ws/install/ros2_gopigo3_msg/share/ros2_gopigo3_msg/srv/SPI.idl
[3.913s] -- Up-to-date: /home/ubuntu/LyricalDave/ros2ws/install/ros2_gopigo3_msg/share/ros2_gopigo3_msg/msg/MotorStatus.msg
[3.914s] -- Up-to-date: /home/ubuntu/LyricalDave/ros2ws/install/ros2_gopigo3_msg/share/ros2_gopigo3_msg/msg/MotorStatusLR.msg
[3.915s] -- Up-to-date: /home/ubuntu/LyricalDave/ros2ws/install/ros2_gopigo3_msg/share/ros2_gopigo3_msg/srv/SPI.srv
[3.915s] -- Up-to-date: /home/ubuntu/LyricalDave/ros2ws/install/ros2_gopigo3_msg/share/ament_index/resource_index/package_run_dependencies/ros2_gopigo3_msg
[3.916s] -- Up-to-date: /home/ubuntu/LyricalDave/ros2ws/install/ros2_gopigo3_msg/share/ament_index/resource_index/parent_prefix_path/ros2_gopigo3_msg
[3.916s] -- Up-to-date: /home/ubuntu/LyricalDave/ros2ws/install/ros2_gopigo3_msg/share/ros2_gopigo3_msg/environment/ament_prefix_path.sh
[3.917s] -- Up-to-date: /home/ubuntu/LyricalDave/ros2ws/install/ros2_gopigo3_msg/share/ros2_gopigo3_msg/environment/ament_prefix_path.dsv
[3.918s] -- Up-to-date: /home/ubuntu/LyricalDave/ros2ws/install/ros2_gopigo3_msg/share/ros2_gopigo3_msg/environment/path.sh
[3.918s] -- Up-to-date: /home/ubuntu/LyricalDave/ros2ws/install/ros2_gopigo3_msg/share/ros2_gopigo3_msg/environment/path.dsv
[3.919s] -- Up-to-date: /home/ubuntu/LyricalDave/ros2ws/install/ros2_gopigo3_msg/share/ros2_gopigo3_msg/local_setup.bash
[3.919s] -- Up-to-date: /home/ubuntu/LyricalDave/ros2ws/install/ros2_gopigo3_msg/share/ros2_gopigo3_msg/local_setup.fish
[3.919s] -- Up-to-date: /home/ubuntu/LyricalDave/ros2ws/install/ros2_gopigo3_msg/share/ros2_gopigo3_msg/local_setup.sh
[3.920s] -- Up-to-date: /home/ubuntu/LyricalDave/ros2ws/install/ros2_gopigo3_msg/share/ros2_gopigo3_msg/local_setup.zsh
[3.920s] -- Up-to-date: /home/ubuntu/LyricalDave/ros2ws/install/ros2_gopigo3_msg/share/ros2_gopigo3_msg/local_setup.dsv
[3.921s] -- Installing: /home/ubuntu/LyricalDave/ros2ws/install/ros2_gopigo3_msg/share/ros2_gopigo3_msg/package.dsv
[3.921s] -- Up-to-date: /home/ubuntu/LyricalDave/ros2ws/install/ros2_gopigo3_msg/share/ament_index/resource_index/packages/ros2_gopigo3_msg
[3.922s] -- Up-to-date: /home/ubuntu/LyricalDave/ros2ws/install/ros2_gopigo3_msg/share/ros2_gopigo3_msg/cmake/export_ros2_gopigo3_msg__rosidl_generator_cExport.cmake
[3.922s] -- Up-to-date: /home/ubuntu/LyricalDave/ros2ws/install/ros2_gopigo3_msg/share/ros2_gopigo3_msg/cmake/export_ros2_gopigo3_msg__rosidl_generator_cExport-noconfig.cmake
[3.923s] -- Up-to-date: /home/ubuntu/LyricalDave/ros2ws/install/ros2_gopigo3_msg/share/ros2_gopigo3_msg/cmake/export_ros2_gopigo3_msg__rosidl_typesupport_fastrtps_cExport.cmake
[3.923s] -- Up-to-date: /home/ubuntu/LyricalDave/ros2ws/install/ros2_gopigo3_msg/share/ros2_gopigo3_msg/cmake/export_ros2_gopigo3_msg__rosidl_typesupport_fastrtps_cExport-noconfig.cmake
[3.924s] -- Up-to-date: /home/ubuntu/LyricalDave/ros2ws/install/ros2_gopigo3_msg/share/ros2_gopigo3_msg/cmake/ros2_gopigo3_msg__rosidl_typesupport_introspection_cExport.cmake
[3.924s] -- Up-to-date: /home/ubuntu/LyricalDave/ros2ws/install/ros2_gopigo3_msg/share/ros2_gopigo3_msg/cmake/ros2_gopigo3_msg__rosidl_typesupport_introspection_cExport-noconfig.cmake
[3.925s] -- Up-to-date: /home/ubuntu/LyricalDave/ros2ws/install/ros2_gopigo3_msg/share/ros2_gopigo3_msg/cmake/ros2_gopigo3_msg__rosidl_typesupport_cExport.cmake
[3.925s] -- Up-to-date: /home/ubuntu/LyricalDave/ros2ws/install/ros2_gopigo3_msg/share/ros2_gopigo3_msg/cmake/ros2_gopigo3_msg__rosidl_typesupport_cExport-noconfig.cmake
[3.926s] -- Up-to-date: /home/ubuntu/LyricalDave/ros2ws/install/ros2_gopigo3_msg/share/ros2_gopigo3_msg/cmake/export_ros2_gopigo3_msg__rosidl_generator_cppExport.cmake
[3.926s] -- Up-to-date: /home/ubuntu/LyricalDave/ros2ws/install/ros2_gopigo3_msg/share/ros2_gopigo3_msg/cmake/export_ros2_gopigo3_msg__rosidl_typesupport_fastrtps_cppExport.cmake
[3.926s] -- Up-to-date: /home/ubuntu/LyricalDave/ros2ws/install/ros2_gopigo3_msg/share/ros2_gopigo3_msg/cmake/export_ros2_gopigo3_msg__rosidl_typesupport_fastrtps_cppExport-noconfig.cmake
[3.927s] -- Up-to-date: /home/ubuntu/LyricalDave/ros2ws/install/ros2_gopigo3_msg/share/ros2_gopigo3_msg/cmake/ros2_gopigo3_msg__rosidl_typesupport_introspection_cppExport.cmake
[3.927s] -- Up-to-date: /home/ubuntu/LyricalDave/ros2ws/install/ros2_gopigo3_msg/share/ros2_gopigo3_msg/cmake/ros2_gopigo3_msg__rosidl_typesupport_introspection_cppExport-noconfig.cmake
[3.928s] -- Up-to-date: /home/ubuntu/LyricalDave/ros2ws/install/ros2_gopigo3_msg/share/ros2_gopigo3_msg/cmake/ros2_gopigo3_msg__rosidl_typesupport_cppExport.cmake
[3.928s] -- Up-to-date: /home/ubuntu/LyricalDave/ros2ws/install/ros2_gopigo3_msg/share/ros2_gopigo3_msg/cmake/ros2_gopigo3_msg__rosidl_typesupport_cppExport-noconfig.cmake
[3.929s] -- Up-to-date: /home/ubuntu/LyricalDave/ros2ws/install/ros2_gopigo3_msg/share/ros2_gopigo3_msg/cmake/export_ros2_gopigo3_msg__rosidl_generator_pyExport.cmake
[3.929s] -- Up-to-date: /home/ubuntu/LyricalDave/ros2ws/install/ros2_gopigo3_msg/share/ros2_gopigo3_msg/cmake/export_ros2_gopigo3_msg__rosidl_generator_pyExport-noconfig.cmake
[3.930s] -- Up-to-date: /home/ubuntu/LyricalDave/ros2ws/install/ros2_gopigo3_msg/lib/python3.14/site-packages/ros2_gopigo3_msg-0.0.0-py3.14.egg-info
[3.930s] -- Installing: /home/ubuntu/LyricalDave/ros2ws/install/ros2_gopigo3_msg/lib/python3.14/site-packages/ros2_gopigo3_msg-0.0.0-py3.14.egg-info/top_level.txt
[3.931s] -- Installing: /home/ubuntu/LyricalDave/ros2ws/install/ros2_gopigo3_msg/lib/python3.14/site-packages/ros2_gopigo3_msg-0.0.0-py3.14.egg-info/SOURCES.txt
[3.931s] -- Installing: /home/ubuntu/LyricalDave/ros2ws/install/ros2_gopigo3_msg/lib/python3.14/site-packages/ros2_gopigo3_msg-0.0.0-py3.14.egg-info/dependency_links.txt
[3.932s] -- Installing: /home/ubuntu/LyricalDave/ros2ws/install/ros2_gopigo3_msg/lib/python3.14/site-packages/ros2_gopigo3_msg-0.0.0-py3.14.egg-info/PKG-INFO
[3.932s] -- Up-to-date: /home/ubuntu/LyricalDave/ros2ws/install/ros2_gopigo3_msg/lib/python3.14/site-packages/ros2_gopigo3_msg
[3.932s] -- Up-to-date: /home/ubuntu/LyricalDave/ros2ws/install/ros2_gopigo3_msg/lib/python3.14/site-packages/ros2_gopigo3_msg/ros2_gopigo3_msg_s__rosidl_typesupport_introspection_c.so
[3.933s] -- Up-to-date: /home/ubuntu/LyricalDave/ros2ws/install/ros2_gopigo3_msg/lib/python3.14/site-packages/ros2_gopigo3_msg/__init__.py
[3.933s] -- Up-to-date: /home/ubuntu/LyricalDave/ros2ws/install/ros2_gopigo3_msg/lib/python3.14/site-packages/ros2_gopigo3_msg/_ros2_gopigo3_msg_s.ep.rosidl_typesupport_introspection_c.c
[3.934s] -- Up-to-date: /home/ubuntu/LyricalDave/ros2ws/install/ros2_gopigo3_msg/lib/python3.14/site-packages/ros2_gopigo3_msg/_ros2_gopigo3_msg_s.ep.rosidl_typesupport_c.c
[3.934s] -- Up-to-date: /home/ubuntu/LyricalDave/ros2ws/install/ros2_gopigo3_msg/lib/python3.14/site-packages/ros2_gopigo3_msg/py.typed
[3.934s] -- Up-to-date: /home/ubuntu/LyricalDave/ros2ws/install/ros2_gopigo3_msg/lib/python3.14/site-packages/ros2_gopigo3_msg/_ros2_gopigo3_msg_s.ep.rosidl_typesupport_fastrtps_c.c
[3.935s] -- Up-to-date: /home/ubuntu/LyricalDave/ros2ws/install/ros2_gopigo3_msg/lib/python3.14/site-packages/ros2_gopigo3_msg/srv
[3.936s] -- Up-to-date: /home/ubuntu/LyricalDave/ros2ws/install/ros2_gopigo3_msg/lib/python3.14/site-packages/ros2_gopigo3_msg/srv/__init__.py
[3.937s] -- Up-to-date: /home/ubuntu/LyricalDave/ros2ws/install/ros2_gopigo3_msg/lib/python3.14/site-packages/ros2_gopigo3_msg/srv/_spi.py
[3.937s] -- Up-to-date: /home/ubuntu/LyricalDave/ros2ws/install/ros2_gopigo3_msg/lib/python3.14/site-packages/ros2_gopigo3_msg/srv/_spi_s.c
[3.937s] -- Up-to-date: /home/ubuntu/LyricalDave/ros2ws/install/ros2_gopigo3_msg/lib/python3.14/site-packages/ros2_gopigo3_msg/msg
[3.938s] -- Up-to-date: /home/ubuntu/LyricalDave/ros2ws/install/ros2_gopigo3_msg/lib/python3.14/site-packages/ros2_gopigo3_msg/msg/__init__.py
[3.939s] -- Up-to-date: /home/ubuntu/LyricalDave/ros2ws/install/ros2_gopigo3_msg/lib/python3.14/site-packages/ros2_gopigo3_msg/msg/_motor_status_lr.py
[3.939s] -- Up-to-date: /home/ubuntu/LyricalDave/ros2ws/install/ros2_gopigo3_msg/lib/python3.14/site-packages/ros2_gopigo3_msg/msg/_motor_status.py
[3.940s] -- Up-to-date: /home/ubuntu/LyricalDave/ros2ws/install/ros2_gopigo3_msg/lib/python3.14/site-packages/ros2_gopigo3_msg/msg/_motor_status_s.c
[3.940s] -- Up-to-date: /home/ubuntu/LyricalDave/ros2ws/install/ros2_gopigo3_msg/lib/python3.14/site-packages/ros2_gopigo3_msg/msg/_motor_status_lr_s.c
[3.941s] -- Up-to-date: /home/ubuntu/LyricalDave/ros2ws/install/ros2_gopigo3_msg/lib/python3.14/site-packages/ros2_gopigo3_msg/ros2_gopigo3_msg_s__rosidl_typesupport_c.so
[3.941s] -- Up-to-date: /home/ubuntu/LyricalDave/ros2ws/install/ros2_gopigo3_msg/lib/python3.14/site-packages/ros2_gopigo3_msg/ros2_gopigo3_msg_s__rosidl_typesupport_fastrtps_c.so
[4.082s] Listing '/home/ubuntu/LyricalDave/ros2ws/install/ros2_gopigo3_msg/lib/python3.14/site-packages/ros2_gopigo3_msg'...
[4.084s] Listing '/home/ubuntu/LyricalDave/ros2ws/install/ros2_gopigo3_msg/lib/python3.14/site-packages/ros2_gopigo3_msg/msg'...
[4.089s] Listing '/home/ubuntu/LyricalDave/ros2ws/install/ros2_gopigo3_msg/lib/python3.14/site-packages/ros2_gopigo3_msg/srv'...
[4.153s] -- Up-to-date: /home/ubuntu/LyricalDave/ros2ws/install/ros2_gopigo3_msg/share/ros2_gopigo3_msg/cmake/rosidl_cmake-extras.cmake
[4.157s] -- Up-to-date: /home/ubuntu/LyricalDave/ros2ws/install/ros2_gopigo3_msg/share/ros2_gopigo3_msg/cmake/ament_cmake_export_dependencies-extras.cmake
[4.157s] -- Up-to-date: /home/ubuntu/LyricalDave/ros2ws/install/ros2_gopigo3_msg/share/ros2_gopigo3_msg/cmake/ament_cmake_export_include_directories-extras.cmake
[4.158s] -- Up-to-date: /home/ubuntu/LyricalDave/ros2ws/install/ros2_gopigo3_msg/share/ros2_gopigo3_msg/cmake/ament_cmake_export_libraries-extras.cmake
[4.158s] -- Up-to-date: /home/ubuntu/LyricalDave/ros2ws/install/ros2_gopigo3_msg/share/ros2_gopigo3_msg/cmake/ament_cmake_export_targets-extras.cmake
[4.159s] -- Up-to-date: /home/ubuntu/LyricalDave/ros2ws/install/ros2_gopigo3_msg/share/ros2_gopigo3_msg/cmake/rosidl_cmake_export_typesupport_targets-extras.cmake
[4.162s] -- Up-to-date: /home/ubuntu/LyricalDave/ros2ws/install/ros2_gopigo3_msg/share/ros2_gopigo3_msg/cmake/rosidl_cmake_export_typesupport_libraries-extras.cmake
[4.162s] -- Up-to-date: /home/ubuntu/LyricalDave/ros2ws/install/ros2_gopigo3_msg/share/ros2_gopigo3_msg/cmake/rosidl_cmake_aggregate_target-extras.cmake
[4.163s] -- Up-to-date: /home/ubuntu/LyricalDave/ros2ws/install/ros2_gopigo3_msg/share/ros2_gopigo3_msg/cmake/ros2_gopigo3_msgConfig.cmake
[4.163s] -- Up-to-date: /home/ubuntu/LyricalDave/ros2ws/install/ros2_gopigo3_msg/share/ros2_gopigo3_msg/cmake/ros2_gopigo3_msgConfig-version.cmake
[4.164s] -- Up-to-date: /home/ubuntu/LyricalDave/ros2ws/install/ros2_gopigo3_msg/share/ros2_gopigo3_msg/package.xml
[4.169s] Invoked command in '/home/ubuntu/LyricalDave/ros2ws/build/ros2_gopigo3_msg' returned '0': CMAKE_PREFIX_PATH=${CMAKE_PREFIX_PATH}:/home/ubuntu/LyricalDave/ros2ws/install/teleop_gopigo3_keyboard:/home/ubuntu/LyricalDave/ros2ws/install/scan_client:/home/ubuntu/LyricalDave/ros2ws/install/ros2_libcamera_pub:/home/ubuntu/LyricalDave/ros2ws/install/ros2_gopigo3_node:/home/ubuntu/LyricalDave/ros2ws/install/explorer_wanderer:/home/ubuntu/LyricalDave/ros2ws/install/demo_nodes_py:/home/ubuntu/LyricalDave/ros2ws/install/dave:/opt/ros/lyrical /usr/bin/cmake --install /home/ubuntu/LyricalDave/ros2ws/build/ros2_gopigo3_msg
