Traceback (most recent call last):
  File [35m"/home/ubuntu/LyricalDave/ros2ws/build/dave_interfaces/ament_cmake_python/dave_interfaces/setup.py"[0m, line [35m4[0m, in [35m<module>[0m
    [31msetup[0m[1;31m([0m
    [31m~~~~~[0m[1;31m^[0m
      [1;31mname='dave_interfaces',[0m
      [1;31m^^^^^^^^^^^^^^^^^^^^^^^[0m
    ...<2 lines>...
          [1;31minclude=('dave_interfaces', 'dave_interfaces.*')),[0m
          [1;31m^^^^^^^^^^^^^^^^^^^^^^^^^^^^^^^^^^^^^^^^^^^^^^^^^^[0m
    [1;31m)[0m
    [1;31m^[0m
  File [35m"/usr/lib/python3/dist-packages/setuptools/__init__.py"[0m, line [35m116[0m, in [35msetup[0m
    [31m_install_setup_requires[0m[1;31m(attrs)[0m
    [31m~~~~~~~~~~~~~~~~~~~~~~~[0m[1;31m^^^^^^^[0m
  File [35m"/usr/lib/python3/dist-packages/setuptools/__init__.py"[0m, line [35m84[0m, in [35m_install_setup_requires[0m
    dist = MinimalDistribution(attrs)
  File [35m"/usr/lib/python3/dist-packages/setuptools/__init__.py"[0m, line [35m66[0m, in [35m__init__[0m
    [31msuper().__init__[0m[1;31m(filtered)[0m
    [31m~~~~~~~~~~~~~~~~[0m[1;31m^^^^^^^^^^[0m
  File [35m"/usr/lib/python3/dist-packages/setuptools/dist.py"[0m, line [35m317[0m, in [35m__init__[0m
    for ep in [31mmetadata.entry_points[0m[1;31m(group='distutils.setup_keywords')[0m:
              [31m~~~~~~~~~~~~~~~~~~~~~[0m[1;31m^^^^^^^^^^^^^^^^^^^^^^^^^^^^^^^^^^[0m
  File [35m"/usr/lib/python3.14/importlib/metadata/__init__.py"[0m, line [35m1011[0m, in [35mentry_points[0m
    return [31mEntryPoints[0m[1;31m(eps)[0m.select(**params)
           [31m~~~~~~~~~~~[0m[1;31m^^^^^[0m
  File [35m"/usr/lib/python3.14/importlib/metadata/__init__.py"[0m, line [35m1009[0m, in [35m<genexpr>[0m
    dist.entry_points for dist in [31m_unique[0m[1;31m(distributions())[0m
                                  [31m~~~~~~~[0m[1;31m^^^^^^^^^^^^^^^^^[0m
  File [35m"/usr/lib/python3.14/importlib/metadata/_itertools.py"[0m, line [35m15[0m, in [35munique_everseen[0m
    for element in [1;31miterable[0m:
                   [1;31m^^^^^^^^[0m
  File [35m"/usr/lib/python3.14/importlib/metadata/__init__.py"[0m, line [35m341[0m, in [35m__new__[0m
    if [31mgetattr[0m[1;31m(getattr(cls, name), '__isabstractmethod__', False)[0m
       [31m~~~~~~~[0m[1;31m^^^^^^^^^^^^^^^^^^^^^^^^^^^^^^^^^^^^^^^^^^^^^^^^^^^[0m
[1;35mKeyboardInterrupt[0m
gmake[2]: *** [CMakeFiles/ament_cmake_python_build_dave_interfaces_egg.dir/build.make:70: CMakeFiles/ament_cmake_python_build_dave_interfaces_egg] Interrupt
gmake[1]: *** [CMakeFiles/Makefile2:756: CMakeFiles/ament_cmake_python_build_dave_interfaces_egg.dir/all] Interrupt
gmake: *** [Makefile:146: all] Interrupt
