[1.507s] Invoking command in '/home/ubuntu/LyricalDave/ros2ws/build/dave_interfaces': CMAKE_PREFIX_PATH=${CMAKE_PREFIX_PATH}:/home/ubuntu/LyricalDave/ros2ws/install/teleop_gopigo3_keyboard:/home/ubuntu/LyricalDave/ros2ws/install/scan_client:/home/ubuntu/LyricalDave/ros2ws/install/ros2_libcamera_pub:/home/ubuntu/LyricalDave/ros2ws/install/ros2_gopigo3_node:/home/ubuntu/LyricalDave/ros2ws/install/explorer_wanderer:/home/ubuntu/LyricalDave/ros2ws/install/demo_nodes_py:/home/ubuntu/LyricalDave/ros2ws/install/dave:/opt/ros/lyrical /usr/bin/cmake --build /home/ubuntu/LyricalDave/ros2ws/build/dave_interfaces -- -j4 -l4
[1.736s] [  1%] Built target dave_interfaces__rosidl_generator_type_description
[1.742s] [  2%] Built target dave_interfaces__rs
[1.849s] [  3%] Built target dave_interfaces__cpp
[1.864s] [ 27%] Built target dave_interfaces__rosidl_generator_c
[1.979s] [ 36%] Built target dave_interfaces__rosidl_typesupport_cpp
[2.004s] [ 45%] Built target dave_interfaces__rosidl_typesupport_fastrtps_c
[2.091s] [ 55%] Built target dave_interfaces__rosidl_typesupport_c
[2.126s] [ 64%] Built target dave_interfaces__rosidl_typesupport_fastrtps_cpp
[2.241s] [ 74%] Built target dave_interfaces__rosidl_typesupport_introspection_c
[2.253s] [ 83%] Built target dave_interfaces__rosidl_typesupport_introspection_cpp
[2.332s] [ 83%] Built target dave_interfaces
[2.413s] [ 84%] Built target dave_interfaces__py
[2.532s] [ 92%] Built target dave_interfaces__rosidl_generator_py
[2.564s] [ 92%] Built target ament_cmake_python_sync_dave_interfaces
[2.636s] [ 95%] Built target dave_interfaces_s__rosidl_typesupport_fastrtps_c
[2.665s] [ 97%] Built target dave_interfaces_s__rosidl_typesupport_c
[3.717s] Traceback (most recent call last):
[3.725s]   File [35m"/home/ubuntu/LyricalDave/ros2ws/build/dave_interfaces/ament_cmake_python/dave_interfaces/setup.py"[0m, line [35m4[0m, in [35m<module>[0m
[3.726s]     [31msetup[0m[1;31m([0m
[3.728s]     [31m~~~~~[0m[1;31m^[0m
[3.729s]       [1;31mname='dave_interfaces',[0m
[3.730s]       [1;31m^^^^^^^^^^^^^^^^^^^^^^^[0m
[3.732s]     ...<2 lines>...
[3.735s]           [1;31minclude=('dave_interfaces', 'dave_interfaces.*')),[0m
[3.736s]           [1;31m^^^^^^^^^^^^^^^^^^^^^^^^^^^^^^^^^^^^^^^^^^^^^^^^^^[0m
[3.737s]     [1;31m)[0m
[3.738s]     [1;31m^[0m
[3.740s]   File [35m"/usr/lib/python3/dist-packages/setuptools/__init__.py"[0m, line [35m116[0m, in [35msetup[0m
[3.741s]     [31m_install_setup_requires[0m[1;31m(attrs)[0m
[3.742s]     [31m~~~~~~~~~~~~~~~~~~~~~~~[0m[1;31m^^^^^^^[0m
[3.745s]   File [35m"/usr/lib/python3/dist-packages/setuptools/__init__.py"[0m, line [35m84[0m, in [35m_install_setup_requires[0m
[3.747s]     dist = MinimalDistribution(attrs)
[3.749s]   File [35m"/usr/lib/python3/dist-packages/setuptools/__init__.py"[0m, line [35m66[0m, in [35m__init__[0m
[3.753s]     [31msuper().__init__[0m[1;31m(filtered)[0m
[3.755s]     [31m~~~~~~~~~~~~~~~~[0m[1;31m^^^^^^^^^^[0m
[3.757s]   File [35m"/usr/lib/python3/dist-packages/setuptools/dist.py"[0m, line [35m317[0m, in [35m__init__[0m
[3.760s]     for ep in [31mmetadata.entry_points[0m[1;31m(group='distutils.setup_keywords')[0m:
[3.763s]               [31m~~~~~~~~~~~~~~~~~~~~~[0m[1;31m^^^^^^^^^^^^^^^^^^^^^^^^^^^^^^^^^^[0m
[3.765s]   File [35m"/usr/lib/python3.14/importlib/metadata/__init__.py"[0m, line [35m1011[0m, in [35mentry_points[0m
[3.767s]     return [31mEntryPoints[0m[1;31m(eps)[0m.select(**params)
[3.770s]            [31m~~~~~~~~~~~[0m[1;31m^^^^^[0m
[3.772s]   File [35m"/usr/lib/python3.14/importlib/metadata/__init__.py"[0m, line [35m1009[0m, in [35m<genexpr>[0m
[3.774s]     dist.entry_points for dist in [31m_unique[0m[1;31m(distributions())[0m
[3.776s]                                   [31m~~~~~~~[0m[1;31m^^^^^^^^^^^^^^^^^[0m
[3.779s]   File [35m"/usr/lib/python3.14/importlib/metadata/_itertools.py"[0m, line [35m15[0m, in [35munique_everseen[0m
[3.781s]     for element in [1;31miterable[0m:
[3.783s]                    [1;31m^^^^^^^^[0m
[3.786s]   File [35m"/usr/lib/python3.14/importlib/metadata/__init__.py"[0m, line [35m341[0m, in [35m__new__[0m
[3.788s]     if [31mgetattr[0m[1;31m(getattr(cls, name), '__isabstractmethod__', False)[0m
[3.793s]        [31m~~~~~~~[0m[1;31m^^^^^^^^^^^^^^^^^^^^^^^^^^^^^^^^^^^^^^^^^^^^^^^^^^^[0m
[3.795s] [1;35mKeyboardInterrupt[0m
[4.020s] gmake[2]: *** [CMakeFiles/ament_cmake_python_build_dave_interfaces_egg.dir/build.make:70: CMakeFiles/ament_cmake_python_build_dave_interfaces_egg] Interrupt
[4.021s] gmake[1]: *** [CMakeFiles/Makefile2:756: CMakeFiles/ament_cmake_python_build_dave_interfaces_egg.dir/all] Interrupt
[4.022s] gmake: *** [Makefile:146: all] Interrupt
