[5.690s] Invoking command in '/home/ubuntu/LyricalDave/ros2ws/src/teleop_gopigo3_keyboard': PYTHONPATH=/home/ubuntu/LyricalDave/ros2ws/build/teleop_gopigo3_keyboard/prefix_override:/usr/lib/python3/dist-packages/colcon_core/task/python/colcon_distutils_commands:/home/ubuntu/LyricalDave/ros2ws/install/teleop_gopigo3_keyboard/lib/python3.14/site-packages:${PYTHONPATH} /usr/bin/python3 -W ignore:setup.py install is deprecated -W ignore:easy_install command is deprecated setup.py egg_info --egg-base ../../build/teleop_gopigo3_keyboard build --build-base /home/ubuntu/LyricalDave/ros2ws/build/teleop_gopigo3_keyboard/build install --record /home/ubuntu/LyricalDave/ros2ws/build/teleop_gopigo3_keyboard/install.log --single-version-externally-managed install_data
[6.665s] /usr/lib/python3/dist-packages/setuptools/_distutils/dist.py:289: UserWarning: Unknown distribution option: 'tests_require'
[6.665s]   warnings.warn(msg)
[6.970s] /usr/lib/python3/dist-packages/setuptools/dist.py:759: SetuptoolsDeprecationWarning: License classifiers are deprecated.
[6.971s] !!
[6.978s] 
[6.979s]         ********************************************************************************
[6.980s]         Please consider removing the following classifiers in favor of a SPDX license expression:
[6.984s] 
[6.985s]         License :: BSD
[6.986s] 
[6.990s]         See https://packaging.python.org/en/latest/guides/writing-pyproject-toml/#license for details.
[6.991s]         ********************************************************************************
[6.992s] 
[6.996s] !!
[6.997s]   self._finalize_license_expression()
[7.726s] running egg_info
[7.829s] writing ../../build/teleop_gopigo3_keyboard/teleop_gopigo3_keyboard.egg-info/PKG-INFO
[7.831s] writing dependency_links to ../../build/teleop_gopigo3_keyboard/teleop_gopigo3_keyboard.egg-info/dependency_links.txt
[7.832s] writing entry points to ../../build/teleop_gopigo3_keyboard/teleop_gopigo3_keyboard.egg-info/entry_points.txt
[7.834s] writing requirements to ../../build/teleop_gopigo3_keyboard/teleop_gopigo3_keyboard.egg-info/requires.txt
[7.835s] writing top-level names to ../../build/teleop_gopigo3_keyboard/teleop_gopigo3_keyboard.egg-info/top_level.txt
[8.051s] reading manifest file '../../build/teleop_gopigo3_keyboard/teleop_gopigo3_keyboard.egg-info/SOURCES.txt'
[8.052s] adding license file 'LICENSE'
[8.058s] writing manifest file '../../build/teleop_gopigo3_keyboard/teleop_gopigo3_keyboard.egg-info/SOURCES.txt'
[8.059s] running build
[8.059s] running build_py
[8.060s] copying teleop_gopigo3_keyboard.py -> /home/ubuntu/LyricalDave/ros2ws/build/teleop_gopigo3_keyboard/build/lib
[8.060s] running install
[8.078s] running install_lib
[8.174s] running install_data
[8.175s] copying resource/teleop_gopigo3_keyboard -> /home/ubuntu/LyricalDave/ros2ws/install/teleop_gopigo3_keyboard/share/ament_index/resource_index/packages
[8.176s] copying package.xml -> /home/ubuntu/LyricalDave/ros2ws/install/teleop_gopigo3_keyboard/share/teleop_gopigo3_keyboard
[8.177s] running install_egg_info
[8.272s] removing '/home/ubuntu/LyricalDave/ros2ws/install/teleop_gopigo3_keyboard/lib/python3.14/site-packages/teleop_gopigo3_keyboard-2.3.2-py3.14.egg-info' (and everything under it)
[8.273s] Copying ../../build/teleop_gopigo3_keyboard/teleop_gopigo3_keyboard.egg-info to /home/ubuntu/LyricalDave/ros2ws/install/teleop_gopigo3_keyboard/lib/python3.14/site-packages/teleop_gopigo3_keyboard-2.3.2-py3.14.egg-info
[8.278s] running install_scripts
[8.824s] Installing teleop_gopigo3_keyboard script to /home/ubuntu/LyricalDave/ros2ws/install/teleop_gopigo3_keyboard/lib/teleop_gopigo3_keyboard
[8.826s] writing list of installed files to '/home/ubuntu/LyricalDave/ros2ws/build/teleop_gopigo3_keyboard/install.log'
[9.085s] Invoked command in '/home/ubuntu/LyricalDave/ros2ws/src/teleop_gopigo3_keyboard' returned '0': PYTHONPATH=/home/ubuntu/LyricalDave/ros2ws/build/teleop_gopigo3_keyboard/prefix_override:/usr/lib/python3/dist-packages/colcon_core/task/python/colcon_distutils_commands:/home/ubuntu/LyricalDave/ros2ws/install/teleop_gopigo3_keyboard/lib/python3.14/site-packages:${PYTHONPATH} /usr/bin/python3 -W ignore:setup.py install is deprecated -W ignore:easy_install command is deprecated setup.py egg_info --egg-base ../../build/teleop_gopigo3_keyboard build --build-base /home/ubuntu/LyricalDave/ros2ws/build/teleop_gopigo3_keyboard/build install --record /home/ubuntu/LyricalDave/ros2ws/build/teleop_gopigo3_keyboard/install.log --single-version-externally-managed install_data
