[2.760s] Invoking command in '/home/ubuntu/LyricalDave/ros2ws/build/dave': PS1=(gopigo3) \[\e]0;\u@\h: \w\a\]${debian_chroot:+($debian_chroot)}\[\033[01;32m\]\u@\h\[\033[00m\]:\[\033[01;34m\]\w\[\033[00m\]\$ PYTHONPATH=/home/ubuntu/LyricalDave/ros2ws/build/dave/prefix_override:/usr/lib/python3/dist-packages/colcon_core/task/python/colcon_distutils_commands:/home/ubuntu/LyricalDave/ros2ws/install/dave/lib/python3.14/site-packages:${PYTHONPATH} /usr/bin/python3 -W ignore:setup.py install is deprecated -W ignore:easy_install command is deprecated setup.py develop --editable --build-directory /home/ubuntu/LyricalDave/ros2ws/build/dave/build --no-deps symlink_data
[3.383s] /usr/lib/python3/dist-packages/setuptools/_distutils/dist.py:289: UserWarning: Unknown distribution option: 'tests_require'
[3.383s]   warnings.warn(msg)
[3.839s] running develop
[4.380s] running egg_info
[4.441s] writing dave.egg-info/PKG-INFO
[4.443s] writing dependency_links to dave.egg-info/dependency_links.txt
[4.444s] writing entry points to dave.egg-info/entry_points.txt
[4.445s] writing requirements to dave.egg-info/requires.txt
[4.446s] writing top-level names to dave.egg-info/top_level.txt
[4.570s] reading manifest file 'dave.egg-info/SOURCES.txt'
[4.574s] writing manifest file 'dave.egg-info/SOURCES.txt'
[4.639s] running build_ext
[4.640s] Creating /home/ubuntu/LyricalDave/ros2ws/install/dave/lib/python3.14/site-packages/dave.egg-link (link to .)
[4.643s] Installing battery_node script to /home/ubuntu/LyricalDave/ros2ws/install/dave/lib/dave
[4.643s] Installing dave_node script to /home/ubuntu/LyricalDave/ros2ws/install/dave/lib/dave
[4.644s] Installing docking_node script to /home/ubuntu/LyricalDave/ros2ws/install/dave/lib/dave
[4.645s] Installing drive_node script to /home/ubuntu/LyricalDave/ros2ws/install/dave/lib/dave
[4.646s] Installing say_client script to /home/ubuntu/LyricalDave/ros2ws/install/dave/lib/dave
[4.646s] Installing say_node script to /home/ubuntu/LyricalDave/ros2ws/install/dave/lib/dave
[4.647s] Installing test_dock script to /home/ubuntu/LyricalDave/ros2ws/install/dave/lib/dave
[4.648s] 
[4.648s] Installed /home/ubuntu/LyricalDave/ros2ws/build/dave
[4.648s] running symlink_data
[4.841s] Invoked command in '/home/ubuntu/LyricalDave/ros2ws/build/dave' returned '0': PS1=(gopigo3) \[\e]0;\u@\h: \w\a\]${debian_chroot:+($debian_chroot)}\[\033[01;32m\]\u@\h\[\033[00m\]:\[\033[01;34m\]\w\[\033[00m\]\$ PYTHONPATH=/home/ubuntu/LyricalDave/ros2ws/build/dave/prefix_override:/usr/lib/python3/dist-packages/colcon_core/task/python/colcon_distutils_commands:/home/ubuntu/LyricalDave/ros2ws/install/dave/lib/python3.14/site-packages:${PYTHONPATH} /usr/bin/python3 -W ignore:setup.py install is deprecated -W ignore:easy_install command is deprecated setup.py develop --editable --build-directory /home/ubuntu/LyricalDave/ros2ws/build/dave/build --no-deps symlink_data
