[-1780266030695457024.000s] DEBUG:colcon:Command line arguments: ['/usr/bin/colcon', 'build', '--symlink-install', '--packages-select', 'ros2_gopigo3_node']
[-1780266030695457024.000s] DEBUG:colcon:Parsed command line arguments: Namespace(log_base=None, log_level=None, verb_name='build', build_base='build', install_base='install', merge_install=False, symlink_install=True, test_result_base=None, continue_on_error=False, executor='parallel', parallel_workers=4, event_handlers=None, ignore_user_meta=False, metas=['./colcon.meta'], base_paths=['.'], packages_ignore=None, packages_ignore_regex=None, paths=None, packages_up_to=None, packages_up_to_regex=None, packages_above=None, packages_above_and_dependencies=None, packages_above_depth=None, packages_select_by_dep=None, packages_skip_by_dep=None, packages_skip_up_to=None, packages_select_build_failed=False, packages_skip_build_finished=False, packages_select_test_failures=False, packages_skip_test_passed=False, packages_select=['ros2_gopigo3_node'], packages_skip=None, packages_select_regex=None, packages_skip_regex=None, packages_start=None, packages_end=None, allow_overriding=[], cmake_args=None, cmake_target=None, cmake_target_skip_unavailable=False, cmake_clean_cache=False, cmake_clean_first=False, cmake_force_configure=False, ament_cmake_args=None, catkin_cmake_args=None, catkin_skip_building_tests=False, mixin_files=None, mixin=None, verb_parser=<colcon_mixin.mixin.mixin_argument.MixinArgumentDecorator object at 0xffffa4e9bed0>, verb_extension=<colcon_core.verb.build.BuildVerb object at 0xffffa4e9ef90>, main=<bound method BuildVerb.main of <colcon_core.verb.build.BuildVerb object at 0xffffa4e9ef90>>, mixin_verb=('build',))
[-1780266030695457024.000s] Level 1:colcon.colcon_core.package_discovery:discover_packages(colcon_meta) check parameters
[-1780266030695457024.000s] Level 1:colcon.colcon_core.package_discovery:discover_packages(recursive) check parameters
[-1780266030695457024.000s] Level 1:colcon.colcon_core.package_discovery:discover_packages(ignore) check parameters
[-1780266030695457024.000s] Level 1:colcon.colcon_core.package_discovery:discover_packages(path) check parameters
[-1780266030695457024.000s] Level 1:colcon.colcon_core.package_discovery:discover_packages(colcon_meta) discover
[-1780266030695457024.000s] Level 1:colcon.colcon_core.package_discovery:discover_packages(recursive) discover
[-1780266030695457024.000s] INFO:colcon.colcon_core.package_discovery:Crawling recursively for packages in '/home/ubuntu/LyricalDave/ros2ws'
[-1780266030695457024.000s] Level 1:colcon.colcon_core.package_identification:_identify(.) by extensions ['ignore', 'ignore_ament_install']
[-1780266030695457024.000s] Level 1:colcon.colcon_core.package_identification:_identify(.) by extension 'ignore'
[-1780266030695457024.000s] Level 1:colcon.colcon_core.package_identification:_identify(.) by extension 'ignore_ament_install'
[-1780266030695457024.000s] Level 1:colcon.colcon_core.package_identification:_identify(.) by extensions ['colcon_pkg']
[-1780266030695457024.000s] Level 1:colcon.colcon_core.package_identification:_identify(.) by extension 'colcon_pkg'
[-1780266030695457024.000s] Level 1:colcon.colcon_core.package_identification:_identify(.) by extensions ['colcon_meta']
[-1780266030695457024.000s] Level 1:colcon.colcon_core.package_identification:_identify(.) by extension 'colcon_meta'
[-1780266030695457024.000s] Level 1:colcon.colcon_core.package_identification:_identify(.) by extensions ['ros']
[-1780266030695457024.000s] Level 1:colcon.colcon_core.package_identification:_identify(.) by extension 'ros'
[-1780266030695457024.000s] Level 1:colcon.colcon_core.package_identification:_identify(.) by extensions ['cmake', 'python']
[-1780266030695457024.000s] Level 1:colcon.colcon_core.package_identification:_identify(.) by extension 'cmake'
[-1780266030695457024.000s] Level 1:colcon.colcon_core.package_identification:_identify(.) by extension 'python'
[-1780266030695457024.000s] Level 1:colcon.colcon_core.package_identification:_identify(.) by extensions ['python_setup_py']
[-1780266030695457024.000s] Level 1:colcon.colcon_core.package_identification:_identify(.) by extension 'python_setup_py'
[-1780266030695457024.000s] Level 1:colcon.colcon_core.package_identification:_identify(build) by extensions ['ignore', 'ignore_ament_install']
[-1780266030695457024.000s] Level 1:colcon.colcon_core.package_identification:_identify(build) by extension 'ignore'
[-1780266030695457024.000s] Level 1:colcon.colcon_core.package_identification:_identify(build) ignored
[-1780266030695457024.000s] Level 1:colcon.colcon_core.package_identification:_identify(cmds) by extensions ['ignore', 'ignore_ament_install']
[-1780266030695457024.000s] Level 1:colcon.colcon_core.package_identification:_identify(cmds) by extension 'ignore'
[-1780266030695457024.000s] Level 1:colcon.colcon_core.package_identification:_identify(cmds) by extension 'ignore_ament_install'
[-1780266030695457024.000s] Level 1:colcon.colcon_core.package_identification:_identify(cmds) by extensions ['colcon_pkg']
[-1780266030695457024.000s] Level 1:colcon.colcon_core.package_identification:_identify(cmds) by extension 'colcon_pkg'
[-1780266030695457024.000s] Level 1:colcon.colcon_core.package_identification:_identify(cmds) by extensions ['colcon_meta']
[-1780266030695457024.000s] Level 1:colcon.colcon_core.package_identification:_identify(cmds) by extension 'colcon_meta'
[-1780266030695457024.000s] Level 1:colcon.colcon_core.package_identification:_identify(cmds) by extensions ['ros']
[-1780266030695457024.000s] Level 1:colcon.colcon_core.package_identification:_identify(cmds) by extension 'ros'
[-1780266030695457024.000s] Level 1:colcon.colcon_core.package_identification:_identify(cmds) by extensions ['cmake', 'python']
[-1780266030695457024.000s] Level 1:colcon.colcon_core.package_identification:_identify(cmds) by extension 'cmake'
[-1780266030695457024.000s] Level 1:colcon.colcon_core.package_identification:_identify(cmds) by extension 'python'
[-1780266030695457024.000s] Level 1:colcon.colcon_core.package_identification:_identify(cmds) by extensions ['python_setup_py']
[-1780266030695457024.000s] Level 1:colcon.colcon_core.package_identification:_identify(cmds) by extension 'python_setup_py'
[-1780266030695457024.000s] Level 1:colcon.colcon_core.package_identification:_identify(cmds/old) by extensions ['ignore', 'ignore_ament_install']
[-1780266030695457024.000s] Level 1:colcon.colcon_core.package_identification:_identify(cmds/old) by extension 'ignore'
[-1780266030695457024.000s] Level 1:colcon.colcon_core.package_identification:_identify(cmds/old) by extension 'ignore_ament_install'
[-1780266030695457024.000s] Level 1:colcon.colcon_core.package_identification:_identify(cmds/old) by extensions ['colcon_pkg']
[-1780266030695457024.000s] Level 1:colcon.colcon_core.package_identification:_identify(cmds/old) by extension 'colcon_pkg'
[-1780266030695457024.000s] Level 1:colcon.colcon_core.package_identification:_identify(cmds/old) by extensions ['colcon_meta']
[-1780266030695457024.000s] Level 1:colcon.colcon_core.package_identification:_identify(cmds/old) by extension 'colcon_meta'
[-1780266030695457024.000s] Level 1:colcon.colcon_core.package_identification:_identify(cmds/old) by extensions ['ros']
[-1780266030695457024.000s] Level 1:colcon.colcon_core.package_identification:_identify(cmds/old) by extension 'ros'
[-1780266030695457024.000s] Level 1:colcon.colcon_core.package_identification:_identify(cmds/old) by extensions ['cmake', 'python']
[-1780266030695457024.000s] Level 1:colcon.colcon_core.package_identification:_identify(cmds/old) by extension 'cmake'
[-1780266030695457024.000s] Level 1:colcon.colcon_core.package_identification:_identify(cmds/old) by extension 'python'
[-1780266030695457024.000s] Level 1:colcon.colcon_core.package_identification:_identify(cmds/old) by extensions ['python_setup_py']
[-1780266030695457024.000s] Level 1:colcon.colcon_core.package_identification:_identify(cmds/old) by extension 'python_setup_py'
[-1780266030695457024.000s] Level 1:colcon.colcon_core.package_identification:_identify(install) by extensions ['ignore', 'ignore_ament_install']
[-1780266030695457024.000s] Level 1:colcon.colcon_core.package_identification:_identify(install) by extension 'ignore'
[-1780266030695457024.000s] Level 1:colcon.colcon_core.package_identification:_identify(install) ignored
[-1780266030695457024.000s] Level 1:colcon.colcon_core.package_identification:_identify(log) by extensions ['ignore', 'ignore_ament_install']
[-1780266030695457024.000s] Level 1:colcon.colcon_core.package_identification:_identify(log) by extension 'ignore'
[-1780266030695457024.000s] Level 1:colcon.colcon_core.package_identification:_identify(log) ignored
[-1780266030695457024.000s] Level 1:colcon.colcon_core.package_identification:_identify(maps) by extensions ['ignore', 'ignore_ament_install']
[-1780266030695457024.000s] Level 1:colcon.colcon_core.package_identification:_identify(maps) by extension 'ignore'
[-1780266030695457024.000s] Level 1:colcon.colcon_core.package_identification:_identify(maps) by extension 'ignore_ament_install'
[-1780266030695457024.000s] Level 1:colcon.colcon_core.package_identification:_identify(maps) by extensions ['colcon_pkg']
[-1780266030695457024.000s] Level 1:colcon.colcon_core.package_identification:_identify(maps) by extension 'colcon_pkg'
[-1780266030695457024.000s] Level 1:colcon.colcon_core.package_identification:_identify(maps) by extensions ['colcon_meta']
[-1780266030695457024.000s] Level 1:colcon.colcon_core.package_identification:_identify(maps) by extension 'colcon_meta'
[-1780266030695457024.000s] Level 1:colcon.colcon_core.package_identification:_identify(maps) by extensions ['ros']
[-1780266030695457024.000s] Level 1:colcon.colcon_core.package_identification:_identify(maps) by extension 'ros'
[-1780266030695457024.000s] Level 1:colcon.colcon_core.package_identification:_identify(maps) by extensions ['cmake', 'python']
[-1780266030695457024.000s] Level 1:colcon.colcon_core.package_identification:_identify(maps) by extension 'cmake'
[-1780266030695457024.000s] Level 1:colcon.colcon_core.package_identification:_identify(maps) by extension 'python'
[-1780266030695457024.000s] Level 1:colcon.colcon_core.package_identification:_identify(maps) by extensions ['python_setup_py']
[-1780266030695457024.000s] Level 1:colcon.colcon_core.package_identification:_identify(maps) by extension 'python_setup_py'
[-1780266030695457024.000s] Level 1:colcon.colcon_core.package_identification:_identify(params) by extensions ['ignore', 'ignore_ament_install']
[-1780266030695457024.000s] Level 1:colcon.colcon_core.package_identification:_identify(params) by extension 'ignore'
[-1780266030695457024.000s] Level 1:colcon.colcon_core.package_identification:_identify(params) by extension 'ignore_ament_install'
[-1780266030695457024.000s] Level 1:colcon.colcon_core.package_identification:_identify(params) by extensions ['colcon_pkg']
[-1780266030695457024.000s] Level 1:colcon.colcon_core.package_identification:_identify(params) by extension 'colcon_pkg'
[-1780266030695457024.000s] Level 1:colcon.colcon_core.package_identification:_identify(params) by extensions ['colcon_meta']
[-1780266030695457024.000s] Level 1:colcon.colcon_core.package_identification:_identify(params) by extension 'colcon_meta'
[-1780266030695457024.000s] Level 1:colcon.colcon_core.package_identification:_identify(params) by extensions ['ros']
[-1780266030695457024.000s] Level 1:colcon.colcon_core.package_identification:_identify(params) by extension 'ros'
[-1780266030695457024.000s] Level 1:colcon.colcon_core.package_identification:_identify(params) by extensions ['cmake', 'python']
[-1780266030695457024.000s] Level 1:colcon.colcon_core.package_identification:_identify(params) by extension 'cmake'
[-1780266030695457024.000s] Level 1:colcon.colcon_core.package_identification:_identify(params) by extension 'python'
[-1780266030695457024.000s] Level 1:colcon.colcon_core.package_identification:_identify(params) by extensions ['python_setup_py']
[-1780266030695457024.000s] Level 1:colcon.colcon_core.package_identification:_identify(params) by extension 'python_setup_py'
[-1780266030695457024.000s] Level 1:colcon.colcon_core.package_identification:_identify(src) by extensions ['ignore', 'ignore_ament_install']
[-1780266030695457024.000s] Level 1:colcon.colcon_core.package_identification:_identify(src) by extension 'ignore'
[-1780266030695457024.000s] Level 1:colcon.colcon_core.package_identification:_identify(src) by extension 'ignore_ament_install'
[-1780266030695457024.000s] Level 1:colcon.colcon_core.package_identification:_identify(src) by extensions ['colcon_pkg']
[-1780266030695457024.000s] Level 1:colcon.colcon_core.package_identification:_identify(src) by extension 'colcon_pkg'
[-1780266030695457024.000s] Level 1:colcon.colcon_core.package_identification:_identify(src) by extensions ['colcon_meta']
[-1780266030695457024.000s] Level 1:colcon.colcon_core.package_identification:_identify(src) by extension 'colcon_meta'
[-1780266030695457024.000s] Level 1:colcon.colcon_core.package_identification:_identify(src) by extensions ['ros']
[-1780266030695457024.000s] Level 1:colcon.colcon_core.package_identification:_identify(src) by extension 'ros'
[-1780266030695457024.000s] Level 1:colcon.colcon_core.package_identification:_identify(src) by extensions ['cmake', 'python']
[-1780266030695457024.000s] Level 1:colcon.colcon_core.package_identification:_identify(src) by extension 'cmake'
[-1780266030695457024.000s] Level 1:colcon.colcon_core.package_identification:_identify(src) by extension 'python'
[-1780266030695457024.000s] Level 1:colcon.colcon_core.package_identification:_identify(src) by extensions ['python_setup_py']
[-1780266030695457024.000s] Level 1:colcon.colcon_core.package_identification:_identify(src) by extension 'python_setup_py'
[-1780266030695457024.000s] Level 1:colcon.colcon_core.package_identification:_identify(src/dave) by extensions ['ignore', 'ignore_ament_install']
[-1780266030695457024.000s] Level 1:colcon.colcon_core.package_identification:_identify(src/dave) by extension 'ignore'
[-1780266030695457024.000s] Level 1:colcon.colcon_core.package_identification:_identify(src/dave) by extension 'ignore_ament_install'
[-1780266030695457024.000s] Level 1:colcon.colcon_core.package_identification:_identify(src/dave) by extensions ['colcon_pkg']
[-1780266030695457024.000s] Level 1:colcon.colcon_core.package_identification:_identify(src/dave) by extension 'colcon_pkg'
[-1780266030695457024.000s] Level 1:colcon.colcon_core.package_identification:_identify(src/dave) by extensions ['colcon_meta']
[-1780266030695457024.000s] Level 1:colcon.colcon_core.package_identification:_identify(src/dave) by extension 'colcon_meta'
[-1780266030695457024.000s] Level 1:colcon.colcon_core.package_identification:_identify(src/dave) by extensions ['ros']
[-1780266030695457024.000s] Level 1:colcon.colcon_core.package_identification:_identify(src/dave) by extension 'ros'
[-1780266030695457024.000s] DEBUG:colcon.colcon_core.package_identification:Package 'src/dave' with type 'ros.ament_python' and name 'dave'
[-1780266030695457024.000s] Level 1:colcon.colcon_core.package_identification:_identify(src/dave_interfaces) by extensions ['ignore', 'ignore_ament_install']
[-1780266030695457024.000s] Level 1:colcon.colcon_core.package_identification:_identify(src/dave_interfaces) by extension 'ignore'
[-1780266030695457024.000s] Level 1:colcon.colcon_core.package_identification:_identify(src/dave_interfaces) by extension 'ignore_ament_install'
[-1780266030695457024.000s] Level 1:colcon.colcon_core.package_identification:_identify(src/dave_interfaces) by extensions ['colcon_pkg']
[-1780266030695457024.000s] Level 1:colcon.colcon_core.package_identification:_identify(src/dave_interfaces) by extension 'colcon_pkg'
[-1780266030695457024.000s] Level 1:colcon.colcon_core.package_identification:_identify(src/dave_interfaces) by extensions ['colcon_meta']
[-1780266030695457024.000s] Level 1:colcon.colcon_core.package_identification:_identify(src/dave_interfaces) by extension 'colcon_meta'
[-1780266030695457024.000s] Level 1:colcon.colcon_core.package_identification:_identify(src/dave_interfaces) by extensions ['ros']
[-1780266030695457024.000s] Level 1:colcon.colcon_core.package_identification:_identify(src/dave_interfaces) by extension 'ros'
[-1780266030695457024.000s] DEBUG:colcon.colcon_core.package_identification:Package 'src/dave_interfaces' with type 'ros.ament_cmake' and name 'dave_interfaces'
[-1780266030695457024.000s] Level 1:colcon.colcon_core.package_identification:_identify(src/demo_nodes_py) by extensions ['ignore', 'ignore_ament_install']
[-1780266030695457024.000s] Level 1:colcon.colcon_core.package_identification:_identify(src/demo_nodes_py) by extension 'ignore'
[-1780266030695457024.000s] Level 1:colcon.colcon_core.package_identification:_identify(src/demo_nodes_py) by extension 'ignore_ament_install'
[-1780266030695457024.000s] Level 1:colcon.colcon_core.package_identification:_identify(src/demo_nodes_py) by extensions ['colcon_pkg']
[-1780266030695457024.000s] Level 1:colcon.colcon_core.package_identification:_identify(src/demo_nodes_py) by extension 'colcon_pkg'
[-1780266030695457024.000s] Level 1:colcon.colcon_core.package_identification:_identify(src/demo_nodes_py) by extensions ['colcon_meta']
[-1780266030695457024.000s] Level 1:colcon.colcon_core.package_identification:_identify(src/demo_nodes_py) by extension 'colcon_meta'
[-1780266030695457024.000s] Level 1:colcon.colcon_core.package_identification:_identify(src/demo_nodes_py) by extensions ['ros']
[-1780266030695457024.000s] Level 1:colcon.colcon_core.package_identification:_identify(src/demo_nodes_py) by extension 'ros'
[-1780266030695457024.000s] DEBUG:colcon.colcon_core.package_identification:Package 'src/demo_nodes_py' with type 'ros.ament_python' and name 'demo_nodes_py'
[-1780266030695457024.000s] Level 1:colcon.colcon_core.package_identification:_identify(src/explorer_wanderer) by extensions ['ignore', 'ignore_ament_install']
[-1780266030695457024.000s] Level 1:colcon.colcon_core.package_identification:_identify(src/explorer_wanderer) by extension 'ignore'
[-1780266030695457024.000s] Level 1:colcon.colcon_core.package_identification:_identify(src/explorer_wanderer) by extension 'ignore_ament_install'
[-1780266030695457024.000s] Level 1:colcon.colcon_core.package_identification:_identify(src/explorer_wanderer) by extensions ['colcon_pkg']
[-1780266030695457024.000s] Level 1:colcon.colcon_core.package_identification:_identify(src/explorer_wanderer) by extension 'colcon_pkg'
[-1780266030695457024.000s] Level 1:colcon.colcon_core.package_identification:_identify(src/explorer_wanderer) by extensions ['colcon_meta']
[-1780266030695457024.000s] Level 1:colcon.colcon_core.package_identification:_identify(src/explorer_wanderer) by extension 'colcon_meta'
[-1780266030695457024.000s] Level 1:colcon.colcon_core.package_identification:_identify(src/explorer_wanderer) by extensions ['ros']
[-1780266030695457024.000s] Level 1:colcon.colcon_core.package_identification:_identify(src/explorer_wanderer) by extension 'ros'
[-1780266030695457024.000s] DEBUG:colcon.colcon_core.package_identification:Package 'src/explorer_wanderer' with type 'ros.ament_python' and name 'explorer_wanderer'
[-1780266030695457024.000s] Level 1:colcon.colcon_core.package_identification:_identify(src/gpg3_cartographer) by extensions ['ignore', 'ignore_ament_install']
[-1780266030695457024.000s] Level 1:colcon.colcon_core.package_identification:_identify(src/gpg3_cartographer) by extension 'ignore'
[-1780266030695457024.000s] Level 1:colcon.colcon_core.package_identification:_identify(src/gpg3_cartographer) by extension 'ignore_ament_install'
[-1780266030695457024.000s] Level 1:colcon.colcon_core.package_identification:_identify(src/gpg3_cartographer) by extensions ['colcon_pkg']
[-1780266030695457024.000s] Level 1:colcon.colcon_core.package_identification:_identify(src/gpg3_cartographer) by extension 'colcon_pkg'
[-1780266030695457024.000s] Level 1:colcon.colcon_core.package_identification:_identify(src/gpg3_cartographer) by extensions ['colcon_meta']
[-1780266030695457024.000s] Level 1:colcon.colcon_core.package_identification:_identify(src/gpg3_cartographer) by extension 'colcon_meta'
[-1780266030695457024.000s] Level 1:colcon.colcon_core.package_identification:_identify(src/gpg3_cartographer) by extensions ['ros']
[-1780266030695457024.000s] Level 1:colcon.colcon_core.package_identification:_identify(src/gpg3_cartographer) by extension 'ros'
[-1780266030695457024.000s] DEBUG:colcon.colcon_core.package_identification:Package 'src/gpg3_cartographer' with type 'ros.ament_cmake' and name 'gpg3_cartographer'
[-1780266030695457024.000s] Level 1:colcon.colcon_core.package_identification:_identify(src/gpg3_navigation2) by extensions ['ignore', 'ignore_ament_install']
[-1780266030695457024.000s] Level 1:colcon.colcon_core.package_identification:_identify(src/gpg3_navigation2) by extension 'ignore'
[-1780266030695457024.000s] Level 1:colcon.colcon_core.package_identification:_identify(src/gpg3_navigation2) by extension 'ignore_ament_install'
[-1780266030695457024.000s] Level 1:colcon.colcon_core.package_identification:_identify(src/gpg3_navigation2) by extensions ['colcon_pkg']
[-1780266030695457024.000s] Level 1:colcon.colcon_core.package_identification:_identify(src/gpg3_navigation2) by extension 'colcon_pkg'
[-1780266030695457024.000s] Level 1:colcon.colcon_core.package_identification:_identify(src/gpg3_navigation2) by extensions ['colcon_meta']
[-1780266030695457024.000s] Level 1:colcon.colcon_core.package_identification:_identify(src/gpg3_navigation2) by extension 'colcon_meta'
[-1780266030695457024.000s] Level 1:colcon.colcon_core.package_identification:_identify(src/gpg3_navigation2) by extensions ['ros']
[-1780266030695457024.000s] Level 1:colcon.colcon_core.package_identification:_identify(src/gpg3_navigation2) by extension 'ros'
[-1780266030695457024.000s] DEBUG:colcon.colcon_core.package_identification:Package 'src/gpg3_navigation2' with type 'ros.ament_cmake' and name 'gpg3_navigation2'
[-1780266030695457024.000s] Level 1:colcon.colcon_core.package_identification:_identify(src/nav2_gopigo3) by extensions ['ignore', 'ignore_ament_install']
[-1780266030695457024.000s] Level 1:colcon.colcon_core.package_identification:_identify(src/nav2_gopigo3) by extension 'ignore'
[-1780266030695457024.000s] Level 1:colcon.colcon_core.package_identification:_identify(src/nav2_gopigo3) by extension 'ignore_ament_install'
[-1780266030695457024.000s] Level 1:colcon.colcon_core.package_identification:_identify(src/nav2_gopigo3) by extensions ['colcon_pkg']
[-1780266030695457024.000s] Level 1:colcon.colcon_core.package_identification:_identify(src/nav2_gopigo3) by extension 'colcon_pkg'
[-1780266030695457024.000s] Level 1:colcon.colcon_core.package_identification:_identify(src/nav2_gopigo3) by extensions ['colcon_meta']
[-1780266030695457024.000s] Level 1:colcon.colcon_core.package_identification:_identify(src/nav2_gopigo3) by extension 'colcon_meta'
[-1780266030695457024.000s] Level 1:colcon.colcon_core.package_identification:_identify(src/nav2_gopigo3) by extensions ['ros']
[-1780266030695457024.000s] Level 1:colcon.colcon_core.package_identification:_identify(src/nav2_gopigo3) by extension 'ros'
[-1780266030695457024.000s] DEBUG:colcon.colcon_core.package_identification:Package 'src/nav2_gopigo3' with type 'ros.ament_cmake' and name 'nav2_gopigo3'
[-1780266030695457024.000s] Level 1:colcon.colcon_core.package_identification:_identify(src/ros2_gopigo3_msg) by extensions ['ignore', 'ignore_ament_install']
[-1780266030695457024.000s] Level 1:colcon.colcon_core.package_identification:_identify(src/ros2_gopigo3_msg) by extension 'ignore'
[-1780266030695457024.000s] Level 1:colcon.colcon_core.package_identification:_identify(src/ros2_gopigo3_msg) by extension 'ignore_ament_install'
[-1780266030695457024.000s] Level 1:colcon.colcon_core.package_identification:_identify(src/ros2_gopigo3_msg) by extensions ['colcon_pkg']
[-1780266030695457024.000s] Level 1:colcon.colcon_core.package_identification:_identify(src/ros2_gopigo3_msg) by extension 'colcon_pkg'
[-1780266030695457024.000s] Level 1:colcon.colcon_core.package_identification:_identify(src/ros2_gopigo3_msg) by extensions ['colcon_meta']
[-1780266030695457024.000s] Level 1:colcon.colcon_core.package_identification:_identify(src/ros2_gopigo3_msg) by extension 'colcon_meta'
[-1780266030695457024.000s] Level 1:colcon.colcon_core.package_identification:_identify(src/ros2_gopigo3_msg) by extensions ['ros']
[-1780266030695457024.000s] Level 1:colcon.colcon_core.package_identification:_identify(src/ros2_gopigo3_msg) by extension 'ros'
[-1780266030695457024.000s] DEBUG:colcon.colcon_core.package_identification:Package 'src/ros2_gopigo3_msg' with type 'ros.ament_cmake' and name 'ros2_gopigo3_msg'
[-1780266030695457024.000s] Level 1:colcon.colcon_core.package_identification:_identify(src/ros2_gopigo3_node) by extensions ['ignore', 'ignore_ament_install']
[-1780266030695457024.000s] Level 1:colcon.colcon_core.package_identification:_identify(src/ros2_gopigo3_node) by extension 'ignore'
[-1780266030695457024.000s] Level 1:colcon.colcon_core.package_identification:_identify(src/ros2_gopigo3_node) by extension 'ignore_ament_install'
[-1780266030695457024.000s] Level 1:colcon.colcon_core.package_identification:_identify(src/ros2_gopigo3_node) by extensions ['colcon_pkg']
[-1780266030695457024.000s] Level 1:colcon.colcon_core.package_identification:_identify(src/ros2_gopigo3_node) by extension 'colcon_pkg'
[-1780266030695457024.000s] Level 1:colcon.colcon_core.package_identification:_identify(src/ros2_gopigo3_node) by extensions ['colcon_meta']
[-1780266030695457024.000s] Level 1:colcon.colcon_core.package_identification:_identify(src/ros2_gopigo3_node) by extension 'colcon_meta'
[-1780266030695457024.000s] Level 1:colcon.colcon_core.package_identification:_identify(src/ros2_gopigo3_node) by extensions ['ros']
[-1780266030695457024.000s] Level 1:colcon.colcon_core.package_identification:_identify(src/ros2_gopigo3_node) by extension 'ros'
[-1780266030695457024.000s] DEBUG:colcon.colcon_core.package_identification:Package 'src/ros2_gopigo3_node' with type 'ros.ament_python' and name 'ros2_gopigo3_node'
[-1780266030695457024.000s] Level 1:colcon.colcon_core.package_identification:_identify(src/ros2_libcamera_pub) by extensions ['ignore', 'ignore_ament_install']
[-1780266030695457024.000s] Level 1:colcon.colcon_core.package_identification:_identify(src/ros2_libcamera_pub) by extension 'ignore'
[-1780266030695457024.000s] Level 1:colcon.colcon_core.package_identification:_identify(src/ros2_libcamera_pub) by extension 'ignore_ament_install'
[-1780266030695457024.000s] Level 1:colcon.colcon_core.package_identification:_identify(src/ros2_libcamera_pub) by extensions ['colcon_pkg']
[-1780266030695457024.000s] Level 1:colcon.colcon_core.package_identification:_identify(src/ros2_libcamera_pub) by extension 'colcon_pkg'
[-1780266030695457024.000s] Level 1:colcon.colcon_core.package_identification:_identify(src/ros2_libcamera_pub) by extensions ['colcon_meta']
[-1780266030695457024.000s] Level 1:colcon.colcon_core.package_identification:_identify(src/ros2_libcamera_pub) by extension 'colcon_meta'
[-1780266030695457024.000s] Level 1:colcon.colcon_core.package_identification:_identify(src/ros2_libcamera_pub) by extensions ['ros']
[-1780266030695457024.000s] Level 1:colcon.colcon_core.package_identification:_identify(src/ros2_libcamera_pub) by extension 'ros'
[-1780266030695457024.000s] DEBUG:colcon.colcon_core.package_identification:Package 'src/ros2_libcamera_pub' with type 'ros.ament_python' and name 'ros2_libcamera_pub'
[-1780266030695457024.000s] Level 1:colcon.colcon_core.package_identification:_identify(src/scan_client) by extensions ['ignore', 'ignore_ament_install']
[-1780266030695457024.000s] Level 1:colcon.colcon_core.package_identification:_identify(src/scan_client) by extension 'ignore'
[-1780266030695457024.000s] Level 1:colcon.colcon_core.package_identification:_identify(src/scan_client) by extension 'ignore_ament_install'
[-1780266030695457024.000s] Level 1:colcon.colcon_core.package_identification:_identify(src/scan_client) by extensions ['colcon_pkg']
[-1780266030695457024.000s] Level 1:colcon.colcon_core.package_identification:_identify(src/scan_client) by extension 'colcon_pkg'
[-1780266030695457024.000s] Level 1:colcon.colcon_core.package_identification:_identify(src/scan_client) by extensions ['colcon_meta']
[-1780266030695457024.000s] Level 1:colcon.colcon_core.package_identification:_identify(src/scan_client) by extension 'colcon_meta'
[-1780266030695457024.000s] Level 1:colcon.colcon_core.package_identification:_identify(src/scan_client) by extensions ['ros']
[-1780266030695457024.000s] Level 1:colcon.colcon_core.package_identification:_identify(src/scan_client) by extension 'ros'
[-1780266030695457024.000s] DEBUG:colcon.colcon_core.package_identification:Package 'src/scan_client' with type 'ros.ament_python' and name 'scan_client'
[-1780266030695457024.000s] Level 1:colcon.colcon_core.package_identification:_identify(src/teleop_gopigo3_keyboard) by extensions ['ignore', 'ignore_ament_install']
[-1780266030695457024.000s] Level 1:colcon.colcon_core.package_identification:_identify(src/teleop_gopigo3_keyboard) by extension 'ignore'
[-1780266030695457024.000s] Level 1:colcon.colcon_core.package_identification:_identify(src/teleop_gopigo3_keyboard) by extension 'ignore_ament_install'
[-1780266030695457024.000s] Level 1:colcon.colcon_core.package_identification:_identify(src/teleop_gopigo3_keyboard) by extensions ['colcon_pkg']
[-1780266030695457024.000s] Level 1:colcon.colcon_core.package_identification:_identify(src/teleop_gopigo3_keyboard) by extension 'colcon_pkg'
[-1780266030695457024.000s] Level 1:colcon.colcon_core.package_identification:_identify(src/teleop_gopigo3_keyboard) by extensions ['colcon_meta']
[-1780266030695457024.000s] Level 1:colcon.colcon_core.package_identification:_identify(src/teleop_gopigo3_keyboard) by extension 'colcon_meta'
[-1780266030695457024.000s] Level 1:colcon.colcon_core.package_identification:_identify(src/teleop_gopigo3_keyboard) by extensions ['ros']
[-1780266030695457024.000s] Level 1:colcon.colcon_core.package_identification:_identify(src/teleop_gopigo3_keyboard) by extension 'ros'
[-1780266030695457024.000s] DEBUG:colcon.colcon_core.package_identification:Package 'src/teleop_gopigo3_keyboard' with type 'ros.ament_python' and name 'teleop_gopigo3_keyboard'
[-1780266030695457024.000s] Level 1:colcon.colcon_core.package_identification:_identify(tests) by extensions ['ignore', 'ignore_ament_install']
[-1780266030695457024.000s] Level 1:colcon.colcon_core.package_identification:_identify(tests) by extension 'ignore'
[-1780266030695457024.000s] Level 1:colcon.colcon_core.package_identification:_identify(tests) by extension 'ignore_ament_install'
[-1780266030695457024.000s] Level 1:colcon.colcon_core.package_identification:_identify(tests) by extensions ['colcon_pkg']
[-1780266030695457024.000s] Level 1:colcon.colcon_core.package_identification:_identify(tests) by extension 'colcon_pkg'
[-1780266030695457024.000s] Level 1:colcon.colcon_core.package_identification:_identify(tests) by extensions ['colcon_meta']
[-1780266030695457024.000s] Level 1:colcon.colcon_core.package_identification:_identify(tests) by extension 'colcon_meta'
[-1780266030695457024.000s] Level 1:colcon.colcon_core.package_identification:_identify(tests) by extensions ['ros']
[-1780266030695457024.000s] Level 1:colcon.colcon_core.package_identification:_identify(tests) by extension 'ros'
[-1780266030695457024.000s] Level 1:colcon.colcon_core.package_identification:_identify(tests) by extensions ['cmake', 'python']
[-1780266030695457024.000s] Level 1:colcon.colcon_core.package_identification:_identify(tests) by extension 'cmake'
[-1780266030695457024.000s] Level 1:colcon.colcon_core.package_identification:_identify(tests) by extension 'python'
[-1780266030695457024.000s] Level 1:colcon.colcon_core.package_identification:_identify(tests) by extensions ['python_setup_py']
[-1780266030695457024.000s] Level 1:colcon.colcon_core.package_identification:_identify(tests) by extension 'python_setup_py'
[-1780266030695457024.000s] Level 1:colcon.colcon_core.package_discovery:discover_packages(recursive) using defaults
[-1780266030695457024.000s] Level 1:colcon.colcon_core.package_discovery:discover_packages(ignore) discover
[-1780266030695457024.000s] Level 1:colcon.colcon_core.package_discovery:discover_packages(ignore) using defaults
[-1780266030695457024.000s] Level 1:colcon.colcon_core.package_discovery:discover_packages(path) discover
[-1780266030695457024.000s] Level 1:colcon.colcon_core.package_discovery:discover_packages(path) using defaults
[-1780266030695457024.000s] INFO:colcon.colcon_core.package_selection:Skipping not selected package 'dave' in 'src/dave'
[-1780266030695457024.000s] INFO:colcon.colcon_core.package_selection:Skipping not selected package 'dave_interfaces' in 'src/dave_interfaces'
[-1780266030695457024.000s] INFO:colcon.colcon_core.package_selection:Skipping not selected package 'demo_nodes_py' in 'src/demo_nodes_py'
[-1780266030695457024.000s] INFO:colcon.colcon_core.package_selection:Skipping not selected package 'explorer_wanderer' in 'src/explorer_wanderer'
[-1780266030695457024.000s] INFO:colcon.colcon_core.package_selection:Skipping not selected package 'gpg3_cartographer' in 'src/gpg3_cartographer'
[-1780266030695457024.000s] INFO:colcon.colcon_core.package_selection:Skipping not selected package 'gpg3_navigation2' in 'src/gpg3_navigation2'
[-1780266030695457024.000s] INFO:colcon.colcon_core.package_selection:Skipping not selected package 'nav2_gopigo3' in 'src/nav2_gopigo3'
[-1780266030695457024.000s] INFO:colcon.colcon_core.package_selection:Skipping not selected package 'ros2_gopigo3_msg' in 'src/ros2_gopigo3_msg'
[-1780266030695457024.000s] INFO:colcon.colcon_core.package_selection:Skipping not selected package 'ros2_libcamera_pub' in 'src/ros2_libcamera_pub'
[-1780266030695457024.000s] INFO:colcon.colcon_core.package_selection:Skipping not selected package 'scan_client' in 'src/scan_client'
[-1780266030695457024.000s] INFO:colcon.colcon_core.package_selection:Skipping not selected package 'teleop_gopigo3_keyboard' in 'src/teleop_gopigo3_keyboard'
[-1780266030695457024.000s] Level 1:colcon.colcon_core.package_discovery:discover_packages(prefix_path) check parameters
[-1780266030695457024.000s] Level 1:colcon.colcon_core.package_discovery:discover_packages(prefix_path) discover
[-1780266030695457024.000s] DEBUG:colcon.colcon_installed_package_information.package_discovery:Found 12 installed packages in /home/ubuntu/LyricalDave/ros2ws/install
[-1780266030695457024.000s] DEBUG:colcon.colcon_installed_package_information.package_discovery:Found 204 installed packages in /opt/ros/lyrical
[-1780266030695457024.000s] Level 1:colcon.colcon_core.package_discovery:discover_packages(prefix_path) using defaults
[-1780266030695457024.000s] Level 5:colcon.colcon_core.verb:set package 'ros2_gopigo3_node' build argument 'cmake_args' from command line to 'None'
[-1780266030695457024.000s] Level 5:colcon.colcon_core.verb:set package 'ros2_gopigo3_node' build argument 'cmake_target' from command line to 'None'
[-1780266030695457024.000s] Level 5:colcon.colcon_core.verb:set package 'ros2_gopigo3_node' build argument 'cmake_target_skip_unavailable' from command line to 'False'
[-1780266030695457024.000s] Level 5:colcon.colcon_core.verb:set package 'ros2_gopigo3_node' build argument 'cmake_clean_cache' from command line to 'False'
[-1780266030695457024.000s] Level 5:colcon.colcon_core.verb:set package 'ros2_gopigo3_node' build argument 'cmake_clean_first' from command line to 'False'
[-1780266030695457024.000s] Level 5:colcon.colcon_core.verb:set package 'ros2_gopigo3_node' build argument 'cmake_force_configure' from command line to 'False'
[-1780266030695457024.000s] Level 5:colcon.colcon_core.verb:set package 'ros2_gopigo3_node' build argument 'ament_cmake_args' from command line to 'None'
[-1780266030695457024.000s] Level 5:colcon.colcon_core.verb:set package 'ros2_gopigo3_node' build argument 'catkin_cmake_args' from command line to 'None'
[-1780266030695457024.000s] Level 5:colcon.colcon_core.verb:set package 'ros2_gopigo3_node' build argument 'catkin_skip_building_tests' from command line to 'False'
[-1780266030695457024.000s] DEBUG:colcon.colcon_core.verb:Building package 'ros2_gopigo3_node' with the following arguments: {'ament_cmake_args': None, 'build_base': '/home/ubuntu/LyricalDave/ros2ws/build/ros2_gopigo3_node', 'catkin_cmake_args': None, 'catkin_skip_building_tests': False, 'cmake_args': None, 'cmake_clean_cache': False, 'cmake_clean_first': False, 'cmake_force_configure': False, 'cmake_target': None, 'cmake_target_skip_unavailable': False, 'install_base': '/home/ubuntu/LyricalDave/ros2ws/install/ros2_gopigo3_node', 'merge_install': False, 'path': '/home/ubuntu/LyricalDave/ros2ws/src/ros2_gopigo3_node', 'symlink_install': True, 'test_result_base': None}
[-1780266030695457024.000s] INFO:colcon.colcon_core.executor:Executing jobs using 'parallel' executor
[-1780266030695457024.000s] DEBUG:colcon.colcon_parallel_executor.executor.parallel:run_until_complete
[-1780266030695457024.000s] INFO:colcon.colcon_ros.task.ament_python.build:Building ROS package in '/home/ubuntu/LyricalDave/ros2ws/src/ros2_gopigo3_node' with build type 'ament_python'
[-1780266030695457024.000s] Level 1:colcon.colcon_core.shell:create_environment_hook('ros2_gopigo3_node', 'ament_prefix_path')
[-1780266030695457024.000s] INFO:colcon.colcon_core.plugin_system:Skipping extension 'colcon_core.shell.bat': Not used on non-Windows systems
[-1780266030695457024.000s] INFO:colcon.colcon_core.shell:Creating environment hook '/home/ubuntu/LyricalDave/ros2ws/install/ros2_gopigo3_node/share/ros2_gopigo3_node/hook/ament_prefix_path.ps1'
[-1780266030695457024.000s] INFO:colcon.colcon_core.shell:Creating environment descriptor '/home/ubuntu/LyricalDave/ros2ws/install/ros2_gopigo3_node/share/ros2_gopigo3_node/hook/ament_prefix_path.dsv'
[-1780266030695457024.000s] INFO:colcon.colcon_core.shell:Creating environment hook '/home/ubuntu/LyricalDave/ros2ws/install/ros2_gopigo3_node/share/ros2_gopigo3_node/hook/ament_prefix_path.sh'
[-1780266030695457024.000s] INFO:colcon.colcon_core.shell:Skip shell extension 'powershell' for command environment: Not usable outside of PowerShell
[-1780266030695457024.000s] DEBUG:colcon.colcon_core.shell:Skip shell extension 'dsv' for command environment
[-1780266030695457024.000s] INFO:colcon.colcon_core.task.python.build:Building Python package in '/home/ubuntu/LyricalDave/ros2ws/src/ros2_gopigo3_node'
[-1780266030695457024.000s] INFO:colcon.colcon_core.shell:Skip shell extension 'powershell' for command environment: Not usable outside of PowerShell
[-1780266030695457024.000s] DEBUG:colcon.colcon_core.shell:Skip shell extension 'dsv' for command environment
[-1780266030695457024.000s] DEBUG:colcon.colcon_core.task.python.build:While undoing a previous installation files outside the Python library path are being ignored: /home/ubuntu/LyricalDave/ros2ws/install/ros2_gopigo3_node/share/ament_index/resource_index/packages/ros2_gopigo3_node
[-1780266030695457024.000s] DEBUG:colcon.colcon_core.task.python.build:While undoing a previous installation files outside the Python library path are being ignored: /home/ubuntu/LyricalDave/ros2ws/install/ros2_gopigo3_node/share/ros2_gopigo3_node/package.xml
[-1780266030695457024.000s] DEBUG:colcon.colcon_core.task.python.build:While undoing a previous installation files outside the Python library path are being ignored: /home/ubuntu/LyricalDave/ros2ws/install/ros2_gopigo3_node/share/ros2_gopigo3_node/ros2_finmark_state_and_joint.launch.py
[-1780266030695457024.000s] DEBUG:colcon.colcon_core.task.python.build:While undoing a previous installation files outside the Python library path are being ignored: /home/ubuntu/LyricalDave/ros2ws/install/ros2_gopigo3_node/share/ros2_gopigo3_node/ros2_gopi5go_dave_state_and_joint.launch.py
[-1780266030695457024.000s] DEBUG:colcon.colcon_core.task.python.build:While undoing a previous installation files outside the Python library path are being ignored: /home/ubuntu/LyricalDave/ros2ws/install/ros2_gopigo3_node/share/ros2_gopigo3_node/ros2_dave_state_and_joint.launch.py
[-1780266030695457024.000s] DEBUG:colcon.colcon_core.task.python.build:While undoing a previous installation files outside the Python library path are being ignored: /home/ubuntu/LyricalDave/ros2ws/install/ros2_gopigo3_node/share/ros2_gopigo3_node/ros2_gpgMin_state_and_joint.launch.py
[-1780266030695457024.000s] DEBUG:colcon.colcon_core.task.python.build:While undoing a previous installation files outside the Python library path are being ignored: /home/ubuntu/LyricalDave/ros2ws/install/ros2_gopigo3_node/share/ros2_gopigo3_node
[-1780266030695457024.000s] DEBUG:colcon.colcon_core.task.python.build:While undoing a previous installation files outside the Python library path are being ignored: /home/ubuntu/LyricalDave/ros2ws/install/ros2_gopigo3_node/share/ros2_gopigo3_node/finmark.urdf
[-1780266030695457024.000s] DEBUG:colcon.colcon_core.task.python.build:While undoing a previous installation files outside the Python library path are being ignored: /home/ubuntu/LyricalDave/ros2ws/install/ros2_gopigo3_node/share/ros2_gopigo3_node/dave.urdf
[-1780266030695457024.000s] DEBUG:colcon.colcon_core.task.python.build:While undoing a previous installation files outside the Python library path are being ignored: /home/ubuntu/LyricalDave/ros2ws/install/ros2_gopigo3_node/share/ros2_gopigo3_node/gpgMin.urdf
[-1780266030695457024.000s] DEBUG:colcon.colcon_core.task.python.build:While undoing a previous installation files outside the Python library path are being ignored: /home/ubuntu/LyricalDave/ros2ws/install/ros2_gopigo3_node/share/ros2_gopigo3_node/common_properties.urdf
[-1780266030695457024.000s] DEBUG:colcon.colcon_core.task.python.build:While undoing a previous installation files outside the Python library path are being ignored: /home/ubuntu/LyricalDave/ros2ws/install/ros2_gopigo3_node/share/ros2_gopigo3_node/gpg3_gopi5go_dave.urdf
[-1780266030695457024.000s] DEBUG:colcon.colcon_core.task.python.build:While undoing a previous installation files outside the Python library path are being ignored: /home/ubuntu/LyricalDave/ros2ws/install/ros2_gopigo3_node/share/ros2_gopigo3_node/kilteddave.urdf
[-1780266030695457024.000s] DEBUG:colcon.colcon_core.task.python.build:While undoing a previous installation files outside the Python library path are being ignored: /home/ubuntu/LyricalDave/ros2ws/install/ros2_gopigo3_node/share/ros2_gopigo3_node/humbledave2.urdf
[-1780266030695457024.000s] DEBUG:colcon.colcon_core.task.python.build:While undoing a previous installation files outside the Python library path are being ignored: /home/ubuntu/LyricalDave/ros2ws/install/ros2_gopigo3_node/share/ros2_gopigo3_node/gopi5go_dave.urdf
[-1780266030695457024.000s] DEBUG:colcon.colcon_core.task.python.build:While undoing a previous installation files outside the Python library path are being ignored: /home/ubuntu/LyricalDave/ros2ws/install/ros2_gopigo3_node/lib/ros2_gopigo3_node/distance_sensor
[-1780266030695457024.000s] DEBUG:colcon.colcon_core.task.python.build:While undoing a previous installation files outside the Python library path are being ignored: /home/ubuntu/LyricalDave/ros2ws/install/ros2_gopigo3_node/lib/ros2_gopigo3_node/distance_sensor_subscriber
[-1780266030695457024.000s] DEBUG:colcon.colcon_core.task.python.build:While undoing a previous installation files outside the Python library path are being ignored: /home/ubuntu/LyricalDave/ros2ws/install/ros2_gopigo3_node/lib/ros2_gopigo3_node/gopigo3_node
[-1780266030695457024.000s] DEBUG:colcon.colcon_core.task.python.build:While undoing a previous installation files outside the Python library path are being ignored: /home/ubuntu/LyricalDave/ros2ws/install/ros2_gopigo3_node/lib/ros2_gopigo3_node/imu_sensor
[-1780266030695457024.000s] DEBUG:colcon.colcon_core.task.python.build:While undoing a previous installation files outside the Python library path are being ignored: /home/ubuntu/LyricalDave/ros2ws/install/ros2_gopigo3_node/lib/ros2_gopigo3_node/odometer
[-1780266030695457024.000s] DEBUG:colcon.colcon_core.task.python.build:While undoing a previous installation files outside the Python library path are being ignored: /home/ubuntu/LyricalDave/ros2ws/install/ros2_gopigo3_node/lib/ros2_gopigo3_node/ultrasonic_ranger
[-1780266030695457024.000s] DEBUG:colcon.colcon_core.event_handler.log_command:Invoking command in '/home/ubuntu/LyricalDave/ros2ws/build/ros2_gopigo3_node': AMENT_PREFIX_PATH=/home/ubuntu/LyricalDave/ros2ws/install/ros2_gopigo3_msg:${AMENT_PREFIX_PATH} CMAKE_PREFIX_PATH=/home/ubuntu/LyricalDave/ros2ws/install/ros2_gopigo3_msg PYTHONPATH=/home/ubuntu/LyricalDave/ros2ws/build/ros2_gopigo3_node/prefix_override:/usr/lib/python3/dist-packages/colcon_core/task/python/colcon_distutils_commands:/home/ubuntu/LyricalDave/ros2ws/install/ros2_gopigo3_node/lib/python3.14/site-packages:/home/ubuntu/LyricalDave/ros2ws/install/ros2_gopigo3_msg/lib/python3.14/site-packages:/home/ubuntu/LyricalDave/ros2ws/build/teleop_gopigo3_keyboard:/home/ubuntu/LyricalDave/ros2ws/install/teleop_gopigo3_keyboard/lib/python3.14/site-packages:/home/ubuntu/LyricalDave/ros2ws/install/scan_client/lib/python3.14/site-packages:/home/ubuntu/LyricalDave/ros2ws/install/ros2_libcamera_pub/lib/python3.14/site-packages:/home/ubuntu/LyricalDave/ros2ws/build/ros2_gopigo3_node:/home/ubuntu/LyricalDave/ros2ws/install/ros2_gopigo3_node/lib/python3.14/site-packages:/home/ubuntu/LyricalDave/ros2ws/install/nav2_gopigo3/lib/python3.14/site-packages:/home/ubuntu/LyricalDave/ros2ws/install/explorer_wanderer/lib/python3.14/site-packages:/home/ubuntu/LyricalDave/ros2ws/install/demo_nodes_py/lib/python3.14/site-packages:/home/ubuntu/LyricalDave/ros2ws/install/dave_interfaces/lib/python3.14/site-packages:/home/ubuntu/LyricalDave/ros2ws/build/dave:/home/ubuntu/LyricalDave/ros2ws/install/dave/lib/python3.14/site-packages:/home/ubuntu/LyricalDave/ros2ws/install/apriltag_msgs/lib/python3.14/site-packages:/opt/ros/lyrical/lib/python3.14/site-packages /usr/bin/python3 -W ignore:setup.py install is deprecated -W ignore:easy_install command is deprecated setup.py develop --editable --build-directory /home/ubuntu/LyricalDave/ros2ws/build/ros2_gopigo3_node/build --no-deps symlink_data --force
[-1780266030695457024.000s] Level 1:colcon.colcon_core.shell:create_environment_hook('ros2_gopigo3_node', 'pythonpath_develop')
[-1780266030695457024.000s] INFO:colcon.colcon_core.shell:Creating environment hook '/home/ubuntu/LyricalDave/ros2ws/build/ros2_gopigo3_node/share/ros2_gopigo3_node/hook/pythonpath_develop.ps1'
[-1780266030695457024.000s] DEBUG:colcon.colcon_core.event_handler.log_command:Invoked command in '/home/ubuntu/LyricalDave/ros2ws/build/ros2_gopigo3_node' returned '0': AMENT_PREFIX_PATH=/home/ubuntu/LyricalDave/ros2ws/install/ros2_gopigo3_msg:${AMENT_PREFIX_PATH} CMAKE_PREFIX_PATH=/home/ubuntu/LyricalDave/ros2ws/install/ros2_gopigo3_msg PYTHONPATH=/home/ubuntu/LyricalDave/ros2ws/build/ros2_gopigo3_node/prefix_override:/usr/lib/python3/dist-packages/colcon_core/task/python/colcon_distutils_commands:/home/ubuntu/LyricalDave/ros2ws/install/ros2_gopigo3_node/lib/python3.14/site-packages:/home/ubuntu/LyricalDave/ros2ws/install/ros2_gopigo3_msg/lib/python3.14/site-packages:/home/ubuntu/LyricalDave/ros2ws/build/teleop_gopigo3_keyboard:/home/ubuntu/LyricalDave/ros2ws/install/teleop_gopigo3_keyboard/lib/python3.14/site-packages:/home/ubuntu/LyricalDave/ros2ws/install/scan_client/lib/python3.14/site-packages:/home/ubuntu/LyricalDave/ros2ws/install/ros2_libcamera_pub/lib/python3.14/site-packages:/home/ubuntu/LyricalDave/ros2ws/build/ros2_gopigo3_node:/home/ubuntu/LyricalDave/ros2ws/install/ros2_gopigo3_node/lib/python3.14/site-packages:/home/ubuntu/LyricalDave/ros2ws/install/nav2_gopigo3/lib/python3.14/site-packages:/home/ubuntu/LyricalDave/ros2ws/install/explorer_wanderer/lib/python3.14/site-packages:/home/ubuntu/LyricalDave/ros2ws/install/demo_nodes_py/lib/python3.14/site-packages:/home/ubuntu/LyricalDave/ros2ws/install/dave_interfaces/lib/python3.14/site-packages:/home/ubuntu/LyricalDave/ros2ws/build/dave:/home/ubuntu/LyricalDave/ros2ws/install/dave/lib/python3.14/site-packages:/home/ubuntu/LyricalDave/ros2ws/install/apriltag_msgs/lib/python3.14/site-packages:/opt/ros/lyrical/lib/python3.14/site-packages /usr/bin/python3 -W ignore:setup.py install is deprecated -W ignore:easy_install command is deprecated setup.py develop --editable --build-directory /home/ubuntu/LyricalDave/ros2ws/build/ros2_gopigo3_node/build --no-deps symlink_data --force
[-1780266030695457024.000s] INFO:colcon.colcon_core.shell:Creating environment descriptor '/home/ubuntu/LyricalDave/ros2ws/build/ros2_gopigo3_node/share/ros2_gopigo3_node/hook/pythonpath_develop.dsv'
[-1780266030695457024.000s] INFO:colcon.colcon_core.shell:Creating environment hook '/home/ubuntu/LyricalDave/ros2ws/build/ros2_gopigo3_node/share/ros2_gopigo3_node/hook/pythonpath_develop.sh'
[-1780266030695457024.000s] Level 1:colcon.colcon_core.environment:checking '/home/ubuntu/LyricalDave/ros2ws/install/ros2_gopigo3_node' for CMake module files
[-1780266030695457024.000s] Level 1:colcon.colcon_core.environment:checking '/home/ubuntu/LyricalDave/ros2ws/install/ros2_gopigo3_node' for CMake config files
[-1780266030695457024.000s] Level 1:colcon.colcon_core.environment:checking '/home/ubuntu/LyricalDave/ros2ws/install/ros2_gopigo3_node/lib'
[-1780266030695457024.000s] Level 1:colcon.colcon_core.environment:checking '/home/ubuntu/LyricalDave/ros2ws/install/ros2_gopigo3_node/bin'
[-1780266030695457024.000s] Level 1:colcon.colcon_core.environment:checking '/home/ubuntu/LyricalDave/ros2ws/install/ros2_gopigo3_node/lib/pkgconfig/ros2_gopigo3_node.pc'
[-1780266030695457024.000s] Level 1:colcon.colcon_core.environment:checking '/home/ubuntu/LyricalDave/ros2ws/install/ros2_gopigo3_node/lib/python3.14/site-packages'
[-1780266030695457024.000s] Level 1:colcon.colcon_core.shell:create_environment_hook('ros2_gopigo3_node', 'pythonpath')
[-1780266030695457024.000s] INFO:colcon.colcon_core.shell:Creating environment hook '/home/ubuntu/LyricalDave/ros2ws/install/ros2_gopigo3_node/share/ros2_gopigo3_node/hook/pythonpath.ps1'
[-1780266030695457024.000s] INFO:colcon.colcon_core.shell:Creating environment descriptor '/home/ubuntu/LyricalDave/ros2ws/install/ros2_gopigo3_node/share/ros2_gopigo3_node/hook/pythonpath.dsv'
[-1780266030695457024.000s] INFO:colcon.colcon_core.shell:Creating environment hook '/home/ubuntu/LyricalDave/ros2ws/install/ros2_gopigo3_node/share/ros2_gopigo3_node/hook/pythonpath.sh'
[-1780266030695457024.000s] Level 1:colcon.colcon_core.environment:checking '/home/ubuntu/LyricalDave/ros2ws/install/ros2_gopigo3_node/bin'
[-1780266030695457024.000s] Level 1:colcon.colcon_core.environment:create_environment_scripts_only(ros2_gopigo3_node)
[-1780266030695457024.000s] INFO:colcon.colcon_core.shell:Creating package script '/home/ubuntu/LyricalDave/ros2ws/install/ros2_gopigo3_node/share/ros2_gopigo3_node/package.ps1'
[-1780266030695457024.000s] INFO:colcon.colcon_core.shell:Creating package descriptor '/home/ubuntu/LyricalDave/ros2ws/install/ros2_gopigo3_node/share/ros2_gopigo3_node/package.dsv'
[-1780266030695457024.000s] INFO:colcon.colcon_core.shell:Creating package script '/home/ubuntu/LyricalDave/ros2ws/install/ros2_gopigo3_node/share/ros2_gopigo3_node/package.sh'
[-1780266030695457024.000s] INFO:colcon.colcon_core.shell:Creating package script '/home/ubuntu/LyricalDave/ros2ws/install/ros2_gopigo3_node/share/ros2_gopigo3_node/package.bash'
[-1780266030695457024.000s] INFO:colcon.colcon_core.shell:Creating package script '/home/ubuntu/LyricalDave/ros2ws/install/ros2_gopigo3_node/share/ros2_gopigo3_node/package.zsh'
[-1780266030695457024.000s] Level 1:colcon.colcon_core.environment:create_file_with_runtime_dependencies(/home/ubuntu/LyricalDave/ros2ws/install/ros2_gopigo3_node/share/colcon-core/packages/ros2_gopigo3_node)
[-1780266030695457024.000s] DEBUG:colcon.colcon_parallel_executor.executor.parallel:closing loop
[-1780266030695457024.000s] DEBUG:colcon.colcon_parallel_executor.executor.parallel:loop closed
[-1780266030695457024.000s] DEBUG:colcon.colcon_parallel_executor.executor.parallel:run_until_complete finished with '0'
[-1780266030695457024.000s] DEBUG:colcon.colcon_core.event_reactor:joining thread
[-1780266030695457024.000s] DEBUG:colcon.colcon_core.event_reactor:joined thread
[-1780266030695457024.000s] INFO:colcon.colcon_core.shell:Creating prefix script '/home/ubuntu/LyricalDave/ros2ws/install/local_setup.ps1'
[-1780266030695457024.000s] INFO:colcon.colcon_core.shell:Creating prefix util module '/home/ubuntu/LyricalDave/ros2ws/install/_local_setup_util_ps1.py'
[-1780266030695457024.000s] INFO:colcon.colcon_core.shell:Creating prefix chain script '/home/ubuntu/LyricalDave/ros2ws/install/setup.ps1'
[-1780266030695457024.000s] INFO:colcon.colcon_core.shell:Creating prefix script '/home/ubuntu/LyricalDave/ros2ws/install/local_setup.sh'
[-1780266030695457024.000s] INFO:colcon.colcon_core.shell:Creating prefix util module '/home/ubuntu/LyricalDave/ros2ws/install/_local_setup_util_sh.py'
[-1780266030695457024.000s] INFO:colcon.colcon_core.shell:Creating prefix chain script '/home/ubuntu/LyricalDave/ros2ws/install/setup.sh'
[-1780266030695457024.000s] INFO:colcon.colcon_core.shell:Creating prefix script '/home/ubuntu/LyricalDave/ros2ws/install/local_setup.bash'
[-1780266030695457024.000s] INFO:colcon.colcon_core.shell:Creating prefix chain script '/home/ubuntu/LyricalDave/ros2ws/install/setup.bash'
[-1780266030695457024.000s] INFO:colcon.colcon_core.shell:Creating prefix script '/home/ubuntu/LyricalDave/ros2ws/install/local_setup.zsh'
[-1780266030695457024.000s] INFO:colcon.colcon_core.shell:Creating prefix chain script '/home/ubuntu/LyricalDave/ros2ws/install/setup.zsh'
