[5.790s] Invoking command in '/home/ubuntu/LyricalDave/ros2ws/src/teleop_gopigo3_keyboard': PYTHONPATH=/home/ubuntu/LyricalDave/ros2ws/build/teleop_gopigo3_keyboard/prefix_override:/usr/lib/python3/dist-packages/colcon_core/task/python/colcon_distutils_commands:/home/ubuntu/LyricalDave/ros2ws/install/teleop_gopigo3_keyboard/lib/python3.14/site-packages:${PYTHONPATH} /usr/bin/python3 -W ignore:setup.py install is deprecated -W ignore:easy_install command is deprecated setup.py egg_info --egg-base ../../build/teleop_gopigo3_keyboard build --build-base /home/ubuntu/LyricalDave/ros2ws/build/teleop_gopigo3_keyboard/build install --record /home/ubuntu/LyricalDave/ros2ws/build/teleop_gopigo3_keyboard/install.log --single-version-externally-managed install_data
[6.957s] /usr/lib/python3/dist-packages/setuptools/_distutils/dist.py:289: UserWarning: Unknown distribution option: 'tests_require'
[6.957s]   warnings.warn(msg)
[7.107s] /usr/lib/python3/dist-packages/setuptools/dist.py:759: SetuptoolsDeprecationWarning: License classifiers are deprecated.
[7.107s] !!
[7.107s] 
[7.108s]         ********************************************************************************
[7.108s]         Please consider removing the following classifiers in favor of a SPDX license expression:
[7.108s] 
[7.108s]         License :: BSD
[7.109s] 
[7.109s]         See https://packaging.python.org/en/latest/guides/writing-pyproject-toml/#license for details.
[7.109s]         ********************************************************************************
[7.110s] 
[7.110s] !!
[7.110s]   self._finalize_license_expression()
[7.425s] running egg_info
[7.497s] writing ../../build/teleop_gopigo3_keyboard/teleop_gopigo3_keyboard.egg-info/PKG-INFO
[7.498s] writing dependency_links to ../../build/teleop_gopigo3_keyboard/teleop_gopigo3_keyboard.egg-info/dependency_links.txt
[7.499s] writing entry points to ../../build/teleop_gopigo3_keyboard/teleop_gopigo3_keyboard.egg-info/entry_points.txt
[7.501s] writing requirements to ../../build/teleop_gopigo3_keyboard/teleop_gopigo3_keyboard.egg-info/requires.txt
[7.502s] writing top-level names to ../../build/teleop_gopigo3_keyboard/teleop_gopigo3_keyboard.egg-info/top_level.txt
[7.653s] reading manifest file '../../build/teleop_gopigo3_keyboard/teleop_gopigo3_keyboard.egg-info/SOURCES.txt'
[7.655s] adding license file 'LICENSE'
[7.657s] writing manifest file '../../build/teleop_gopigo3_keyboard/teleop_gopigo3_keyboard.egg-info/SOURCES.txt'
[7.658s] running build
[7.659s] running build_py
[7.659s] copying teleop_gopigo3_keyboard.py -> /home/ubuntu/LyricalDave/ros2ws/build/teleop_gopigo3_keyboard/build/lib
[7.660s] running install
[7.679s] running install_lib
[7.752s] running install_data
[7.752s] copying resource/teleop_gopigo3_keyboard -> /home/ubuntu/LyricalDave/ros2ws/install/teleop_gopigo3_keyboard/share/ament_index/resource_index/packages
[7.753s] copying package.xml -> /home/ubuntu/LyricalDave/ros2ws/install/teleop_gopigo3_keyboard/share/teleop_gopigo3_keyboard
[7.754s] running install_egg_info
[7.830s] removing '/home/ubuntu/LyricalDave/ros2ws/install/teleop_gopigo3_keyboard/lib/python3.14/site-packages/teleop_gopigo3_keyboard-2.3.2-py3.14.egg-info' (and everything under it)
[7.832s] Copying ../../build/teleop_gopigo3_keyboard/teleop_gopigo3_keyboard.egg-info to /home/ubuntu/LyricalDave/ros2ws/install/teleop_gopigo3_keyboard/lib/python3.14/site-packages/teleop_gopigo3_keyboard-2.3.2-py3.14.egg-info
[7.836s] running install_scripts
[8.350s] Installing teleop_gopigo3_keyboard script to /home/ubuntu/LyricalDave/ros2ws/install/teleop_gopigo3_keyboard/lib/teleop_gopigo3_keyboard
[8.351s] writing list of installed files to '/home/ubuntu/LyricalDave/ros2ws/build/teleop_gopigo3_keyboard/install.log'
[8.557s] Invoked command in '/home/ubuntu/LyricalDave/ros2ws/src/teleop_gopigo3_keyboard' returned '0': PYTHONPATH=/home/ubuntu/LyricalDave/ros2ws/build/teleop_gopigo3_keyboard/prefix_override:/usr/lib/python3/dist-packages/colcon_core/task/python/colcon_distutils_commands:/home/ubuntu/LyricalDave/ros2ws/install/teleop_gopigo3_keyboard/lib/python3.14/site-packages:${PYTHONPATH} /usr/bin/python3 -W ignore:setup.py install is deprecated -W ignore:easy_install command is deprecated setup.py egg_info --egg-base ../../build/teleop_gopigo3_keyboard build --build-base /home/ubuntu/LyricalDave/ros2ws/build/teleop_gopigo3_keyboard/build install --record /home/ubuntu/LyricalDave/ros2ws/build/teleop_gopigo3_keyboard/install.log --single-version-externally-managed install_data
