[6.336s] Invoking command in '/home/ubuntu/LyricalDave/ros2ws/src/ros2_libcamera_pub': PYTHONPATH=/home/ubuntu/LyricalDave/ros2ws/build/ros2_libcamera_pub/prefix_override:/usr/lib/python3/dist-packages/colcon_core/task/python/colcon_distutils_commands:/home/ubuntu/LyricalDave/ros2ws/install/ros2_libcamera_pub/lib/python3.14/site-packages:${PYTHONPATH} /usr/bin/python3 -W ignore:setup.py install is deprecated -W ignore:easy_install command is deprecated setup.py egg_info --egg-base ../../build/ros2_libcamera_pub build --build-base /home/ubuntu/LyricalDave/ros2ws/build/ros2_libcamera_pub/build install --record /home/ubuntu/LyricalDave/ros2ws/build/ros2_libcamera_pub/install.log --single-version-externally-managed install_data
[7.546s] /usr/lib/python3/dist-packages/setuptools/_distutils/dist.py:289: UserWarning: Unknown distribution option: 'tests_require'
[7.554s]   warnings.warn(msg)
[7.945s] /usr/lib/python3/dist-packages/setuptools/dist.py:759: SetuptoolsDeprecationWarning: License classifiers are deprecated.
[7.946s] !!
[7.947s] 
[7.947s]         ********************************************************************************
[7.948s]         Please consider removing the following classifiers in favor of a SPDX license expression:
[7.950s] 
[7.951s]         License :: BSD
[7.951s] 
[7.952s]         See https://packaging.python.org/en/latest/guides/writing-pyproject-toml/#license for details.
[7.953s]         ********************************************************************************
[7.956s] 
[7.957s] !!
[7.957s]   self._finalize_license_expression()
[8.612s] running egg_info
[8.750s] writing ../../build/ros2_libcamera_pub/ros2_libcamera_pub.egg-info/PKG-INFO
[8.754s] writing dependency_links to ../../build/ros2_libcamera_pub/ros2_libcamera_pub.egg-info/dependency_links.txt
[8.757s] writing entry points to ../../build/ros2_libcamera_pub/ros2_libcamera_pub.egg-info/entry_points.txt
[8.759s] writing requirements to ../../build/ros2_libcamera_pub/ros2_libcamera_pub.egg-info/requires.txt
[8.763s] writing top-level names to ../../build/ros2_libcamera_pub/ros2_libcamera_pub.egg-info/top_level.txt
[9.036s] reading manifest file '../../build/ros2_libcamera_pub/ros2_libcamera_pub.egg-info/SOURCES.txt'
[9.039s] adding license file 'LICENSE'
[9.041s] writing manifest file '../../build/ros2_libcamera_pub/ros2_libcamera_pub.egg-info/SOURCES.txt'
[9.044s] running build
[9.044s] running build_py
[9.045s] copying libcamera_jpg_pub.py -> /home/ubuntu/LyricalDave/ros2ws/build/ros2_libcamera_pub/build/lib
[9.049s] running install
[9.068s] running install_lib
[9.196s] running install_data
[9.198s] copying resource/ros2_libcamera_pub -> /home/ubuntu/LyricalDave/ros2ws/install/ros2_libcamera_pub/share/ament_index/resource_index/packages
[9.199s] copying package.xml -> /home/ubuntu/LyricalDave/ros2ws/install/ros2_libcamera_pub/share/ros2_libcamera_pub
[9.199s] running install_egg_info
[9.321s] removing '/home/ubuntu/LyricalDave/ros2ws/install/ros2_libcamera_pub/lib/python3.14/site-packages/ros2_libcamera_pub-2.3.2-py3.14.egg-info' (and everything under it)
[9.324s] Copying ../../build/ros2_libcamera_pub/ros2_libcamera_pub.egg-info to /home/ubuntu/LyricalDave/ros2ws/install/ros2_libcamera_pub/lib/python3.14/site-packages/ros2_libcamera_pub-2.3.2-py3.14.egg-info
[9.328s] running install_scripts
[10.151s] Installing libcamera_jpg_pub script to /home/ubuntu/LyricalDave/ros2ws/install/ros2_libcamera_pub/lib/ros2_libcamera_pub
[10.155s] writing list of installed files to '/home/ubuntu/LyricalDave/ros2ws/build/ros2_libcamera_pub/install.log'
[10.445s] Invoked command in '/home/ubuntu/LyricalDave/ros2ws/src/ros2_libcamera_pub' returned '0': PYTHONPATH=/home/ubuntu/LyricalDave/ros2ws/build/ros2_libcamera_pub/prefix_override:/usr/lib/python3/dist-packages/colcon_core/task/python/colcon_distutils_commands:/home/ubuntu/LyricalDave/ros2ws/install/ros2_libcamera_pub/lib/python3.14/site-packages:${PYTHONPATH} /usr/bin/python3 -W ignore:setup.py install is deprecated -W ignore:easy_install command is deprecated setup.py egg_info --egg-base ../../build/ros2_libcamera_pub build --build-base /home/ubuntu/LyricalDave/ros2ws/build/ros2_libcamera_pub/build install --record /home/ubuntu/LyricalDave/ros2ws/build/ros2_libcamera_pub/install.log --single-version-externally-managed install_data
