Built target ament_cmake_python_sync_nav2_gopigo3
running egg_info
writing nav2_gopigo3.egg-info/PKG-INFO
writing dependency_links to nav2_gopigo3.egg-info/dependency_links.txt
writing top-level names to nav2_gopigo3.egg-info/top_level.txt
reading manifest file 'nav2_gopigo3.egg-info/SOURCES.txt'
writing manifest file 'nav2_gopigo3.egg-info/SOURCES.txt'
Built target ament_cmake_python_build_nav2_gopigo3_egg
-- Install configuration: ""
-- Up-to-date: /home/ubuntu/LyricalDave/ros2ws/install/nav2_gopigo3/share/nav2_gopigo3/config
-- Up-to-date: /home/ubuntu/LyricalDave/ros2ws/install/nav2_gopigo3/share/nav2_gopigo3/config/localization.yaml
-- Up-to-date: /home/ubuntu/LyricalDave/ros2ws/install/nav2_gopigo3/share/nav2_gopigo3/config/nav2.yaml
-- Up-to-date: /home/ubuntu/LyricalDave/ros2ws/install/nav2_gopigo3/share/nav2_gopigo3/config/slam.yaml
-- Up-to-date: /home/ubuntu/LyricalDave/ros2ws/install/nav2_gopigo3/share/nav2_gopigo3/config/slam.tb4.yaml
-- Up-to-date: /home/ubuntu/LyricalDave/ros2ws/install/nav2_gopigo3/share/nav2_gopigo3/launch
-- Up-to-date: /home/ubuntu/LyricalDave/ros2ws/install/nav2_gopigo3/share/nav2_gopigo3/launch/slam.launch.py
-- Up-to-date: /home/ubuntu/LyricalDave/ros2ws/install/nav2_gopigo3/share/nav2_gopigo3/launch/localization.launch.py
-- Up-to-date: /home/ubuntu/LyricalDave/ros2ws/install/nav2_gopigo3/share/nav2_gopigo3/launch/nav2.launch.py
-- Up-to-date: /home/ubuntu/LyricalDave/ros2ws/install/nav2_gopigo3/share/nav2_gopigo3/maps
-- Up-to-date: /home/ubuntu/LyricalDave/ros2ws/install/nav2_gopigo3/share/nav2_gopigo3/maps/maze.pgm
-- Up-to-date: /home/ubuntu/LyricalDave/ros2ws/install/nav2_gopigo3/share/nav2_gopigo3/maps/depot.pgm
-- Up-to-date: /home/ubuntu/LyricalDave/ros2ws/install/nav2_gopigo3/share/nav2_gopigo3/maps/warehouse.yaml
-- Up-to-date: /home/ubuntu/LyricalDave/ros2ws/install/nav2_gopigo3/share/nav2_gopigo3/maps/maze.yaml
-- Up-to-date: /home/ubuntu/LyricalDave/ros2ws/install/nav2_gopigo3/share/nav2_gopigo3/maps/warehouse.pgm
-- Up-to-date: /home/ubuntu/LyricalDave/ros2ws/install/nav2_gopigo3/share/nav2_gopigo3/maps/depot.yaml
-- Up-to-date: /home/ubuntu/LyricalDave/ros2ws/install/nav2_gopigo3/share/nav2_gopigo3/environment/pythonpath.sh
-- Up-to-date: /home/ubuntu/LyricalDave/ros2ws/install/nav2_gopigo3/share/nav2_gopigo3/environment/pythonpath.dsv
-- Up-to-date: /home/ubuntu/LyricalDave/ros2ws/install/nav2_gopigo3/lib/python3.14/site-packages/gopigo3_navigator.py
-- Up-to-date: /home/ubuntu/LyricalDave/ros2ws/install/nav2_gopigo3/share/ament_index/resource_index/package_run_dependencies/nav2_gopigo3
-- Up-to-date: /home/ubuntu/LyricalDave/ros2ws/install/nav2_gopigo3/share/ament_index/resource_index/parent_prefix_path/nav2_gopigo3
-- Up-to-date: /home/ubuntu/LyricalDave/ros2ws/install/nav2_gopigo3/share/nav2_gopigo3/environment/ament_prefix_path.sh
-- Up-to-date: /home/ubuntu/LyricalDave/ros2ws/install/nav2_gopigo3/share/nav2_gopigo3/environment/ament_prefix_path.dsv
-- Up-to-date: /home/ubuntu/LyricalDave/ros2ws/install/nav2_gopigo3/share/nav2_gopigo3/environment/path.sh
-- Up-to-date: /home/ubuntu/LyricalDave/ros2ws/install/nav2_gopigo3/share/nav2_gopigo3/environment/path.dsv
-- Up-to-date: /home/ubuntu/LyricalDave/ros2ws/install/nav2_gopigo3/share/nav2_gopigo3/local_setup.bash
-- Up-to-date: /home/ubuntu/LyricalDave/ros2ws/install/nav2_gopigo3/share/nav2_gopigo3/local_setup.fish
-- Up-to-date: /home/ubuntu/LyricalDave/ros2ws/install/nav2_gopigo3/share/nav2_gopigo3/local_setup.sh
-- Up-to-date: /home/ubuntu/LyricalDave/ros2ws/install/nav2_gopigo3/share/nav2_gopigo3/local_setup.zsh
-- Up-to-date: /home/ubuntu/LyricalDave/ros2ws/install/nav2_gopigo3/share/nav2_gopigo3/local_setup.dsv
-- Installing: /home/ubuntu/LyricalDave/ros2ws/install/nav2_gopigo3/share/nav2_gopigo3/package.dsv
-- Up-to-date: /home/ubuntu/LyricalDave/ros2ws/install/nav2_gopigo3/share/ament_index/resource_index/packages/nav2_gopigo3
-- Up-to-date: /home/ubuntu/LyricalDave/ros2ws/install/nav2_gopigo3/lib/python3.14/site-packages/nav2_gopigo3-1.0.4-py3.14.egg-info
-- Installing: /home/ubuntu/LyricalDave/ros2ws/install/nav2_gopigo3/lib/python3.14/site-packages/nav2_gopigo3-1.0.4-py3.14.egg-info/top_level.txt
-- Installing: /home/ubuntu/LyricalDave/ros2ws/install/nav2_gopigo3/lib/python3.14/site-packages/nav2_gopigo3-1.0.4-py3.14.egg-info/SOURCES.txt
-- Installing: /home/ubuntu/LyricalDave/ros2ws/install/nav2_gopigo3/lib/python3.14/site-packages/nav2_gopigo3-1.0.4-py3.14.egg-info/dependency_links.txt
-- Installing: /home/ubuntu/LyricalDave/ros2ws/install/nav2_gopigo3/lib/python3.14/site-packages/nav2_gopigo3-1.0.4-py3.14.egg-info/PKG-INFO
-- Up-to-date: /home/ubuntu/LyricalDave/ros2ws/install/nav2_gopigo3/lib/python3.14/site-packages/nav2_gopigo3
-- Up-to-date: /home/ubuntu/LyricalDave/ros2ws/install/nav2_gopigo3/lib/python3.14/site-packages/nav2_gopigo3/__init__.py
-- Up-to-date: /home/ubuntu/LyricalDave/ros2ws/install/nav2_gopigo3/lib/python3.14/site-packages/nav2_gopigo3/gopigo3_navigator.py
Listing '/home/ubuntu/LyricalDave/ros2ws/install/nav2_gopigo3/lib/python3.14/site-packages/nav2_gopigo3'...
-- Up-to-date: /home/ubuntu/LyricalDave/ros2ws/install/nav2_gopigo3/share/nav2_gopigo3/cmake/nav2_gopigo3Config.cmake
-- Up-to-date: /home/ubuntu/LyricalDave/ros2ws/install/nav2_gopigo3/share/nav2_gopigo3/cmake/nav2_gopigo3Config-version.cmake
-- Up-to-date: /home/ubuntu/LyricalDave/ros2ws/install/nav2_gopigo3/share/nav2_gopigo3/package.xml
