[5.643s] Invoking command in '/home/ubuntu/LyricalDave/ros2ws/build/ros2_gopigo3_node': AMENT_PREFIX_PATH=/home/ubuntu/LyricalDave/ros2ws/install/ros2_gopigo3_msg:${AMENT_PREFIX_PATH} CMAKE_PREFIX_PATH=/home/ubuntu/LyricalDave/ros2ws/install/ros2_gopigo3_msg PYTHONPATH=/home/ubuntu/LyricalDave/ros2ws/build/ros2_gopigo3_node/prefix_override:/usr/lib/python3/dist-packages/colcon_core/task/python/colcon_distutils_commands:/home/ubuntu/LyricalDave/ros2ws/install/ros2_gopigo3_node/lib/python3.14/site-packages:/home/ubuntu/LyricalDave/ros2ws/install/ros2_gopigo3_msg/lib/python3.14/site-packages:/home/ubuntu/LyricalDave/ros2ws/build/teleop_gopigo3_keyboard:/home/ubuntu/LyricalDave/ros2ws/install/teleop_gopigo3_keyboard/lib/python3.14/site-packages:/home/ubuntu/LyricalDave/ros2ws/install/scan_client/lib/python3.14/site-packages:/home/ubuntu/LyricalDave/ros2ws/install/ros2_libcamera_pub/lib/python3.14/site-packages:/home/ubuntu/LyricalDave/ros2ws/build/ros2_gopigo3_node:/home/ubuntu/LyricalDave/ros2ws/install/ros2_gopigo3_node/lib/python3.14/site-packages:/home/ubuntu/LyricalDave/ros2ws/install/nav2_gopigo3/lib/python3.14/site-packages:/home/ubuntu/LyricalDave/ros2ws/install/explorer_wanderer/lib/python3.14/site-packages:/home/ubuntu/LyricalDave/ros2ws/install/demo_nodes_py/lib/python3.14/site-packages:/home/ubuntu/LyricalDave/ros2ws/install/dave_interfaces/lib/python3.14/site-packages:/home/ubuntu/LyricalDave/ros2ws/build/dave:/home/ubuntu/LyricalDave/ros2ws/install/dave/lib/python3.14/site-packages:/home/ubuntu/LyricalDave/ros2ws/install/apriltag_msgs/lib/python3.14/site-packages:/opt/ros/lyrical/lib/python3.14/site-packages /usr/bin/python3 -W ignore:setup.py install is deprecated -W ignore:easy_install command is deprecated setup.py develop --uninstall --editable --build-directory /home/ubuntu/LyricalDave/ros2ws/build/ros2_gopigo3_node/build
[6.896s] /usr/lib/python3/dist-packages/setuptools/_distutils/dist.py:289: UserWarning: Unknown distribution option: 'tests_require'
[6.896s]   warnings.warn(msg)
[7.360s] running develop
[8.020s] Removing /home/ubuntu/LyricalDave/ros2ws/install/ros2_gopigo3_node/lib/python3.14/site-packages/ros2-gopigo3-node.egg-link (link to .)
[8.227s] Invoked command in '/home/ubuntu/LyricalDave/ros2ws/build/ros2_gopigo3_node' returned '0': AMENT_PREFIX_PATH=/home/ubuntu/LyricalDave/ros2ws/install/ros2_gopigo3_msg:${AMENT_PREFIX_PATH} CMAKE_PREFIX_PATH=/home/ubuntu/LyricalDave/ros2ws/install/ros2_gopigo3_msg PYTHONPATH=/home/ubuntu/LyricalDave/ros2ws/build/ros2_gopigo3_node/prefix_override:/usr/lib/python3/dist-packages/colcon_core/task/python/colcon_distutils_commands:/home/ubuntu/LyricalDave/ros2ws/install/ros2_gopigo3_node/lib/python3.14/site-packages:/home/ubuntu/LyricalDave/ros2ws/install/ros2_gopigo3_msg/lib/python3.14/site-packages:/home/ubuntu/LyricalDave/ros2ws/build/teleop_gopigo3_keyboard:/home/ubuntu/LyricalDave/ros2ws/install/teleop_gopigo3_keyboard/lib/python3.14/site-packages:/home/ubuntu/LyricalDave/ros2ws/install/scan_client/lib/python3.14/site-packages:/home/ubuntu/LyricalDave/ros2ws/install/ros2_libcamera_pub/lib/python3.14/site-packages:/home/ubuntu/LyricalDave/ros2ws/build/ros2_gopigo3_node:/home/ubuntu/LyricalDave/ros2ws/install/ros2_gopigo3_node/lib/python3.14/site-packages:/home/ubuntu/LyricalDave/ros2ws/install/nav2_gopigo3/lib/python3.14/site-packages:/home/ubuntu/LyricalDave/ros2ws/install/explorer_wanderer/lib/python3.14/site-packages:/home/ubuntu/LyricalDave/ros2ws/install/demo_nodes_py/lib/python3.14/site-packages:/home/ubuntu/LyricalDave/ros2ws/install/dave_interfaces/lib/python3.14/site-packages:/home/ubuntu/LyricalDave/ros2ws/build/dave:/home/ubuntu/LyricalDave/ros2ws/install/dave/lib/python3.14/site-packages:/home/ubuntu/LyricalDave/ros2ws/install/apriltag_msgs/lib/python3.14/site-packages:/opt/ros/lyrical/lib/python3.14/site-packages /usr/bin/python3 -W ignore:setup.py install is deprecated -W ignore:easy_install command is deprecated setup.py develop --uninstall --editable --build-directory /home/ubuntu/LyricalDave/ros2ws/build/ros2_gopigo3_node/build
[8.231s] Invoking command in '/home/ubuntu/LyricalDave/ros2ws/src/ros2_gopigo3_node': AMENT_PREFIX_PATH=/home/ubuntu/LyricalDave/ros2ws/install/ros2_gopigo3_msg:${AMENT_PREFIX_PATH} CMAKE_PREFIX_PATH=/home/ubuntu/LyricalDave/ros2ws/install/ros2_gopigo3_msg PYTHONPATH=/home/ubuntu/LyricalDave/ros2ws/build/ros2_gopigo3_node/prefix_override:/usr/lib/python3/dist-packages/colcon_core/task/python/colcon_distutils_commands:/home/ubuntu/LyricalDave/ros2ws/install/ros2_gopigo3_node/lib/python3.14/site-packages:/home/ubuntu/LyricalDave/ros2ws/install/ros2_gopigo3_msg/lib/python3.14/site-packages:/home/ubuntu/LyricalDave/ros2ws/build/teleop_gopigo3_keyboard:/home/ubuntu/LyricalDave/ros2ws/install/teleop_gopigo3_keyboard/lib/python3.14/site-packages:/home/ubuntu/LyricalDave/ros2ws/install/scan_client/lib/python3.14/site-packages:/home/ubuntu/LyricalDave/ros2ws/install/ros2_libcamera_pub/lib/python3.14/site-packages:/home/ubuntu/LyricalDave/ros2ws/build/ros2_gopigo3_node:/home/ubuntu/LyricalDave/ros2ws/install/ros2_gopigo3_node/lib/python3.14/site-packages:/home/ubuntu/LyricalDave/ros2ws/install/nav2_gopigo3/lib/python3.14/site-packages:/home/ubuntu/LyricalDave/ros2ws/install/explorer_wanderer/lib/python3.14/site-packages:/home/ubuntu/LyricalDave/ros2ws/install/demo_nodes_py/lib/python3.14/site-packages:/home/ubuntu/LyricalDave/ros2ws/install/dave_interfaces/lib/python3.14/site-packages:/home/ubuntu/LyricalDave/ros2ws/build/dave:/home/ubuntu/LyricalDave/ros2ws/install/dave/lib/python3.14/site-packages:/home/ubuntu/LyricalDave/ros2ws/install/apriltag_msgs/lib/python3.14/site-packages:/opt/ros/lyrical/lib/python3.14/site-packages /usr/bin/python3 -W ignore:setup.py install is deprecated -W ignore:easy_install command is deprecated setup.py egg_info --egg-base ../../build/ros2_gopigo3_node build --build-base /home/ubuntu/LyricalDave/ros2ws/build/ros2_gopigo3_node/build install --record /home/ubuntu/LyricalDave/ros2ws/build/ros2_gopigo3_node/install.log --single-version-externally-managed install_data --force
[8.971s] /usr/lib/python3/dist-packages/setuptools/_distutils/dist.py:289: UserWarning: Unknown distribution option: 'tests_require'
[8.972s]   warnings.warn(msg)
[9.353s] running egg_info
[9.414s] writing ../../build/ros2_gopigo3_node/ros2_gopigo3_node.egg-info/PKG-INFO
[9.416s] writing dependency_links to ../../build/ros2_gopigo3_node/ros2_gopigo3_node.egg-info/dependency_links.txt
[9.417s] writing entry points to ../../build/ros2_gopigo3_node/ros2_gopigo3_node.egg-info/entry_points.txt
[9.418s] writing requirements to ../../build/ros2_gopigo3_node/ros2_gopigo3_node.egg-info/requires.txt
[9.419s] writing top-level names to ../../build/ros2_gopigo3_node/ros2_gopigo3_node.egg-info/top_level.txt
[9.553s] reading manifest file '../../build/ros2_gopigo3_node/ros2_gopigo3_node.egg-info/SOURCES.txt'
[9.558s] writing manifest file '../../build/ros2_gopigo3_node/ros2_gopigo3_node.egg-info/SOURCES.txt'
[9.558s] running build
[9.559s] running build_py
[9.559s] copying ros2_gopigo3_node/__init__.py -> /home/ubuntu/LyricalDave/ros2ws/build/ros2_gopigo3_node/build/lib/ros2_gopigo3_node
[9.561s] copying ros2_gopigo3_node/distance_sensor.py -> /home/ubuntu/LyricalDave/ros2ws/build/ros2_gopigo3_node/build/lib/ros2_gopigo3_node
[9.563s] copying ros2_gopigo3_node/gopigo3_node.py -> /home/ubuntu/LyricalDave/ros2ws/build/ros2_gopigo3_node/build/lib/ros2_gopigo3_node
[9.565s] copying ros2_gopigo3_node/imu_sensor.py -> /home/ubuntu/LyricalDave/ros2ws/build/ros2_gopigo3_node/build/lib/ros2_gopigo3_node
[9.567s] copying ros2_gopigo3_node/distance_sensor_subscriber.py -> /home/ubuntu/LyricalDave/ros2ws/build/ros2_gopigo3_node/build/lib/ros2_gopigo3_node
[9.568s] copying ros2_gopigo3_node/odometer.py -> /home/ubuntu/LyricalDave/ros2ws/build/ros2_gopigo3_node/build/lib/ros2_gopigo3_node
[9.570s] copying ros2_gopigo3_node/safety_shutdown.py -> /home/ubuntu/LyricalDave/ros2ws/build/ros2_gopigo3_node/build/lib/ros2_gopigo3_node
[9.572s] copying ros2_gopigo3_node/ultrasonic_ranger.py -> /home/ubuntu/LyricalDave/ros2ws/build/ros2_gopigo3_node/build/lib/ros2_gopigo3_node
[9.574s] running install
[9.591s] running install_lib
[9.653s] creating /home/ubuntu/LyricalDave/ros2ws/install/ros2_gopigo3_node/lib/python3.14/site-packages/ros2_gopigo3_node
[9.653s] copying /home/ubuntu/LyricalDave/ros2ws/build/ros2_gopigo3_node/build/lib/ros2_gopigo3_node/__init__.py -> /home/ubuntu/LyricalDave/ros2ws/install/ros2_gopigo3_node/lib/python3.14/site-packages/ros2_gopigo3_node
[9.655s] copying /home/ubuntu/LyricalDave/ros2ws/build/ros2_gopigo3_node/build/lib/ros2_gopigo3_node/distance_sensor.py -> /home/ubuntu/LyricalDave/ros2ws/install/ros2_gopigo3_node/lib/python3.14/site-packages/ros2_gopigo3_node
[9.656s] copying /home/ubuntu/LyricalDave/ros2ws/build/ros2_gopigo3_node/build/lib/ros2_gopigo3_node/gopigo3_node.py -> /home/ubuntu/LyricalDave/ros2ws/install/ros2_gopigo3_node/lib/python3.14/site-packages/ros2_gopigo3_node
[9.658s] copying /home/ubuntu/LyricalDave/ros2ws/build/ros2_gopigo3_node/build/lib/ros2_gopigo3_node/imu_sensor.py -> /home/ubuntu/LyricalDave/ros2ws/install/ros2_gopigo3_node/lib/python3.14/site-packages/ros2_gopigo3_node
[9.659s] copying /home/ubuntu/LyricalDave/ros2ws/build/ros2_gopigo3_node/build/lib/ros2_gopigo3_node/distance_sensor_subscriber.py -> /home/ubuntu/LyricalDave/ros2ws/install/ros2_gopigo3_node/lib/python3.14/site-packages/ros2_gopigo3_node
[9.661s] copying /home/ubuntu/LyricalDave/ros2ws/build/ros2_gopigo3_node/build/lib/ros2_gopigo3_node/odometer.py -> /home/ubuntu/LyricalDave/ros2ws/install/ros2_gopigo3_node/lib/python3.14/site-packages/ros2_gopigo3_node
[9.663s] copying /home/ubuntu/LyricalDave/ros2ws/build/ros2_gopigo3_node/build/lib/ros2_gopigo3_node/safety_shutdown.py -> /home/ubuntu/LyricalDave/ros2ws/install/ros2_gopigo3_node/lib/python3.14/site-packages/ros2_gopigo3_node
[9.664s] copying /home/ubuntu/LyricalDave/ros2ws/build/ros2_gopigo3_node/build/lib/ros2_gopigo3_node/ultrasonic_ranger.py -> /home/ubuntu/LyricalDave/ros2ws/install/ros2_gopigo3_node/lib/python3.14/site-packages/ros2_gopigo3_node
[9.667s] byte-compiling /home/ubuntu/LyricalDave/ros2ws/install/ros2_gopigo3_node/lib/python3.14/site-packages/ros2_gopigo3_node/__init__.py to __init__.cpython-314.pyc
[9.669s] byte-compiling /home/ubuntu/LyricalDave/ros2ws/install/ros2_gopigo3_node/lib/python3.14/site-packages/ros2_gopigo3_node/distance_sensor.py to distance_sensor.cpython-314.pyc
[9.672s] byte-compiling /home/ubuntu/LyricalDave/ros2ws/install/ros2_gopigo3_node/lib/python3.14/site-packages/ros2_gopigo3_node/gopigo3_node.py to gopigo3_node.cpython-314.pyc
[9.687s] byte-compiling /home/ubuntu/LyricalDave/ros2ws/install/ros2_gopigo3_node/lib/python3.14/site-packages/ros2_gopigo3_node/imu_sensor.py to imu_sensor.cpython-314.pyc
[9.690s] byte-compiling /home/ubuntu/LyricalDave/ros2ws/install/ros2_gopigo3_node/lib/python3.14/site-packages/ros2_gopigo3_node/distance_sensor_subscriber.py to distance_sensor_subscriber.cpython-314.pyc
[9.692s] byte-compiling /home/ubuntu/LyricalDave/ros2ws/install/ros2_gopigo3_node/lib/python3.14/site-packages/ros2_gopigo3_node/odometer.py to odometer.cpython-314.pyc
[9.699s] byte-compiling /home/ubuntu/LyricalDave/ros2ws/install/ros2_gopigo3_node/lib/python3.14/site-packages/ros2_gopigo3_node/safety_shutdown.py to safety_shutdown.cpython-314.pyc
[9.703s] byte-compiling /home/ubuntu/LyricalDave/ros2ws/install/ros2_gopigo3_node/lib/python3.14/site-packages/ros2_gopigo3_node/ultrasonic_ranger.py to ultrasonic_ranger.cpython-314.pyc
[9.706s] running install_data
[9.707s] copying resource/ros2_gopigo3_node -> /home/ubuntu/LyricalDave/ros2ws/install/ros2_gopigo3_node/share/ament_index/resource_index/packages
[9.708s] copying package.xml -> /home/ubuntu/LyricalDave/ros2ws/install/ros2_gopigo3_node/share/ros2_gopigo3_node
[9.708s] copying launch/ros2_finmark_state_and_joint.launch.py -> /home/ubuntu/LyricalDave/ros2ws/install/ros2_gopigo3_node/share/ros2_gopigo3_node
[9.709s] copying launch/ros2_gopi5go_dave_state_and_joint.launch.py -> /home/ubuntu/LyricalDave/ros2ws/install/ros2_gopigo3_node/share/ros2_gopigo3_node
[9.710s] copying launch/ros2_dave_state_and_joint.launch.py -> /home/ubuntu/LyricalDave/ros2ws/install/ros2_gopigo3_node/share/ros2_gopigo3_node
[9.710s] copying launch/ros2_gpgMin_state_and_joint.launch.py -> /home/ubuntu/LyricalDave/ros2ws/install/ros2_gopigo3_node/share/ros2_gopigo3_node
[9.711s] copying urdf/finmark.urdf -> /home/ubuntu/LyricalDave/ros2ws/install/ros2_gopigo3_node/share/ros2_gopigo3_node
[9.712s] copying urdf/dave.urdf -> /home/ubuntu/LyricalDave/ros2ws/install/ros2_gopigo3_node/share/ros2_gopigo3_node
[9.713s] copying urdf/gpgMin.urdf -> /home/ubuntu/LyricalDave/ros2ws/install/ros2_gopigo3_node/share/ros2_gopigo3_node
[9.714s] copying urdf/common_properties.urdf -> /home/ubuntu/LyricalDave/ros2ws/install/ros2_gopigo3_node/share/ros2_gopigo3_node
[9.714s] copying urdf/gpg3_gopi5go_dave.urdf -> /home/ubuntu/LyricalDave/ros2ws/install/ros2_gopigo3_node/share/ros2_gopigo3_node
[9.715s] copying urdf/kilteddave.urdf -> /home/ubuntu/LyricalDave/ros2ws/install/ros2_gopigo3_node/share/ros2_gopigo3_node
[9.716s] copying urdf/humbledave2.urdf -> /home/ubuntu/LyricalDave/ros2ws/install/ros2_gopigo3_node/share/ros2_gopigo3_node
[9.716s] copying urdf/gopi5go_dave.urdf -> /home/ubuntu/LyricalDave/ros2ws/install/ros2_gopigo3_node/share/ros2_gopigo3_node
[9.717s] running install_egg_info
[9.780s] Copying ../../build/ros2_gopigo3_node/ros2_gopigo3_node.egg-info to /home/ubuntu/LyricalDave/ros2ws/install/ros2_gopigo3_node/lib/python3.14/site-packages/ros2_gopigo3_node-0.0.0-py3.14.egg-info
[9.783s] running install_scripts
[10.098s] Installing distance_sensor script to /home/ubuntu/LyricalDave/ros2ws/install/ros2_gopigo3_node/lib/ros2_gopigo3_node
[10.099s] Installing distance_sensor_subscriber script to /home/ubuntu/LyricalDave/ros2ws/install/ros2_gopigo3_node/lib/ros2_gopigo3_node
[10.100s] Installing gopigo3_node script to /home/ubuntu/LyricalDave/ros2ws/install/ros2_gopigo3_node/lib/ros2_gopigo3_node
[10.101s] Installing imu_sensor script to /home/ubuntu/LyricalDave/ros2ws/install/ros2_gopigo3_node/lib/ros2_gopigo3_node
[10.101s] Installing odometer script to /home/ubuntu/LyricalDave/ros2ws/install/ros2_gopigo3_node/lib/ros2_gopigo3_node
[10.102s] Installing ultrasonic_ranger script to /home/ubuntu/LyricalDave/ros2ws/install/ros2_gopigo3_node/lib/ros2_gopigo3_node
[10.104s] writing list of installed files to '/home/ubuntu/LyricalDave/ros2ws/build/ros2_gopigo3_node/install.log'
[10.286s] Invoked command in '/home/ubuntu/LyricalDave/ros2ws/src/ros2_gopigo3_node' returned '0': AMENT_PREFIX_PATH=/home/ubuntu/LyricalDave/ros2ws/install/ros2_gopigo3_msg:${AMENT_PREFIX_PATH} CMAKE_PREFIX_PATH=/home/ubuntu/LyricalDave/ros2ws/install/ros2_gopigo3_msg PYTHONPATH=/home/ubuntu/LyricalDave/ros2ws/build/ros2_gopigo3_node/prefix_override:/usr/lib/python3/dist-packages/colcon_core/task/python/colcon_distutils_commands:/home/ubuntu/LyricalDave/ros2ws/install/ros2_gopigo3_node/lib/python3.14/site-packages:/home/ubuntu/LyricalDave/ros2ws/install/ros2_gopigo3_msg/lib/python3.14/site-packages:/home/ubuntu/LyricalDave/ros2ws/build/teleop_gopigo3_keyboard:/home/ubuntu/LyricalDave/ros2ws/install/teleop_gopigo3_keyboard/lib/python3.14/site-packages:/home/ubuntu/LyricalDave/ros2ws/install/scan_client/lib/python3.14/site-packages:/home/ubuntu/LyricalDave/ros2ws/install/ros2_libcamera_pub/lib/python3.14/site-packages:/home/ubuntu/LyricalDave/ros2ws/build/ros2_gopigo3_node:/home/ubuntu/LyricalDave/ros2ws/install/ros2_gopigo3_node/lib/python3.14/site-packages:/home/ubuntu/LyricalDave/ros2ws/install/nav2_gopigo3/lib/python3.14/site-packages:/home/ubuntu/LyricalDave/ros2ws/install/explorer_wanderer/lib/python3.14/site-packages:/home/ubuntu/LyricalDave/ros2ws/install/demo_nodes_py/lib/python3.14/site-packages:/home/ubuntu/LyricalDave/ros2ws/install/dave_interfaces/lib/python3.14/site-packages:/home/ubuntu/LyricalDave/ros2ws/build/dave:/home/ubuntu/LyricalDave/ros2ws/install/dave/lib/python3.14/site-packages:/home/ubuntu/LyricalDave/ros2ws/install/apriltag_msgs/lib/python3.14/site-packages:/opt/ros/lyrical/lib/python3.14/site-packages /usr/bin/python3 -W ignore:setup.py install is deprecated -W ignore:easy_install command is deprecated setup.py egg_info --egg-base ../../build/ros2_gopigo3_node build --build-base /home/ubuntu/LyricalDave/ros2ws/build/ros2_gopigo3_node/build install --record /home/ubuntu/LyricalDave/ros2ws/build/ros2_gopigo3_node/install.log --single-version-externally-managed install_data --force
