[5.842s] Invoking command in '/home/ubuntu/LyricalDave/ros2ws/src/ros2_libcamera_pub': PYTHONPATH=/home/ubuntu/LyricalDave/ros2ws/build/ros2_libcamera_pub/prefix_override:/usr/lib/python3/dist-packages/colcon_core/task/python/colcon_distutils_commands:/home/ubuntu/LyricalDave/ros2ws/install/ros2_libcamera_pub/lib/python3.14/site-packages:${PYTHONPATH} /usr/bin/python3 -W ignore:setup.py install is deprecated -W ignore:easy_install command is deprecated setup.py egg_info --egg-base ../../build/ros2_libcamera_pub build --build-base /home/ubuntu/LyricalDave/ros2ws/build/ros2_libcamera_pub/build install --record /home/ubuntu/LyricalDave/ros2ws/build/ros2_libcamera_pub/install.log --single-version-externally-managed install_data
[6.861s] /usr/lib/python3/dist-packages/setuptools/_distutils/dist.py:289: UserWarning: Unknown distribution option: 'tests_require'
[6.865s]   warnings.warn(msg)
[7.133s] /usr/lib/python3/dist-packages/setuptools/dist.py:759: SetuptoolsDeprecationWarning: License classifiers are deprecated.
[7.134s] !!
[7.134s] 
[7.134s]         ********************************************************************************
[7.137s]         Please consider removing the following classifiers in favor of a SPDX license expression:
[7.141s] 
[7.141s]         License :: BSD
[7.141s] 
[7.142s]         See https://packaging.python.org/en/latest/guides/writing-pyproject-toml/#license for details.
[7.142s]         ********************************************************************************
[7.142s] 
[7.143s] !!
[7.147s]   self._finalize_license_expression()
[7.934s] running egg_info
[8.130s] creating ../../build/ros2_libcamera_pub/ros2_libcamera_pub.egg-info
[8.131s] writing ../../build/ros2_libcamera_pub/ros2_libcamera_pub.egg-info/PKG-INFO
[8.135s] writing dependency_links to ../../build/ros2_libcamera_pub/ros2_libcamera_pub.egg-info/dependency_links.txt
[8.137s] writing entry points to ../../build/ros2_libcamera_pub/ros2_libcamera_pub.egg-info/entry_points.txt
[8.140s] writing requirements to ../../build/ros2_libcamera_pub/ros2_libcamera_pub.egg-info/requires.txt
[8.144s] writing top-level names to ../../build/ros2_libcamera_pub/ros2_libcamera_pub.egg-info/top_level.txt
[8.145s] writing manifest file '../../build/ros2_libcamera_pub/ros2_libcamera_pub.egg-info/SOURCES.txt'
[8.566s] reading manifest file '../../build/ros2_libcamera_pub/ros2_libcamera_pub.egg-info/SOURCES.txt'
[8.567s] adding license file 'LICENSE'
[8.575s] writing manifest file '../../build/ros2_libcamera_pub/ros2_libcamera_pub.egg-info/SOURCES.txt'
[8.578s] running build
[8.580s] running build_py
[8.581s] creating /home/ubuntu/LyricalDave/ros2ws/build/ros2_libcamera_pub/build/lib
[8.581s] copying libcamera_jpg_pub.py -> /home/ubuntu/LyricalDave/ros2ws/build/ros2_libcamera_pub/build/lib
[8.582s] running install
[8.616s] running install_lib
[8.797s] copying /home/ubuntu/LyricalDave/ros2ws/build/ros2_libcamera_pub/build/lib/libcamera_jpg_pub.py -> /home/ubuntu/LyricalDave/ros2ws/install/ros2_libcamera_pub/lib/python3.14/site-packages
[8.801s] byte-compiling /home/ubuntu/LyricalDave/ros2ws/install/ros2_libcamera_pub/lib/python3.14/site-packages/libcamera_jpg_pub.py to libcamera_jpg_pub.cpython-314.pyc
[8.811s] running install_data
[8.812s] creating /home/ubuntu/LyricalDave/ros2ws/install/ros2_libcamera_pub/share/ament_index/resource_index/packages
[8.813s] copying resource/ros2_libcamera_pub -> /home/ubuntu/LyricalDave/ros2ws/install/ros2_libcamera_pub/share/ament_index/resource_index/packages
[8.817s] copying package.xml -> /home/ubuntu/LyricalDave/ros2ws/install/ros2_libcamera_pub/share/ros2_libcamera_pub
[8.822s] running install_egg_info
[8.976s] Copying ../../build/ros2_libcamera_pub/ros2_libcamera_pub.egg-info to /home/ubuntu/LyricalDave/ros2ws/install/ros2_libcamera_pub/lib/python3.14/site-packages/ros2_libcamera_pub-2.3.2-py3.14.egg-info
[8.991s] running install_scripts
[9.729s] Installing libcamera_jpg_pub script to /home/ubuntu/LyricalDave/ros2ws/install/ros2_libcamera_pub/lib/ros2_libcamera_pub
[9.730s] writing list of installed files to '/home/ubuntu/LyricalDave/ros2ws/build/ros2_libcamera_pub/install.log'
[10.570s] Invoked command in '/home/ubuntu/LyricalDave/ros2ws/src/ros2_libcamera_pub' returned '0': PYTHONPATH=/home/ubuntu/LyricalDave/ros2ws/build/ros2_libcamera_pub/prefix_override:/usr/lib/python3/dist-packages/colcon_core/task/python/colcon_distutils_commands:/home/ubuntu/LyricalDave/ros2ws/install/ros2_libcamera_pub/lib/python3.14/site-packages:${PYTHONPATH} /usr/bin/python3 -W ignore:setup.py install is deprecated -W ignore:easy_install command is deprecated setup.py egg_info --egg-base ../../build/ros2_libcamera_pub build --build-base /home/ubuntu/LyricalDave/ros2ws/build/ros2_libcamera_pub/build install --record /home/ubuntu/LyricalDave/ros2ws/build/ros2_libcamera_pub/install.log --single-version-externally-managed install_data
