[4.848s] Invoking command in '/home/ubuntu/LyricalDave/ros2ws/build/ros2_gopigo3_node': PYTHONPATH=/home/ubuntu/LyricalDave/ros2ws/build/ros2_gopigo3_node/prefix_override:/usr/lib/python3/dist-packages/colcon_core/task/python/colcon_distutils_commands:/home/ubuntu/LyricalDave/ros2ws/install/ros2_gopigo3_node/lib/python3.14/site-packages:/home/ubuntu/LyricalDave/ros2ws/install/ros2_gopigo3_msg/lib/python3.14/site-packages:/home/ubuntu/LyricalDave/ros2ws/install/teleop_gopigo3_keyboard/lib/python3.14/site-packages:/home/ubuntu/LyricalDave/ros2ws/install/scan_client/lib/python3.14/site-packages:/home/ubuntu/LyricalDave/ros2ws/install/ros2_libcamera_pub/lib/python3.14/site-packages:/home/ubuntu/LyricalDave/ros2ws/build/ros2_gopigo3_node:/home/ubuntu/LyricalDave/ros2ws/install/ros2_gopigo3_node/lib/python3.14/site-packages:/home/ubuntu/LyricalDave/ros2ws/install/nav2_gopigo3/lib/python3.14/site-packages:/home/ubuntu/LyricalDave/ros2ws/install/explorer_wanderer/lib/python3.14/site-packages:/home/ubuntu/LyricalDave/ros2ws/install/demo_nodes_py/lib/python3.14/site-packages:/home/ubuntu/LyricalDave/ros2ws/install/dave_interfaces/lib/python3.14/site-packages:/home/ubuntu/LyricalDave/ros2ws/install/dave/lib/python3.14/site-packages:/opt/ros/lyrical/lib/python3.14/site-packages /usr/bin/python3 -W ignore:setup.py install is deprecated -W ignore:easy_install command is deprecated setup.py develop --uninstall --editable --build-directory /home/ubuntu/LyricalDave/ros2ws/build/ros2_gopigo3_node/build
[5.802s] /usr/lib/python3/dist-packages/setuptools/_distutils/dist.py:289: UserWarning: Unknown distribution option: 'tests_require'
[5.803s]   warnings.warn(msg)
[6.422s] running develop
[7.314s] Removing /home/ubuntu/LyricalDave/ros2ws/install/ros2_gopigo3_node/lib/python3.14/site-packages/ros2-gopigo3-node.egg-link (link to .)
[7.502s] Invoked command in '/home/ubuntu/LyricalDave/ros2ws/build/ros2_gopigo3_node' returned '0': PYTHONPATH=/home/ubuntu/LyricalDave/ros2ws/build/ros2_gopigo3_node/prefix_override:/usr/lib/python3/dist-packages/colcon_core/task/python/colcon_distutils_commands:/home/ubuntu/LyricalDave/ros2ws/install/ros2_gopigo3_node/lib/python3.14/site-packages:/home/ubuntu/LyricalDave/ros2ws/install/ros2_gopigo3_msg/lib/python3.14/site-packages:/home/ubuntu/LyricalDave/ros2ws/install/teleop_gopigo3_keyboard/lib/python3.14/site-packages:/home/ubuntu/LyricalDave/ros2ws/install/scan_client/lib/python3.14/site-packages:/home/ubuntu/LyricalDave/ros2ws/install/ros2_libcamera_pub/lib/python3.14/site-packages:/home/ubuntu/LyricalDave/ros2ws/build/ros2_gopigo3_node:/home/ubuntu/LyricalDave/ros2ws/install/ros2_gopigo3_node/lib/python3.14/site-packages:/home/ubuntu/LyricalDave/ros2ws/install/nav2_gopigo3/lib/python3.14/site-packages:/home/ubuntu/LyricalDave/ros2ws/install/explorer_wanderer/lib/python3.14/site-packages:/home/ubuntu/LyricalDave/ros2ws/install/demo_nodes_py/lib/python3.14/site-packages:/home/ubuntu/LyricalDave/ros2ws/install/dave_interfaces/lib/python3.14/site-packages:/home/ubuntu/LyricalDave/ros2ws/install/dave/lib/python3.14/site-packages:/opt/ros/lyrical/lib/python3.14/site-packages /usr/bin/python3 -W ignore:setup.py install is deprecated -W ignore:easy_install command is deprecated setup.py develop --uninstall --editable --build-directory /home/ubuntu/LyricalDave/ros2ws/build/ros2_gopigo3_node/build
[7.506s] Invoking command in '/home/ubuntu/LyricalDave/ros2ws/src/ros2_gopigo3_node': PYTHONPATH=/home/ubuntu/LyricalDave/ros2ws/build/ros2_gopigo3_node/prefix_override:/usr/lib/python3/dist-packages/colcon_core/task/python/colcon_distutils_commands:/home/ubuntu/LyricalDave/ros2ws/install/ros2_gopigo3_node/lib/python3.14/site-packages:/home/ubuntu/LyricalDave/ros2ws/install/ros2_gopigo3_msg/lib/python3.14/site-packages:/home/ubuntu/LyricalDave/ros2ws/install/teleop_gopigo3_keyboard/lib/python3.14/site-packages:/home/ubuntu/LyricalDave/ros2ws/install/scan_client/lib/python3.14/site-packages:/home/ubuntu/LyricalDave/ros2ws/install/ros2_libcamera_pub/lib/python3.14/site-packages:/home/ubuntu/LyricalDave/ros2ws/build/ros2_gopigo3_node:/home/ubuntu/LyricalDave/ros2ws/install/ros2_gopigo3_node/lib/python3.14/site-packages:/home/ubuntu/LyricalDave/ros2ws/install/nav2_gopigo3/lib/python3.14/site-packages:/home/ubuntu/LyricalDave/ros2ws/install/explorer_wanderer/lib/python3.14/site-packages:/home/ubuntu/LyricalDave/ros2ws/install/demo_nodes_py/lib/python3.14/site-packages:/home/ubuntu/LyricalDave/ros2ws/install/dave_interfaces/lib/python3.14/site-packages:/home/ubuntu/LyricalDave/ros2ws/install/dave/lib/python3.14/site-packages:/opt/ros/lyrical/lib/python3.14/site-packages /usr/bin/python3 -W ignore:setup.py install is deprecated -W ignore:easy_install command is deprecated setup.py egg_info --egg-base ../../build/ros2_gopigo3_node build --build-base /home/ubuntu/LyricalDave/ros2ws/build/ros2_gopigo3_node/build install --record /home/ubuntu/LyricalDave/ros2ws/build/ros2_gopigo3_node/install.log --single-version-externally-managed install_data --force
[8.120s] /usr/lib/python3/dist-packages/setuptools/_distutils/dist.py:289: UserWarning: Unknown distribution option: 'tests_require'
[8.120s]   warnings.warn(msg)
[8.499s] running egg_info
[8.560s] writing ../../build/ros2_gopigo3_node/ros2_gopigo3_node.egg-info/PKG-INFO
[8.561s] writing dependency_links to ../../build/ros2_gopigo3_node/ros2_gopigo3_node.egg-info/dependency_links.txt
[8.562s] writing entry points to ../../build/ros2_gopigo3_node/ros2_gopigo3_node.egg-info/entry_points.txt
[8.563s] writing requirements to ../../build/ros2_gopigo3_node/ros2_gopigo3_node.egg-info/requires.txt
[8.564s] writing top-level names to ../../build/ros2_gopigo3_node/ros2_gopigo3_node.egg-info/top_level.txt
[8.698s] reading manifest file '../../build/ros2_gopigo3_node/ros2_gopigo3_node.egg-info/SOURCES.txt'
[8.703s] writing manifest file '../../build/ros2_gopigo3_node/ros2_gopigo3_node.egg-info/SOURCES.txt'
[8.703s] running build
[8.704s] running build_py
[8.704s] copying ros2_gopigo3_node/__init__.py -> /home/ubuntu/LyricalDave/ros2ws/build/ros2_gopigo3_node/build/lib/ros2_gopigo3_node
[8.705s] copying ros2_gopigo3_node/distance_sensor.py -> /home/ubuntu/LyricalDave/ros2ws/build/ros2_gopigo3_node/build/lib/ros2_gopigo3_node
[8.706s] copying ros2_gopigo3_node/gopigo3_node.py -> /home/ubuntu/LyricalDave/ros2ws/build/ros2_gopigo3_node/build/lib/ros2_gopigo3_node
[8.707s] copying ros2_gopigo3_node/imu_sensor.py -> /home/ubuntu/LyricalDave/ros2ws/build/ros2_gopigo3_node/build/lib/ros2_gopigo3_node
[8.708s] copying ros2_gopigo3_node/distance_sensor_subscriber.py -> /home/ubuntu/LyricalDave/ros2ws/build/ros2_gopigo3_node/build/lib/ros2_gopigo3_node
[8.708s] copying ros2_gopigo3_node/odometer.py -> /home/ubuntu/LyricalDave/ros2ws/build/ros2_gopigo3_node/build/lib/ros2_gopigo3_node
[8.709s] copying ros2_gopigo3_node/safety_shutdown.py -> /home/ubuntu/LyricalDave/ros2ws/build/ros2_gopigo3_node/build/lib/ros2_gopigo3_node
[8.710s] copying ros2_gopigo3_node/ultrasonic_ranger.py -> /home/ubuntu/LyricalDave/ros2ws/build/ros2_gopigo3_node/build/lib/ros2_gopigo3_node
[8.712s] running install
[8.728s] running install_lib
[8.790s] creating /home/ubuntu/LyricalDave/ros2ws/install/ros2_gopigo3_node/lib/python3.14/site-packages/ros2_gopigo3_node
[8.790s] copying /home/ubuntu/LyricalDave/ros2ws/build/ros2_gopigo3_node/build/lib/ros2_gopigo3_node/__init__.py -> /home/ubuntu/LyricalDave/ros2ws/install/ros2_gopigo3_node/lib/python3.14/site-packages/ros2_gopigo3_node
[8.791s] copying /home/ubuntu/LyricalDave/ros2ws/build/ros2_gopigo3_node/build/lib/ros2_gopigo3_node/distance_sensor.py -> /home/ubuntu/LyricalDave/ros2ws/install/ros2_gopigo3_node/lib/python3.14/site-packages/ros2_gopigo3_node
[8.791s] copying /home/ubuntu/LyricalDave/ros2ws/build/ros2_gopigo3_node/build/lib/ros2_gopigo3_node/gopigo3_node.py -> /home/ubuntu/LyricalDave/ros2ws/install/ros2_gopigo3_node/lib/python3.14/site-packages/ros2_gopigo3_node
[8.792s] copying /home/ubuntu/LyricalDave/ros2ws/build/ros2_gopigo3_node/build/lib/ros2_gopigo3_node/imu_sensor.py -> /home/ubuntu/LyricalDave/ros2ws/install/ros2_gopigo3_node/lib/python3.14/site-packages/ros2_gopigo3_node
[8.792s] copying /home/ubuntu/LyricalDave/ros2ws/build/ros2_gopigo3_node/build/lib/ros2_gopigo3_node/distance_sensor_subscriber.py -> /home/ubuntu/LyricalDave/ros2ws/install/ros2_gopigo3_node/lib/python3.14/site-packages/ros2_gopigo3_node
[8.793s] copying /home/ubuntu/LyricalDave/ros2ws/build/ros2_gopigo3_node/build/lib/ros2_gopigo3_node/odometer.py -> /home/ubuntu/LyricalDave/ros2ws/install/ros2_gopigo3_node/lib/python3.14/site-packages/ros2_gopigo3_node
[8.794s] copying /home/ubuntu/LyricalDave/ros2ws/build/ros2_gopigo3_node/build/lib/ros2_gopigo3_node/safety_shutdown.py -> /home/ubuntu/LyricalDave/ros2ws/install/ros2_gopigo3_node/lib/python3.14/site-packages/ros2_gopigo3_node
[8.794s] copying /home/ubuntu/LyricalDave/ros2ws/build/ros2_gopigo3_node/build/lib/ros2_gopigo3_node/ultrasonic_ranger.py -> /home/ubuntu/LyricalDave/ros2ws/install/ros2_gopigo3_node/lib/python3.14/site-packages/ros2_gopigo3_node
[8.797s] byte-compiling /home/ubuntu/LyricalDave/ros2ws/install/ros2_gopigo3_node/lib/python3.14/site-packages/ros2_gopigo3_node/__init__.py to __init__.cpython-314.pyc
[8.798s] byte-compiling /home/ubuntu/LyricalDave/ros2ws/install/ros2_gopigo3_node/lib/python3.14/site-packages/ros2_gopigo3_node/distance_sensor.py to distance_sensor.cpython-314.pyc
[8.801s] byte-compiling /home/ubuntu/LyricalDave/ros2ws/install/ros2_gopigo3_node/lib/python3.14/site-packages/ros2_gopigo3_node/gopigo3_node.py to gopigo3_node.cpython-314.pyc
[8.816s] byte-compiling /home/ubuntu/LyricalDave/ros2ws/install/ros2_gopigo3_node/lib/python3.14/site-packages/ros2_gopigo3_node/imu_sensor.py to imu_sensor.cpython-314.pyc
[8.820s] byte-compiling /home/ubuntu/LyricalDave/ros2ws/install/ros2_gopigo3_node/lib/python3.14/site-packages/ros2_gopigo3_node/distance_sensor_subscriber.py to distance_sensor_subscriber.cpython-314.pyc
[8.822s] byte-compiling /home/ubuntu/LyricalDave/ros2ws/install/ros2_gopigo3_node/lib/python3.14/site-packages/ros2_gopigo3_node/odometer.py to odometer.cpython-314.pyc
[8.828s] byte-compiling /home/ubuntu/LyricalDave/ros2ws/install/ros2_gopigo3_node/lib/python3.14/site-packages/ros2_gopigo3_node/safety_shutdown.py to safety_shutdown.cpython-314.pyc
[8.832s] byte-compiling /home/ubuntu/LyricalDave/ros2ws/install/ros2_gopigo3_node/lib/python3.14/site-packages/ros2_gopigo3_node/ultrasonic_ranger.py to ultrasonic_ranger.cpython-314.pyc
[8.835s] running install_data
[8.836s] copying resource/ros2_gopigo3_node -> /home/ubuntu/LyricalDave/ros2ws/install/ros2_gopigo3_node/share/ament_index/resource_index/packages
[8.837s] copying package.xml -> /home/ubuntu/LyricalDave/ros2ws/install/ros2_gopigo3_node/share/ros2_gopigo3_node
[8.838s] copying launch/ros2_finmark_state_and_joint.launch.py -> /home/ubuntu/LyricalDave/ros2ws/install/ros2_gopigo3_node/share/ros2_gopigo3_node
[8.838s] copying launch/ros2_gopi5go_dave_state_and_joint.launch.py -> /home/ubuntu/LyricalDave/ros2ws/install/ros2_gopigo3_node/share/ros2_gopigo3_node
[8.839s] copying launch/ros2_dave_state_and_joint.launch.py -> /home/ubuntu/LyricalDave/ros2ws/install/ros2_gopigo3_node/share/ros2_gopigo3_node
[8.840s] copying launch/ros2_gpgMin_state_and_joint.launch.py -> /home/ubuntu/LyricalDave/ros2ws/install/ros2_gopigo3_node/share/ros2_gopigo3_node
[8.841s] copying urdf/finmark.urdf -> /home/ubuntu/LyricalDave/ros2ws/install/ros2_gopigo3_node/share/ros2_gopigo3_node
[8.842s] copying urdf/dave.urdf -> /home/ubuntu/LyricalDave/ros2ws/install/ros2_gopigo3_node/share/ros2_gopigo3_node
[8.842s] copying urdf/gpgMin.urdf -> /home/ubuntu/LyricalDave/ros2ws/install/ros2_gopigo3_node/share/ros2_gopigo3_node
[8.843s] copying urdf/common_properties.urdf -> /home/ubuntu/LyricalDave/ros2ws/install/ros2_gopigo3_node/share/ros2_gopigo3_node
[8.844s] copying urdf/gpg3_gopi5go_dave.urdf -> /home/ubuntu/LyricalDave/ros2ws/install/ros2_gopigo3_node/share/ros2_gopigo3_node
[8.844s] copying urdf/kilteddave.urdf -> /home/ubuntu/LyricalDave/ros2ws/install/ros2_gopigo3_node/share/ros2_gopigo3_node
[8.845s] copying urdf/humbledave2.urdf -> /home/ubuntu/LyricalDave/ros2ws/install/ros2_gopigo3_node/share/ros2_gopigo3_node
[8.846s] copying urdf/gopi5go_dave.urdf -> /home/ubuntu/LyricalDave/ros2ws/install/ros2_gopigo3_node/share/ros2_gopigo3_node
[8.846s] running install_egg_info
[8.909s] Copying ../../build/ros2_gopigo3_node/ros2_gopigo3_node.egg-info to /home/ubuntu/LyricalDave/ros2ws/install/ros2_gopigo3_node/lib/python3.14/site-packages/ros2_gopigo3_node-0.0.0-py3.14.egg-info
[8.912s] running install_scripts
[9.224s] Installing distance_sensor script to /home/ubuntu/LyricalDave/ros2ws/install/ros2_gopigo3_node/lib/ros2_gopigo3_node
[9.225s] Installing distance_sensor_subscriber script to /home/ubuntu/LyricalDave/ros2ws/install/ros2_gopigo3_node/lib/ros2_gopigo3_node
[9.226s] Installing gopigo3_node script to /home/ubuntu/LyricalDave/ros2ws/install/ros2_gopigo3_node/lib/ros2_gopigo3_node
[9.226s] Installing imu_sensor script to /home/ubuntu/LyricalDave/ros2ws/install/ros2_gopigo3_node/lib/ros2_gopigo3_node
[9.227s] Installing odometer script to /home/ubuntu/LyricalDave/ros2ws/install/ros2_gopigo3_node/lib/ros2_gopigo3_node
[9.229s] Installing ultrasonic_ranger script to /home/ubuntu/LyricalDave/ros2ws/install/ros2_gopigo3_node/lib/ros2_gopigo3_node
[9.231s] writing list of installed files to '/home/ubuntu/LyricalDave/ros2ws/build/ros2_gopigo3_node/install.log'
[9.412s] Invoked command in '/home/ubuntu/LyricalDave/ros2ws/src/ros2_gopigo3_node' returned '0': PYTHONPATH=/home/ubuntu/LyricalDave/ros2ws/build/ros2_gopigo3_node/prefix_override:/usr/lib/python3/dist-packages/colcon_core/task/python/colcon_distutils_commands:/home/ubuntu/LyricalDave/ros2ws/install/ros2_gopigo3_node/lib/python3.14/site-packages:/home/ubuntu/LyricalDave/ros2ws/install/ros2_gopigo3_msg/lib/python3.14/site-packages:/home/ubuntu/LyricalDave/ros2ws/install/teleop_gopigo3_keyboard/lib/python3.14/site-packages:/home/ubuntu/LyricalDave/ros2ws/install/scan_client/lib/python3.14/site-packages:/home/ubuntu/LyricalDave/ros2ws/install/ros2_libcamera_pub/lib/python3.14/site-packages:/home/ubuntu/LyricalDave/ros2ws/build/ros2_gopigo3_node:/home/ubuntu/LyricalDave/ros2ws/install/ros2_gopigo3_node/lib/python3.14/site-packages:/home/ubuntu/LyricalDave/ros2ws/install/nav2_gopigo3/lib/python3.14/site-packages:/home/ubuntu/LyricalDave/ros2ws/install/explorer_wanderer/lib/python3.14/site-packages:/home/ubuntu/LyricalDave/ros2ws/install/demo_nodes_py/lib/python3.14/site-packages:/home/ubuntu/LyricalDave/ros2ws/install/dave_interfaces/lib/python3.14/site-packages:/home/ubuntu/LyricalDave/ros2ws/install/dave/lib/python3.14/site-packages:/opt/ros/lyrical/lib/python3.14/site-packages /usr/bin/python3 -W ignore:setup.py install is deprecated -W ignore:easy_install command is deprecated setup.py egg_info --egg-base ../../build/ros2_gopigo3_node build --build-base /home/ubuntu/LyricalDave/ros2ws/build/ros2_gopigo3_node/build install --record /home/ubuntu/LyricalDave/ros2ws/build/ros2_gopigo3_node/install.log --single-version-externally-managed install_data --force
