[-1780281184486282752.000s] DEBUG:colcon:Command line arguments: ['/usr/bin/colcon', 'build']
[-1780281184486282752.000s] DEBUG:colcon:Parsed command line arguments: Namespace(log_base=None, log_level=None, verb_name='build', build_base='build', install_base='install', merge_install=False, symlink_install=False, test_result_base=None, continue_on_error=False, executor='parallel', parallel_workers=4, event_handlers=None, ignore_user_meta=False, metas=['./colcon.meta'], base_paths=['.'], packages_ignore=None, packages_ignore_regex=None, paths=None, packages_up_to=None, packages_up_to_regex=None, packages_above=None, packages_above_and_dependencies=None, packages_above_depth=None, packages_select_by_dep=None, packages_skip_by_dep=None, packages_skip_up_to=None, packages_select_build_failed=False, packages_skip_build_finished=False, packages_select_test_failures=False, packages_skip_test_passed=False, packages_select=None, packages_skip=None, packages_select_regex=None, packages_skip_regex=None, packages_start=None, packages_end=None, allow_overriding=[], cmake_args=None, cmake_target=None, cmake_target_skip_unavailable=False, cmake_clean_cache=False, cmake_clean_first=False, cmake_force_configure=False, ament_cmake_args=None, catkin_cmake_args=None, catkin_skip_building_tests=False, mixin_files=None, mixin=None, verb_parser=<colcon_mixin.mixin.mixin_argument.MixinArgumentDecorator object at 0xffffb4bd4190>, verb_extension=<colcon_core.verb.build.BuildVerb object at 0xffffb4c8ef90>, main=<bound method BuildVerb.main of <colcon_core.verb.build.BuildVerb object at 0xffffb4c8ef90>>, mixin_verb=('build',))
[-1780281184486282752.000s] Level 1:colcon.colcon_core.package_discovery:discover_packages(colcon_meta) check parameters
[-1780281184486282752.000s] Level 1:colcon.colcon_core.package_discovery:discover_packages(recursive) check parameters
[-1780281184486282752.000s] Level 1:colcon.colcon_core.package_discovery:discover_packages(ignore) check parameters
[-1780281184486282752.000s] Level 1:colcon.colcon_core.package_discovery:discover_packages(path) check parameters
[-1780281184486282752.000s] Level 1:colcon.colcon_core.package_discovery:discover_packages(colcon_meta) discover
[-1780281184486282752.000s] Level 1:colcon.colcon_core.package_discovery:discover_packages(recursive) discover
[-1780281184486282752.000s] INFO:colcon.colcon_core.package_discovery:Crawling recursively for packages in '/home/ubuntu/LyricalDave/ros2ws'
[-1780281184486282752.000s] Level 1:colcon.colcon_core.package_identification:_identify(.) by extensions ['ignore', 'ignore_ament_install']
[-1780281184486282752.000s] Level 1:colcon.colcon_core.package_identification:_identify(.) by extension 'ignore'
[-1780281184486282752.000s] Level 1:colcon.colcon_core.package_identification:_identify(.) by extension 'ignore_ament_install'
[-1780281184486282752.000s] Level 1:colcon.colcon_core.package_identification:_identify(.) by extensions ['colcon_pkg']
[-1780281184486282752.000s] Level 1:colcon.colcon_core.package_identification:_identify(.) by extension 'colcon_pkg'
[-1780281184486282752.000s] Level 1:colcon.colcon_core.package_identification:_identify(.) by extensions ['colcon_meta']
[-1780281184486282752.000s] Level 1:colcon.colcon_core.package_identification:_identify(.) by extension 'colcon_meta'
[-1780281184486282752.000s] Level 1:colcon.colcon_core.package_identification:_identify(.) by extensions ['ros']
[-1780281184486282752.000s] Level 1:colcon.colcon_core.package_identification:_identify(.) by extension 'ros'
[-1780281184486282752.000s] Level 1:colcon.colcon_core.package_identification:_identify(.) by extensions ['cmake', 'python']
[-1780281184486282752.000s] Level 1:colcon.colcon_core.package_identification:_identify(.) by extension 'cmake'
[-1780281184486282752.000s] Level 1:colcon.colcon_core.package_identification:_identify(.) by extension 'python'
[-1780281184486282752.000s] Level 1:colcon.colcon_core.package_identification:_identify(.) by extensions ['python_setup_py']
[-1780281184486282752.000s] Level 1:colcon.colcon_core.package_identification:_identify(.) by extension 'python_setup_py'
[-1780281184486282752.000s] Level 1:colcon.colcon_core.package_identification:_identify(build) by extensions ['ignore', 'ignore_ament_install']
[-1780281184486282752.000s] Level 1:colcon.colcon_core.package_identification:_identify(build) by extension 'ignore'
[-1780281184486282752.000s] Level 1:colcon.colcon_core.package_identification:_identify(build) ignored
[-1780281184486282752.000s] Level 1:colcon.colcon_core.package_identification:_identify(cmds) by extensions ['ignore', 'ignore_ament_install']
[-1780281184486282752.000s] Level 1:colcon.colcon_core.package_identification:_identify(cmds) by extension 'ignore'
[-1780281184486282752.000s] Level 1:colcon.colcon_core.package_identification:_identify(cmds) by extension 'ignore_ament_install'
[-1780281184486282752.000s] Level 1:colcon.colcon_core.package_identification:_identify(cmds) by extensions ['colcon_pkg']
[-1780281184486282752.000s] Level 1:colcon.colcon_core.package_identification:_identify(cmds) by extension 'colcon_pkg'
[-1780281184486282752.000s] Level 1:colcon.colcon_core.package_identification:_identify(cmds) by extensions ['colcon_meta']
[-1780281184486282752.000s] Level 1:colcon.colcon_core.package_identification:_identify(cmds) by extension 'colcon_meta'
[-1780281184486282752.000s] Level 1:colcon.colcon_core.package_identification:_identify(cmds) by extensions ['ros']
[-1780281184486282752.000s] Level 1:colcon.colcon_core.package_identification:_identify(cmds) by extension 'ros'
[-1780281184486282752.000s] Level 1:colcon.colcon_core.package_identification:_identify(cmds) by extensions ['cmake', 'python']
[-1780281184486282752.000s] Level 1:colcon.colcon_core.package_identification:_identify(cmds) by extension 'cmake'
[-1780281184486282752.000s] Level 1:colcon.colcon_core.package_identification:_identify(cmds) by extension 'python'
[-1780281184486282752.000s] Level 1:colcon.colcon_core.package_identification:_identify(cmds) by extensions ['python_setup_py']
[-1780281184486282752.000s] Level 1:colcon.colcon_core.package_identification:_identify(cmds) by extension 'python_setup_py'
[-1780281184486282752.000s] Level 1:colcon.colcon_core.package_identification:_identify(cmds/old) by extensions ['ignore', 'ignore_ament_install']
[-1780281184486282752.000s] Level 1:colcon.colcon_core.package_identification:_identify(cmds/old) by extension 'ignore'
[-1780281184486282752.000s] Level 1:colcon.colcon_core.package_identification:_identify(cmds/old) by extension 'ignore_ament_install'
[-1780281184486282752.000s] Level 1:colcon.colcon_core.package_identification:_identify(cmds/old) by extensions ['colcon_pkg']
[-1780281184486282752.000s] Level 1:colcon.colcon_core.package_identification:_identify(cmds/old) by extension 'colcon_pkg'
[-1780281184486282752.000s] Level 1:colcon.colcon_core.package_identification:_identify(cmds/old) by extensions ['colcon_meta']
[-1780281184486282752.000s] Level 1:colcon.colcon_core.package_identification:_identify(cmds/old) by extension 'colcon_meta'
[-1780281184486282752.000s] Level 1:colcon.colcon_core.package_identification:_identify(cmds/old) by extensions ['ros']
[-1780281184486282752.000s] Level 1:colcon.colcon_core.package_identification:_identify(cmds/old) by extension 'ros'
[-1780281184486282752.000s] Level 1:colcon.colcon_core.package_identification:_identify(cmds/old) by extensions ['cmake', 'python']
[-1780281184486282752.000s] Level 1:colcon.colcon_core.package_identification:_identify(cmds/old) by extension 'cmake'
[-1780281184486282752.000s] Level 1:colcon.colcon_core.package_identification:_identify(cmds/old) by extension 'python'
[-1780281184486282752.000s] Level 1:colcon.colcon_core.package_identification:_identify(cmds/old) by extensions ['python_setup_py']
[-1780281184486282752.000s] Level 1:colcon.colcon_core.package_identification:_identify(cmds/old) by extension 'python_setup_py'
[-1780281184486282752.000s] Level 1:colcon.colcon_core.package_identification:_identify(install) by extensions ['ignore', 'ignore_ament_install']
[-1780281184486282752.000s] Level 1:colcon.colcon_core.package_identification:_identify(install) by extension 'ignore'
[-1780281184486282752.000s] Level 1:colcon.colcon_core.package_identification:_identify(install) ignored
[-1780281184486282752.000s] Level 1:colcon.colcon_core.package_identification:_identify(log) by extensions ['ignore', 'ignore_ament_install']
[-1780281184486282752.000s] Level 1:colcon.colcon_core.package_identification:_identify(log) by extension 'ignore'
[-1780281184486282752.000s] Level 1:colcon.colcon_core.package_identification:_identify(log) ignored
[-1780281184486282752.000s] Level 1:colcon.colcon_core.package_identification:_identify(maps) by extensions ['ignore', 'ignore_ament_install']
[-1780281184486282752.000s] Level 1:colcon.colcon_core.package_identification:_identify(maps) by extension 'ignore'
[-1780281184486282752.000s] Level 1:colcon.colcon_core.package_identification:_identify(maps) by extension 'ignore_ament_install'
[-1780281184486282752.000s] Level 1:colcon.colcon_core.package_identification:_identify(maps) by extensions ['colcon_pkg']
[-1780281184486282752.000s] Level 1:colcon.colcon_core.package_identification:_identify(maps) by extension 'colcon_pkg'
[-1780281184486282752.000s] Level 1:colcon.colcon_core.package_identification:_identify(maps) by extensions ['colcon_meta']
[-1780281184486282752.000s] Level 1:colcon.colcon_core.package_identification:_identify(maps) by extension 'colcon_meta'
[-1780281184486282752.000s] Level 1:colcon.colcon_core.package_identification:_identify(maps) by extensions ['ros']
[-1780281184486282752.000s] Level 1:colcon.colcon_core.package_identification:_identify(maps) by extension 'ros'
[-1780281184486282752.000s] Level 1:colcon.colcon_core.package_identification:_identify(maps) by extensions ['cmake', 'python']
[-1780281184486282752.000s] Level 1:colcon.colcon_core.package_identification:_identify(maps) by extension 'cmake'
[-1780281184486282752.000s] Level 1:colcon.colcon_core.package_identification:_identify(maps) by extension 'python'
[-1780281184486282752.000s] Level 1:colcon.colcon_core.package_identification:_identify(maps) by extensions ['python_setup_py']
[-1780281184486282752.000s] Level 1:colcon.colcon_core.package_identification:_identify(maps) by extension 'python_setup_py'
[-1780281184486282752.000s] Level 1:colcon.colcon_core.package_identification:_identify(params) by extensions ['ignore', 'ignore_ament_install']
[-1780281184486282752.000s] Level 1:colcon.colcon_core.package_identification:_identify(params) by extension 'ignore'
[-1780281184486282752.000s] Level 1:colcon.colcon_core.package_identification:_identify(params) by extension 'ignore_ament_install'
[-1780281184486282752.000s] Level 1:colcon.colcon_core.package_identification:_identify(params) by extensions ['colcon_pkg']
[-1780281184486282752.000s] Level 1:colcon.colcon_core.package_identification:_identify(params) by extension 'colcon_pkg'
[-1780281184486282752.000s] Level 1:colcon.colcon_core.package_identification:_identify(params) by extensions ['colcon_meta']
[-1780281184486282752.000s] Level 1:colcon.colcon_core.package_identification:_identify(params) by extension 'colcon_meta'
[-1780281184486282752.000s] Level 1:colcon.colcon_core.package_identification:_identify(params) by extensions ['ros']
[-1780281184486282752.000s] Level 1:colcon.colcon_core.package_identification:_identify(params) by extension 'ros'
[-1780281184486282752.000s] Level 1:colcon.colcon_core.package_identification:_identify(params) by extensions ['cmake', 'python']
[-1780281184486282752.000s] Level 1:colcon.colcon_core.package_identification:_identify(params) by extension 'cmake'
[-1780281184486282752.000s] Level 1:colcon.colcon_core.package_identification:_identify(params) by extension 'python'
[-1780281184486282752.000s] Level 1:colcon.colcon_core.package_identification:_identify(params) by extensions ['python_setup_py']
[-1780281184486282752.000s] Level 1:colcon.colcon_core.package_identification:_identify(params) by extension 'python_setup_py'
[-1780281184486282752.000s] Level 1:colcon.colcon_core.package_identification:_identify(src) by extensions ['ignore', 'ignore_ament_install']
[-1780281184486282752.000s] Level 1:colcon.colcon_core.package_identification:_identify(src) by extension 'ignore'
[-1780281184486282752.000s] Level 1:colcon.colcon_core.package_identification:_identify(src) by extension 'ignore_ament_install'
[-1780281184486282752.000s] Level 1:colcon.colcon_core.package_identification:_identify(src) by extensions ['colcon_pkg']
[-1780281184486282752.000s] Level 1:colcon.colcon_core.package_identification:_identify(src) by extension 'colcon_pkg'
[-1780281184486282752.000s] Level 1:colcon.colcon_core.package_identification:_identify(src) by extensions ['colcon_meta']
[-1780281184486282752.000s] Level 1:colcon.colcon_core.package_identification:_identify(src) by extension 'colcon_meta'
[-1780281184486282752.000s] Level 1:colcon.colcon_core.package_identification:_identify(src) by extensions ['ros']
[-1780281184486282752.000s] Level 1:colcon.colcon_core.package_identification:_identify(src) by extension 'ros'
[-1780281184486282752.000s] Level 1:colcon.colcon_core.package_identification:_identify(src) by extensions ['cmake', 'python']
[-1780281184486282752.000s] Level 1:colcon.colcon_core.package_identification:_identify(src) by extension 'cmake'
[-1780281184486282752.000s] Level 1:colcon.colcon_core.package_identification:_identify(src) by extension 'python'
[-1780281184486282752.000s] Level 1:colcon.colcon_core.package_identification:_identify(src) by extensions ['python_setup_py']
[-1780281184486282752.000s] Level 1:colcon.colcon_core.package_identification:_identify(src) by extension 'python_setup_py'
[-1780281184486282752.000s] Level 1:colcon.colcon_core.package_identification:_identify(src/dave) by extensions ['ignore', 'ignore_ament_install']
[-1780281184486282752.000s] Level 1:colcon.colcon_core.package_identification:_identify(src/dave) by extension 'ignore'
[-1780281184486282752.000s] Level 1:colcon.colcon_core.package_identification:_identify(src/dave) by extension 'ignore_ament_install'
[-1780281184486282752.000s] Level 1:colcon.colcon_core.package_identification:_identify(src/dave) by extensions ['colcon_pkg']
[-1780281184486282752.000s] Level 1:colcon.colcon_core.package_identification:_identify(src/dave) by extension 'colcon_pkg'
[-1780281184486282752.000s] Level 1:colcon.colcon_core.package_identification:_identify(src/dave) by extensions ['colcon_meta']
[-1780281184486282752.000s] Level 1:colcon.colcon_core.package_identification:_identify(src/dave) by extension 'colcon_meta'
[-1780281184486282752.000s] Level 1:colcon.colcon_core.package_identification:_identify(src/dave) by extensions ['ros']
[-1780281184486282752.000s] Level 1:colcon.colcon_core.package_identification:_identify(src/dave) by extension 'ros'
[-1780281184486282752.000s] DEBUG:colcon.colcon_core.package_identification:Package 'src/dave' with type 'ros.ament_python' and name 'dave'
[-1780281184486282752.000s] Level 1:colcon.colcon_core.package_identification:_identify(src/dave_interfaces) by extensions ['ignore', 'ignore_ament_install']
[-1780281184486282752.000s] Level 1:colcon.colcon_core.package_identification:_identify(src/dave_interfaces) by extension 'ignore'
[-1780281184486282752.000s] Level 1:colcon.colcon_core.package_identification:_identify(src/dave_interfaces) by extension 'ignore_ament_install'
[-1780281184486282752.000s] Level 1:colcon.colcon_core.package_identification:_identify(src/dave_interfaces) by extensions ['colcon_pkg']
[-1780281184486282752.000s] Level 1:colcon.colcon_core.package_identification:_identify(src/dave_interfaces) by extension 'colcon_pkg'
[-1780281184486282752.000s] Level 1:colcon.colcon_core.package_identification:_identify(src/dave_interfaces) by extensions ['colcon_meta']
[-1780281184486282752.000s] Level 1:colcon.colcon_core.package_identification:_identify(src/dave_interfaces) by extension 'colcon_meta'
[-1780281184486282752.000s] Level 1:colcon.colcon_core.package_identification:_identify(src/dave_interfaces) by extensions ['ros']
[-1780281184486282752.000s] Level 1:colcon.colcon_core.package_identification:_identify(src/dave_interfaces) by extension 'ros'
[-1780281184486282752.000s] DEBUG:colcon.colcon_core.package_identification:Package 'src/dave_interfaces' with type 'ros.ament_cmake' and name 'dave_interfaces'
[-1780281184486282752.000s] Level 1:colcon.colcon_core.package_identification:_identify(src/demo_nodes_py) by extensions ['ignore', 'ignore_ament_install']
[-1780281184486282752.000s] Level 1:colcon.colcon_core.package_identification:_identify(src/demo_nodes_py) by extension 'ignore'
[-1780281184486282752.000s] Level 1:colcon.colcon_core.package_identification:_identify(src/demo_nodes_py) by extension 'ignore_ament_install'
[-1780281184486282752.000s] Level 1:colcon.colcon_core.package_identification:_identify(src/demo_nodes_py) by extensions ['colcon_pkg']
[-1780281184486282752.000s] Level 1:colcon.colcon_core.package_identification:_identify(src/demo_nodes_py) by extension 'colcon_pkg'
[-1780281184486282752.000s] Level 1:colcon.colcon_core.package_identification:_identify(src/demo_nodes_py) by extensions ['colcon_meta']
[-1780281184486282752.000s] Level 1:colcon.colcon_core.package_identification:_identify(src/demo_nodes_py) by extension 'colcon_meta'
[-1780281184486282752.000s] Level 1:colcon.colcon_core.package_identification:_identify(src/demo_nodes_py) by extensions ['ros']
[-1780281184486282752.000s] Level 1:colcon.colcon_core.package_identification:_identify(src/demo_nodes_py) by extension 'ros'
[-1780281184486282752.000s] DEBUG:colcon.colcon_core.package_identification:Package 'src/demo_nodes_py' with type 'ros.ament_python' and name 'demo_nodes_py'
[-1780281184486282752.000s] Level 1:colcon.colcon_core.package_identification:_identify(src/explorer_wanderer) by extensions ['ignore', 'ignore_ament_install']
[-1780281184486282752.000s] Level 1:colcon.colcon_core.package_identification:_identify(src/explorer_wanderer) by extension 'ignore'
[-1780281184486282752.000s] Level 1:colcon.colcon_core.package_identification:_identify(src/explorer_wanderer) by extension 'ignore_ament_install'
[-1780281184486282752.000s] Level 1:colcon.colcon_core.package_identification:_identify(src/explorer_wanderer) by extensions ['colcon_pkg']
[-1780281184486282752.000s] Level 1:colcon.colcon_core.package_identification:_identify(src/explorer_wanderer) by extension 'colcon_pkg'
[-1780281184486282752.000s] Level 1:colcon.colcon_core.package_identification:_identify(src/explorer_wanderer) by extensions ['colcon_meta']
[-1780281184486282752.000s] Level 1:colcon.colcon_core.package_identification:_identify(src/explorer_wanderer) by extension 'colcon_meta'
[-1780281184486282752.000s] Level 1:colcon.colcon_core.package_identification:_identify(src/explorer_wanderer) by extensions ['ros']
[-1780281184486282752.000s] Level 1:colcon.colcon_core.package_identification:_identify(src/explorer_wanderer) by extension 'ros'
[-1780281184486282752.000s] DEBUG:colcon.colcon_core.package_identification:Package 'src/explorer_wanderer' with type 'ros.ament_python' and name 'explorer_wanderer'
[-1780281184486282752.000s] Level 1:colcon.colcon_core.package_identification:_identify(src/gpg3_cartographer) by extensions ['ignore', 'ignore_ament_install']
[-1780281184486282752.000s] Level 1:colcon.colcon_core.package_identification:_identify(src/gpg3_cartographer) by extension 'ignore'
[-1780281184486282752.000s] Level 1:colcon.colcon_core.package_identification:_identify(src/gpg3_cartographer) by extension 'ignore_ament_install'
[-1780281184486282752.000s] Level 1:colcon.colcon_core.package_identification:_identify(src/gpg3_cartographer) by extensions ['colcon_pkg']
[-1780281184486282752.000s] Level 1:colcon.colcon_core.package_identification:_identify(src/gpg3_cartographer) by extension 'colcon_pkg'
[-1780281184486282752.000s] Level 1:colcon.colcon_core.package_identification:_identify(src/gpg3_cartographer) by extensions ['colcon_meta']
[-1780281184486282752.000s] Level 1:colcon.colcon_core.package_identification:_identify(src/gpg3_cartographer) by extension 'colcon_meta'
[-1780281184486282752.000s] Level 1:colcon.colcon_core.package_identification:_identify(src/gpg3_cartographer) by extensions ['ros']
[-1780281184486282752.000s] Level 1:colcon.colcon_core.package_identification:_identify(src/gpg3_cartographer) by extension 'ros'
[-1780281184486282752.000s] DEBUG:colcon.colcon_core.package_identification:Package 'src/gpg3_cartographer' with type 'ros.ament_cmake' and name 'gpg3_cartographer'
[-1780281184486282752.000s] Level 1:colcon.colcon_core.package_identification:_identify(src/gpg3_navigation2) by extensions ['ignore', 'ignore_ament_install']
[-1780281184486282752.000s] Level 1:colcon.colcon_core.package_identification:_identify(src/gpg3_navigation2) by extension 'ignore'
[-1780281184486282752.000s] Level 1:colcon.colcon_core.package_identification:_identify(src/gpg3_navigation2) by extension 'ignore_ament_install'
[-1780281184486282752.000s] Level 1:colcon.colcon_core.package_identification:_identify(src/gpg3_navigation2) by extensions ['colcon_pkg']
[-1780281184486282752.000s] Level 1:colcon.colcon_core.package_identification:_identify(src/gpg3_navigation2) by extension 'colcon_pkg'
[-1780281184486282752.000s] Level 1:colcon.colcon_core.package_identification:_identify(src/gpg3_navigation2) by extensions ['colcon_meta']
[-1780281184486282752.000s] Level 1:colcon.colcon_core.package_identification:_identify(src/gpg3_navigation2) by extension 'colcon_meta'
[-1780281184486282752.000s] Level 1:colcon.colcon_core.package_identification:_identify(src/gpg3_navigation2) by extensions ['ros']
[-1780281184486282752.000s] Level 1:colcon.colcon_core.package_identification:_identify(src/gpg3_navigation2) by extension 'ros'
[-1780281184486282752.000s] DEBUG:colcon.colcon_core.package_identification:Package 'src/gpg3_navigation2' with type 'ros.ament_cmake' and name 'gpg3_navigation2'
[-1780281184486282752.000s] Level 1:colcon.colcon_core.package_identification:_identify(src/nav2_gopigo3) by extensions ['ignore', 'ignore_ament_install']
[-1780281184486282752.000s] Level 1:colcon.colcon_core.package_identification:_identify(src/nav2_gopigo3) by extension 'ignore'
[-1780281184486282752.000s] Level 1:colcon.colcon_core.package_identification:_identify(src/nav2_gopigo3) by extension 'ignore_ament_install'
[-1780281184486282752.000s] Level 1:colcon.colcon_core.package_identification:_identify(src/nav2_gopigo3) by extensions ['colcon_pkg']
[-1780281184486282752.000s] Level 1:colcon.colcon_core.package_identification:_identify(src/nav2_gopigo3) by extension 'colcon_pkg'
[-1780281184486282752.000s] Level 1:colcon.colcon_core.package_identification:_identify(src/nav2_gopigo3) by extensions ['colcon_meta']
[-1780281184486282752.000s] Level 1:colcon.colcon_core.package_identification:_identify(src/nav2_gopigo3) by extension 'colcon_meta'
[-1780281184486282752.000s] Level 1:colcon.colcon_core.package_identification:_identify(src/nav2_gopigo3) by extensions ['ros']
[-1780281184486282752.000s] Level 1:colcon.colcon_core.package_identification:_identify(src/nav2_gopigo3) by extension 'ros'
[-1780281184486282752.000s] DEBUG:colcon.colcon_core.package_identification:Package 'src/nav2_gopigo3' with type 'ros.ament_cmake' and name 'nav2_gopigo3'
[-1780281184486282752.000s] Level 1:colcon.colcon_core.package_identification:_identify(src/ros2_gopigo3_msg) by extensions ['ignore', 'ignore_ament_install']
[-1780281184486282752.000s] Level 1:colcon.colcon_core.package_identification:_identify(src/ros2_gopigo3_msg) by extension 'ignore'
[-1780281184486282752.000s] Level 1:colcon.colcon_core.package_identification:_identify(src/ros2_gopigo3_msg) by extension 'ignore_ament_install'
[-1780281184486282752.000s] Level 1:colcon.colcon_core.package_identification:_identify(src/ros2_gopigo3_msg) by extensions ['colcon_pkg']
[-1780281184486282752.000s] Level 1:colcon.colcon_core.package_identification:_identify(src/ros2_gopigo3_msg) by extension 'colcon_pkg'
[-1780281184486282752.000s] Level 1:colcon.colcon_core.package_identification:_identify(src/ros2_gopigo3_msg) by extensions ['colcon_meta']
[-1780281184486282752.000s] Level 1:colcon.colcon_core.package_identification:_identify(src/ros2_gopigo3_msg) by extension 'colcon_meta'
[-1780281184486282752.000s] Level 1:colcon.colcon_core.package_identification:_identify(src/ros2_gopigo3_msg) by extensions ['ros']
[-1780281184486282752.000s] Level 1:colcon.colcon_core.package_identification:_identify(src/ros2_gopigo3_msg) by extension 'ros'
[-1780281184486282752.000s] DEBUG:colcon.colcon_core.package_identification:Package 'src/ros2_gopigo3_msg' with type 'ros.ament_cmake' and name 'ros2_gopigo3_msg'
[-1780281184486282752.000s] Level 1:colcon.colcon_core.package_identification:_identify(src/ros2_gopigo3_node) by extensions ['ignore', 'ignore_ament_install']
[-1780281184486282752.000s] Level 1:colcon.colcon_core.package_identification:_identify(src/ros2_gopigo3_node) by extension 'ignore'
[-1780281184486282752.000s] Level 1:colcon.colcon_core.package_identification:_identify(src/ros2_gopigo3_node) by extension 'ignore_ament_install'
[-1780281184486282752.000s] Level 1:colcon.colcon_core.package_identification:_identify(src/ros2_gopigo3_node) by extensions ['colcon_pkg']
[-1780281184486282752.000s] Level 1:colcon.colcon_core.package_identification:_identify(src/ros2_gopigo3_node) by extension 'colcon_pkg'
[-1780281184486282752.000s] Level 1:colcon.colcon_core.package_identification:_identify(src/ros2_gopigo3_node) by extensions ['colcon_meta']
[-1780281184486282752.000s] Level 1:colcon.colcon_core.package_identification:_identify(src/ros2_gopigo3_node) by extension 'colcon_meta'
[-1780281184486282752.000s] Level 1:colcon.colcon_core.package_identification:_identify(src/ros2_gopigo3_node) by extensions ['ros']
[-1780281184486282752.000s] Level 1:colcon.colcon_core.package_identification:_identify(src/ros2_gopigo3_node) by extension 'ros'
[-1780281184486282752.000s] DEBUG:colcon.colcon_core.package_identification:Package 'src/ros2_gopigo3_node' with type 'ros.ament_python' and name 'ros2_gopigo3_node'
[-1780281184486282752.000s] Level 1:colcon.colcon_core.package_identification:_identify(src/ros2_libcamera_pub) by extensions ['ignore', 'ignore_ament_install']
[-1780281184486282752.000s] Level 1:colcon.colcon_core.package_identification:_identify(src/ros2_libcamera_pub) by extension 'ignore'
[-1780281184486282752.000s] Level 1:colcon.colcon_core.package_identification:_identify(src/ros2_libcamera_pub) by extension 'ignore_ament_install'
[-1780281184486282752.000s] Level 1:colcon.colcon_core.package_identification:_identify(src/ros2_libcamera_pub) by extensions ['colcon_pkg']
[-1780281184486282752.000s] Level 1:colcon.colcon_core.package_identification:_identify(src/ros2_libcamera_pub) by extension 'colcon_pkg'
[-1780281184486282752.000s] Level 1:colcon.colcon_core.package_identification:_identify(src/ros2_libcamera_pub) by extensions ['colcon_meta']
[-1780281184486282752.000s] Level 1:colcon.colcon_core.package_identification:_identify(src/ros2_libcamera_pub) by extension 'colcon_meta'
[-1780281184486282752.000s] Level 1:colcon.colcon_core.package_identification:_identify(src/ros2_libcamera_pub) by extensions ['ros']
[-1780281184486282752.000s] Level 1:colcon.colcon_core.package_identification:_identify(src/ros2_libcamera_pub) by extension 'ros'
[-1780281184486282752.000s] DEBUG:colcon.colcon_core.package_identification:Package 'src/ros2_libcamera_pub' with type 'ros.ament_python' and name 'ros2_libcamera_pub'
[-1780281184486282752.000s] Level 1:colcon.colcon_core.package_identification:_identify(src/scan_client) by extensions ['ignore', 'ignore_ament_install']
[-1780281184486282752.000s] Level 1:colcon.colcon_core.package_identification:_identify(src/scan_client) by extension 'ignore'
[-1780281184486282752.000s] Level 1:colcon.colcon_core.package_identification:_identify(src/scan_client) by extension 'ignore_ament_install'
[-1780281184486282752.000s] Level 1:colcon.colcon_core.package_identification:_identify(src/scan_client) by extensions ['colcon_pkg']
[-1780281184486282752.000s] Level 1:colcon.colcon_core.package_identification:_identify(src/scan_client) by extension 'colcon_pkg'
[-1780281184486282752.000s] Level 1:colcon.colcon_core.package_identification:_identify(src/scan_client) by extensions ['colcon_meta']
[-1780281184486282752.000s] Level 1:colcon.colcon_core.package_identification:_identify(src/scan_client) by extension 'colcon_meta'
[-1780281184486282752.000s] Level 1:colcon.colcon_core.package_identification:_identify(src/scan_client) by extensions ['ros']
[-1780281184486282752.000s] Level 1:colcon.colcon_core.package_identification:_identify(src/scan_client) by extension 'ros'
[-1780281184486282752.000s] DEBUG:colcon.colcon_core.package_identification:Package 'src/scan_client' with type 'ros.ament_python' and name 'scan_client'
[-1780281184486282752.000s] Level 1:colcon.colcon_core.package_identification:_identify(src/teleop_gopigo3_keyboard) by extensions ['ignore', 'ignore_ament_install']
[-1780281184486282752.000s] Level 1:colcon.colcon_core.package_identification:_identify(src/teleop_gopigo3_keyboard) by extension 'ignore'
[-1780281184486282752.000s] Level 1:colcon.colcon_core.package_identification:_identify(src/teleop_gopigo3_keyboard) by extension 'ignore_ament_install'
[-1780281184486282752.000s] Level 1:colcon.colcon_core.package_identification:_identify(src/teleop_gopigo3_keyboard) by extensions ['colcon_pkg']
[-1780281184486282752.000s] Level 1:colcon.colcon_core.package_identification:_identify(src/teleop_gopigo3_keyboard) by extension 'colcon_pkg'
[-1780281184486282752.000s] Level 1:colcon.colcon_core.package_identification:_identify(src/teleop_gopigo3_keyboard) by extensions ['colcon_meta']
[-1780281184486282752.000s] Level 1:colcon.colcon_core.package_identification:_identify(src/teleop_gopigo3_keyboard) by extension 'colcon_meta'
[-1780281184486282752.000s] Level 1:colcon.colcon_core.package_identification:_identify(src/teleop_gopigo3_keyboard) by extensions ['ros']
[-1780281184486282752.000s] Level 1:colcon.colcon_core.package_identification:_identify(src/teleop_gopigo3_keyboard) by extension 'ros'
[-1780281184486282752.000s] DEBUG:colcon.colcon_core.package_identification:Package 'src/teleop_gopigo3_keyboard' with type 'ros.ament_python' and name 'teleop_gopigo3_keyboard'
[-1780281184486282752.000s] Level 1:colcon.colcon_core.package_identification:_identify(tests) by extensions ['ignore', 'ignore_ament_install']
[-1780281184486282752.000s] Level 1:colcon.colcon_core.package_identification:_identify(tests) by extension 'ignore'
[-1780281184486282752.000s] Level 1:colcon.colcon_core.package_identification:_identify(tests) by extension 'ignore_ament_install'
[-1780281184486282752.000s] Level 1:colcon.colcon_core.package_identification:_identify(tests) by extensions ['colcon_pkg']
[-1780281184486282752.000s] Level 1:colcon.colcon_core.package_identification:_identify(tests) by extension 'colcon_pkg'
[-1780281184486282752.000s] Level 1:colcon.colcon_core.package_identification:_identify(tests) by extensions ['colcon_meta']
[-1780281184486282752.000s] Level 1:colcon.colcon_core.package_identification:_identify(tests) by extension 'colcon_meta'
[-1780281184486282752.000s] Level 1:colcon.colcon_core.package_identification:_identify(tests) by extensions ['ros']
[-1780281184486282752.000s] Level 1:colcon.colcon_core.package_identification:_identify(tests) by extension 'ros'
[-1780281184486282752.000s] Level 1:colcon.colcon_core.package_identification:_identify(tests) by extensions ['cmake', 'python']
[-1780281184486282752.000s] Level 1:colcon.colcon_core.package_identification:_identify(tests) by extension 'cmake'
[-1780281184486282752.000s] Level 1:colcon.colcon_core.package_identification:_identify(tests) by extension 'python'
[-1780281184486282752.000s] Level 1:colcon.colcon_core.package_identification:_identify(tests) by extensions ['python_setup_py']
[-1780281184486282752.000s] Level 1:colcon.colcon_core.package_identification:_identify(tests) by extension 'python_setup_py'
[-1780281184486282752.000s] Level 1:colcon.colcon_core.package_discovery:discover_packages(recursive) using defaults
[-1780281184486282752.000s] Level 1:colcon.colcon_core.package_discovery:discover_packages(ignore) discover
[-1780281184486282752.000s] Level 1:colcon.colcon_core.package_discovery:discover_packages(ignore) using defaults
[-1780281184486282752.000s] Level 1:colcon.colcon_core.package_discovery:discover_packages(path) discover
[-1780281184486282752.000s] Level 1:colcon.colcon_core.package_discovery:discover_packages(path) using defaults
[-1780281184486282752.000s] Level 1:colcon.colcon_core.package_discovery:discover_packages(prefix_path) check parameters
[-1780281184486282752.000s] Level 1:colcon.colcon_core.package_discovery:discover_packages(prefix_path) discover
[-1780281184486282752.000s] DEBUG:colcon.colcon_installed_package_information.package_discovery:Found 12 installed packages in /home/ubuntu/LyricalDave/ros2ws/install
[-1780281184486282752.000s] DEBUG:colcon.colcon_installed_package_information.package_discovery:Found 204 installed packages in /opt/ros/lyrical
[-1780281184486282752.000s] Level 1:colcon.colcon_core.package_discovery:discover_packages(prefix_path) using defaults
[-1780281184486282752.000s] Level 5:colcon.colcon_core.verb:set package 'dave' build argument 'cmake_args' from command line to 'None'
[-1780281184486282752.000s] Level 5:colcon.colcon_core.verb:set package 'dave' build argument 'cmake_target' from command line to 'None'
[-1780281184486282752.000s] Level 5:colcon.colcon_core.verb:set package 'dave' build argument 'cmake_target_skip_unavailable' from command line to 'False'
[-1780281184486282752.000s] Level 5:colcon.colcon_core.verb:set package 'dave' build argument 'cmake_clean_cache' from command line to 'False'
[-1780281184486282752.000s] Level 5:colcon.colcon_core.verb:set package 'dave' build argument 'cmake_clean_first' from command line to 'False'
[-1780281184486282752.000s] Level 5:colcon.colcon_core.verb:set package 'dave' build argument 'cmake_force_configure' from command line to 'False'
[-1780281184486282752.000s] Level 5:colcon.colcon_core.verb:set package 'dave' build argument 'ament_cmake_args' from command line to 'None'
[-1780281184486282752.000s] Level 5:colcon.colcon_core.verb:set package 'dave' build argument 'catkin_cmake_args' from command line to 'None'
[-1780281184486282752.000s] Level 5:colcon.colcon_core.verb:set package 'dave' build argument 'catkin_skip_building_tests' from command line to 'False'
[-1780281184486282752.000s] DEBUG:colcon.colcon_core.verb:Building package 'dave' with the following arguments: {'ament_cmake_args': None, 'build_base': '/home/ubuntu/LyricalDave/ros2ws/build/dave', 'catkin_cmake_args': None, 'catkin_skip_building_tests': False, 'cmake_args': None, 'cmake_clean_cache': False, 'cmake_clean_first': False, 'cmake_force_configure': False, 'cmake_target': None, 'cmake_target_skip_unavailable': False, 'install_base': '/home/ubuntu/LyricalDave/ros2ws/install/dave', 'merge_install': False, 'path': '/home/ubuntu/LyricalDave/ros2ws/src/dave', 'symlink_install': False, 'test_result_base': None}
[-1780281184486282752.000s] Level 5:colcon.colcon_core.verb:set package 'dave_interfaces' build argument 'cmake_args' from command line to 'None'
[-1780281184486282752.000s] Level 5:colcon.colcon_core.verb:set package 'dave_interfaces' build argument 'cmake_target' from command line to 'None'
[-1780281184486282752.000s] Level 5:colcon.colcon_core.verb:set package 'dave_interfaces' build argument 'cmake_target_skip_unavailable' from command line to 'False'
[-1780281184486282752.000s] Level 5:colcon.colcon_core.verb:set package 'dave_interfaces' build argument 'cmake_clean_cache' from command line to 'False'
[-1780281184486282752.000s] Level 5:colcon.colcon_core.verb:set package 'dave_interfaces' build argument 'cmake_clean_first' from command line to 'False'
[-1780281184486282752.000s] Level 5:colcon.colcon_core.verb:set package 'dave_interfaces' build argument 'cmake_force_configure' from command line to 'False'
[-1780281184486282752.000s] Level 5:colcon.colcon_core.verb:set package 'dave_interfaces' build argument 'ament_cmake_args' from command line to 'None'
[-1780281184486282752.000s] Level 5:colcon.colcon_core.verb:set package 'dave_interfaces' build argument 'catkin_cmake_args' from command line to 'None'
[-1780281184486282752.000s] Level 5:colcon.colcon_core.verb:set package 'dave_interfaces' build argument 'catkin_skip_building_tests' from command line to 'False'
[-1780281184486282752.000s] DEBUG:colcon.colcon_core.verb:Building package 'dave_interfaces' with the following arguments: {'ament_cmake_args': None, 'build_base': '/home/ubuntu/LyricalDave/ros2ws/build/dave_interfaces', 'catkin_cmake_args': None, 'catkin_skip_building_tests': False, 'cmake_args': None, 'cmake_clean_cache': False, 'cmake_clean_first': False, 'cmake_force_configure': False, 'cmake_target': None, 'cmake_target_skip_unavailable': False, 'install_base': '/home/ubuntu/LyricalDave/ros2ws/install/dave_interfaces', 'merge_install': False, 'path': '/home/ubuntu/LyricalDave/ros2ws/src/dave_interfaces', 'symlink_install': False, 'test_result_base': None}
[-1780281184486282752.000s] Level 5:colcon.colcon_core.verb:set package 'demo_nodes_py' build argument 'cmake_args' from command line to 'None'
[-1780281184486282752.000s] Level 5:colcon.colcon_core.verb:set package 'demo_nodes_py' build argument 'cmake_target' from command line to 'None'
[-1780281184486282752.000s] Level 5:colcon.colcon_core.verb:set package 'demo_nodes_py' build argument 'cmake_target_skip_unavailable' from command line to 'False'
[-1780281184486282752.000s] Level 5:colcon.colcon_core.verb:set package 'demo_nodes_py' build argument 'cmake_clean_cache' from command line to 'False'
[-1780281184486282752.000s] Level 5:colcon.colcon_core.verb:set package 'demo_nodes_py' build argument 'cmake_clean_first' from command line to 'False'
[-1780281184486282752.000s] Level 5:colcon.colcon_core.verb:set package 'demo_nodes_py' build argument 'cmake_force_configure' from command line to 'False'
[-1780281184486282752.000s] Level 5:colcon.colcon_core.verb:set package 'demo_nodes_py' build argument 'ament_cmake_args' from command line to 'None'
[-1780281184486282752.000s] Level 5:colcon.colcon_core.verb:set package 'demo_nodes_py' build argument 'catkin_cmake_args' from command line to 'None'
[-1780281184486282752.000s] Level 5:colcon.colcon_core.verb:set package 'demo_nodes_py' build argument 'catkin_skip_building_tests' from command line to 'False'
[-1780281184486282752.000s] DEBUG:colcon.colcon_core.verb:Building package 'demo_nodes_py' with the following arguments: {'ament_cmake_args': None, 'build_base': '/home/ubuntu/LyricalDave/ros2ws/build/demo_nodes_py', 'catkin_cmake_args': None, 'catkin_skip_building_tests': False, 'cmake_args': None, 'cmake_clean_cache': False, 'cmake_clean_first': False, 'cmake_force_configure': False, 'cmake_target': None, 'cmake_target_skip_unavailable': False, 'install_base': '/home/ubuntu/LyricalDave/ros2ws/install/demo_nodes_py', 'merge_install': False, 'path': '/home/ubuntu/LyricalDave/ros2ws/src/demo_nodes_py', 'symlink_install': False, 'test_result_base': None}
[-1780281184486282752.000s] Level 5:colcon.colcon_core.verb:set package 'explorer_wanderer' build argument 'cmake_args' from command line to 'None'
[-1780281184486282752.000s] Level 5:colcon.colcon_core.verb:set package 'explorer_wanderer' build argument 'cmake_target' from command line to 'None'
[-1780281184486282752.000s] Level 5:colcon.colcon_core.verb:set package 'explorer_wanderer' build argument 'cmake_target_skip_unavailable' from command line to 'False'
[-1780281184486282752.000s] Level 5:colcon.colcon_core.verb:set package 'explorer_wanderer' build argument 'cmake_clean_cache' from command line to 'False'
[-1780281184486282752.000s] Level 5:colcon.colcon_core.verb:set package 'explorer_wanderer' build argument 'cmake_clean_first' from command line to 'False'
[-1780281184486282752.000s] Level 5:colcon.colcon_core.verb:set package 'explorer_wanderer' build argument 'cmake_force_configure' from command line to 'False'
[-1780281184486282752.000s] Level 5:colcon.colcon_core.verb:set package 'explorer_wanderer' build argument 'ament_cmake_args' from command line to 'None'
[-1780281184486282752.000s] Level 5:colcon.colcon_core.verb:set package 'explorer_wanderer' build argument 'catkin_cmake_args' from command line to 'None'
[-1780281184486282752.000s] Level 5:colcon.colcon_core.verb:set package 'explorer_wanderer' build argument 'catkin_skip_building_tests' from command line to 'False'
[-1780281184486282752.000s] DEBUG:colcon.colcon_core.verb:Building package 'explorer_wanderer' with the following arguments: {'ament_cmake_args': None, 'build_base': '/home/ubuntu/LyricalDave/ros2ws/build/explorer_wanderer', 'catkin_cmake_args': None, 'catkin_skip_building_tests': False, 'cmake_args': None, 'cmake_clean_cache': False, 'cmake_clean_first': False, 'cmake_force_configure': False, 'cmake_target': None, 'cmake_target_skip_unavailable': False, 'install_base': '/home/ubuntu/LyricalDave/ros2ws/install/explorer_wanderer', 'merge_install': False, 'path': '/home/ubuntu/LyricalDave/ros2ws/src/explorer_wanderer', 'symlink_install': False, 'test_result_base': None}
[-1780281184486282752.000s] Level 5:colcon.colcon_core.verb:set package 'gpg3_cartographer' build argument 'cmake_args' from command line to 'None'
[-1780281184486282752.000s] Level 5:colcon.colcon_core.verb:set package 'gpg3_cartographer' build argument 'cmake_target' from command line to 'None'
[-1780281184486282752.000s] Level 5:colcon.colcon_core.verb:set package 'gpg3_cartographer' build argument 'cmake_target_skip_unavailable' from command line to 'False'
[-1780281184486282752.000s] Level 5:colcon.colcon_core.verb:set package 'gpg3_cartographer' build argument 'cmake_clean_cache' from command line to 'False'
[-1780281184486282752.000s] Level 5:colcon.colcon_core.verb:set package 'gpg3_cartographer' build argument 'cmake_clean_first' from command line to 'False'
[-1780281184486282752.000s] Level 5:colcon.colcon_core.verb:set package 'gpg3_cartographer' build argument 'cmake_force_configure' from command line to 'False'
[-1780281184486282752.000s] Level 5:colcon.colcon_core.verb:set package 'gpg3_cartographer' build argument 'ament_cmake_args' from command line to 'None'
[-1780281184486282752.000s] Level 5:colcon.colcon_core.verb:set package 'gpg3_cartographer' build argument 'catkin_cmake_args' from command line to 'None'
[-1780281184486282752.000s] Level 5:colcon.colcon_core.verb:set package 'gpg3_cartographer' build argument 'catkin_skip_building_tests' from command line to 'False'
[-1780281184486282752.000s] DEBUG:colcon.colcon_core.verb:Building package 'gpg3_cartographer' with the following arguments: {'ament_cmake_args': None, 'build_base': '/home/ubuntu/LyricalDave/ros2ws/build/gpg3_cartographer', 'catkin_cmake_args': None, 'catkin_skip_building_tests': False, 'cmake_args': None, 'cmake_clean_cache': False, 'cmake_clean_first': False, 'cmake_force_configure': False, 'cmake_target': None, 'cmake_target_skip_unavailable': False, 'install_base': '/home/ubuntu/LyricalDave/ros2ws/install/gpg3_cartographer', 'merge_install': False, 'path': '/home/ubuntu/LyricalDave/ros2ws/src/gpg3_cartographer', 'symlink_install': False, 'test_result_base': None}
[-1780281184486282752.000s] Level 5:colcon.colcon_core.verb:set package 'gpg3_navigation2' build argument 'cmake_args' from command line to 'None'
[-1780281184486282752.000s] Level 5:colcon.colcon_core.verb:set package 'gpg3_navigation2' build argument 'cmake_target' from command line to 'None'
[-1780281184486282752.000s] Level 5:colcon.colcon_core.verb:set package 'gpg3_navigation2' build argument 'cmake_target_skip_unavailable' from command line to 'False'
[-1780281184486282752.000s] Level 5:colcon.colcon_core.verb:set package 'gpg3_navigation2' build argument 'cmake_clean_cache' from command line to 'False'
[-1780281184486282752.000s] Level 5:colcon.colcon_core.verb:set package 'gpg3_navigation2' build argument 'cmake_clean_first' from command line to 'False'
[-1780281184486282752.000s] Level 5:colcon.colcon_core.verb:set package 'gpg3_navigation2' build argument 'cmake_force_configure' from command line to 'False'
[-1780281184486282752.000s] Level 5:colcon.colcon_core.verb:set package 'gpg3_navigation2' build argument 'ament_cmake_args' from command line to 'None'
[-1780281184486282752.000s] Level 5:colcon.colcon_core.verb:set package 'gpg3_navigation2' build argument 'catkin_cmake_args' from command line to 'None'
[-1780281184486282752.000s] Level 5:colcon.colcon_core.verb:set package 'gpg3_navigation2' build argument 'catkin_skip_building_tests' from command line to 'False'
[-1780281184486282752.000s] DEBUG:colcon.colcon_core.verb:Building package 'gpg3_navigation2' with the following arguments: {'ament_cmake_args': None, 'build_base': '/home/ubuntu/LyricalDave/ros2ws/build/gpg3_navigation2', 'catkin_cmake_args': None, 'catkin_skip_building_tests': False, 'cmake_args': None, 'cmake_clean_cache': False, 'cmake_clean_first': False, 'cmake_force_configure': False, 'cmake_target': None, 'cmake_target_skip_unavailable': False, 'install_base': '/home/ubuntu/LyricalDave/ros2ws/install/gpg3_navigation2', 'merge_install': False, 'path': '/home/ubuntu/LyricalDave/ros2ws/src/gpg3_navigation2', 'symlink_install': False, 'test_result_base': None}
[-1780281184486282752.000s] Level 5:colcon.colcon_core.verb:set package 'nav2_gopigo3' build argument 'cmake_args' from command line to 'None'
[-1780281184486282752.000s] Level 5:colcon.colcon_core.verb:set package 'nav2_gopigo3' build argument 'cmake_target' from command line to 'None'
[-1780281184486282752.000s] Level 5:colcon.colcon_core.verb:set package 'nav2_gopigo3' build argument 'cmake_target_skip_unavailable' from command line to 'False'
[-1780281184486282752.000s] Level 5:colcon.colcon_core.verb:set package 'nav2_gopigo3' build argument 'cmake_clean_cache' from command line to 'False'
[-1780281184486282752.000s] Level 5:colcon.colcon_core.verb:set package 'nav2_gopigo3' build argument 'cmake_clean_first' from command line to 'False'
[-1780281184486282752.000s] Level 5:colcon.colcon_core.verb:set package 'nav2_gopigo3' build argument 'cmake_force_configure' from command line to 'False'
[-1780281184486282752.000s] Level 5:colcon.colcon_core.verb:set package 'nav2_gopigo3' build argument 'ament_cmake_args' from command line to 'None'
[-1780281184486282752.000s] Level 5:colcon.colcon_core.verb:set package 'nav2_gopigo3' build argument 'catkin_cmake_args' from command line to 'None'
[-1780281184486282752.000s] Level 5:colcon.colcon_core.verb:set package 'nav2_gopigo3' build argument 'catkin_skip_building_tests' from command line to 'False'
[-1780281184486282752.000s] DEBUG:colcon.colcon_core.verb:Building package 'nav2_gopigo3' with the following arguments: {'ament_cmake_args': None, 'build_base': '/home/ubuntu/LyricalDave/ros2ws/build/nav2_gopigo3', 'catkin_cmake_args': None, 'catkin_skip_building_tests': False, 'cmake_args': None, 'cmake_clean_cache': False, 'cmake_clean_first': False, 'cmake_force_configure': False, 'cmake_target': None, 'cmake_target_skip_unavailable': False, 'install_base': '/home/ubuntu/LyricalDave/ros2ws/install/nav2_gopigo3', 'merge_install': False, 'path': '/home/ubuntu/LyricalDave/ros2ws/src/nav2_gopigo3', 'symlink_install': False, 'test_result_base': None}
[-1780281184486282752.000s] Level 5:colcon.colcon_core.verb:set package 'ros2_gopigo3_msg' build argument 'cmake_args' from command line to 'None'
[-1780281184486282752.000s] Level 5:colcon.colcon_core.verb:set package 'ros2_gopigo3_msg' build argument 'cmake_target' from command line to 'None'
[-1780281184486282752.000s] Level 5:colcon.colcon_core.verb:set package 'ros2_gopigo3_msg' build argument 'cmake_target_skip_unavailable' from command line to 'False'
[-1780281184486282752.000s] Level 5:colcon.colcon_core.verb:set package 'ros2_gopigo3_msg' build argument 'cmake_clean_cache' from command line to 'False'
[-1780281184486282752.000s] Level 5:colcon.colcon_core.verb:set package 'ros2_gopigo3_msg' build argument 'cmake_clean_first' from command line to 'False'
[-1780281184486282752.000s] Level 5:colcon.colcon_core.verb:set package 'ros2_gopigo3_msg' build argument 'cmake_force_configure' from command line to 'False'
[-1780281184486282752.000s] Level 5:colcon.colcon_core.verb:set package 'ros2_gopigo3_msg' build argument 'ament_cmake_args' from command line to 'None'
[-1780281184486282752.000s] Level 5:colcon.colcon_core.verb:set package 'ros2_gopigo3_msg' build argument 'catkin_cmake_args' from command line to 'None'
[-1780281184486282752.000s] Level 5:colcon.colcon_core.verb:set package 'ros2_gopigo3_msg' build argument 'catkin_skip_building_tests' from command line to 'False'
[-1780281184486282752.000s] DEBUG:colcon.colcon_core.verb:Building package 'ros2_gopigo3_msg' with the following arguments: {'ament_cmake_args': None, 'build_base': '/home/ubuntu/LyricalDave/ros2ws/build/ros2_gopigo3_msg', 'catkin_cmake_args': None, 'catkin_skip_building_tests': False, 'cmake_args': None, 'cmake_clean_cache': False, 'cmake_clean_first': False, 'cmake_force_configure': False, 'cmake_target': None, 'cmake_target_skip_unavailable': False, 'install_base': '/home/ubuntu/LyricalDave/ros2ws/install/ros2_gopigo3_msg', 'merge_install': False, 'path': '/home/ubuntu/LyricalDave/ros2ws/src/ros2_gopigo3_msg', 'symlink_install': False, 'test_result_base': None}
[-1780281184486282752.000s] Level 5:colcon.colcon_core.verb:set package 'ros2_libcamera_pub' build argument 'cmake_args' from command line to 'None'
[-1780281184486282752.000s] Level 5:colcon.colcon_core.verb:set package 'ros2_libcamera_pub' build argument 'cmake_target' from command line to 'None'
[-1780281184486282752.000s] Level 5:colcon.colcon_core.verb:set package 'ros2_libcamera_pub' build argument 'cmake_target_skip_unavailable' from command line to 'False'
[-1780281184486282752.000s] Level 5:colcon.colcon_core.verb:set package 'ros2_libcamera_pub' build argument 'cmake_clean_cache' from command line to 'False'
[-1780281184486282752.000s] Level 5:colcon.colcon_core.verb:set package 'ros2_libcamera_pub' build argument 'cmake_clean_first' from command line to 'False'
[-1780281184486282752.000s] Level 5:colcon.colcon_core.verb:set package 'ros2_libcamera_pub' build argument 'cmake_force_configure' from command line to 'False'
[-1780281184486282752.000s] Level 5:colcon.colcon_core.verb:set package 'ros2_libcamera_pub' build argument 'ament_cmake_args' from command line to 'None'
[-1780281184486282752.000s] Level 5:colcon.colcon_core.verb:set package 'ros2_libcamera_pub' build argument 'catkin_cmake_args' from command line to 'None'
[-1780281184486282752.000s] Level 5:colcon.colcon_core.verb:set package 'ros2_libcamera_pub' build argument 'catkin_skip_building_tests' from command line to 'False'
[-1780281184486282752.000s] DEBUG:colcon.colcon_core.verb:Building package 'ros2_libcamera_pub' with the following arguments: {'ament_cmake_args': None, 'build_base': '/home/ubuntu/LyricalDave/ros2ws/build/ros2_libcamera_pub', 'catkin_cmake_args': None, 'catkin_skip_building_tests': False, 'cmake_args': None, 'cmake_clean_cache': False, 'cmake_clean_first': False, 'cmake_force_configure': False, 'cmake_target': None, 'cmake_target_skip_unavailable': False, 'install_base': '/home/ubuntu/LyricalDave/ros2ws/install/ros2_libcamera_pub', 'merge_install': False, 'path': '/home/ubuntu/LyricalDave/ros2ws/src/ros2_libcamera_pub', 'symlink_install': False, 'test_result_base': None}
[-1780281184486282752.000s] Level 5:colcon.colcon_core.verb:set package 'scan_client' build argument 'cmake_args' from command line to 'None'
[-1780281184486282752.000s] Level 5:colcon.colcon_core.verb:set package 'scan_client' build argument 'cmake_target' from command line to 'None'
[-1780281184486282752.000s] Level 5:colcon.colcon_core.verb:set package 'scan_client' build argument 'cmake_target_skip_unavailable' from command line to 'False'
[-1780281184486282752.000s] Level 5:colcon.colcon_core.verb:set package 'scan_client' build argument 'cmake_clean_cache' from command line to 'False'
[-1780281184486282752.000s] Level 5:colcon.colcon_core.verb:set package 'scan_client' build argument 'cmake_clean_first' from command line to 'False'
[-1780281184486282752.000s] Level 5:colcon.colcon_core.verb:set package 'scan_client' build argument 'cmake_force_configure' from command line to 'False'
[-1780281184486282752.000s] Level 5:colcon.colcon_core.verb:set package 'scan_client' build argument 'ament_cmake_args' from command line to 'None'
[-1780281184486282752.000s] Level 5:colcon.colcon_core.verb:set package 'scan_client' build argument 'catkin_cmake_args' from command line to 'None'
[-1780281184486282752.000s] Level 5:colcon.colcon_core.verb:set package 'scan_client' build argument 'catkin_skip_building_tests' from command line to 'False'
[-1780281184486282752.000s] DEBUG:colcon.colcon_core.verb:Building package 'scan_client' with the following arguments: {'ament_cmake_args': None, 'build_base': '/home/ubuntu/LyricalDave/ros2ws/build/scan_client', 'catkin_cmake_args': None, 'catkin_skip_building_tests': False, 'cmake_args': None, 'cmake_clean_cache': False, 'cmake_clean_first': False, 'cmake_force_configure': False, 'cmake_target': None, 'cmake_target_skip_unavailable': False, 'install_base': '/home/ubuntu/LyricalDave/ros2ws/install/scan_client', 'merge_install': False, 'path': '/home/ubuntu/LyricalDave/ros2ws/src/scan_client', 'symlink_install': False, 'test_result_base': None}
[-1780281184486282752.000s] Level 5:colcon.colcon_core.verb:set package 'teleop_gopigo3_keyboard' build argument 'cmake_args' from command line to 'None'
[-1780281184486282752.000s] Level 5:colcon.colcon_core.verb:set package 'teleop_gopigo3_keyboard' build argument 'cmake_target' from command line to 'None'
[-1780281184486282752.000s] Level 5:colcon.colcon_core.verb:set package 'teleop_gopigo3_keyboard' build argument 'cmake_target_skip_unavailable' from command line to 'False'
[-1780281184486282752.000s] Level 5:colcon.colcon_core.verb:set package 'teleop_gopigo3_keyboard' build argument 'cmake_clean_cache' from command line to 'False'
[-1780281184486282752.000s] Level 5:colcon.colcon_core.verb:set package 'teleop_gopigo3_keyboard' build argument 'cmake_clean_first' from command line to 'False'
[-1780281184486282752.000s] Level 5:colcon.colcon_core.verb:set package 'teleop_gopigo3_keyboard' build argument 'cmake_force_configure' from command line to 'False'
[-1780281184486282752.000s] Level 5:colcon.colcon_core.verb:set package 'teleop_gopigo3_keyboard' build argument 'ament_cmake_args' from command line to 'None'
[-1780281184486282752.000s] Level 5:colcon.colcon_core.verb:set package 'teleop_gopigo3_keyboard' build argument 'catkin_cmake_args' from command line to 'None'
[-1780281184486282752.000s] Level 5:colcon.colcon_core.verb:set package 'teleop_gopigo3_keyboard' build argument 'catkin_skip_building_tests' from command line to 'False'
[-1780281184486282752.000s] DEBUG:colcon.colcon_core.verb:Building package 'teleop_gopigo3_keyboard' with the following arguments: {'ament_cmake_args': None, 'build_base': '/home/ubuntu/LyricalDave/ros2ws/build/teleop_gopigo3_keyboard', 'catkin_cmake_args': None, 'catkin_skip_building_tests': False, 'cmake_args': None, 'cmake_clean_cache': False, 'cmake_clean_first': False, 'cmake_force_configure': False, 'cmake_target': None, 'cmake_target_skip_unavailable': False, 'install_base': '/home/ubuntu/LyricalDave/ros2ws/install/teleop_gopigo3_keyboard', 'merge_install': False, 'path': '/home/ubuntu/LyricalDave/ros2ws/src/teleop_gopigo3_keyboard', 'symlink_install': False, 'test_result_base': None}
[-1780281184486282752.000s] Level 5:colcon.colcon_core.verb:set package 'ros2_gopigo3_node' build argument 'cmake_args' from command line to 'None'
[-1780281184486282752.000s] Level 5:colcon.colcon_core.verb:set package 'ros2_gopigo3_node' build argument 'cmake_target' from command line to 'None'
[-1780281184486282752.000s] Level 5:colcon.colcon_core.verb:set package 'ros2_gopigo3_node' build argument 'cmake_target_skip_unavailable' from command line to 'False'
[-1780281184486282752.000s] Level 5:colcon.colcon_core.verb:set package 'ros2_gopigo3_node' build argument 'cmake_clean_cache' from command line to 'False'
[-1780281184486282752.000s] Level 5:colcon.colcon_core.verb:set package 'ros2_gopigo3_node' build argument 'cmake_clean_first' from command line to 'False'
[-1780281184486282752.000s] Level 5:colcon.colcon_core.verb:set package 'ros2_gopigo3_node' build argument 'cmake_force_configure' from command line to 'False'
[-1780281184486282752.000s] Level 5:colcon.colcon_core.verb:set package 'ros2_gopigo3_node' build argument 'ament_cmake_args' from command line to 'None'
[-1780281184486282752.000s] Level 5:colcon.colcon_core.verb:set package 'ros2_gopigo3_node' build argument 'catkin_cmake_args' from command line to 'None'
[-1780281184486282752.000s] Level 5:colcon.colcon_core.verb:set package 'ros2_gopigo3_node' build argument 'catkin_skip_building_tests' from command line to 'False'
[-1780281184486282752.000s] DEBUG:colcon.colcon_core.verb:Building package 'ros2_gopigo3_node' with the following arguments: {'ament_cmake_args': None, 'build_base': '/home/ubuntu/LyricalDave/ros2ws/build/ros2_gopigo3_node', 'catkin_cmake_args': None, 'catkin_skip_building_tests': False, 'cmake_args': None, 'cmake_clean_cache': False, 'cmake_clean_first': False, 'cmake_force_configure': False, 'cmake_target': None, 'cmake_target_skip_unavailable': False, 'install_base': '/home/ubuntu/LyricalDave/ros2ws/install/ros2_gopigo3_node', 'merge_install': False, 'path': '/home/ubuntu/LyricalDave/ros2ws/src/ros2_gopigo3_node', 'symlink_install': False, 'test_result_base': None}
[-1780281184486282752.000s] INFO:colcon.colcon_core.executor:Executing jobs using 'parallel' executor
[-1780281184486282752.000s] DEBUG:colcon.colcon_parallel_executor.executor.parallel:run_until_complete
[-1780281184486282752.000s] INFO:colcon.colcon_ros.task.ament_cmake.build:Building ROS package in '/home/ubuntu/LyricalDave/ros2ws/src/ros2_gopigo3_msg' with build type 'ament_cmake'
[-1780281184486282752.000s] INFO:colcon.colcon_cmake.task.cmake.build:Building CMake package in '/home/ubuntu/LyricalDave/ros2ws/src/ros2_gopigo3_msg'
[-1780281184486282752.000s] INFO:colcon.colcon_core.plugin_system:Skipping extension 'colcon_core.shell.bat': Not used on non-Windows systems
[-1780281184486282752.000s] INFO:colcon.colcon_core.shell:Skip shell extension 'powershell' for command environment: Not usable outside of PowerShell
[-1780281184486282752.000s] DEBUG:colcon.colcon_core.shell:Skip shell extension 'dsv' for command environment
[-1780281184486282752.000s] INFO:colcon.colcon_ros.task.ament_python.build:Building ROS package in '/home/ubuntu/LyricalDave/ros2ws/src/dave' with build type 'ament_python'
[-1780281184486282752.000s] Level 1:colcon.colcon_core.shell:create_environment_hook('dave', 'ament_prefix_path')
[-1780281184486282752.000s] INFO:colcon.colcon_core.shell:Creating environment hook '/home/ubuntu/LyricalDave/ros2ws/install/dave/share/dave/hook/ament_prefix_path.ps1'
[-1780281184486282752.000s] INFO:colcon.colcon_core.shell:Creating environment descriptor '/home/ubuntu/LyricalDave/ros2ws/install/dave/share/dave/hook/ament_prefix_path.dsv'
[-1780281184486282752.000s] INFO:colcon.colcon_core.shell:Creating environment hook '/home/ubuntu/LyricalDave/ros2ws/install/dave/share/dave/hook/ament_prefix_path.sh'
[-1780281184486282752.000s] INFO:colcon.colcon_core.shell:Skip shell extension 'powershell' for command environment: Not usable outside of PowerShell
[-1780281184486282752.000s] DEBUG:colcon.colcon_core.shell:Skip shell extension 'dsv' for command environment
[-1780281184486282752.000s] INFO:colcon.colcon_ros.task.ament_cmake.build:Building ROS package in '/home/ubuntu/LyricalDave/ros2ws/src/dave_interfaces' with build type 'ament_cmake'
[-1780281184486282752.000s] INFO:colcon.colcon_cmake.task.cmake.build:Building CMake package in '/home/ubuntu/LyricalDave/ros2ws/src/dave_interfaces'
[-1780281184486282752.000s] INFO:colcon.colcon_core.shell:Skip shell extension 'powershell' for command environment: Not usable outside of PowerShell
[-1780281184486282752.000s] DEBUG:colcon.colcon_core.shell:Skip shell extension 'dsv' for command environment
[-1780281184486282752.000s] INFO:colcon.colcon_ros.task.ament_python.build:Building ROS package in '/home/ubuntu/LyricalDave/ros2ws/src/demo_nodes_py' with build type 'ament_python'
[-1780281184486282752.000s] Level 1:colcon.colcon_core.shell:create_environment_hook('demo_nodes_py', 'ament_prefix_path')
[-1780281184486282752.000s] INFO:colcon.colcon_core.shell:Creating environment hook '/home/ubuntu/LyricalDave/ros2ws/install/demo_nodes_py/share/demo_nodes_py/hook/ament_prefix_path.ps1'
[-1780281184486282752.000s] INFO:colcon.colcon_core.shell:Creating environment descriptor '/home/ubuntu/LyricalDave/ros2ws/install/demo_nodes_py/share/demo_nodes_py/hook/ament_prefix_path.dsv'
[-1780281184486282752.000s] INFO:colcon.colcon_core.shell:Creating environment hook '/home/ubuntu/LyricalDave/ros2ws/install/demo_nodes_py/share/demo_nodes_py/hook/ament_prefix_path.sh'
[-1780281184486282752.000s] INFO:colcon.colcon_core.shell:Skip shell extension 'powershell' for command environment: Not usable outside of PowerShell
[-1780281184486282752.000s] DEBUG:colcon.colcon_core.shell:Skip shell extension 'dsv' for command environment
[-1780281184486282752.000s] DEBUG:colcon.colcon_core.event_handler.log_command:Invoking command in '/home/ubuntu/LyricalDave/ros2ws/build/ros2_gopigo3_msg': CMAKE_PREFIX_PATH=${CMAKE_PREFIX_PATH}:/home/ubuntu/LyricalDave/ros2ws/install/teleop_gopigo3_keyboard:/home/ubuntu/LyricalDave/ros2ws/install/scan_client:/home/ubuntu/LyricalDave/ros2ws/install/ros2_libcamera_pub:/home/ubuntu/LyricalDave/ros2ws/install/ros2_gopigo3_node:/home/ubuntu/LyricalDave/ros2ws/install/explorer_wanderer:/home/ubuntu/LyricalDave/ros2ws/install/demo_nodes_py:/home/ubuntu/LyricalDave/ros2ws/install/dave:/opt/ros/lyrical /usr/bin/cmake --build /home/ubuntu/LyricalDave/ros2ws/build/ros2_gopigo3_msg -- -j4 -l4
[-1780281184486282752.000s] INFO:colcon.colcon_core.task.python.build:Building Python package in '/home/ubuntu/LyricalDave/ros2ws/src/dave'
[-1780281184486282752.000s] INFO:colcon.colcon_core.shell:Skip shell extension 'powershell' for command environment: Not usable outside of PowerShell
[-1780281184486282752.000s] DEBUG:colcon.colcon_core.shell:Skip shell extension 'dsv' for command environment
[-1780281184486282752.000s] DEBUG:colcon.colcon_core.event_handler.log_command:Invoking command in '/home/ubuntu/LyricalDave/ros2ws/build/dave_interfaces': CMAKE_PREFIX_PATH=${CMAKE_PREFIX_PATH}:/home/ubuntu/LyricalDave/ros2ws/install/teleop_gopigo3_keyboard:/home/ubuntu/LyricalDave/ros2ws/install/scan_client:/home/ubuntu/LyricalDave/ros2ws/install/ros2_libcamera_pub:/home/ubuntu/LyricalDave/ros2ws/install/ros2_gopigo3_node:/home/ubuntu/LyricalDave/ros2ws/install/explorer_wanderer:/home/ubuntu/LyricalDave/ros2ws/install/demo_nodes_py:/home/ubuntu/LyricalDave/ros2ws/install/dave:/opt/ros/lyrical /usr/bin/cmake --build /home/ubuntu/LyricalDave/ros2ws/build/dave_interfaces -- -j4 -l4
[-1780281184486282752.000s] INFO:colcon.colcon_core.task.python.build:Building Python package in '/home/ubuntu/LyricalDave/ros2ws/src/demo_nodes_py'
[-1780281184486282752.000s] INFO:colcon.colcon_core.shell:Skip shell extension 'powershell' for command environment: Not usable outside of PowerShell
[-1780281184486282752.000s] DEBUG:colcon.colcon_core.shell:Skip shell extension 'dsv' for command environment
[-1780281184486282752.000s] DEBUG:colcon.colcon_core.event_handler.log_command:Invoked command in '/home/ubuntu/LyricalDave/ros2ws/build/ros2_gopigo3_msg' returned '0': CMAKE_PREFIX_PATH=${CMAKE_PREFIX_PATH}:/home/ubuntu/LyricalDave/ros2ws/install/teleop_gopigo3_keyboard:/home/ubuntu/LyricalDave/ros2ws/install/scan_client:/home/ubuntu/LyricalDave/ros2ws/install/ros2_libcamera_pub:/home/ubuntu/LyricalDave/ros2ws/install/ros2_gopigo3_node:/home/ubuntu/LyricalDave/ros2ws/install/explorer_wanderer:/home/ubuntu/LyricalDave/ros2ws/install/demo_nodes_py:/home/ubuntu/LyricalDave/ros2ws/install/dave:/opt/ros/lyrical /usr/bin/cmake --build /home/ubuntu/LyricalDave/ros2ws/build/ros2_gopigo3_msg -- -j4 -l4
[-1780281184486282752.000s] DEBUG:colcon.colcon_parallel_executor.executor.parallel:run_until_complete was interrupted
[-1780281184486282752.000s] DEBUG:colcon.colcon_parallel_executor.executor.parallel:run_until_complete again
[-1780281184486282752.000s] DEBUG:colcon.colcon_parallel_executor.executor.parallel:run_until_complete finished
[-1780281184486282752.000s] DEBUG:colcon.colcon_parallel_executor.executor.parallel:closing loop
[-1780281184486282752.000s] DEBUG:colcon.colcon_parallel_executor.executor.parallel:loop closed
[-1780281184486282752.000s] DEBUG:colcon.colcon_core.event_reactor:joining thread
[-1780281184486282752.000s] DEBUG:colcon.colcon_core.event_reactor:joined thread
[-1780281184486282752.000s] INFO:colcon.colcon_core.shell:Creating prefix script '/home/ubuntu/LyricalDave/ros2ws/install/local_setup.ps1'
[-1780281184486282752.000s] INFO:colcon.colcon_core.shell:Creating prefix util module '/home/ubuntu/LyricalDave/ros2ws/install/_local_setup_util_ps1.py'
[-1780281184486282752.000s] INFO:colcon.colcon_core.shell:Creating prefix chain script '/home/ubuntu/LyricalDave/ros2ws/install/setup.ps1'
[-1780281184486282752.000s] INFO:colcon.colcon_core.shell:Creating prefix script '/home/ubuntu/LyricalDave/ros2ws/install/local_setup.sh'
[-1780281184486282752.000s] INFO:colcon.colcon_core.shell:Creating prefix util module '/home/ubuntu/LyricalDave/ros2ws/install/_local_setup_util_sh.py'
[-1780281184486282752.000s] INFO:colcon.colcon_core.shell:Creating prefix chain script '/home/ubuntu/LyricalDave/ros2ws/install/setup.sh'
[-1780281184486282752.000s] INFO:colcon.colcon_core.shell:Creating prefix script '/home/ubuntu/LyricalDave/ros2ws/install/local_setup.bash'
[-1780281184486282752.000s] INFO:colcon.colcon_core.shell:Creating prefix chain script '/home/ubuntu/LyricalDave/ros2ws/install/setup.bash'
[-1780281184486282752.000s] INFO:colcon.colcon_core.shell:Creating prefix script '/home/ubuntu/LyricalDave/ros2ws/install/local_setup.zsh'
[-1780281184486282752.000s] INFO:colcon.colcon_core.shell:Creating prefix chain script '/home/ubuntu/LyricalDave/ros2ws/install/setup.zsh'
