[5.473s] Invoking command in '/home/ubuntu/LyricalDave/ros2ws/src/explorer_wanderer': PYTHONPATH=/home/ubuntu/LyricalDave/ros2ws/build/explorer_wanderer/prefix_override:/usr/lib/python3/dist-packages/colcon_core/task/python/colcon_distutils_commands:/home/ubuntu/LyricalDave/ros2ws/install/explorer_wanderer/lib/python3.14/site-packages:${PYTHONPATH} /usr/bin/python3 -W ignore:setup.py install is deprecated -W ignore:easy_install command is deprecated setup.py egg_info --egg-base ../../build/explorer_wanderer build --build-base /home/ubuntu/LyricalDave/ros2ws/build/explorer_wanderer/build install --record /home/ubuntu/LyricalDave/ros2ws/build/explorer_wanderer/install.log --single-version-externally-managed install_data
[6.793s] /usr/lib/python3/dist-packages/setuptools/_distutils/dist.py:289: UserWarning: Unknown distribution option: 'tests_require'
[6.794s]   warnings.warn(msg)
[7.749s] running egg_info
[7.910s] writing ../../build/explorer_wanderer/explorer_wanderer.egg-info/PKG-INFO
[7.912s] writing dependency_links to ../../build/explorer_wanderer/explorer_wanderer.egg-info/dependency_links.txt
[7.915s] writing entry points to ../../build/explorer_wanderer/explorer_wanderer.egg-info/entry_points.txt
[7.916s] writing requirements to ../../build/explorer_wanderer/explorer_wanderer.egg-info/requires.txt
[7.917s] writing top-level names to ../../build/explorer_wanderer/explorer_wanderer.egg-info/top_level.txt
[8.205s] reading manifest file '../../build/explorer_wanderer/explorer_wanderer.egg-info/SOURCES.txt'
[8.212s] writing manifest file '../../build/explorer_wanderer/explorer_wanderer.egg-info/SOURCES.txt'
[8.249s] running build
[8.250s] running build_py
[8.250s] copying explorer_wanderer/__init__.py -> /home/ubuntu/LyricalDave/ros2ws/build/explorer_wanderer/build/lib/explorer_wanderer
[8.251s] copying explorer_wanderer/wanderer.py -> /home/ubuntu/LyricalDave/ros2ws/build/explorer_wanderer/build/lib/explorer_wanderer
[8.251s] copying explorer_wanderer/discoverer_server.py -> /home/ubuntu/LyricalDave/ros2ws/build/explorer_wanderer/build/lib/explorer_wanderer
[8.253s] copying explorer_wanderer/wanderer_server.py -> /home/ubuntu/LyricalDave/ros2ws/build/explorer_wanderer/build/lib/explorer_wanderer
[8.255s] running install
[8.277s] running install_lib
[8.391s] running install_data
[8.395s] copying resource/explorer_wanderer -> /home/ubuntu/LyricalDave/ros2ws/install/explorer_wanderer/share/ament_index/resource_index/packages
[8.396s] copying package.xml -> /home/ubuntu/LyricalDave/ros2ws/install/explorer_wanderer/share/explorer_wanderer
[8.396s] running install_egg_info
[8.634s] removing '/home/ubuntu/LyricalDave/ros2ws/install/explorer_wanderer/lib/python3.14/site-packages/explorer_wanderer-0.0.1-py3.14.egg-info' (and everything under it)
[8.641s] Copying ../../build/explorer_wanderer/explorer_wanderer.egg-info to /home/ubuntu/LyricalDave/ros2ws/install/explorer_wanderer/lib/python3.14/site-packages/explorer_wanderer-0.0.1-py3.14.egg-info
[8.656s] running install_scripts
[9.476s] Installing discoverer_server script to /home/ubuntu/LyricalDave/ros2ws/install/explorer_wanderer/lib/explorer_wanderer
[9.479s] Installing wanderer script to /home/ubuntu/LyricalDave/ros2ws/install/explorer_wanderer/lib/explorer_wanderer
[9.483s] Installing wanderer_server script to /home/ubuntu/LyricalDave/ros2ws/install/explorer_wanderer/lib/explorer_wanderer
[9.486s] writing list of installed files to '/home/ubuntu/LyricalDave/ros2ws/build/explorer_wanderer/install.log'
[9.802s] Invoked command in '/home/ubuntu/LyricalDave/ros2ws/src/explorer_wanderer' returned '0': PYTHONPATH=/home/ubuntu/LyricalDave/ros2ws/build/explorer_wanderer/prefix_override:/usr/lib/python3/dist-packages/colcon_core/task/python/colcon_distutils_commands:/home/ubuntu/LyricalDave/ros2ws/install/explorer_wanderer/lib/python3.14/site-packages:${PYTHONPATH} /usr/bin/python3 -W ignore:setup.py install is deprecated -W ignore:easy_install command is deprecated setup.py egg_info --egg-base ../../build/explorer_wanderer build --build-base /home/ubuntu/LyricalDave/ros2ws/build/explorer_wanderer/build install --record /home/ubuntu/LyricalDave/ros2ws/build/explorer_wanderer/install.log --single-version-externally-managed install_data
