[  1%] Built target dave_interfaces__rosidl_generator_type_description
[  2%] Built target dave_interfaces__rs
[  3%] Built target dave_interfaces__cpp
[ 27%] Built target dave_interfaces__rosidl_generator_c
[ 36%] Built target dave_interfaces__rosidl_typesupport_cpp
[ 45%] Built target dave_interfaces__rosidl_typesupport_fastrtps_c
[ 55%] Built target dave_interfaces__rosidl_typesupport_c
[ 64%] Built target dave_interfaces__rosidl_typesupport_fastrtps_cpp
[ 74%] Built target dave_interfaces__rosidl_typesupport_introspection_cpp
[ 83%] Built target dave_interfaces__rosidl_typesupport_introspection_c
[ 83%] Built target dave_interfaces
[ 84%] Built target dave_interfaces__py
[ 92%] Built target dave_interfaces__rosidl_generator_py
[ 95%] Built target dave_interfaces_s__rosidl_typesupport_fastrtps_c
[ 95%] Built target ament_cmake_python_sync_dave_interfaces
[ 97%] Built target dave_interfaces_s__rosidl_typesupport_c
[100%] Built target dave_interfaces_s__rosidl_typesupport_introspection_c
running egg_info
writing dave_interfaces.egg-info/PKG-INFO
writing dependency_links to dave_interfaces.egg-info/dependency_links.txt
writing top-level names to dave_interfaces.egg-info/top_level.txt
reading manifest file 'dave_interfaces.egg-info/SOURCES.txt'
writing manifest file 'dave_interfaces.egg-info/SOURCES.txt'
[100%] Built target ament_cmake_python_build_dave_interfaces_egg
-- Install configuration: ""
-- Up-to-date: /home/ubuntu/LyricalDave/ros2ws/install/dave_interfaces/share/ament_index/resource_index/rosidl_interfaces/dave_interfaces
-- Up-to-date: /home/ubuntu/LyricalDave/ros2ws/install/dave_interfaces/share/dave_interfaces/srv/Say.json
-- Up-to-date: /home/ubuntu/LyricalDave/ros2ws/install/dave_interfaces/share/dave_interfaces/srv/Dock.json
-- Up-to-date: /home/ubuntu/LyricalDave/ros2ws/install/dave_interfaces/share/dave_interfaces/srv/Undock.json
-- Up-to-date: /home/ubuntu/LyricalDave/ros2ws/install/dave_interfaces/share/dave_interfaces/srv/DriveDistance.json
-- Up-to-date: /home/ubuntu/LyricalDave/ros2ws/install/dave_interfaces/share/dave_interfaces/msg/BatteryState.json
-- Up-to-date: /home/ubuntu/LyricalDave/ros2ws/install/dave_interfaces/share/dave_interfaces/msg/DockStatus.json
-- Up-to-date: /home/ubuntu/LyricalDave/ros2ws/install/dave_interfaces/include/dave_interfaces/dave_interfaces
-- Up-to-date: /home/ubuntu/LyricalDave/ros2ws/install/dave_interfaces/include/dave_interfaces/dave_interfaces/srv
-- Up-to-date: /home/ubuntu/LyricalDave/ros2ws/install/dave_interfaces/include/dave_interfaces/dave_interfaces/srv/drive_distance.h
-- Up-to-date: /home/ubuntu/LyricalDave/ros2ws/install/dave_interfaces/include/dave_interfaces/dave_interfaces/srv/dock.h
-- Up-to-date: /home/ubuntu/LyricalDave/ros2ws/install/dave_interfaces/include/dave_interfaces/dave_interfaces/srv/say.h
-- Up-to-date: /home/ubuntu/LyricalDave/ros2ws/install/dave_interfaces/include/dave_interfaces/dave_interfaces/srv/detail
-- Up-to-date: /home/ubuntu/LyricalDave/ros2ws/install/dave_interfaces/include/dave_interfaces/dave_interfaces/srv/detail/say__functions.h
-- Up-to-date: /home/ubuntu/LyricalDave/ros2ws/install/dave_interfaces/include/dave_interfaces/dave_interfaces/srv/detail/undock__description.c
-- Up-to-date: /home/ubuntu/LyricalDave/ros2ws/install/dave_interfaces/include/dave_interfaces/dave_interfaces/srv/detail/undock__functions.c
-- Up-to-date: /home/ubuntu/LyricalDave/ros2ws/install/dave_interfaces/include/dave_interfaces/dave_interfaces/srv/detail/say__description.c
-- Up-to-date: /home/ubuntu/LyricalDave/ros2ws/install/dave_interfaces/include/dave_interfaces/dave_interfaces/srv/detail/dock__functions.h
-- Up-to-date: /home/ubuntu/LyricalDave/ros2ws/install/dave_interfaces/include/dave_interfaces/dave_interfaces/srv/detail/say__struct.h
-- Up-to-date: /home/ubuntu/LyricalDave/ros2ws/install/dave_interfaces/include/dave_interfaces/dave_interfaces/srv/detail/dock__functions.c
-- Installing: /home/ubuntu/LyricalDave/ros2ws/install/dave_interfaces/include/dave_interfaces/dave_interfaces/srv/detail/drive_distance__type_support.c
-- Up-to-date: /home/ubuntu/LyricalDave/ros2ws/install/dave_interfaces/include/dave_interfaces/dave_interfaces/srv/detail/drive_distance__struct.h
-- Up-to-date: /home/ubuntu/LyricalDave/ros2ws/install/dave_interfaces/include/dave_interfaces/dave_interfaces/srv/detail/drive_distance__description.c
-- Up-to-date: /home/ubuntu/LyricalDave/ros2ws/install/dave_interfaces/include/dave_interfaces/dave_interfaces/srv/detail/undock__functions.h
-- Up-to-date: /home/ubuntu/LyricalDave/ros2ws/install/dave_interfaces/include/dave_interfaces/dave_interfaces/srv/detail/drive_distance__functions.c
-- Up-to-date: /home/ubuntu/LyricalDave/ros2ws/install/dave_interfaces/include/dave_interfaces/dave_interfaces/srv/detail/undock__struct.h
-- Up-to-date: /home/ubuntu/LyricalDave/ros2ws/install/dave_interfaces/include/dave_interfaces/dave_interfaces/srv/detail/undock__type_support.h
-- Up-to-date: /home/ubuntu/LyricalDave/ros2ws/install/dave_interfaces/include/dave_interfaces/dave_interfaces/srv/detail/dock__struct.h
-- Up-to-date: /home/ubuntu/LyricalDave/ros2ws/install/dave_interfaces/include/dave_interfaces/dave_interfaces/srv/detail/dock__type_support.h
-- Up-to-date: /home/ubuntu/LyricalDave/ros2ws/install/dave_interfaces/include/dave_interfaces/dave_interfaces/srv/detail/drive_distance__functions.h
-- Up-to-date: /home/ubuntu/LyricalDave/ros2ws/install/dave_interfaces/include/dave_interfaces/dave_interfaces/srv/detail/drive_distance__type_support.h
-- Up-to-date: /home/ubuntu/LyricalDave/ros2ws/install/dave_interfaces/include/dave_interfaces/dave_interfaces/srv/detail/say__type_support.h
-- Installing: /home/ubuntu/LyricalDave/ros2ws/install/dave_interfaces/include/dave_interfaces/dave_interfaces/srv/detail/dock__type_support.c
-- Up-to-date: /home/ubuntu/LyricalDave/ros2ws/install/dave_interfaces/include/dave_interfaces/dave_interfaces/srv/detail/dock__description.c
-- Installing: /home/ubuntu/LyricalDave/ros2ws/install/dave_interfaces/include/dave_interfaces/dave_interfaces/srv/detail/undock__type_support.c
-- Installing: /home/ubuntu/LyricalDave/ros2ws/install/dave_interfaces/include/dave_interfaces/dave_interfaces/srv/detail/say__type_support.c
-- Up-to-date: /home/ubuntu/LyricalDave/ros2ws/install/dave_interfaces/include/dave_interfaces/dave_interfaces/srv/detail/say__functions.c
-- Up-to-date: /home/ubuntu/LyricalDave/ros2ws/install/dave_interfaces/include/dave_interfaces/dave_interfaces/srv/undock.h
-- Up-to-date: /home/ubuntu/LyricalDave/ros2ws/install/dave_interfaces/include/dave_interfaces/dave_interfaces/msg
-- Up-to-date: /home/ubuntu/LyricalDave/ros2ws/install/dave_interfaces/include/dave_interfaces/dave_interfaces/msg/battery_state.h
-- Up-to-date: /home/ubuntu/LyricalDave/ros2ws/install/dave_interfaces/include/dave_interfaces/dave_interfaces/msg/detail
-- Installing: /home/ubuntu/LyricalDave/ros2ws/install/dave_interfaces/include/dave_interfaces/dave_interfaces/msg/detail/battery_state__type_support.c
-- Up-to-date: /home/ubuntu/LyricalDave/ros2ws/install/dave_interfaces/include/dave_interfaces/dave_interfaces/msg/detail/battery_state__functions.c
-- Up-to-date: /home/ubuntu/LyricalDave/ros2ws/install/dave_interfaces/include/dave_interfaces/dave_interfaces/msg/detail/dock_status__description.c
-- Up-to-date: /home/ubuntu/LyricalDave/ros2ws/install/dave_interfaces/include/dave_interfaces/dave_interfaces/msg/detail/battery_state__functions.h
-- Up-to-date: /home/ubuntu/LyricalDave/ros2ws/install/dave_interfaces/include/dave_interfaces/dave_interfaces/msg/detail/dock_status__functions.h
-- Installing: /home/ubuntu/LyricalDave/ros2ws/install/dave_interfaces/include/dave_interfaces/dave_interfaces/msg/detail/dock_status__type_support.c
-- Up-to-date: /home/ubuntu/LyricalDave/ros2ws/install/dave_interfaces/include/dave_interfaces/dave_interfaces/msg/detail/battery_state__type_support.h
-- Up-to-date: /home/ubuntu/LyricalDave/ros2ws/install/dave_interfaces/include/dave_interfaces/dave_interfaces/msg/detail/battery_state__description.c
-- Up-to-date: /home/ubuntu/LyricalDave/ros2ws/install/dave_interfaces/include/dave_interfaces/dave_interfaces/msg/detail/dock_status__type_support.h
-- Up-to-date: /home/ubuntu/LyricalDave/ros2ws/install/dave_interfaces/include/dave_interfaces/dave_interfaces/msg/detail/dock_status__struct.h
-- Up-to-date: /home/ubuntu/LyricalDave/ros2ws/install/dave_interfaces/include/dave_interfaces/dave_interfaces/msg/detail/dock_status__functions.c
-- Up-to-date: /home/ubuntu/LyricalDave/ros2ws/install/dave_interfaces/include/dave_interfaces/dave_interfaces/msg/detail/battery_state__struct.h
-- Up-to-date: /home/ubuntu/LyricalDave/ros2ws/install/dave_interfaces/include/dave_interfaces/dave_interfaces/msg/dock_status.h
-- Up-to-date: /home/ubuntu/LyricalDave/ros2ws/install/dave_interfaces/include/dave_interfaces/dave_interfaces/msg/rosidl_generator_c__visibility_control.h
-- Up-to-date: /home/ubuntu/LyricalDave/ros2ws/install/dave_interfaces/share/dave_interfaces/environment/library_path.sh
-- Up-to-date: /home/ubuntu/LyricalDave/ros2ws/install/dave_interfaces/share/dave_interfaces/environment/library_path.dsv
-- Up-to-date: /home/ubuntu/LyricalDave/ros2ws/install/dave_interfaces/lib/libdave_interfaces__rosidl_generator_c.so
-- Up-to-date: /home/ubuntu/LyricalDave/ros2ws/install/dave_interfaces/include/dave_interfaces/dave_interfaces
-- Up-to-date: /home/ubuntu/LyricalDave/ros2ws/install/dave_interfaces/include/dave_interfaces/dave_interfaces/srv
-- Up-to-date: /home/ubuntu/LyricalDave/ros2ws/install/dave_interfaces/include/dave_interfaces/dave_interfaces/srv/detail
-- Up-to-date: /home/ubuntu/LyricalDave/ros2ws/install/dave_interfaces/include/dave_interfaces/dave_interfaces/srv/detail/undock__rosidl_typesupport_fastrtps_c.h
-- Up-to-date: /home/ubuntu/LyricalDave/ros2ws/install/dave_interfaces/include/dave_interfaces/dave_interfaces/srv/detail/drive_distance__rosidl_typesupport_fastrtps_c.h
-- Up-to-date: /home/ubuntu/LyricalDave/ros2ws/install/dave_interfaces/include/dave_interfaces/dave_interfaces/srv/detail/say__rosidl_typesupport_fastrtps_c.h
-- Up-to-date: /home/ubuntu/LyricalDave/ros2ws/install/dave_interfaces/include/dave_interfaces/dave_interfaces/srv/detail/dock__rosidl_typesupport_fastrtps_c.h
-- Up-to-date: /home/ubuntu/LyricalDave/ros2ws/install/dave_interfaces/include/dave_interfaces/dave_interfaces/msg
-- Up-to-date: /home/ubuntu/LyricalDave/ros2ws/install/dave_interfaces/include/dave_interfaces/dave_interfaces/msg/rosidl_typesupport_fastrtps_c__visibility_control.h
-- Up-to-date: /home/ubuntu/LyricalDave/ros2ws/install/dave_interfaces/include/dave_interfaces/dave_interfaces/msg/detail
-- Up-to-date: /home/ubuntu/LyricalDave/ros2ws/install/dave_interfaces/include/dave_interfaces/dave_interfaces/msg/detail/battery_state__rosidl_typesupport_fastrtps_c.h
-- Up-to-date: /home/ubuntu/LyricalDave/ros2ws/install/dave_interfaces/include/dave_interfaces/dave_interfaces/msg/detail/dock_status__rosidl_typesupport_fastrtps_c.h
-- Up-to-date: /home/ubuntu/LyricalDave/ros2ws/install/dave_interfaces/lib/libdave_interfaces__rosidl_typesupport_fastrtps_c.so
-- Up-to-date: /home/ubuntu/LyricalDave/ros2ws/install/dave_interfaces/include/dave_interfaces/dave_interfaces
-- Up-to-date: /home/ubuntu/LyricalDave/ros2ws/install/dave_interfaces/include/dave_interfaces/dave_interfaces/srv
-- Up-to-date: /home/ubuntu/LyricalDave/ros2ws/install/dave_interfaces/include/dave_interfaces/dave_interfaces/srv/detail
-- Up-to-date: /home/ubuntu/LyricalDave/ros2ws/install/dave_interfaces/include/dave_interfaces/dave_interfaces/srv/detail/drive_distance__rosidl_typesupport_introspection_c.h
-- Installing: /home/ubuntu/LyricalDave/ros2ws/install/dave_interfaces/include/dave_interfaces/dave_interfaces/srv/detail/drive_distance__type_support.c
-- Up-to-date: /home/ubuntu/LyricalDave/ros2ws/install/dave_interfaces/include/dave_interfaces/dave_interfaces/srv/detail/undock__rosidl_typesupport_introspection_c.h
-- Up-to-date: /home/ubuntu/LyricalDave/ros2ws/install/dave_interfaces/include/dave_interfaces/dave_interfaces/srv/detail/dock__rosidl_typesupport_introspection_c.h
-- Installing: /home/ubuntu/LyricalDave/ros2ws/install/dave_interfaces/include/dave_interfaces/dave_interfaces/srv/detail/dock__type_support.c
-- Installing: /home/ubuntu/LyricalDave/ros2ws/install/dave_interfaces/include/dave_interfaces/dave_interfaces/srv/detail/undock__type_support.c
-- Up-to-date: /home/ubuntu/LyricalDave/ros2ws/install/dave_interfaces/include/dave_interfaces/dave_interfaces/srv/detail/say__rosidl_typesupport_introspection_c.h
-- Installing: /home/ubuntu/LyricalDave/ros2ws/install/dave_interfaces/include/dave_interfaces/dave_interfaces/srv/detail/say__type_support.c
-- Up-to-date: /home/ubuntu/LyricalDave/ros2ws/install/dave_interfaces/include/dave_interfaces/dave_interfaces/msg
-- Up-to-date: /home/ubuntu/LyricalDave/ros2ws/install/dave_interfaces/include/dave_interfaces/dave_interfaces/msg/detail
-- Installing: /home/ubuntu/LyricalDave/ros2ws/install/dave_interfaces/include/dave_interfaces/dave_interfaces/msg/detail/battery_state__type_support.c
-- Up-to-date: /home/ubuntu/LyricalDave/ros2ws/install/dave_interfaces/include/dave_interfaces/dave_interfaces/msg/detail/battery_state__rosidl_typesupport_introspection_c.h
-- Up-to-date: /home/ubuntu/LyricalDave/ros2ws/install/dave_interfaces/include/dave_interfaces/dave_interfaces/msg/detail/dock_status__rosidl_typesupport_introspection_c.h
-- Installing: /home/ubuntu/LyricalDave/ros2ws/install/dave_interfaces/include/dave_interfaces/dave_interfaces/msg/detail/dock_status__type_support.c
-- Up-to-date: /home/ubuntu/LyricalDave/ros2ws/install/dave_interfaces/include/dave_interfaces/dave_interfaces/msg/rosidl_typesupport_introspection_c__visibility_control.h
-- Up-to-date: /home/ubuntu/LyricalDave/ros2ws/install/dave_interfaces/lib/libdave_interfaces__rosidl_typesupport_introspection_c.so
-- Up-to-date: /home/ubuntu/LyricalDave/ros2ws/install/dave_interfaces/lib/libdave_interfaces__rosidl_typesupport_c.so
-- Up-to-date: /home/ubuntu/LyricalDave/ros2ws/install/dave_interfaces/include/dave_interfaces/dave_interfaces
-- Up-to-date: /home/ubuntu/LyricalDave/ros2ws/install/dave_interfaces/include/dave_interfaces/dave_interfaces/srv
-- Up-to-date: /home/ubuntu/LyricalDave/ros2ws/install/dave_interfaces/include/dave_interfaces/dave_interfaces/srv/undock.hpp
-- Up-to-date: /home/ubuntu/LyricalDave/ros2ws/install/dave_interfaces/include/dave_interfaces/dave_interfaces/srv/drive_distance.hpp
-- Up-to-date: /home/ubuntu/LyricalDave/ros2ws/install/dave_interfaces/include/dave_interfaces/dave_interfaces/srv/say.hpp
-- Up-to-date: /home/ubuntu/LyricalDave/ros2ws/install/dave_interfaces/include/dave_interfaces/dave_interfaces/srv/detail
-- Up-to-date: /home/ubuntu/LyricalDave/ros2ws/install/dave_interfaces/include/dave_interfaces/dave_interfaces/srv/detail/drive_distance__struct.hpp
-- Up-to-date: /home/ubuntu/LyricalDave/ros2ws/install/dave_interfaces/include/dave_interfaces/dave_interfaces/srv/detail/drive_distance__type_support.hpp
-- Up-to-date: /home/ubuntu/LyricalDave/ros2ws/install/dave_interfaces/include/dave_interfaces/dave_interfaces/srv/detail/dock__type_support.hpp
-- Up-to-date: /home/ubuntu/LyricalDave/ros2ws/install/dave_interfaces/include/dave_interfaces/dave_interfaces/srv/detail/say__traits.hpp
-- Up-to-date: /home/ubuntu/LyricalDave/ros2ws/install/dave_interfaces/include/dave_interfaces/dave_interfaces/srv/detail/drive_distance__traits.hpp
-- Up-to-date: /home/ubuntu/LyricalDave/ros2ws/install/dave_interfaces/include/dave_interfaces/dave_interfaces/srv/detail/undock__builder.hpp
-- Up-to-date: /home/ubuntu/LyricalDave/ros2ws/install/dave_interfaces/include/dave_interfaces/dave_interfaces/srv/detail/say__type_support.hpp
-- Up-to-date: /home/ubuntu/LyricalDave/ros2ws/install/dave_interfaces/include/dave_interfaces/dave_interfaces/srv/detail/undock__struct.hpp
-- Up-to-date: /home/ubuntu/LyricalDave/ros2ws/install/dave_interfaces/include/dave_interfaces/dave_interfaces/srv/detail/dock__builder.hpp
-- Up-to-date: /home/ubuntu/LyricalDave/ros2ws/install/dave_interfaces/include/dave_interfaces/dave_interfaces/srv/detail/undock__type_support.hpp
-- Up-to-date: /home/ubuntu/LyricalDave/ros2ws/install/dave_interfaces/include/dave_interfaces/dave_interfaces/srv/detail/undock__traits.hpp
-- Up-to-date: /home/ubuntu/LyricalDave/ros2ws/install/dave_interfaces/include/dave_interfaces/dave_interfaces/srv/detail/say__builder.hpp
-- Up-to-date: /home/ubuntu/LyricalDave/ros2ws/install/dave_interfaces/include/dave_interfaces/dave_interfaces/srv/detail/dock__traits.hpp
-- Up-to-date: /home/ubuntu/LyricalDave/ros2ws/install/dave_interfaces/include/dave_interfaces/dave_interfaces/srv/detail/dock__struct.hpp
-- Up-to-date: /home/ubuntu/LyricalDave/ros2ws/install/dave_interfaces/include/dave_interfaces/dave_interfaces/srv/detail/drive_distance__builder.hpp
-- Up-to-date: /home/ubuntu/LyricalDave/ros2ws/install/dave_interfaces/include/dave_interfaces/dave_interfaces/srv/detail/say__struct.hpp
-- Up-to-date: /home/ubuntu/LyricalDave/ros2ws/install/dave_interfaces/include/dave_interfaces/dave_interfaces/srv/dock.hpp
-- Up-to-date: /home/ubuntu/LyricalDave/ros2ws/install/dave_interfaces/include/dave_interfaces/dave_interfaces/msg
-- Up-to-date: /home/ubuntu/LyricalDave/ros2ws/install/dave_interfaces/include/dave_interfaces/dave_interfaces/msg/dock_status.hpp
-- Up-to-date: /home/ubuntu/LyricalDave/ros2ws/install/dave_interfaces/include/dave_interfaces/dave_interfaces/msg/detail
-- Up-to-date: /home/ubuntu/LyricalDave/ros2ws/install/dave_interfaces/include/dave_interfaces/dave_interfaces/msg/detail/dock_status__builder.hpp
-- Up-to-date: /home/ubuntu/LyricalDave/ros2ws/install/dave_interfaces/include/dave_interfaces/dave_interfaces/msg/detail/dock_status__traits.hpp
-- Up-to-date: /home/ubuntu/LyricalDave/ros2ws/install/dave_interfaces/include/dave_interfaces/dave_interfaces/msg/detail/battery_state__type_support.hpp
-- Up-to-date: /home/ubuntu/LyricalDave/ros2ws/install/dave_interfaces/include/dave_interfaces/dave_interfaces/msg/detail/dock_status__type_support.hpp
-- Up-to-date: /home/ubuntu/LyricalDave/ros2ws/install/dave_interfaces/include/dave_interfaces/dave_interfaces/msg/detail/battery_state__traits.hpp
-- Up-to-date: /home/ubuntu/LyricalDave/ros2ws/install/dave_interfaces/include/dave_interfaces/dave_interfaces/msg/detail/battery_state__builder.hpp
-- Up-to-date: /home/ubuntu/LyricalDave/ros2ws/install/dave_interfaces/include/dave_interfaces/dave_interfaces/msg/detail/dock_status__struct.hpp
-- Up-to-date: /home/ubuntu/LyricalDave/ros2ws/install/dave_interfaces/include/dave_interfaces/dave_interfaces/msg/detail/battery_state__struct.hpp
-- Up-to-date: /home/ubuntu/LyricalDave/ros2ws/install/dave_interfaces/include/dave_interfaces/dave_interfaces/msg/rosidl_generator_cpp__visibility_control.hpp
-- Up-to-date: /home/ubuntu/LyricalDave/ros2ws/install/dave_interfaces/include/dave_interfaces/dave_interfaces/msg/battery_state.hpp
-- Up-to-date: /home/ubuntu/LyricalDave/ros2ws/install/dave_interfaces/include/dave_interfaces/dave_interfaces
-- Up-to-date: /home/ubuntu/LyricalDave/ros2ws/install/dave_interfaces/include/dave_interfaces/dave_interfaces/srv
-- Up-to-date: /home/ubuntu/LyricalDave/ros2ws/install/dave_interfaces/include/dave_interfaces/dave_interfaces/srv/detail
-- Up-to-date: /home/ubuntu/LyricalDave/ros2ws/install/dave_interfaces/include/dave_interfaces/dave_interfaces/srv/detail/drive_distance__rosidl_typesupport_fastrtps_cpp.hpp
-- Up-to-date: /home/ubuntu/LyricalDave/ros2ws/install/dave_interfaces/include/dave_interfaces/dave_interfaces/srv/detail/undock__rosidl_typesupport_fastrtps_cpp.hpp
-- Up-to-date: /home/ubuntu/LyricalDave/ros2ws/install/dave_interfaces/include/dave_interfaces/dave_interfaces/srv/detail/dds_fastrtps
-- Up-to-date: /home/ubuntu/LyricalDave/ros2ws/install/dave_interfaces/include/dave_interfaces/dave_interfaces/srv/detail/dock__rosidl_typesupport_fastrtps_cpp.hpp
-- Up-to-date: /home/ubuntu/LyricalDave/ros2ws/install/dave_interfaces/include/dave_interfaces/dave_interfaces/srv/detail/say__rosidl_typesupport_fastrtps_cpp.hpp
-- Up-to-date: /home/ubuntu/LyricalDave/ros2ws/install/dave_interfaces/include/dave_interfaces/dave_interfaces/msg
-- Up-to-date: /home/ubuntu/LyricalDave/ros2ws/install/dave_interfaces/include/dave_interfaces/dave_interfaces/msg/rosidl_typesupport_fastrtps_cpp__visibility_control.h
-- Up-to-date: /home/ubuntu/LyricalDave/ros2ws/install/dave_interfaces/include/dave_interfaces/dave_interfaces/msg/detail
-- Up-to-date: /home/ubuntu/LyricalDave/ros2ws/install/dave_interfaces/include/dave_interfaces/dave_interfaces/msg/detail/dds_fastrtps
-- Up-to-date: /home/ubuntu/LyricalDave/ros2ws/install/dave_interfaces/include/dave_interfaces/dave_interfaces/msg/detail/battery_state__rosidl_typesupport_fastrtps_cpp.hpp
-- Up-to-date: /home/ubuntu/LyricalDave/ros2ws/install/dave_interfaces/include/dave_interfaces/dave_interfaces/msg/detail/dock_status__rosidl_typesupport_fastrtps_cpp.hpp
-- Up-to-date: /home/ubuntu/LyricalDave/ros2ws/install/dave_interfaces/lib/libdave_interfaces__rosidl_typesupport_fastrtps_cpp.so
-- Up-to-date: /home/ubuntu/LyricalDave/ros2ws/install/dave_interfaces/include/dave_interfaces/dave_interfaces
-- Up-to-date: /home/ubuntu/LyricalDave/ros2ws/install/dave_interfaces/include/dave_interfaces/dave_interfaces/srv
-- Up-to-date: /home/ubuntu/LyricalDave/ros2ws/install/dave_interfaces/include/dave_interfaces/dave_interfaces/srv/detail
-- Up-to-date: /home/ubuntu/LyricalDave/ros2ws/install/dave_interfaces/include/dave_interfaces/dave_interfaces/srv/detail/dock__type_support.cpp
-- Up-to-date: /home/ubuntu/LyricalDave/ros2ws/install/dave_interfaces/include/dave_interfaces/dave_interfaces/srv/detail/undock__type_support.cpp
-- Up-to-date: /home/ubuntu/LyricalDave/ros2ws/install/dave_interfaces/include/dave_interfaces/dave_interfaces/srv/detail/drive_distance__type_support.cpp
-- Up-to-date: /home/ubuntu/LyricalDave/ros2ws/install/dave_interfaces/include/dave_interfaces/dave_interfaces/srv/detail/drive_distance__rosidl_typesupport_introspection_cpp.hpp
-- Up-to-date: /home/ubuntu/LyricalDave/ros2ws/install/dave_interfaces/include/dave_interfaces/dave_interfaces/srv/detail/undock__rosidl_typesupport_introspection_cpp.hpp
-- Up-to-date: /home/ubuntu/LyricalDave/ros2ws/install/dave_interfaces/include/dave_interfaces/dave_interfaces/srv/detail/dock__rosidl_typesupport_introspection_cpp.hpp
-- Up-to-date: /home/ubuntu/LyricalDave/ros2ws/install/dave_interfaces/include/dave_interfaces/dave_interfaces/srv/detail/say__rosidl_typesupport_introspection_cpp.hpp
-- Up-to-date: /home/ubuntu/LyricalDave/ros2ws/install/dave_interfaces/include/dave_interfaces/dave_interfaces/srv/detail/say__type_support.cpp
-- Up-to-date: /home/ubuntu/LyricalDave/ros2ws/install/dave_interfaces/include/dave_interfaces/dave_interfaces/msg
-- Up-to-date: /home/ubuntu/LyricalDave/ros2ws/install/dave_interfaces/include/dave_interfaces/dave_interfaces/msg/detail
-- Up-to-date: /home/ubuntu/LyricalDave/ros2ws/install/dave_interfaces/include/dave_interfaces/dave_interfaces/msg/detail/dock_status__type_support.cpp
-- Up-to-date: /home/ubuntu/LyricalDave/ros2ws/install/dave_interfaces/include/dave_interfaces/dave_interfaces/msg/detail/battery_state__rosidl_typesupport_introspection_cpp.hpp
-- Up-to-date: /home/ubuntu/LyricalDave/ros2ws/install/dave_interfaces/include/dave_interfaces/dave_interfaces/msg/detail/battery_state__type_support.cpp
-- Up-to-date: /home/ubuntu/LyricalDave/ros2ws/install/dave_interfaces/include/dave_interfaces/dave_interfaces/msg/detail/dock_status__rosidl_typesupport_introspection_cpp.hpp
-- Up-to-date: /home/ubuntu/LyricalDave/ros2ws/install/dave_interfaces/lib/libdave_interfaces__rosidl_typesupport_introspection_cpp.so
-- Up-to-date: /home/ubuntu/LyricalDave/ros2ws/install/dave_interfaces/lib/libdave_interfaces__rosidl_typesupport_cpp.so
-- Up-to-date: /home/ubuntu/LyricalDave/ros2ws/install/dave_interfaces/share/dave_interfaces/environment/pythonpath.sh
-- Up-to-date: /home/ubuntu/LyricalDave/ros2ws/install/dave_interfaces/share/dave_interfaces/environment/pythonpath.dsv
-- Up-to-date: /home/ubuntu/LyricalDave/ros2ws/install/dave_interfaces/lib/python3.14/site-packages/dave_interfaces/dave_interfaces_s__rosidl_typesupport_fastrtps_c.so
-- Up-to-date: /home/ubuntu/LyricalDave/ros2ws/install/dave_interfaces/lib/python3.14/site-packages/dave_interfaces/dave_interfaces_s__rosidl_typesupport_introspection_c.so
-- Up-to-date: /home/ubuntu/LyricalDave/ros2ws/install/dave_interfaces/lib/python3.14/site-packages/dave_interfaces/dave_interfaces_s__rosidl_typesupport_c.so
-- Up-to-date: /home/ubuntu/LyricalDave/ros2ws/install/dave_interfaces/lib/libdave_interfaces__rosidl_generator_py.so
-- Up-to-date: /home/ubuntu/LyricalDave/ros2ws/install/dave_interfaces/share/ament_index/resource_index/rust_packages/dave_interfaces
-- Up-to-date: /home/ubuntu/LyricalDave/ros2ws/install/dave_interfaces/share/dave_interfaces/rust
-- Up-to-date: /home/ubuntu/LyricalDave/ros2ws/install/dave_interfaces/share/dave_interfaces/rust/Cargo.toml
-- Up-to-date: /home/ubuntu/LyricalDave/ros2ws/install/dave_interfaces/share/dave_interfaces/rust/src
-- Up-to-date: /home/ubuntu/LyricalDave/ros2ws/install/dave_interfaces/share/dave_interfaces/rust/src/srv
-- Up-to-date: /home/ubuntu/LyricalDave/ros2ws/install/dave_interfaces/share/dave_interfaces/rust/src/srv/rmw.rs
-- Up-to-date: /home/ubuntu/LyricalDave/ros2ws/install/dave_interfaces/share/dave_interfaces/rust/src/msg
-- Up-to-date: /home/ubuntu/LyricalDave/ros2ws/install/dave_interfaces/share/dave_interfaces/rust/src/msg/rmw.rs
-- Up-to-date: /home/ubuntu/LyricalDave/ros2ws/install/dave_interfaces/share/dave_interfaces/rust/src/lib.rs
-- Up-to-date: /home/ubuntu/LyricalDave/ros2ws/install/dave_interfaces/share/dave_interfaces/rust/src/msg.rs
-- Up-to-date: /home/ubuntu/LyricalDave/ros2ws/install/dave_interfaces/share/dave_interfaces/rust/src/srv.rs
-- Up-to-date: /home/ubuntu/LyricalDave/ros2ws/install/dave_interfaces/share/dave_interfaces/rust/build.rs
-- Up-to-date: /home/ubuntu/LyricalDave/ros2ws/install/dave_interfaces/share/dave_interfaces/srv/Say.idl
-- Up-to-date: /home/ubuntu/LyricalDave/ros2ws/install/dave_interfaces/share/dave_interfaces/srv/Dock.idl
-- Up-to-date: /home/ubuntu/LyricalDave/ros2ws/install/dave_interfaces/share/dave_interfaces/srv/Undock.idl
-- Up-to-date: /home/ubuntu/LyricalDave/ros2ws/install/dave_interfaces/share/dave_interfaces/srv/DriveDistance.idl
-- Up-to-date: /home/ubuntu/LyricalDave/ros2ws/install/dave_interfaces/share/dave_interfaces/msg/BatteryState.idl
-- Up-to-date: /home/ubuntu/LyricalDave/ros2ws/install/dave_interfaces/share/dave_interfaces/msg/DockStatus.idl
-- Up-to-date: /home/ubuntu/LyricalDave/ros2ws/install/dave_interfaces/share/dave_interfaces/srv/Say.srv
-- Up-to-date: /home/ubuntu/LyricalDave/ros2ws/install/dave_interfaces/share/dave_interfaces/srv/Dock.srv
-- Up-to-date: /home/ubuntu/LyricalDave/ros2ws/install/dave_interfaces/share/dave_interfaces/srv/Undock.srv
-- Up-to-date: /home/ubuntu/LyricalDave/ros2ws/install/dave_interfaces/share/dave_interfaces/srv/DriveDistance.srv
-- Up-to-date: /home/ubuntu/LyricalDave/ros2ws/install/dave_interfaces/share/dave_interfaces/msg/BatteryState.msg
-- Up-to-date: /home/ubuntu/LyricalDave/ros2ws/install/dave_interfaces/share/dave_interfaces/msg/DockStatus.msg
-- Up-to-date: /home/ubuntu/LyricalDave/ros2ws/install/dave_interfaces/share/ament_index/resource_index/package_run_dependencies/dave_interfaces
-- Up-to-date: /home/ubuntu/LyricalDave/ros2ws/install/dave_interfaces/share/ament_index/resource_index/parent_prefix_path/dave_interfaces
-- Up-to-date: /home/ubuntu/LyricalDave/ros2ws/install/dave_interfaces/share/dave_interfaces/environment/ament_prefix_path.sh
-- Up-to-date: /home/ubuntu/LyricalDave/ros2ws/install/dave_interfaces/share/dave_interfaces/environment/ament_prefix_path.dsv
-- Up-to-date: /home/ubuntu/LyricalDave/ros2ws/install/dave_interfaces/share/dave_interfaces/environment/path.sh
-- Up-to-date: /home/ubuntu/LyricalDave/ros2ws/install/dave_interfaces/share/dave_interfaces/environment/path.dsv
-- Up-to-date: /home/ubuntu/LyricalDave/ros2ws/install/dave_interfaces/share/dave_interfaces/local_setup.bash
-- Up-to-date: /home/ubuntu/LyricalDave/ros2ws/install/dave_interfaces/share/dave_interfaces/local_setup.fish
-- Up-to-date: /home/ubuntu/LyricalDave/ros2ws/install/dave_interfaces/share/dave_interfaces/local_setup.sh
-- Up-to-date: /home/ubuntu/LyricalDave/ros2ws/install/dave_interfaces/share/dave_interfaces/local_setup.zsh
-- Up-to-date: /home/ubuntu/LyricalDave/ros2ws/install/dave_interfaces/share/dave_interfaces/local_setup.dsv
-- Installing: /home/ubuntu/LyricalDave/ros2ws/install/dave_interfaces/share/dave_interfaces/package.dsv
-- Up-to-date: /home/ubuntu/LyricalDave/ros2ws/install/dave_interfaces/share/ament_index/resource_index/packages/dave_interfaces
-- Up-to-date: /home/ubuntu/LyricalDave/ros2ws/install/dave_interfaces/share/dave_interfaces/cmake/export_dave_interfaces__rosidl_generator_cExport.cmake
-- Up-to-date: /home/ubuntu/LyricalDave/ros2ws/install/dave_interfaces/share/dave_interfaces/cmake/export_dave_interfaces__rosidl_generator_cExport-noconfig.cmake
-- Up-to-date: /home/ubuntu/LyricalDave/ros2ws/install/dave_interfaces/share/dave_interfaces/cmake/export_dave_interfaces__rosidl_typesupport_fastrtps_cExport.cmake
-- Up-to-date: /home/ubuntu/LyricalDave/ros2ws/install/dave_interfaces/share/dave_interfaces/cmake/export_dave_interfaces__rosidl_typesupport_fastrtps_cExport-noconfig.cmake
-- Up-to-date: /home/ubuntu/LyricalDave/ros2ws/install/dave_interfaces/share/dave_interfaces/cmake/dave_interfaces__rosidl_typesupport_introspection_cExport.cmake
-- Up-to-date: /home/ubuntu/LyricalDave/ros2ws/install/dave_interfaces/share/dave_interfaces/cmake/dave_interfaces__rosidl_typesupport_introspection_cExport-noconfig.cmake
-- Up-to-date: /home/ubuntu/LyricalDave/ros2ws/install/dave_interfaces/share/dave_interfaces/cmake/dave_interfaces__rosidl_typesupport_cExport.cmake
-- Up-to-date: /home/ubuntu/LyricalDave/ros2ws/install/dave_interfaces/share/dave_interfaces/cmake/dave_interfaces__rosidl_typesupport_cExport-noconfig.cmake
-- Up-to-date: /home/ubuntu/LyricalDave/ros2ws/install/dave_interfaces/share/dave_interfaces/cmake/export_dave_interfaces__rosidl_generator_cppExport.cmake
-- Up-to-date: /home/ubuntu/LyricalDave/ros2ws/install/dave_interfaces/share/dave_interfaces/cmake/export_dave_interfaces__rosidl_typesupport_fastrtps_cppExport.cmake
-- Up-to-date: /home/ubuntu/LyricalDave/ros2ws/install/dave_interfaces/share/dave_interfaces/cmake/export_dave_interfaces__rosidl_typesupport_fastrtps_cppExport-noconfig.cmake
-- Up-to-date: /home/ubuntu/LyricalDave/ros2ws/install/dave_interfaces/share/dave_interfaces/cmake/dave_interfaces__rosidl_typesupport_introspection_cppExport.cmake
-- Up-to-date: /home/ubuntu/LyricalDave/ros2ws/install/dave_interfaces/share/dave_interfaces/cmake/dave_interfaces__rosidl_typesupport_introspection_cppExport-noconfig.cmake
-- Up-to-date: /home/ubuntu/LyricalDave/ros2ws/install/dave_interfaces/share/dave_interfaces/cmake/dave_interfaces__rosidl_typesupport_cppExport.cmake
-- Up-to-date: /home/ubuntu/LyricalDave/ros2ws/install/dave_interfaces/share/dave_interfaces/cmake/dave_interfaces__rosidl_typesupport_cppExport-noconfig.cmake
-- Up-to-date: /home/ubuntu/LyricalDave/ros2ws/install/dave_interfaces/share/dave_interfaces/cmake/export_dave_interfaces__rosidl_generator_pyExport.cmake
-- Up-to-date: /home/ubuntu/LyricalDave/ros2ws/install/dave_interfaces/share/dave_interfaces/cmake/export_dave_interfaces__rosidl_generator_pyExport-noconfig.cmake
-- Up-to-date: /home/ubuntu/LyricalDave/ros2ws/install/dave_interfaces/lib/python3.14/site-packages/dave_interfaces-0.0.1-py3.14.egg-info
-- Installing: /home/ubuntu/LyricalDave/ros2ws/install/dave_interfaces/lib/python3.14/site-packages/dave_interfaces-0.0.1-py3.14.egg-info/top_level.txt
-- Installing: /home/ubuntu/LyricalDave/ros2ws/install/dave_interfaces/lib/python3.14/site-packages/dave_interfaces-0.0.1-py3.14.egg-info/SOURCES.txt
-- Installing: /home/ubuntu/LyricalDave/ros2ws/install/dave_interfaces/lib/python3.14/site-packages/dave_interfaces-0.0.1-py3.14.egg-info/dependency_links.txt
-- Installing: /home/ubuntu/LyricalDave/ros2ws/install/dave_interfaces/lib/python3.14/site-packages/dave_interfaces-0.0.1-py3.14.egg-info/PKG-INFO
-- Up-to-date: /home/ubuntu/LyricalDave/ros2ws/install/dave_interfaces/lib/python3.14/site-packages/dave_interfaces
-- Up-to-date: /home/ubuntu/LyricalDave/ros2ws/install/dave_interfaces/lib/python3.14/site-packages/dave_interfaces/__init__.py
-- Up-to-date: /home/ubuntu/LyricalDave/ros2ws/install/dave_interfaces/lib/python3.14/site-packages/dave_interfaces/py.typed
-- Up-to-date: /home/ubuntu/LyricalDave/ros2ws/install/dave_interfaces/lib/python3.14/site-packages/dave_interfaces/dave_interfaces_s__rosidl_typesupport_introspection_c.so
-- Up-to-date: /home/ubuntu/LyricalDave/ros2ws/install/dave_interfaces/lib/python3.14/site-packages/dave_interfaces/dave_interfaces_s__rosidl_typesupport_c.so
-- Up-to-date: /home/ubuntu/LyricalDave/ros2ws/install/dave_interfaces/lib/python3.14/site-packages/dave_interfaces/dave_interfaces_s__rosidl_typesupport_fastrtps_c.so
-- Up-to-date: /home/ubuntu/LyricalDave/ros2ws/install/dave_interfaces/lib/python3.14/site-packages/dave_interfaces/srv
-- Up-to-date: /home/ubuntu/LyricalDave/ros2ws/install/dave_interfaces/lib/python3.14/site-packages/dave_interfaces/srv/__init__.py
-- Up-to-date: /home/ubuntu/LyricalDave/ros2ws/install/dave_interfaces/lib/python3.14/site-packages/dave_interfaces/srv/_drive_distance.py
-- Up-to-date: /home/ubuntu/LyricalDave/ros2ws/install/dave_interfaces/lib/python3.14/site-packages/dave_interfaces/srv/_drive_distance_s.c
-- Up-to-date: /home/ubuntu/LyricalDave/ros2ws/install/dave_interfaces/lib/python3.14/site-packages/dave_interfaces/srv/_dock.py
-- Up-to-date: /home/ubuntu/LyricalDave/ros2ws/install/dave_interfaces/lib/python3.14/site-packages/dave_interfaces/srv/_undock.py
-- Up-to-date: /home/ubuntu/LyricalDave/ros2ws/install/dave_interfaces/lib/python3.14/site-packages/dave_interfaces/srv/_say_s.c
-- Up-to-date: /home/ubuntu/LyricalDave/ros2ws/install/dave_interfaces/lib/python3.14/site-packages/dave_interfaces/srv/_undock_s.c
-- Up-to-date: /home/ubuntu/LyricalDave/ros2ws/install/dave_interfaces/lib/python3.14/site-packages/dave_interfaces/srv/_say.py
-- Up-to-date: /home/ubuntu/LyricalDave/ros2ws/install/dave_interfaces/lib/python3.14/site-packages/dave_interfaces/srv/_dock_s.c
-- Up-to-date: /home/ubuntu/LyricalDave/ros2ws/install/dave_interfaces/lib/python3.14/site-packages/dave_interfaces/_dave_interfaces_s.ep.rosidl_typesupport_introspection_c.c
-- Up-to-date: /home/ubuntu/LyricalDave/ros2ws/install/dave_interfaces/lib/python3.14/site-packages/dave_interfaces/_dave_interfaces_s.ep.rosidl_typesupport_c.c
-- Up-to-date: /home/ubuntu/LyricalDave/ros2ws/install/dave_interfaces/lib/python3.14/site-packages/dave_interfaces/msg
-- Up-to-date: /home/ubuntu/LyricalDave/ros2ws/install/dave_interfaces/lib/python3.14/site-packages/dave_interfaces/msg/__init__.py
-- Up-to-date: /home/ubuntu/LyricalDave/ros2ws/install/dave_interfaces/lib/python3.14/site-packages/dave_interfaces/msg/_dock_status.py
-- Up-to-date: /home/ubuntu/LyricalDave/ros2ws/install/dave_interfaces/lib/python3.14/site-packages/dave_interfaces/msg/_battery_state_s.c
-- Up-to-date: /home/ubuntu/LyricalDave/ros2ws/install/dave_interfaces/lib/python3.14/site-packages/dave_interfaces/msg/_dock_status_s.c
-- Up-to-date: /home/ubuntu/LyricalDave/ros2ws/install/dave_interfaces/lib/python3.14/site-packages/dave_interfaces/msg/_battery_state.py
-- Up-to-date: /home/ubuntu/LyricalDave/ros2ws/install/dave_interfaces/lib/python3.14/site-packages/dave_interfaces/_dave_interfaces_s.ep.rosidl_typesupport_fastrtps_c.c
Listing '/home/ubuntu/LyricalDave/ros2ws/install/dave_interfaces/lib/python3.14/site-packages/dave_interfaces'...
Listing '/home/ubuntu/LyricalDave/ros2ws/install/dave_interfaces/lib/python3.14/site-packages/dave_interfaces/msg'...
Listing '/home/ubuntu/LyricalDave/ros2ws/install/dave_interfaces/lib/python3.14/site-packages/dave_interfaces/srv'...
-- Up-to-date: /home/ubuntu/LyricalDave/ros2ws/install/dave_interfaces/share/dave_interfaces/cmake/rosidl_cmake-extras.cmake
-- Up-to-date: /home/ubuntu/LyricalDave/ros2ws/install/dave_interfaces/share/dave_interfaces/cmake/ament_cmake_export_dependencies-extras.cmake
-- Up-to-date: /home/ubuntu/LyricalDave/ros2ws/install/dave_interfaces/share/dave_interfaces/cmake/ament_cmake_export_include_directories-extras.cmake
-- Up-to-date: /home/ubuntu/LyricalDave/ros2ws/install/dave_interfaces/share/dave_interfaces/cmake/ament_cmake_export_libraries-extras.cmake
-- Up-to-date: /home/ubuntu/LyricalDave/ros2ws/install/dave_interfaces/share/dave_interfaces/cmake/ament_cmake_export_targets-extras.cmake
-- Up-to-date: /home/ubuntu/LyricalDave/ros2ws/install/dave_interfaces/share/dave_interfaces/cmake/rosidl_cmake_export_typesupport_targets-extras.cmake
-- Up-to-date: /home/ubuntu/LyricalDave/ros2ws/install/dave_interfaces/share/dave_interfaces/cmake/rosidl_cmake_export_typesupport_libraries-extras.cmake
-- Up-to-date: /home/ubuntu/LyricalDave/ros2ws/install/dave_interfaces/share/dave_interfaces/cmake/rosidl_cmake_aggregate_target-extras.cmake
-- Up-to-date: /home/ubuntu/LyricalDave/ros2ws/install/dave_interfaces/share/dave_interfaces/cmake/dave_interfacesConfig.cmake
-- Up-to-date: /home/ubuntu/LyricalDave/ros2ws/install/dave_interfaces/share/dave_interfaces/cmake/dave_interfacesConfig-version.cmake
-- Up-to-date: /home/ubuntu/LyricalDave/ros2ws/install/dave_interfaces/share/dave_interfaces/package.xml
