[1.420s] Invoking command in '/home/ubuntu/LyricalDave/ros2ws/build/dave_interfaces': CMAKE_PREFIX_PATH=${CMAKE_PREFIX_PATH}:/home/ubuntu/LyricalDave/ros2ws/install/teleop_gopigo3_keyboard:/home/ubuntu/LyricalDave/ros2ws/install/scan_client:/home/ubuntu/LyricalDave/ros2ws/install/ros2_libcamera_pub:/home/ubuntu/LyricalDave/ros2ws/install/ros2_gopigo3_node:/home/ubuntu/LyricalDave/ros2ws/install/explorer_wanderer:/home/ubuntu/LyricalDave/ros2ws/install/demo_nodes_py:/home/ubuntu/LyricalDave/ros2ws/install/dave:/opt/ros/lyrical /usr/bin/cmake --build /home/ubuntu/LyricalDave/ros2ws/build/dave_interfaces -- -j4 -l4
[1.658s] [  1%] Built target dave_interfaces__rosidl_generator_type_description
[1.665s] [  2%] Built target dave_interfaces__rs
[1.770s] [  3%] Built target dave_interfaces__cpp
[1.829s] [ 27%] Built target dave_interfaces__rosidl_generator_c
[1.985s] [ 36%] Built target dave_interfaces__rosidl_typesupport_cpp
[2.014s] [ 45%] Built target dave_interfaces__rosidl_typesupport_fastrtps_c
[2.078s] [ 55%] Built target dave_interfaces__rosidl_typesupport_c
[2.182s] [ 64%] Built target dave_interfaces__rosidl_typesupport_fastrtps_cpp
[2.229s] [ 74%] Built target dave_interfaces__rosidl_typesupport_introspection_cpp
[2.299s] [ 83%] Built target dave_interfaces__rosidl_typesupport_introspection_c
[2.380s] [ 83%] Built target dave_interfaces
[2.460s] [ 84%] Built target dave_interfaces__py
[2.587s] [ 92%] Built target dave_interfaces__rosidl_generator_py
[2.733s] [ 95%] Built target dave_interfaces_s__rosidl_typesupport_fastrtps_c
[2.781s] [ 95%] Built target ament_cmake_python_sync_dave_interfaces
[2.892s] [ 97%] Built target dave_interfaces_s__rosidl_typesupport_c
[2.926s] [100%] Built target dave_interfaces_s__rosidl_typesupport_introspection_c
[4.636s] running egg_info
[4.778s] writing dave_interfaces.egg-info/PKG-INFO
[4.781s] writing dependency_links to dave_interfaces.egg-info/dependency_links.txt
[4.784s] writing top-level names to dave_interfaces.egg-info/top_level.txt
[5.222s] reading manifest file 'dave_interfaces.egg-info/SOURCES.txt'
[5.228s] writing manifest file 'dave_interfaces.egg-info/SOURCES.txt'
[5.485s] [100%] Built target ament_cmake_python_build_dave_interfaces_egg
[5.958s] Invoked command in '/home/ubuntu/LyricalDave/ros2ws/build/dave_interfaces' returned '0': CMAKE_PREFIX_PATH=${CMAKE_PREFIX_PATH}:/home/ubuntu/LyricalDave/ros2ws/install/teleop_gopigo3_keyboard:/home/ubuntu/LyricalDave/ros2ws/install/scan_client:/home/ubuntu/LyricalDave/ros2ws/install/ros2_libcamera_pub:/home/ubuntu/LyricalDave/ros2ws/install/ros2_gopigo3_node:/home/ubuntu/LyricalDave/ros2ws/install/explorer_wanderer:/home/ubuntu/LyricalDave/ros2ws/install/demo_nodes_py:/home/ubuntu/LyricalDave/ros2ws/install/dave:/opt/ros/lyrical /usr/bin/cmake --build /home/ubuntu/LyricalDave/ros2ws/build/dave_interfaces -- -j4 -l4
[5.965s] Invoking command in '/home/ubuntu/LyricalDave/ros2ws/build/dave_interfaces': CMAKE_PREFIX_PATH=${CMAKE_PREFIX_PATH}:/home/ubuntu/LyricalDave/ros2ws/install/teleop_gopigo3_keyboard:/home/ubuntu/LyricalDave/ros2ws/install/scan_client:/home/ubuntu/LyricalDave/ros2ws/install/ros2_libcamera_pub:/home/ubuntu/LyricalDave/ros2ws/install/ros2_gopigo3_node:/home/ubuntu/LyricalDave/ros2ws/install/explorer_wanderer:/home/ubuntu/LyricalDave/ros2ws/install/demo_nodes_py:/home/ubuntu/LyricalDave/ros2ws/install/dave:/opt/ros/lyrical /usr/bin/cmake --install /home/ubuntu/LyricalDave/ros2ws/build/dave_interfaces
[6.005s] -- Install configuration: ""
[6.008s] -- Up-to-date: /home/ubuntu/LyricalDave/ros2ws/install/dave_interfaces/share/ament_index/resource_index/rosidl_interfaces/dave_interfaces
[6.009s] -- Up-to-date: /home/ubuntu/LyricalDave/ros2ws/install/dave_interfaces/share/dave_interfaces/srv/Say.json
[6.009s] -- Up-to-date: /home/ubuntu/LyricalDave/ros2ws/install/dave_interfaces/share/dave_interfaces/srv/Dock.json
[6.011s] -- Up-to-date: /home/ubuntu/LyricalDave/ros2ws/install/dave_interfaces/share/dave_interfaces/srv/Undock.json
[6.012s] -- Up-to-date: /home/ubuntu/LyricalDave/ros2ws/install/dave_interfaces/share/dave_interfaces/srv/DriveDistance.json
[6.015s] -- Up-to-date: /home/ubuntu/LyricalDave/ros2ws/install/dave_interfaces/share/dave_interfaces/msg/BatteryState.json
[6.017s] -- Up-to-date: /home/ubuntu/LyricalDave/ros2ws/install/dave_interfaces/share/dave_interfaces/msg/DockStatus.json
[6.017s] -- Up-to-date: /home/ubuntu/LyricalDave/ros2ws/install/dave_interfaces/include/dave_interfaces/dave_interfaces
[6.019s] -- Up-to-date: /home/ubuntu/LyricalDave/ros2ws/install/dave_interfaces/include/dave_interfaces/dave_interfaces/srv
[6.021s] -- Up-to-date: /home/ubuntu/LyricalDave/ros2ws/install/dave_interfaces/include/dave_interfaces/dave_interfaces/srv/drive_distance.h
[6.023s] -- Up-to-date: /home/ubuntu/LyricalDave/ros2ws/install/dave_interfaces/include/dave_interfaces/dave_interfaces/srv/dock.h
[6.024s] -- Up-to-date: /home/ubuntu/LyricalDave/ros2ws/install/dave_interfaces/include/dave_interfaces/dave_interfaces/srv/say.h
[6.024s] -- Up-to-date: /home/ubuntu/LyricalDave/ros2ws/install/dave_interfaces/include/dave_interfaces/dave_interfaces/srv/detail
[6.024s] -- Up-to-date: /home/ubuntu/LyricalDave/ros2ws/install/dave_interfaces/include/dave_interfaces/dave_interfaces/srv/detail/say__functions.h
[6.025s] -- Up-to-date: /home/ubuntu/LyricalDave/ros2ws/install/dave_interfaces/include/dave_interfaces/dave_interfaces/srv/detail/undock__description.c
[6.028s] -- Up-to-date: /home/ubuntu/LyricalDave/ros2ws/install/dave_interfaces/include/dave_interfaces/dave_interfaces/srv/detail/undock__functions.c
[6.029s] -- Up-to-date: /home/ubuntu/LyricalDave/ros2ws/install/dave_interfaces/include/dave_interfaces/dave_interfaces/srv/detail/say__description.c
[6.030s] -- Up-to-date: /home/ubuntu/LyricalDave/ros2ws/install/dave_interfaces/include/dave_interfaces/dave_interfaces/srv/detail/dock__functions.h
[6.031s] -- Up-to-date: /home/ubuntu/LyricalDave/ros2ws/install/dave_interfaces/include/dave_interfaces/dave_interfaces/srv/detail/say__struct.h
[6.033s] -- Up-to-date: /home/ubuntu/LyricalDave/ros2ws/install/dave_interfaces/include/dave_interfaces/dave_interfaces/srv/detail/dock__functions.c
[6.035s] -- Installing: /home/ubuntu/LyricalDave/ros2ws/install/dave_interfaces/include/dave_interfaces/dave_interfaces/srv/detail/drive_distance__type_support.c
[6.037s] -- Up-to-date: /home/ubuntu/LyricalDave/ros2ws/install/dave_interfaces/include/dave_interfaces/dave_interfaces/srv/detail/drive_distance__struct.h
[6.039s] -- Up-to-date: /home/ubuntu/LyricalDave/ros2ws/install/dave_interfaces/include/dave_interfaces/dave_interfaces/srv/detail/drive_distance__description.c
[6.042s] -- Up-to-date: /home/ubuntu/LyricalDave/ros2ws/install/dave_interfaces/include/dave_interfaces/dave_interfaces/srv/detail/undock__functions.h
[6.046s] -- Up-to-date: /home/ubuntu/LyricalDave/ros2ws/install/dave_interfaces/include/dave_interfaces/dave_interfaces/srv/detail/drive_distance__functions.c
[6.046s] -- Up-to-date: /home/ubuntu/LyricalDave/ros2ws/install/dave_interfaces/include/dave_interfaces/dave_interfaces/srv/detail/undock__struct.h
[6.047s] -- Up-to-date: /home/ubuntu/LyricalDave/ros2ws/install/dave_interfaces/include/dave_interfaces/dave_interfaces/srv/detail/undock__type_support.h
[6.049s] -- Up-to-date: /home/ubuntu/LyricalDave/ros2ws/install/dave_interfaces/include/dave_interfaces/dave_interfaces/srv/detail/dock__struct.h
[6.050s] -- Up-to-date: /home/ubuntu/LyricalDave/ros2ws/install/dave_interfaces/include/dave_interfaces/dave_interfaces/srv/detail/dock__type_support.h
[6.051s] -- Up-to-date: /home/ubuntu/LyricalDave/ros2ws/install/dave_interfaces/include/dave_interfaces/dave_interfaces/srv/detail/drive_distance__functions.h
[6.051s] -- Up-to-date: /home/ubuntu/LyricalDave/ros2ws/install/dave_interfaces/include/dave_interfaces/dave_interfaces/srv/detail/drive_distance__type_support.h
[6.052s] -- Up-to-date: /home/ubuntu/LyricalDave/ros2ws/install/dave_interfaces/include/dave_interfaces/dave_interfaces/srv/detail/say__type_support.h
[6.052s] -- Installing: /home/ubuntu/LyricalDave/ros2ws/install/dave_interfaces/include/dave_interfaces/dave_interfaces/srv/detail/dock__type_support.c
[6.053s] -- Up-to-date: /home/ubuntu/LyricalDave/ros2ws/install/dave_interfaces/include/dave_interfaces/dave_interfaces/srv/detail/dock__description.c
[6.056s] -- Installing: /home/ubuntu/LyricalDave/ros2ws/install/dave_interfaces/include/dave_interfaces/dave_interfaces/srv/detail/undock__type_support.c
[6.059s] -- Installing: /home/ubuntu/LyricalDave/ros2ws/install/dave_interfaces/include/dave_interfaces/dave_interfaces/srv/detail/say__type_support.c
[6.060s] -- Up-to-date: /home/ubuntu/LyricalDave/ros2ws/install/dave_interfaces/include/dave_interfaces/dave_interfaces/srv/detail/say__functions.c
[6.060s] -- Up-to-date: /home/ubuntu/LyricalDave/ros2ws/install/dave_interfaces/include/dave_interfaces/dave_interfaces/srv/undock.h
[6.061s] -- Up-to-date: /home/ubuntu/LyricalDave/ros2ws/install/dave_interfaces/include/dave_interfaces/dave_interfaces/msg
[6.062s] -- Up-to-date: /home/ubuntu/LyricalDave/ros2ws/install/dave_interfaces/include/dave_interfaces/dave_interfaces/msg/battery_state.h
[6.065s] -- Up-to-date: /home/ubuntu/LyricalDave/ros2ws/install/dave_interfaces/include/dave_interfaces/dave_interfaces/msg/detail
[6.066s] -- Installing: /home/ubuntu/LyricalDave/ros2ws/install/dave_interfaces/include/dave_interfaces/dave_interfaces/msg/detail/battery_state__type_support.c
[6.066s] -- Up-to-date: /home/ubuntu/LyricalDave/ros2ws/install/dave_interfaces/include/dave_interfaces/dave_interfaces/msg/detail/battery_state__functions.c
[6.070s] -- Up-to-date: /home/ubuntu/LyricalDave/ros2ws/install/dave_interfaces/include/dave_interfaces/dave_interfaces/msg/detail/dock_status__description.c
[6.071s] -- Up-to-date: /home/ubuntu/LyricalDave/ros2ws/install/dave_interfaces/include/dave_interfaces/dave_interfaces/msg/detail/battery_state__functions.h
[6.072s] -- Up-to-date: /home/ubuntu/LyricalDave/ros2ws/install/dave_interfaces/include/dave_interfaces/dave_interfaces/msg/detail/dock_status__functions.h
[6.073s] -- Installing: /home/ubuntu/LyricalDave/ros2ws/install/dave_interfaces/include/dave_interfaces/dave_interfaces/msg/detail/dock_status__type_support.c
[6.074s] -- Up-to-date: /home/ubuntu/LyricalDave/ros2ws/install/dave_interfaces/include/dave_interfaces/dave_interfaces/msg/detail/battery_state__type_support.h
[6.074s] -- Up-to-date: /home/ubuntu/LyricalDave/ros2ws/install/dave_interfaces/include/dave_interfaces/dave_interfaces/msg/detail/battery_state__description.c
[6.077s] -- Up-to-date: /home/ubuntu/LyricalDave/ros2ws/install/dave_interfaces/include/dave_interfaces/dave_interfaces/msg/detail/dock_status__type_support.h
[6.078s] -- Up-to-date: /home/ubuntu/LyricalDave/ros2ws/install/dave_interfaces/include/dave_interfaces/dave_interfaces/msg/detail/dock_status__struct.h
[6.079s] -- Up-to-date: /home/ubuntu/LyricalDave/ros2ws/install/dave_interfaces/include/dave_interfaces/dave_interfaces/msg/detail/dock_status__functions.c
[6.079s] -- Up-to-date: /home/ubuntu/LyricalDave/ros2ws/install/dave_interfaces/include/dave_interfaces/dave_interfaces/msg/detail/battery_state__struct.h
[6.082s] -- Up-to-date: /home/ubuntu/LyricalDave/ros2ws/install/dave_interfaces/include/dave_interfaces/dave_interfaces/msg/dock_status.h
[6.082s] -- Up-to-date: /home/ubuntu/LyricalDave/ros2ws/install/dave_interfaces/include/dave_interfaces/dave_interfaces/msg/rosidl_generator_c__visibility_control.h
[6.083s] -- Up-to-date: /home/ubuntu/LyricalDave/ros2ws/install/dave_interfaces/share/dave_interfaces/environment/library_path.sh
[6.083s] -- Up-to-date: /home/ubuntu/LyricalDave/ros2ws/install/dave_interfaces/share/dave_interfaces/environment/library_path.dsv
[6.084s] -- Up-to-date: /home/ubuntu/LyricalDave/ros2ws/install/dave_interfaces/lib/libdave_interfaces__rosidl_generator_c.so
[6.084s] -- Up-to-date: /home/ubuntu/LyricalDave/ros2ws/install/dave_interfaces/include/dave_interfaces/dave_interfaces
[6.085s] -- Up-to-date: /home/ubuntu/LyricalDave/ros2ws/install/dave_interfaces/include/dave_interfaces/dave_interfaces/srv
[6.088s] -- Up-to-date: /home/ubuntu/LyricalDave/ros2ws/install/dave_interfaces/include/dave_interfaces/dave_interfaces/srv/detail
[6.089s] -- Up-to-date: /home/ubuntu/LyricalDave/ros2ws/install/dave_interfaces/include/dave_interfaces/dave_interfaces/srv/detail/undock__rosidl_typesupport_fastrtps_c.h
[6.089s] -- Up-to-date: /home/ubuntu/LyricalDave/ros2ws/install/dave_interfaces/include/dave_interfaces/dave_interfaces/srv/detail/drive_distance__rosidl_typesupport_fastrtps_c.h
[6.090s] -- Up-to-date: /home/ubuntu/LyricalDave/ros2ws/install/dave_interfaces/include/dave_interfaces/dave_interfaces/srv/detail/say__rosidl_typesupport_fastrtps_c.h
[6.091s] -- Up-to-date: /home/ubuntu/LyricalDave/ros2ws/install/dave_interfaces/include/dave_interfaces/dave_interfaces/srv/detail/dock__rosidl_typesupport_fastrtps_c.h
[6.094s] -- Up-to-date: /home/ubuntu/LyricalDave/ros2ws/install/dave_interfaces/include/dave_interfaces/dave_interfaces/msg
[6.095s] -- Up-to-date: /home/ubuntu/LyricalDave/ros2ws/install/dave_interfaces/include/dave_interfaces/dave_interfaces/msg/rosidl_typesupport_fastrtps_c__visibility_control.h
[6.095s] -- Up-to-date: /home/ubuntu/LyricalDave/ros2ws/install/dave_interfaces/include/dave_interfaces/dave_interfaces/msg/detail
[6.096s] -- Up-to-date: /home/ubuntu/LyricalDave/ros2ws/install/dave_interfaces/include/dave_interfaces/dave_interfaces/msg/detail/battery_state__rosidl_typesupport_fastrtps_c.h
[6.097s] -- Up-to-date: /home/ubuntu/LyricalDave/ros2ws/install/dave_interfaces/include/dave_interfaces/dave_interfaces/msg/detail/dock_status__rosidl_typesupport_fastrtps_c.h
[6.100s] -- Up-to-date: /home/ubuntu/LyricalDave/ros2ws/install/dave_interfaces/lib/libdave_interfaces__rosidl_typesupport_fastrtps_c.so
[6.101s] -- Up-to-date: /home/ubuntu/LyricalDave/ros2ws/install/dave_interfaces/include/dave_interfaces/dave_interfaces
[6.101s] -- Up-to-date: /home/ubuntu/LyricalDave/ros2ws/install/dave_interfaces/include/dave_interfaces/dave_interfaces/srv
[6.102s] -- Up-to-date: /home/ubuntu/LyricalDave/ros2ws/install/dave_interfaces/include/dave_interfaces/dave_interfaces/srv/detail
[6.102s] -- Up-to-date: /home/ubuntu/LyricalDave/ros2ws/install/dave_interfaces/include/dave_interfaces/dave_interfaces/srv/detail/drive_distance__rosidl_typesupport_introspection_c.h
[6.103s] -- Installing: /home/ubuntu/LyricalDave/ros2ws/install/dave_interfaces/include/dave_interfaces/dave_interfaces/srv/detail/drive_distance__type_support.c
[6.106s] -- Up-to-date: /home/ubuntu/LyricalDave/ros2ws/install/dave_interfaces/include/dave_interfaces/dave_interfaces/srv/detail/undock__rosidl_typesupport_introspection_c.h
[6.107s] -- Up-to-date: /home/ubuntu/LyricalDave/ros2ws/install/dave_interfaces/include/dave_interfaces/dave_interfaces/srv/detail/dock__rosidl_typesupport_introspection_c.h
[6.108s] -- Installing: /home/ubuntu/LyricalDave/ros2ws/install/dave_interfaces/include/dave_interfaces/dave_interfaces/srv/detail/dock__type_support.c
[6.108s] -- Installing: /home/ubuntu/LyricalDave/ros2ws/install/dave_interfaces/include/dave_interfaces/dave_interfaces/srv/detail/undock__type_support.c
[6.108s] -- Up-to-date: /home/ubuntu/LyricalDave/ros2ws/install/dave_interfaces/include/dave_interfaces/dave_interfaces/srv/detail/say__rosidl_typesupport_introspection_c.h
[6.113s] -- Installing: /home/ubuntu/LyricalDave/ros2ws/install/dave_interfaces/include/dave_interfaces/dave_interfaces/srv/detail/say__type_support.c
[6.114s] -- Up-to-date: /home/ubuntu/LyricalDave/ros2ws/install/dave_interfaces/include/dave_interfaces/dave_interfaces/msg
[6.115s] -- Up-to-date: /home/ubuntu/LyricalDave/ros2ws/install/dave_interfaces/include/dave_interfaces/dave_interfaces/msg/detail
[6.115s] -- Installing: /home/ubuntu/LyricalDave/ros2ws/install/dave_interfaces/include/dave_interfaces/dave_interfaces/msg/detail/battery_state__type_support.c
[6.118s] -- Up-to-date: /home/ubuntu/LyricalDave/ros2ws/install/dave_interfaces/include/dave_interfaces/dave_interfaces/msg/detail/battery_state__rosidl_typesupport_introspection_c.h
[6.119s] -- Up-to-date: /home/ubuntu/LyricalDave/ros2ws/install/dave_interfaces/include/dave_interfaces/dave_interfaces/msg/detail/dock_status__rosidl_typesupport_introspection_c.h
[6.120s] -- Installing: /home/ubuntu/LyricalDave/ros2ws/install/dave_interfaces/include/dave_interfaces/dave_interfaces/msg/detail/dock_status__type_support.c
[6.124s] -- Up-to-date: /home/ubuntu/LyricalDave/ros2ws/install/dave_interfaces/include/dave_interfaces/dave_interfaces/msg/rosidl_typesupport_introspection_c__visibility_control.h
[6.125s] -- Up-to-date: /home/ubuntu/LyricalDave/ros2ws/install/dave_interfaces/lib/libdave_interfaces__rosidl_typesupport_introspection_c.so
[6.125s] -- Up-to-date: /home/ubuntu/LyricalDave/ros2ws/install/dave_interfaces/lib/libdave_interfaces__rosidl_typesupport_c.so
[6.126s] -- Up-to-date: /home/ubuntu/LyricalDave/ros2ws/install/dave_interfaces/include/dave_interfaces/dave_interfaces
[6.126s] -- Up-to-date: /home/ubuntu/LyricalDave/ros2ws/install/dave_interfaces/include/dave_interfaces/dave_interfaces/srv
[6.127s] -- Up-to-date: /home/ubuntu/LyricalDave/ros2ws/install/dave_interfaces/include/dave_interfaces/dave_interfaces/srv/undock.hpp
[6.132s] -- Up-to-date: /home/ubuntu/LyricalDave/ros2ws/install/dave_interfaces/include/dave_interfaces/dave_interfaces/srv/drive_distance.hpp
[6.132s] -- Up-to-date: /home/ubuntu/LyricalDave/ros2ws/install/dave_interfaces/include/dave_interfaces/dave_interfaces/srv/say.hpp
[6.133s] -- Up-to-date: /home/ubuntu/LyricalDave/ros2ws/install/dave_interfaces/include/dave_interfaces/dave_interfaces/srv/detail
[6.133s] -- Up-to-date: /home/ubuntu/LyricalDave/ros2ws/install/dave_interfaces/include/dave_interfaces/dave_interfaces/srv/detail/drive_distance__struct.hpp
[6.133s] -- Up-to-date: /home/ubuntu/LyricalDave/ros2ws/install/dave_interfaces/include/dave_interfaces/dave_interfaces/srv/detail/drive_distance__type_support.hpp
[6.137s] -- Up-to-date: /home/ubuntu/LyricalDave/ros2ws/install/dave_interfaces/include/dave_interfaces/dave_interfaces/srv/detail/dock__type_support.hpp
[6.138s] -- Up-to-date: /home/ubuntu/LyricalDave/ros2ws/install/dave_interfaces/include/dave_interfaces/dave_interfaces/srv/detail/say__traits.hpp
[6.138s] -- Up-to-date: /home/ubuntu/LyricalDave/ros2ws/install/dave_interfaces/include/dave_interfaces/dave_interfaces/srv/detail/drive_distance__traits.hpp
[6.139s] -- Up-to-date: /home/ubuntu/LyricalDave/ros2ws/install/dave_interfaces/include/dave_interfaces/dave_interfaces/srv/detail/undock__builder.hpp
[6.139s] -- Up-to-date: /home/ubuntu/LyricalDave/ros2ws/install/dave_interfaces/include/dave_interfaces/dave_interfaces/srv/detail/say__type_support.hpp
[6.140s] -- Up-to-date: /home/ubuntu/LyricalDave/ros2ws/install/dave_interfaces/include/dave_interfaces/dave_interfaces/srv/detail/undock__struct.hpp
[6.143s] -- Up-to-date: /home/ubuntu/LyricalDave/ros2ws/install/dave_interfaces/include/dave_interfaces/dave_interfaces/srv/detail/dock__builder.hpp
[6.144s] -- Up-to-date: /home/ubuntu/LyricalDave/ros2ws/install/dave_interfaces/include/dave_interfaces/dave_interfaces/srv/detail/undock__type_support.hpp
[6.145s] -- Up-to-date: /home/ubuntu/LyricalDave/ros2ws/install/dave_interfaces/include/dave_interfaces/dave_interfaces/srv/detail/undock__traits.hpp
[6.145s] -- Up-to-date: /home/ubuntu/LyricalDave/ros2ws/install/dave_interfaces/include/dave_interfaces/dave_interfaces/srv/detail/say__builder.hpp
[6.145s] -- Up-to-date: /home/ubuntu/LyricalDave/ros2ws/install/dave_interfaces/include/dave_interfaces/dave_interfaces/srv/detail/dock__traits.hpp
[6.148s] -- Up-to-date: /home/ubuntu/LyricalDave/ros2ws/install/dave_interfaces/include/dave_interfaces/dave_interfaces/srv/detail/dock__struct.hpp
[6.149s] -- Up-to-date: /home/ubuntu/LyricalDave/ros2ws/install/dave_interfaces/include/dave_interfaces/dave_interfaces/srv/detail/drive_distance__builder.hpp
[6.149s] -- Up-to-date: /home/ubuntu/LyricalDave/ros2ws/install/dave_interfaces/include/dave_interfaces/dave_interfaces/srv/detail/say__struct.hpp
[6.149s] -- Up-to-date: /home/ubuntu/LyricalDave/ros2ws/install/dave_interfaces/include/dave_interfaces/dave_interfaces/srv/dock.hpp
[6.150s] -- Up-to-date: /home/ubuntu/LyricalDave/ros2ws/install/dave_interfaces/include/dave_interfaces/dave_interfaces/msg
[6.150s] -- Up-to-date: /home/ubuntu/LyricalDave/ros2ws/install/dave_interfaces/include/dave_interfaces/dave_interfaces/msg/dock_status.hpp
[6.151s] -- Up-to-date: /home/ubuntu/LyricalDave/ros2ws/install/dave_interfaces/include/dave_interfaces/dave_interfaces/msg/detail
[6.154s] -- Up-to-date: /home/ubuntu/LyricalDave/ros2ws/install/dave_interfaces/include/dave_interfaces/dave_interfaces/msg/detail/dock_status__builder.hpp
[6.155s] -- Up-to-date: /home/ubuntu/LyricalDave/ros2ws/install/dave_interfaces/include/dave_interfaces/dave_interfaces/msg/detail/dock_status__traits.hpp
[6.156s] -- Up-to-date: /home/ubuntu/LyricalDave/ros2ws/install/dave_interfaces/include/dave_interfaces/dave_interfaces/msg/detail/battery_state__type_support.hpp
[6.157s] -- Up-to-date: /home/ubuntu/LyricalDave/ros2ws/install/dave_interfaces/include/dave_interfaces/dave_interfaces/msg/detail/dock_status__type_support.hpp
[6.161s] -- Up-to-date: /home/ubuntu/LyricalDave/ros2ws/install/dave_interfaces/include/dave_interfaces/dave_interfaces/msg/detail/battery_state__traits.hpp
[6.161s] -- Up-to-date: /home/ubuntu/LyricalDave/ros2ws/install/dave_interfaces/include/dave_interfaces/dave_interfaces/msg/detail/battery_state__builder.hpp
[6.161s] -- Up-to-date: /home/ubuntu/LyricalDave/ros2ws/install/dave_interfaces/include/dave_interfaces/dave_interfaces/msg/detail/dock_status__struct.hpp
[6.162s] -- Up-to-date: /home/ubuntu/LyricalDave/ros2ws/install/dave_interfaces/include/dave_interfaces/dave_interfaces/msg/detail/battery_state__struct.hpp
[6.162s] -- Up-to-date: /home/ubuntu/LyricalDave/ros2ws/install/dave_interfaces/include/dave_interfaces/dave_interfaces/msg/rosidl_generator_cpp__visibility_control.hpp
[6.163s] -- Up-to-date: /home/ubuntu/LyricalDave/ros2ws/install/dave_interfaces/include/dave_interfaces/dave_interfaces/msg/battery_state.hpp
[6.166s] -- Up-to-date: /home/ubuntu/LyricalDave/ros2ws/install/dave_interfaces/include/dave_interfaces/dave_interfaces
[6.167s] -- Up-to-date: /home/ubuntu/LyricalDave/ros2ws/install/dave_interfaces/include/dave_interfaces/dave_interfaces/srv
[6.167s] -- Up-to-date: /home/ubuntu/LyricalDave/ros2ws/install/dave_interfaces/include/dave_interfaces/dave_interfaces/srv/detail
[6.168s] -- Up-to-date: /home/ubuntu/LyricalDave/ros2ws/install/dave_interfaces/include/dave_interfaces/dave_interfaces/srv/detail/drive_distance__rosidl_typesupport_fastrtps_cpp.hpp
[6.168s] -- Up-to-date: /home/ubuntu/LyricalDave/ros2ws/install/dave_interfaces/include/dave_interfaces/dave_interfaces/srv/detail/undock__rosidl_typesupport_fastrtps_cpp.hpp
[6.169s] -- Up-to-date: /home/ubuntu/LyricalDave/ros2ws/install/dave_interfaces/include/dave_interfaces/dave_interfaces/srv/detail/dds_fastrtps
[6.172s] -- Up-to-date: /home/ubuntu/LyricalDave/ros2ws/install/dave_interfaces/include/dave_interfaces/dave_interfaces/srv/detail/dock__rosidl_typesupport_fastrtps_cpp.hpp
[6.173s] -- Up-to-date: /home/ubuntu/LyricalDave/ros2ws/install/dave_interfaces/include/dave_interfaces/dave_interfaces/srv/detail/say__rosidl_typesupport_fastrtps_cpp.hpp
[6.173s] -- Up-to-date: /home/ubuntu/LyricalDave/ros2ws/install/dave_interfaces/include/dave_interfaces/dave_interfaces/msg
[6.174s] -- Up-to-date: /home/ubuntu/LyricalDave/ros2ws/install/dave_interfaces/include/dave_interfaces/dave_interfaces/msg/rosidl_typesupport_fastrtps_cpp__visibility_control.h
[6.174s] -- Up-to-date: /home/ubuntu/LyricalDave/ros2ws/install/dave_interfaces/include/dave_interfaces/dave_interfaces/msg/detail
[6.175s] -- Up-to-date: /home/ubuntu/LyricalDave/ros2ws/install/dave_interfaces/include/dave_interfaces/dave_interfaces/msg/detail/dds_fastrtps
[6.178s] -- Up-to-date: /home/ubuntu/LyricalDave/ros2ws/install/dave_interfaces/include/dave_interfaces/dave_interfaces/msg/detail/battery_state__rosidl_typesupport_fastrtps_cpp.hpp
[6.180s] -- Up-to-date: /home/ubuntu/LyricalDave/ros2ws/install/dave_interfaces/include/dave_interfaces/dave_interfaces/msg/detail/dock_status__rosidl_typesupport_fastrtps_cpp.hpp
[6.181s] -- Up-to-date: /home/ubuntu/LyricalDave/ros2ws/install/dave_interfaces/lib/libdave_interfaces__rosidl_typesupport_fastrtps_cpp.so
[6.181s] -- Up-to-date: /home/ubuntu/LyricalDave/ros2ws/install/dave_interfaces/include/dave_interfaces/dave_interfaces
[6.182s] -- Up-to-date: /home/ubuntu/LyricalDave/ros2ws/install/dave_interfaces/include/dave_interfaces/dave_interfaces/srv
[6.182s] -- Up-to-date: /home/ubuntu/LyricalDave/ros2ws/install/dave_interfaces/include/dave_interfaces/dave_interfaces/srv/detail
[6.183s] -- Up-to-date: /home/ubuntu/LyricalDave/ros2ws/install/dave_interfaces/include/dave_interfaces/dave_interfaces/srv/detail/dock__type_support.cpp
[6.183s] -- Up-to-date: /home/ubuntu/LyricalDave/ros2ws/install/dave_interfaces/include/dave_interfaces/dave_interfaces/srv/detail/undock__type_support.cpp
[6.184s] -- Up-to-date: /home/ubuntu/LyricalDave/ros2ws/install/dave_interfaces/include/dave_interfaces/dave_interfaces/srv/detail/drive_distance__type_support.cpp
[6.184s] -- Up-to-date: /home/ubuntu/LyricalDave/ros2ws/install/dave_interfaces/include/dave_interfaces/dave_interfaces/srv/detail/drive_distance__rosidl_typesupport_introspection_cpp.hpp
[6.184s] -- Up-to-date: /home/ubuntu/LyricalDave/ros2ws/install/dave_interfaces/include/dave_interfaces/dave_interfaces/srv/detail/undock__rosidl_typesupport_introspection_cpp.hpp
[6.185s] -- Up-to-date: /home/ubuntu/LyricalDave/ros2ws/install/dave_interfaces/include/dave_interfaces/dave_interfaces/srv/detail/dock__rosidl_typesupport_introspection_cpp.hpp
[6.185s] -- Up-to-date: /home/ubuntu/LyricalDave/ros2ws/install/dave_interfaces/include/dave_interfaces/dave_interfaces/srv/detail/say__rosidl_typesupport_introspection_cpp.hpp
[6.186s] -- Up-to-date: /home/ubuntu/LyricalDave/ros2ws/install/dave_interfaces/include/dave_interfaces/dave_interfaces/srv/detail/say__type_support.cpp
[6.186s] -- Up-to-date: /home/ubuntu/LyricalDave/ros2ws/install/dave_interfaces/include/dave_interfaces/dave_interfaces/msg
[6.187s] -- Up-to-date: /home/ubuntu/LyricalDave/ros2ws/install/dave_interfaces/include/dave_interfaces/dave_interfaces/msg/detail
[6.187s] -- Up-to-date: /home/ubuntu/LyricalDave/ros2ws/install/dave_interfaces/include/dave_interfaces/dave_interfaces/msg/detail/dock_status__type_support.cpp
[6.188s] -- Up-to-date: /home/ubuntu/LyricalDave/ros2ws/install/dave_interfaces/include/dave_interfaces/dave_interfaces/msg/detail/battery_state__rosidl_typesupport_introspection_cpp.hpp
[6.188s] -- Up-to-date: /home/ubuntu/LyricalDave/ros2ws/install/dave_interfaces/include/dave_interfaces/dave_interfaces/msg/detail/battery_state__type_support.cpp
[6.188s] -- Up-to-date: /home/ubuntu/LyricalDave/ros2ws/install/dave_interfaces/include/dave_interfaces/dave_interfaces/msg/detail/dock_status__rosidl_typesupport_introspection_cpp.hpp
[6.189s] -- Up-to-date: /home/ubuntu/LyricalDave/ros2ws/install/dave_interfaces/lib/libdave_interfaces__rosidl_typesupport_introspection_cpp.so
[6.189s] -- Up-to-date: /home/ubuntu/LyricalDave/ros2ws/install/dave_interfaces/lib/libdave_interfaces__rosidl_typesupport_cpp.so
[6.190s] -- Up-to-date: /home/ubuntu/LyricalDave/ros2ws/install/dave_interfaces/share/dave_interfaces/environment/pythonpath.sh
[6.190s] -- Up-to-date: /home/ubuntu/LyricalDave/ros2ws/install/dave_interfaces/share/dave_interfaces/environment/pythonpath.dsv
[6.191s] -- Up-to-date: /home/ubuntu/LyricalDave/ros2ws/install/dave_interfaces/lib/python3.14/site-packages/dave_interfaces/dave_interfaces_s__rosidl_typesupport_fastrtps_c.so
[6.191s] -- Up-to-date: /home/ubuntu/LyricalDave/ros2ws/install/dave_interfaces/lib/python3.14/site-packages/dave_interfaces/dave_interfaces_s__rosidl_typesupport_introspection_c.so
[6.192s] -- Up-to-date: /home/ubuntu/LyricalDave/ros2ws/install/dave_interfaces/lib/python3.14/site-packages/dave_interfaces/dave_interfaces_s__rosidl_typesupport_c.so
[6.192s] -- Up-to-date: /home/ubuntu/LyricalDave/ros2ws/install/dave_interfaces/lib/libdave_interfaces__rosidl_generator_py.so
[6.192s] -- Up-to-date: /home/ubuntu/LyricalDave/ros2ws/install/dave_interfaces/share/ament_index/resource_index/rust_packages/dave_interfaces
[6.193s] -- Up-to-date: /home/ubuntu/LyricalDave/ros2ws/install/dave_interfaces/share/dave_interfaces/rust
[6.193s] -- Up-to-date: /home/ubuntu/LyricalDave/ros2ws/install/dave_interfaces/share/dave_interfaces/rust/Cargo.toml
[6.194s] -- Up-to-date: /home/ubuntu/LyricalDave/ros2ws/install/dave_interfaces/share/dave_interfaces/rust/src
[6.194s] -- Up-to-date: /home/ubuntu/LyricalDave/ros2ws/install/dave_interfaces/share/dave_interfaces/rust/src/srv
[6.194s] -- Up-to-date: /home/ubuntu/LyricalDave/ros2ws/install/dave_interfaces/share/dave_interfaces/rust/src/srv/rmw.rs
[6.195s] -- Up-to-date: /home/ubuntu/LyricalDave/ros2ws/install/dave_interfaces/share/dave_interfaces/rust/src/msg
[6.195s] -- Up-to-date: /home/ubuntu/LyricalDave/ros2ws/install/dave_interfaces/share/dave_interfaces/rust/src/msg/rmw.rs
[6.196s] -- Up-to-date: /home/ubuntu/LyricalDave/ros2ws/install/dave_interfaces/share/dave_interfaces/rust/src/lib.rs
[6.196s] -- Up-to-date: /home/ubuntu/LyricalDave/ros2ws/install/dave_interfaces/share/dave_interfaces/rust/src/msg.rs
[6.197s] -- Up-to-date: /home/ubuntu/LyricalDave/ros2ws/install/dave_interfaces/share/dave_interfaces/rust/src/srv.rs
[6.197s] -- Up-to-date: /home/ubuntu/LyricalDave/ros2ws/install/dave_interfaces/share/dave_interfaces/rust/build.rs
[6.197s] -- Up-to-date: /home/ubuntu/LyricalDave/ros2ws/install/dave_interfaces/share/dave_interfaces/srv/Say.idl
[6.198s] -- Up-to-date: /home/ubuntu/LyricalDave/ros2ws/install/dave_interfaces/share/dave_interfaces/srv/Dock.idl
[6.198s] -- Up-to-date: /home/ubuntu/LyricalDave/ros2ws/install/dave_interfaces/share/dave_interfaces/srv/Undock.idl
[6.199s] -- Up-to-date: /home/ubuntu/LyricalDave/ros2ws/install/dave_interfaces/share/dave_interfaces/srv/DriveDistance.idl
[6.199s] -- Up-to-date: /home/ubuntu/LyricalDave/ros2ws/install/dave_interfaces/share/dave_interfaces/msg/BatteryState.idl
[6.200s] -- Up-to-date: /home/ubuntu/LyricalDave/ros2ws/install/dave_interfaces/share/dave_interfaces/msg/DockStatus.idl
[6.200s] -- Up-to-date: /home/ubuntu/LyricalDave/ros2ws/install/dave_interfaces/share/dave_interfaces/srv/Say.srv
[6.201s] -- Up-to-date: /home/ubuntu/LyricalDave/ros2ws/install/dave_interfaces/share/dave_interfaces/srv/Dock.srv
[6.201s] -- Up-to-date: /home/ubuntu/LyricalDave/ros2ws/install/dave_interfaces/share/dave_interfaces/srv/Undock.srv
[6.201s] -- Up-to-date: /home/ubuntu/LyricalDave/ros2ws/install/dave_interfaces/share/dave_interfaces/srv/DriveDistance.srv
[6.202s] -- Up-to-date: /home/ubuntu/LyricalDave/ros2ws/install/dave_interfaces/share/dave_interfaces/msg/BatteryState.msg
[6.202s] -- Up-to-date: /home/ubuntu/LyricalDave/ros2ws/install/dave_interfaces/share/dave_interfaces/msg/DockStatus.msg
[6.203s] -- Up-to-date: /home/ubuntu/LyricalDave/ros2ws/install/dave_interfaces/share/ament_index/resource_index/package_run_dependencies/dave_interfaces
[6.204s] -- Up-to-date: /home/ubuntu/LyricalDave/ros2ws/install/dave_interfaces/share/ament_index/resource_index/parent_prefix_path/dave_interfaces
[6.204s] -- Up-to-date: /home/ubuntu/LyricalDave/ros2ws/install/dave_interfaces/share/dave_interfaces/environment/ament_prefix_path.sh
[6.205s] -- Up-to-date: /home/ubuntu/LyricalDave/ros2ws/install/dave_interfaces/share/dave_interfaces/environment/ament_prefix_path.dsv
[6.205s] -- Up-to-date: /home/ubuntu/LyricalDave/ros2ws/install/dave_interfaces/share/dave_interfaces/environment/path.sh
[6.205s] -- Up-to-date: /home/ubuntu/LyricalDave/ros2ws/install/dave_interfaces/share/dave_interfaces/environment/path.dsv
[6.206s] -- Up-to-date: /home/ubuntu/LyricalDave/ros2ws/install/dave_interfaces/share/dave_interfaces/local_setup.bash
[6.206s] -- Up-to-date: /home/ubuntu/LyricalDave/ros2ws/install/dave_interfaces/share/dave_interfaces/local_setup.fish
[6.207s] -- Up-to-date: /home/ubuntu/LyricalDave/ros2ws/install/dave_interfaces/share/dave_interfaces/local_setup.sh
[6.207s] -- Up-to-date: /home/ubuntu/LyricalDave/ros2ws/install/dave_interfaces/share/dave_interfaces/local_setup.zsh
[6.207s] -- Up-to-date: /home/ubuntu/LyricalDave/ros2ws/install/dave_interfaces/share/dave_interfaces/local_setup.dsv
[6.208s] -- Installing: /home/ubuntu/LyricalDave/ros2ws/install/dave_interfaces/share/dave_interfaces/package.dsv
[6.209s] -- Up-to-date: /home/ubuntu/LyricalDave/ros2ws/install/dave_interfaces/share/ament_index/resource_index/packages/dave_interfaces
[6.209s] -- Up-to-date: /home/ubuntu/LyricalDave/ros2ws/install/dave_interfaces/share/dave_interfaces/cmake/export_dave_interfaces__rosidl_generator_cExport.cmake
[6.210s] -- Up-to-date: /home/ubuntu/LyricalDave/ros2ws/install/dave_interfaces/share/dave_interfaces/cmake/export_dave_interfaces__rosidl_generator_cExport-noconfig.cmake
[6.210s] -- Up-to-date: /home/ubuntu/LyricalDave/ros2ws/install/dave_interfaces/share/dave_interfaces/cmake/export_dave_interfaces__rosidl_typesupport_fastrtps_cExport.cmake
[6.211s] -- Up-to-date: /home/ubuntu/LyricalDave/ros2ws/install/dave_interfaces/share/dave_interfaces/cmake/export_dave_interfaces__rosidl_typesupport_fastrtps_cExport-noconfig.cmake
[6.211s] -- Up-to-date: /home/ubuntu/LyricalDave/ros2ws/install/dave_interfaces/share/dave_interfaces/cmake/dave_interfaces__rosidl_typesupport_introspection_cExport.cmake
[6.211s] -- Up-to-date: /home/ubuntu/LyricalDave/ros2ws/install/dave_interfaces/share/dave_interfaces/cmake/dave_interfaces__rosidl_typesupport_introspection_cExport-noconfig.cmake
[6.212s] -- Up-to-date: /home/ubuntu/LyricalDave/ros2ws/install/dave_interfaces/share/dave_interfaces/cmake/dave_interfaces__rosidl_typesupport_cExport.cmake
[6.212s] -- Up-to-date: /home/ubuntu/LyricalDave/ros2ws/install/dave_interfaces/share/dave_interfaces/cmake/dave_interfaces__rosidl_typesupport_cExport-noconfig.cmake
[6.213s] -- Up-to-date: /home/ubuntu/LyricalDave/ros2ws/install/dave_interfaces/share/dave_interfaces/cmake/export_dave_interfaces__rosidl_generator_cppExport.cmake
[6.213s] -- Up-to-date: /home/ubuntu/LyricalDave/ros2ws/install/dave_interfaces/share/dave_interfaces/cmake/export_dave_interfaces__rosidl_typesupport_fastrtps_cppExport.cmake
[6.213s] -- Up-to-date: /home/ubuntu/LyricalDave/ros2ws/install/dave_interfaces/share/dave_interfaces/cmake/export_dave_interfaces__rosidl_typesupport_fastrtps_cppExport-noconfig.cmake
[6.214s] -- Up-to-date: /home/ubuntu/LyricalDave/ros2ws/install/dave_interfaces/share/dave_interfaces/cmake/dave_interfaces__rosidl_typesupport_introspection_cppExport.cmake
[6.214s] -- Up-to-date: /home/ubuntu/LyricalDave/ros2ws/install/dave_interfaces/share/dave_interfaces/cmake/dave_interfaces__rosidl_typesupport_introspection_cppExport-noconfig.cmake
[6.215s] -- Up-to-date: /home/ubuntu/LyricalDave/ros2ws/install/dave_interfaces/share/dave_interfaces/cmake/dave_interfaces__rosidl_typesupport_cppExport.cmake
[6.215s] -- Up-to-date: /home/ubuntu/LyricalDave/ros2ws/install/dave_interfaces/share/dave_interfaces/cmake/dave_interfaces__rosidl_typesupport_cppExport-noconfig.cmake
[6.216s] -- Up-to-date: /home/ubuntu/LyricalDave/ros2ws/install/dave_interfaces/share/dave_interfaces/cmake/export_dave_interfaces__rosidl_generator_pyExport.cmake
[6.216s] -- Up-to-date: /home/ubuntu/LyricalDave/ros2ws/install/dave_interfaces/share/dave_interfaces/cmake/export_dave_interfaces__rosidl_generator_pyExport-noconfig.cmake
[6.216s] -- Up-to-date: /home/ubuntu/LyricalDave/ros2ws/install/dave_interfaces/lib/python3.14/site-packages/dave_interfaces-0.0.1-py3.14.egg-info
[6.217s] -- Installing: /home/ubuntu/LyricalDave/ros2ws/install/dave_interfaces/lib/python3.14/site-packages/dave_interfaces-0.0.1-py3.14.egg-info/top_level.txt
[6.217s] -- Installing: /home/ubuntu/LyricalDave/ros2ws/install/dave_interfaces/lib/python3.14/site-packages/dave_interfaces-0.0.1-py3.14.egg-info/SOURCES.txt
[6.218s] -- Installing: /home/ubuntu/LyricalDave/ros2ws/install/dave_interfaces/lib/python3.14/site-packages/dave_interfaces-0.0.1-py3.14.egg-info/dependency_links.txt
[6.218s] -- Installing: /home/ubuntu/LyricalDave/ros2ws/install/dave_interfaces/lib/python3.14/site-packages/dave_interfaces-0.0.1-py3.14.egg-info/PKG-INFO
[6.219s] -- Up-to-date: /home/ubuntu/LyricalDave/ros2ws/install/dave_interfaces/lib/python3.14/site-packages/dave_interfaces
[6.220s] -- Up-to-date: /home/ubuntu/LyricalDave/ros2ws/install/dave_interfaces/lib/python3.14/site-packages/dave_interfaces/__init__.py
[6.220s] -- Up-to-date: /home/ubuntu/LyricalDave/ros2ws/install/dave_interfaces/lib/python3.14/site-packages/dave_interfaces/py.typed
[6.220s] -- Up-to-date: /home/ubuntu/LyricalDave/ros2ws/install/dave_interfaces/lib/python3.14/site-packages/dave_interfaces/dave_interfaces_s__rosidl_typesupport_introspection_c.so
[6.221s] -- Up-to-date: /home/ubuntu/LyricalDave/ros2ws/install/dave_interfaces/lib/python3.14/site-packages/dave_interfaces/dave_interfaces_s__rosidl_typesupport_c.so
[6.221s] -- Up-to-date: /home/ubuntu/LyricalDave/ros2ws/install/dave_interfaces/lib/python3.14/site-packages/dave_interfaces/dave_interfaces_s__rosidl_typesupport_fastrtps_c.so
[6.222s] -- Up-to-date: /home/ubuntu/LyricalDave/ros2ws/install/dave_interfaces/lib/python3.14/site-packages/dave_interfaces/srv
[6.222s] -- Up-to-date: /home/ubuntu/LyricalDave/ros2ws/install/dave_interfaces/lib/python3.14/site-packages/dave_interfaces/srv/__init__.py
[6.223s] -- Up-to-date: /home/ubuntu/LyricalDave/ros2ws/install/dave_interfaces/lib/python3.14/site-packages/dave_interfaces/srv/_drive_distance.py
[6.223s] -- Up-to-date: /home/ubuntu/LyricalDave/ros2ws/install/dave_interfaces/lib/python3.14/site-packages/dave_interfaces/srv/_drive_distance_s.c
[6.224s] -- Up-to-date: /home/ubuntu/LyricalDave/ros2ws/install/dave_interfaces/lib/python3.14/site-packages/dave_interfaces/srv/_dock.py
[6.224s] -- Up-to-date: /home/ubuntu/LyricalDave/ros2ws/install/dave_interfaces/lib/python3.14/site-packages/dave_interfaces/srv/_undock.py
[6.225s] -- Up-to-date: /home/ubuntu/LyricalDave/ros2ws/install/dave_interfaces/lib/python3.14/site-packages/dave_interfaces/srv/_say_s.c
[6.225s] -- Up-to-date: /home/ubuntu/LyricalDave/ros2ws/install/dave_interfaces/lib/python3.14/site-packages/dave_interfaces/srv/_undock_s.c
[6.226s] -- Up-to-date: /home/ubuntu/LyricalDave/ros2ws/install/dave_interfaces/lib/python3.14/site-packages/dave_interfaces/srv/_say.py
[6.226s] -- Up-to-date: /home/ubuntu/LyricalDave/ros2ws/install/dave_interfaces/lib/python3.14/site-packages/dave_interfaces/srv/_dock_s.c
[6.226s] -- Up-to-date: /home/ubuntu/LyricalDave/ros2ws/install/dave_interfaces/lib/python3.14/site-packages/dave_interfaces/_dave_interfaces_s.ep.rosidl_typesupport_introspection_c.c
[6.227s] -- Up-to-date: /home/ubuntu/LyricalDave/ros2ws/install/dave_interfaces/lib/python3.14/site-packages/dave_interfaces/_dave_interfaces_s.ep.rosidl_typesupport_c.c
[6.227s] -- Up-to-date: /home/ubuntu/LyricalDave/ros2ws/install/dave_interfaces/lib/python3.14/site-packages/dave_interfaces/msg
[6.228s] -- Up-to-date: /home/ubuntu/LyricalDave/ros2ws/install/dave_interfaces/lib/python3.14/site-packages/dave_interfaces/msg/__init__.py
[6.228s] -- Up-to-date: /home/ubuntu/LyricalDave/ros2ws/install/dave_interfaces/lib/python3.14/site-packages/dave_interfaces/msg/_dock_status.py
[6.228s] -- Up-to-date: /home/ubuntu/LyricalDave/ros2ws/install/dave_interfaces/lib/python3.14/site-packages/dave_interfaces/msg/_battery_state_s.c
[6.229s] -- Up-to-date: /home/ubuntu/LyricalDave/ros2ws/install/dave_interfaces/lib/python3.14/site-packages/dave_interfaces/msg/_dock_status_s.c
[6.229s] -- Up-to-date: /home/ubuntu/LyricalDave/ros2ws/install/dave_interfaces/lib/python3.14/site-packages/dave_interfaces/msg/_battery_state.py
[6.229s] -- Up-to-date: /home/ubuntu/LyricalDave/ros2ws/install/dave_interfaces/lib/python3.14/site-packages/dave_interfaces/_dave_interfaces_s.ep.rosidl_typesupport_fastrtps_c.c
[6.394s] Listing '/home/ubuntu/LyricalDave/ros2ws/install/dave_interfaces/lib/python3.14/site-packages/dave_interfaces'...
[6.399s] Listing '/home/ubuntu/LyricalDave/ros2ws/install/dave_interfaces/lib/python3.14/site-packages/dave_interfaces/msg'...
[6.405s] Listing '/home/ubuntu/LyricalDave/ros2ws/install/dave_interfaces/lib/python3.14/site-packages/dave_interfaces/srv'...
[6.526s] -- Up-to-date: /home/ubuntu/LyricalDave/ros2ws/install/dave_interfaces/share/dave_interfaces/cmake/rosidl_cmake-extras.cmake
[6.529s] -- Up-to-date: /home/ubuntu/LyricalDave/ros2ws/install/dave_interfaces/share/dave_interfaces/cmake/ament_cmake_export_dependencies-extras.cmake
[6.534s] -- Up-to-date: /home/ubuntu/LyricalDave/ros2ws/install/dave_interfaces/share/dave_interfaces/cmake/ament_cmake_export_include_directories-extras.cmake
[6.536s] -- Up-to-date: /home/ubuntu/LyricalDave/ros2ws/install/dave_interfaces/share/dave_interfaces/cmake/ament_cmake_export_libraries-extras.cmake
[6.540s] -- Up-to-date: /home/ubuntu/LyricalDave/ros2ws/install/dave_interfaces/share/dave_interfaces/cmake/ament_cmake_export_targets-extras.cmake
[6.542s] -- Up-to-date: /home/ubuntu/LyricalDave/ros2ws/install/dave_interfaces/share/dave_interfaces/cmake/rosidl_cmake_export_typesupport_targets-extras.cmake
[6.549s] -- Up-to-date: /home/ubuntu/LyricalDave/ros2ws/install/dave_interfaces/share/dave_interfaces/cmake/rosidl_cmake_export_typesupport_libraries-extras.cmake
[6.564s] -- Up-to-date: /home/ubuntu/LyricalDave/ros2ws/install/dave_interfaces/share/dave_interfaces/cmake/rosidl_cmake_aggregate_target-extras.cmake
[6.567s] -- Up-to-date: /home/ubuntu/LyricalDave/ros2ws/install/dave_interfaces/share/dave_interfaces/cmake/dave_interfacesConfig.cmake
[6.575s] -- Up-to-date: /home/ubuntu/LyricalDave/ros2ws/install/dave_interfaces/share/dave_interfaces/cmake/dave_interfacesConfig-version.cmake
[6.577s] -- Up-to-date: /home/ubuntu/LyricalDave/ros2ws/install/dave_interfaces/share/dave_interfaces/package.xml
[6.582s] Invoked command in '/home/ubuntu/LyricalDave/ros2ws/build/dave_interfaces' returned '0': CMAKE_PREFIX_PATH=${CMAKE_PREFIX_PATH}:/home/ubuntu/LyricalDave/ros2ws/install/teleop_gopigo3_keyboard:/home/ubuntu/LyricalDave/ros2ws/install/scan_client:/home/ubuntu/LyricalDave/ros2ws/install/ros2_libcamera_pub:/home/ubuntu/LyricalDave/ros2ws/install/ros2_gopigo3_node:/home/ubuntu/LyricalDave/ros2ws/install/explorer_wanderer:/home/ubuntu/LyricalDave/ros2ws/install/demo_nodes_py:/home/ubuntu/LyricalDave/ros2ws/install/dave:/opt/ros/lyrical /usr/bin/cmake --install /home/ubuntu/LyricalDave/ros2ws/build/dave_interfaces
