[2.796s] Invoking command in '/home/ubuntu/LyricalDave/ros2ws/build/ros2_gopigo3_node': AMENT_PREFIX_PATH=/home/ubuntu/LyricalDave/ros2ws/install/ros2_gopigo3_msg:${AMENT_PREFIX_PATH} CMAKE_PREFIX_PATH=/home/ubuntu/LyricalDave/ros2ws/install/ros2_gopigo3_msg PYTHONPATH=/home/ubuntu/LyricalDave/ros2ws/build/ros2_gopigo3_node/prefix_override:/usr/lib/python3/dist-packages/colcon_core/task/python/colcon_distutils_commands:/home/ubuntu/LyricalDave/ros2ws/install/ros2_gopigo3_node/lib/python3.14/site-packages:/home/ubuntu/LyricalDave/ros2ws/install/ros2_gopigo3_msg/lib/python3.14/site-packages:/home/ubuntu/LyricalDave/ros2ws/build/teleop_gopigo3_keyboard:/home/ubuntu/LyricalDave/ros2ws/install/teleop_gopigo3_keyboard/lib/python3.14/site-packages:/home/ubuntu/LyricalDave/ros2ws/install/scan_client/lib/python3.14/site-packages:/home/ubuntu/LyricalDave/ros2ws/install/ros2_libcamera_pub/lib/python3.14/site-packages:/home/ubuntu/LyricalDave/ros2ws/build/ros2_gopigo3_node:/home/ubuntu/LyricalDave/ros2ws/install/ros2_gopigo3_node/lib/python3.14/site-packages:/home/ubuntu/LyricalDave/ros2ws/install/nav2_gopigo3/lib/python3.14/site-packages:/home/ubuntu/LyricalDave/ros2ws/install/explorer_wanderer/lib/python3.14/site-packages:/home/ubuntu/LyricalDave/ros2ws/install/demo_nodes_py/lib/python3.14/site-packages:/home/ubuntu/LyricalDave/ros2ws/install/dave_interfaces/lib/python3.14/site-packages:/home/ubuntu/LyricalDave/ros2ws/build/dave:/home/ubuntu/LyricalDave/ros2ws/install/dave/lib/python3.14/site-packages:/home/ubuntu/LyricalDave/ros2ws/install/apriltag_msgs/lib/python3.14/site-packages:/opt/ros/lyrical/lib/python3.14/site-packages /usr/bin/python3 -W ignore:setup.py install is deprecated -W ignore:easy_install command is deprecated setup.py develop --editable --build-directory /home/ubuntu/LyricalDave/ros2ws/build/ros2_gopigo3_node/build --no-deps symlink_data --force
[3.422s] /usr/lib/python3/dist-packages/setuptools/_distutils/dist.py:289: UserWarning: Unknown distribution option: 'tests_require'
[3.423s]   warnings.warn(msg)
[3.880s] running develop
[4.423s] running egg_info
[4.484s] writing ros2_gopigo3_node.egg-info/PKG-INFO
[4.485s] writing dependency_links to ros2_gopigo3_node.egg-info/dependency_links.txt
[4.487s] writing entry points to ros2_gopigo3_node.egg-info/entry_points.txt
[4.487s] writing requirements to ros2_gopigo3_node.egg-info/requires.txt
[4.488s] writing top-level names to ros2_gopigo3_node.egg-info/top_level.txt
[4.613s] reading manifest file 'ros2_gopigo3_node.egg-info/SOURCES.txt'
[4.618s] writing manifest file 'ros2_gopigo3_node.egg-info/SOURCES.txt'
[4.692s] running build_ext
[4.693s] Creating /home/ubuntu/LyricalDave/ros2ws/install/ros2_gopigo3_node/lib/python3.14/site-packages/ros2-gopigo3-node.egg-link (link to .)
[4.695s] Installing distance_sensor script to /home/ubuntu/LyricalDave/ros2ws/install/ros2_gopigo3_node/lib/ros2_gopigo3_node
[4.696s] Installing distance_sensor_subscriber script to /home/ubuntu/LyricalDave/ros2ws/install/ros2_gopigo3_node/lib/ros2_gopigo3_node
[4.697s] Installing gopigo3_node script to /home/ubuntu/LyricalDave/ros2ws/install/ros2_gopigo3_node/lib/ros2_gopigo3_node
[4.697s] Installing imu_sensor script to /home/ubuntu/LyricalDave/ros2ws/install/ros2_gopigo3_node/lib/ros2_gopigo3_node
[4.698s] Installing odometer script to /home/ubuntu/LyricalDave/ros2ws/install/ros2_gopigo3_node/lib/ros2_gopigo3_node
[4.699s] Installing ultrasonic_ranger script to /home/ubuntu/LyricalDave/ros2ws/install/ros2_gopigo3_node/lib/ros2_gopigo3_node
[4.700s] 
[4.700s] Installed /home/ubuntu/LyricalDave/ros2ws/build/ros2_gopigo3_node
[4.700s] running symlink_data
[4.701s] symbolically linking /home/ubuntu/LyricalDave/ros2ws/build/ros2_gopigo3_node/resource/ros2_gopigo3_node -> /home/ubuntu/LyricalDave/ros2ws/install/ros2_gopigo3_node/share/ament_index/resource_index/packages
[4.702s] symbolically linking /home/ubuntu/LyricalDave/ros2ws/build/ros2_gopigo3_node/package.xml -> /home/ubuntu/LyricalDave/ros2ws/install/ros2_gopigo3_node/share/ros2_gopigo3_node
[4.702s] symbolically linking /home/ubuntu/LyricalDave/ros2ws/build/ros2_gopigo3_node/launch/ros2_finmark_state_and_joint.launch.py -> /home/ubuntu/LyricalDave/ros2ws/install/ros2_gopigo3_node/share/ros2_gopigo3_node
[4.703s] symbolically linking /home/ubuntu/LyricalDave/ros2ws/build/ros2_gopigo3_node/launch/ros2_gopi5go_dave_state_and_joint.launch.py -> /home/ubuntu/LyricalDave/ros2ws/install/ros2_gopigo3_node/share/ros2_gopigo3_node
[4.704s] symbolically linking /home/ubuntu/LyricalDave/ros2ws/build/ros2_gopigo3_node/launch/ros2_dave_state_and_joint.launch.py -> /home/ubuntu/LyricalDave/ros2ws/install/ros2_gopigo3_node/share/ros2_gopigo3_node
[4.704s] symbolically linking /home/ubuntu/LyricalDave/ros2ws/build/ros2_gopigo3_node/launch/ros2_gpgMin_state_and_joint.launch.py -> /home/ubuntu/LyricalDave/ros2ws/install/ros2_gopigo3_node/share/ros2_gopigo3_node
[4.705s] symbolically linking /home/ubuntu/LyricalDave/ros2ws/build/ros2_gopigo3_node/urdf/finmark.urdf -> /home/ubuntu/LyricalDave/ros2ws/install/ros2_gopigo3_node/share/ros2_gopigo3_node
[4.706s] symbolically linking /home/ubuntu/LyricalDave/ros2ws/build/ros2_gopigo3_node/urdf/dave.urdf -> /home/ubuntu/LyricalDave/ros2ws/install/ros2_gopigo3_node/share/ros2_gopigo3_node
[4.706s] symbolically linking /home/ubuntu/LyricalDave/ros2ws/build/ros2_gopigo3_node/urdf/gpgMin.urdf -> /home/ubuntu/LyricalDave/ros2ws/install/ros2_gopigo3_node/share/ros2_gopigo3_node
[4.707s] symbolically linking /home/ubuntu/LyricalDave/ros2ws/build/ros2_gopigo3_node/urdf/common_properties.urdf -> /home/ubuntu/LyricalDave/ros2ws/install/ros2_gopigo3_node/share/ros2_gopigo3_node
[4.707s] symbolically linking /home/ubuntu/LyricalDave/ros2ws/build/ros2_gopigo3_node/urdf/gpg3_gopi5go_dave.urdf -> /home/ubuntu/LyricalDave/ros2ws/install/ros2_gopigo3_node/share/ros2_gopigo3_node
[4.708s] symbolically linking /home/ubuntu/LyricalDave/ros2ws/build/ros2_gopigo3_node/urdf/kilteddave.urdf -> /home/ubuntu/LyricalDave/ros2ws/install/ros2_gopigo3_node/share/ros2_gopigo3_node
[4.709s] symbolically linking /home/ubuntu/LyricalDave/ros2ws/build/ros2_gopigo3_node/urdf/humbledave2.urdf -> /home/ubuntu/LyricalDave/ros2ws/install/ros2_gopigo3_node/share/ros2_gopigo3_node
[4.709s] symbolically linking /home/ubuntu/LyricalDave/ros2ws/build/ros2_gopigo3_node/urdf/gopi5go_dave.urdf -> /home/ubuntu/LyricalDave/ros2ws/install/ros2_gopigo3_node/share/ros2_gopigo3_node
[4.903s] Invoked command in '/home/ubuntu/LyricalDave/ros2ws/build/ros2_gopigo3_node' returned '0': AMENT_PREFIX_PATH=/home/ubuntu/LyricalDave/ros2ws/install/ros2_gopigo3_msg:${AMENT_PREFIX_PATH} CMAKE_PREFIX_PATH=/home/ubuntu/LyricalDave/ros2ws/install/ros2_gopigo3_msg PYTHONPATH=/home/ubuntu/LyricalDave/ros2ws/build/ros2_gopigo3_node/prefix_override:/usr/lib/python3/dist-packages/colcon_core/task/python/colcon_distutils_commands:/home/ubuntu/LyricalDave/ros2ws/install/ros2_gopigo3_node/lib/python3.14/site-packages:/home/ubuntu/LyricalDave/ros2ws/install/ros2_gopigo3_msg/lib/python3.14/site-packages:/home/ubuntu/LyricalDave/ros2ws/build/teleop_gopigo3_keyboard:/home/ubuntu/LyricalDave/ros2ws/install/teleop_gopigo3_keyboard/lib/python3.14/site-packages:/home/ubuntu/LyricalDave/ros2ws/install/scan_client/lib/python3.14/site-packages:/home/ubuntu/LyricalDave/ros2ws/install/ros2_libcamera_pub/lib/python3.14/site-packages:/home/ubuntu/LyricalDave/ros2ws/build/ros2_gopigo3_node:/home/ubuntu/LyricalDave/ros2ws/install/ros2_gopigo3_node/lib/python3.14/site-packages:/home/ubuntu/LyricalDave/ros2ws/install/nav2_gopigo3/lib/python3.14/site-packages:/home/ubuntu/LyricalDave/ros2ws/install/explorer_wanderer/lib/python3.14/site-packages:/home/ubuntu/LyricalDave/ros2ws/install/demo_nodes_py/lib/python3.14/site-packages:/home/ubuntu/LyricalDave/ros2ws/install/dave_interfaces/lib/python3.14/site-packages:/home/ubuntu/LyricalDave/ros2ws/build/dave:/home/ubuntu/LyricalDave/ros2ws/install/dave/lib/python3.14/site-packages:/home/ubuntu/LyricalDave/ros2ws/install/apriltag_msgs/lib/python3.14/site-packages:/opt/ros/lyrical/lib/python3.14/site-packages /usr/bin/python3 -W ignore:setup.py install is deprecated -W ignore:easy_install command is deprecated setup.py develop --editable --build-directory /home/ubuntu/LyricalDave/ros2ws/build/ros2_gopigo3_node/build --no-deps symlink_data --force
