[5.490s] Invoking command in '/home/ubuntu/LyricalDave/ros2ws/src/scan_client': PYTHONPATH=/home/ubuntu/LyricalDave/ros2ws/build/scan_client/prefix_override:/usr/lib/python3/dist-packages/colcon_core/task/python/colcon_distutils_commands:/home/ubuntu/LyricalDave/ros2ws/install/scan_client/lib/python3.14/site-packages:${PYTHONPATH} /usr/bin/python3 -W ignore:setup.py install is deprecated -W ignore:easy_install command is deprecated setup.py egg_info --egg-base ../../build/scan_client build --build-base /home/ubuntu/LyricalDave/ros2ws/build/scan_client/build install --record /home/ubuntu/LyricalDave/ros2ws/build/scan_client/install.log --single-version-externally-managed install_data
[6.556s] /usr/lib/python3/dist-packages/setuptools/_distutils/dist.py:289: UserWarning: Unknown distribution option: 'tests_require'
[6.557s]   warnings.warn(msg)
[6.812s] /usr/lib/python3/dist-packages/setuptools/dist.py:759: SetuptoolsDeprecationWarning: License classifiers are deprecated.
[6.813s] !!
[6.813s] 
[6.814s]         ********************************************************************************
[6.814s]         Please consider removing the following classifiers in favor of a SPDX license expression:
[6.814s] 
[6.815s]         License :: BSD
[6.815s] 
[6.816s]         See https://packaging.python.org/en/latest/guides/writing-pyproject-toml/#license for details.
[6.816s]         ********************************************************************************
[6.817s] 
[6.817s] !!
[6.817s]   self._finalize_license_expression()
[7.285s] running egg_info
[7.393s] writing ../../build/scan_client/scan_client.egg-info/PKG-INFO
[7.394s] writing dependency_links to ../../build/scan_client/scan_client.egg-info/dependency_links.txt
[7.396s] writing entry points to ../../build/scan_client/scan_client.egg-info/entry_points.txt
[7.397s] writing requirements to ../../build/scan_client/scan_client.egg-info/requires.txt
[7.399s] writing top-level names to ../../build/scan_client/scan_client.egg-info/top_level.txt
[7.637s] reading manifest file '../../build/scan_client/scan_client.egg-info/SOURCES.txt'
[7.640s] adding license file 'LICENSE'
[7.640s] writing manifest file '../../build/scan_client/scan_client.egg-info/SOURCES.txt'
[7.642s] running build
[7.642s] running build_py
[7.644s] copying scan_client.py -> /home/ubuntu/LyricalDave/ros2ws/build/scan_client/build/lib
[7.644s] running install
[7.666s] running install_lib
[7.785s] running install_data
[7.786s] copying resource/scan_client -> /home/ubuntu/LyricalDave/ros2ws/install/scan_client/share/ament_index/resource_index/packages
[7.787s] copying package.xml -> /home/ubuntu/LyricalDave/ros2ws/install/scan_client/share/scan_client
[7.789s] running install_egg_info
[7.905s] removing '/home/ubuntu/LyricalDave/ros2ws/install/scan_client/lib/python3.14/site-packages/scan_client-0.1-py3.14.egg-info' (and everything under it)
[7.908s] Copying ../../build/scan_client/scan_client.egg-info to /home/ubuntu/LyricalDave/ros2ws/install/scan_client/lib/python3.14/site-packages/scan_client-0.1-py3.14.egg-info
[7.915s] running install_scripts
[8.883s] Installing scan_client script to /home/ubuntu/LyricalDave/ros2ws/install/scan_client/lib/scan_client
[8.883s] writing list of installed files to '/home/ubuntu/LyricalDave/ros2ws/build/scan_client/install.log'
[9.337s] Invoked command in '/home/ubuntu/LyricalDave/ros2ws/src/scan_client' returned '0': PYTHONPATH=/home/ubuntu/LyricalDave/ros2ws/build/scan_client/prefix_override:/usr/lib/python3/dist-packages/colcon_core/task/python/colcon_distutils_commands:/home/ubuntu/LyricalDave/ros2ws/install/scan_client/lib/python3.14/site-packages:${PYTHONPATH} /usr/bin/python3 -W ignore:setup.py install is deprecated -W ignore:easy_install command is deprecated setup.py egg_info --egg-base ../../build/scan_client build --build-base /home/ubuntu/LyricalDave/ros2ws/build/scan_client/build install --record /home/ubuntu/LyricalDave/ros2ws/build/scan_client/install.log --single-version-externally-managed install_data
