-- Install configuration: ""
-- Up-to-date: /home/ubuntu/LyricalDave/ros2ws/install/gpg3_navigation2/share/gpg3_navigation2/launch
-- Up-to-date: /home/ubuntu/LyricalDave/ros2ws/install/gpg3_navigation2/share/gpg3_navigation2/launch/navigation2_use_sim_time.launch.py
-- Up-to-date: /home/ubuntu/LyricalDave/ros2ws/install/gpg3_navigation2/share/gpg3_navigation2/launch/navigation2.launch.py
-- Up-to-date: /home/ubuntu/LyricalDave/ros2ws/install/gpg3_navigation2/share/gpg3_navigation2/map
-- Up-to-date: /home/ubuntu/LyricalDave/ros2ws/install/gpg3_navigation2/share/gpg3_navigation2/map/gpg3_world.yaml
-- Up-to-date: /home/ubuntu/LyricalDave/ros2ws/install/gpg3_navigation2/share/gpg3_navigation2/map/gpg3_world.pgm
-- Up-to-date: /home/ubuntu/LyricalDave/ros2ws/install/gpg3_navigation2/share/gpg3_navigation2/map/floorplan_map.pgm
-- Up-to-date: /home/ubuntu/LyricalDave/ros2ws/install/gpg3_navigation2/share/gpg3_navigation2/map/Notes_MyMakeROSMap.txt
-- Up-to-date: /home/ubuntu/LyricalDave/ros2ws/install/gpg3_navigation2/share/gpg3_navigation2/map/cart_office.yaml
-- Up-to-date: /home/ubuntu/LyricalDave/ros2ws/install/gpg3_navigation2/share/gpg3_navigation2/map/house_tile_cart.pgm
-- Up-to-date: /home/ubuntu/LyricalDave/ros2ws/install/gpg3_navigation2/share/gpg3_navigation2/map/house_tile_cart.yaml
-- Up-to-date: /home/ubuntu/LyricalDave/ros2ws/install/gpg3_navigation2/share/gpg3_navigation2/map/floorplan.map.yaml
-- Up-to-date: /home/ubuntu/LyricalDave/ros2ws/install/gpg3_navigation2/share/gpg3_navigation2/map/FloorPlan_19.248x12.006m.jpg
-- Up-to-date: /home/ubuntu/LyricalDave/ros2ws/install/gpg3_navigation2/share/gpg3_navigation2/map/cart_office.pgm
-- Up-to-date: /home/ubuntu/LyricalDave/ros2ws/install/gpg3_navigation2/share/gpg3_navigation2/map/README.md
-- Up-to-date: /home/ubuntu/LyricalDave/ros2ws/install/gpg3_navigation2/share/gpg3_navigation2/map/Notes_Maps.txt
-- Up-to-date: /home/ubuntu/LyricalDave/ros2ws/install/gpg3_navigation2/share/gpg3_navigation2/map/FloorPlan_19.248x12.006m.pgm
-- Up-to-date: /home/ubuntu/LyricalDave/ros2ws/install/gpg3_navigation2/share/gpg3_navigation2/map/floorplan_map.yaml
-- Up-to-date: /home/ubuntu/LyricalDave/ros2ws/install/gpg3_navigation2/share/gpg3_navigation2/map/floorplan.map.info.txt
-- Up-to-date: /home/ubuntu/LyricalDave/ros2ws/install/gpg3_navigation2/share/gpg3_navigation2/map/floorplan.map.pgm
-- Up-to-date: /home/ubuntu/LyricalDave/ros2ws/install/gpg3_navigation2/share/gpg3_navigation2/param
-- Up-to-date: /home/ubuntu/LyricalDave/ros2ws/install/gpg3_navigation2/share/gpg3_navigation2/param/gopigo3_use_sim_time.yaml
-- Up-to-date: /home/ubuntu/LyricalDave/ros2ws/install/gpg3_navigation2/share/gpg3_navigation2/param/burger_use_sim_time.yaml
-- Up-to-date: /home/ubuntu/LyricalDave/ros2ws/install/gpg3_navigation2/share/gpg3_navigation2/param/burger.yaml
-- Up-to-date: /home/ubuntu/LyricalDave/ros2ws/install/gpg3_navigation2/share/gpg3_navigation2/param/gopi5go_dave.yaml
-- Up-to-date: /home/ubuntu/LyricalDave/ros2ws/install/gpg3_navigation2/share/gpg3_navigation2/param/waffle_pi.yaml
-- Up-to-date: /home/ubuntu/LyricalDave/ros2ws/install/gpg3_navigation2/share/gpg3_navigation2/param/waffle_pi_use_sim_time.yaml
-- Up-to-date: /home/ubuntu/LyricalDave/ros2ws/install/gpg3_navigation2/share/gpg3_navigation2/param/gopigo3.yaml
-- Up-to-date: /home/ubuntu/LyricalDave/ros2ws/install/gpg3_navigation2/share/gpg3_navigation2/rviz
-- Up-to-date: /home/ubuntu/LyricalDave/ros2ws/install/gpg3_navigation2/share/gpg3_navigation2/rviz/navigation2.rviz
-- Up-to-date: /home/ubuntu/LyricalDave/ros2ws/install/gpg3_navigation2/share/ament_index/resource_index/package_run_dependencies/gpg3_navigation2
-- Up-to-date: /home/ubuntu/LyricalDave/ros2ws/install/gpg3_navigation2/share/ament_index/resource_index/parent_prefix_path/gpg3_navigation2
-- Up-to-date: /home/ubuntu/LyricalDave/ros2ws/install/gpg3_navigation2/share/gpg3_navigation2/environment/ament_prefix_path.sh
-- Up-to-date: /home/ubuntu/LyricalDave/ros2ws/install/gpg3_navigation2/share/gpg3_navigation2/environment/ament_prefix_path.dsv
-- Up-to-date: /home/ubuntu/LyricalDave/ros2ws/install/gpg3_navigation2/share/gpg3_navigation2/environment/path.sh
-- Up-to-date: /home/ubuntu/LyricalDave/ros2ws/install/gpg3_navigation2/share/gpg3_navigation2/environment/path.dsv
-- Up-to-date: /home/ubuntu/LyricalDave/ros2ws/install/gpg3_navigation2/share/gpg3_navigation2/local_setup.bash
-- Up-to-date: /home/ubuntu/LyricalDave/ros2ws/install/gpg3_navigation2/share/gpg3_navigation2/local_setup.fish
-- Up-to-date: /home/ubuntu/LyricalDave/ros2ws/install/gpg3_navigation2/share/gpg3_navigation2/local_setup.sh
-- Up-to-date: /home/ubuntu/LyricalDave/ros2ws/install/gpg3_navigation2/share/gpg3_navigation2/local_setup.zsh
-- Up-to-date: /home/ubuntu/LyricalDave/ros2ws/install/gpg3_navigation2/share/gpg3_navigation2/local_setup.dsv
-- Up-to-date: /home/ubuntu/LyricalDave/ros2ws/install/gpg3_navigation2/share/gpg3_navigation2/package.dsv
-- Up-to-date: /home/ubuntu/LyricalDave/ros2ws/install/gpg3_navigation2/share/ament_index/resource_index/packages/gpg3_navigation2
-- Up-to-date: /home/ubuntu/LyricalDave/ros2ws/install/gpg3_navigation2/share/gpg3_navigation2/cmake/gpg3_navigation2Config.cmake
-- Up-to-date: /home/ubuntu/LyricalDave/ros2ws/install/gpg3_navigation2/share/gpg3_navigation2/cmake/gpg3_navigation2Config-version.cmake
-- Up-to-date: /home/ubuntu/LyricalDave/ros2ws/install/gpg3_navigation2/share/gpg3_navigation2/package.xml
