[0.047s] Invoking command in '/home/ubuntu/LyricalDave/ros2ws/build/gpg3_navigation2': CMAKE_PREFIX_PATH=/opt/ros/lyrical /usr/bin/cmake --build /home/ubuntu/LyricalDave/ros2ws/build/gpg3_navigation2 -- -j4 -l4
[0.247s] Invoked command in '/home/ubuntu/LyricalDave/ros2ws/build/gpg3_navigation2' returned '0': CMAKE_PREFIX_PATH=/opt/ros/lyrical /usr/bin/cmake --build /home/ubuntu/LyricalDave/ros2ws/build/gpg3_navigation2 -- -j4 -l4
[0.252s] Invoking command in '/home/ubuntu/LyricalDave/ros2ws/build/gpg3_navigation2': CMAKE_PREFIX_PATH=/opt/ros/lyrical /usr/bin/cmake --install /home/ubuntu/LyricalDave/ros2ws/build/gpg3_navigation2
[0.295s] -- Install configuration: ""
[0.299s] -- Up-to-date: /home/ubuntu/LyricalDave/ros2ws/install/gpg3_navigation2/share/gpg3_navigation2/launch
[0.301s] -- Up-to-date: /home/ubuntu/LyricalDave/ros2ws/install/gpg3_navigation2/share/gpg3_navigation2/launch/navigation2_use_sim_time.launch.py
[0.303s] -- Up-to-date: /home/ubuntu/LyricalDave/ros2ws/install/gpg3_navigation2/share/gpg3_navigation2/launch/navigation2.launch.py
[0.306s] -- Up-to-date: /home/ubuntu/LyricalDave/ros2ws/install/gpg3_navigation2/share/gpg3_navigation2/map
[0.306s] -- Up-to-date: /home/ubuntu/LyricalDave/ros2ws/install/gpg3_navigation2/share/gpg3_navigation2/map/gpg3_world.yaml
[0.310s] -- Up-to-date: /home/ubuntu/LyricalDave/ros2ws/install/gpg3_navigation2/share/gpg3_navigation2/map/gpg3_world.pgm
[0.310s] -- Up-to-date: /home/ubuntu/LyricalDave/ros2ws/install/gpg3_navigation2/share/gpg3_navigation2/map/floorplan_map.pgm
[0.311s] -- Up-to-date: /home/ubuntu/LyricalDave/ros2ws/install/gpg3_navigation2/share/gpg3_navigation2/map/Notes_MyMakeROSMap.txt
[0.313s] -- Up-to-date: /home/ubuntu/LyricalDave/ros2ws/install/gpg3_navigation2/share/gpg3_navigation2/map/cart_office.yaml
[0.315s] -- Up-to-date: /home/ubuntu/LyricalDave/ros2ws/install/gpg3_navigation2/share/gpg3_navigation2/map/house_tile_cart.pgm
[0.317s] -- Up-to-date: /home/ubuntu/LyricalDave/ros2ws/install/gpg3_navigation2/share/gpg3_navigation2/map/house_tile_cart.yaml
[0.317s] -- Up-to-date: /home/ubuntu/LyricalDave/ros2ws/install/gpg3_navigation2/share/gpg3_navigation2/map/floorplan.map.yaml
[0.321s] -- Up-to-date: /home/ubuntu/LyricalDave/ros2ws/install/gpg3_navigation2/share/gpg3_navigation2/map/FloorPlan_19.248x12.006m.jpg
[0.327s] -- Up-to-date: /home/ubuntu/LyricalDave/ros2ws/install/gpg3_navigation2/share/gpg3_navigation2/map/cart_office.pgm
[0.328s] -- Up-to-date: /home/ubuntu/LyricalDave/ros2ws/install/gpg3_navigation2/share/gpg3_navigation2/map/README.md
[0.334s] -- Up-to-date: /home/ubuntu/LyricalDave/ros2ws/install/gpg3_navigation2/share/gpg3_navigation2/map/Notes_Maps.txt
[0.335s] -- Up-to-date: /home/ubuntu/LyricalDave/ros2ws/install/gpg3_navigation2/share/gpg3_navigation2/map/FloorPlan_19.248x12.006m.pgm
[0.335s] -- Up-to-date: /home/ubuntu/LyricalDave/ros2ws/install/gpg3_navigation2/share/gpg3_navigation2/map/floorplan_map.yaml
[0.337s] -- Up-to-date: /home/ubuntu/LyricalDave/ros2ws/install/gpg3_navigation2/share/gpg3_navigation2/map/floorplan.map.info.txt
[0.338s] -- Up-to-date: /home/ubuntu/LyricalDave/ros2ws/install/gpg3_navigation2/share/gpg3_navigation2/map/floorplan.map.pgm
[0.338s] -- Up-to-date: /home/ubuntu/LyricalDave/ros2ws/install/gpg3_navigation2/share/gpg3_navigation2/param
[0.339s] -- Up-to-date: /home/ubuntu/LyricalDave/ros2ws/install/gpg3_navigation2/share/gpg3_navigation2/param/gopigo3_use_sim_time.yaml
[0.342s] -- Up-to-date: /home/ubuntu/LyricalDave/ros2ws/install/gpg3_navigation2/share/gpg3_navigation2/param/burger_use_sim_time.yaml
[0.343s] -- Up-to-date: /home/ubuntu/LyricalDave/ros2ws/install/gpg3_navigation2/share/gpg3_navigation2/param/burger.yaml
[0.343s] -- Up-to-date: /home/ubuntu/LyricalDave/ros2ws/install/gpg3_navigation2/share/gpg3_navigation2/param/gopi5go_dave.yaml
[0.344s] -- Up-to-date: /home/ubuntu/LyricalDave/ros2ws/install/gpg3_navigation2/share/gpg3_navigation2/param/waffle_pi.yaml
[0.344s] -- Up-to-date: /home/ubuntu/LyricalDave/ros2ws/install/gpg3_navigation2/share/gpg3_navigation2/param/waffle_pi_use_sim_time.yaml
[0.345s] -- Up-to-date: /home/ubuntu/LyricalDave/ros2ws/install/gpg3_navigation2/share/gpg3_navigation2/param/gopigo3.yaml
[0.348s] -- Up-to-date: /home/ubuntu/LyricalDave/ros2ws/install/gpg3_navigation2/share/gpg3_navigation2/rviz
[0.349s] -- Up-to-date: /home/ubuntu/LyricalDave/ros2ws/install/gpg3_navigation2/share/gpg3_navigation2/rviz/navigation2.rviz
[0.350s] -- Up-to-date: /home/ubuntu/LyricalDave/ros2ws/install/gpg3_navigation2/share/ament_index/resource_index/package_run_dependencies/gpg3_navigation2
[0.350s] -- Up-to-date: /home/ubuntu/LyricalDave/ros2ws/install/gpg3_navigation2/share/ament_index/resource_index/parent_prefix_path/gpg3_navigation2
[0.354s] -- Up-to-date: /home/ubuntu/LyricalDave/ros2ws/install/gpg3_navigation2/share/gpg3_navigation2/environment/ament_prefix_path.sh
[0.355s] -- Up-to-date: /home/ubuntu/LyricalDave/ros2ws/install/gpg3_navigation2/share/gpg3_navigation2/environment/ament_prefix_path.dsv
[0.355s] -- Up-to-date: /home/ubuntu/LyricalDave/ros2ws/install/gpg3_navigation2/share/gpg3_navigation2/environment/path.sh
[0.357s] -- Up-to-date: /home/ubuntu/LyricalDave/ros2ws/install/gpg3_navigation2/share/gpg3_navigation2/environment/path.dsv
[0.358s] -- Up-to-date: /home/ubuntu/LyricalDave/ros2ws/install/gpg3_navigation2/share/gpg3_navigation2/local_setup.bash
[0.358s] -- Up-to-date: /home/ubuntu/LyricalDave/ros2ws/install/gpg3_navigation2/share/gpg3_navigation2/local_setup.fish
[0.358s] -- Up-to-date: /home/ubuntu/LyricalDave/ros2ws/install/gpg3_navigation2/share/gpg3_navigation2/local_setup.sh
[0.359s] -- Up-to-date: /home/ubuntu/LyricalDave/ros2ws/install/gpg3_navigation2/share/gpg3_navigation2/local_setup.zsh
[0.359s] -- Up-to-date: /home/ubuntu/LyricalDave/ros2ws/install/gpg3_navigation2/share/gpg3_navigation2/local_setup.dsv
[0.363s] -- Up-to-date: /home/ubuntu/LyricalDave/ros2ws/install/gpg3_navigation2/share/gpg3_navigation2/package.dsv
[0.363s] -- Up-to-date: /home/ubuntu/LyricalDave/ros2ws/install/gpg3_navigation2/share/ament_index/resource_index/packages/gpg3_navigation2
[0.363s] -- Up-to-date: /home/ubuntu/LyricalDave/ros2ws/install/gpg3_navigation2/share/gpg3_navigation2/cmake/gpg3_navigation2Config.cmake
[0.364s] -- Up-to-date: /home/ubuntu/LyricalDave/ros2ws/install/gpg3_navigation2/share/gpg3_navigation2/cmake/gpg3_navigation2Config-version.cmake
[0.364s] -- Up-to-date: /home/ubuntu/LyricalDave/ros2ws/install/gpg3_navigation2/share/gpg3_navigation2/package.xml
[0.365s] Invoked command in '/home/ubuntu/LyricalDave/ros2ws/build/gpg3_navigation2' returned '0': CMAKE_PREFIX_PATH=/opt/ros/lyrical /usr/bin/cmake --install /home/ubuntu/LyricalDave/ros2ws/build/gpg3_navigation2
