running egg_info
writing ../../build/teleop_gopigo3_keyboard/teleop_gopigo3_keyboard.egg-info/PKG-INFO
writing dependency_links to ../../build/teleop_gopigo3_keyboard/teleop_gopigo3_keyboard.egg-info/dependency_links.txt
writing entry points to ../../build/teleop_gopigo3_keyboard/teleop_gopigo3_keyboard.egg-info/entry_points.txt
writing requirements to ../../build/teleop_gopigo3_keyboard/teleop_gopigo3_keyboard.egg-info/requires.txt
writing top-level names to ../../build/teleop_gopigo3_keyboard/teleop_gopigo3_keyboard.egg-info/top_level.txt
reading manifest file '../../build/teleop_gopigo3_keyboard/teleop_gopigo3_keyboard.egg-info/SOURCES.txt'
adding license file 'LICENSE'
writing manifest file '../../build/teleop_gopigo3_keyboard/teleop_gopigo3_keyboard.egg-info/SOURCES.txt'
running build
running build_py
copying teleop_gopigo3_keyboard.py -> /home/ubuntu/LyricalDave/ros2ws/build/teleop_gopigo3_keyboard/build/lib
running install
running install_lib
running install_data
copying resource/teleop_gopigo3_keyboard -> /home/ubuntu/LyricalDave/ros2ws/install/teleop_gopigo3_keyboard/share/ament_index/resource_index/packages
copying package.xml -> /home/ubuntu/LyricalDave/ros2ws/install/teleop_gopigo3_keyboard/share/teleop_gopigo3_keyboard
running install_egg_info
removing '/home/ubuntu/LyricalDave/ros2ws/install/teleop_gopigo3_keyboard/lib/python3.14/site-packages/teleop_gopigo3_keyboard-2.3.2-py3.14.egg-info' (and everything under it)
Copying ../../build/teleop_gopigo3_keyboard/teleop_gopigo3_keyboard.egg-info to /home/ubuntu/LyricalDave/ros2ws/install/teleop_gopigo3_keyboard/lib/python3.14/site-packages/teleop_gopigo3_keyboard-2.3.2-py3.14.egg-info
running install_scripts
Installing teleop_gopigo3_keyboard script to /home/ubuntu/LyricalDave/ros2ws/install/teleop_gopigo3_keyboard/lib/teleop_gopigo3_keyboard
writing list of installed files to '/home/ubuntu/LyricalDave/ros2ws/build/teleop_gopigo3_keyboard/install.log'
