[5.104s] Invoking command in '/home/ubuntu/LyricalDave/ros2ws/src/teleop_gopigo3_keyboard': PYTHONPATH=/home/ubuntu/LyricalDave/ros2ws/build/teleop_gopigo3_keyboard/prefix_override:/usr/lib/python3/dist-packages/colcon_core/task/python/colcon_distutils_commands:/home/ubuntu/LyricalDave/ros2ws/install/teleop_gopigo3_keyboard/lib/python3.14/site-packages:${PYTHONPATH} /usr/bin/python3 -W ignore:setup.py install is deprecated -W ignore:easy_install command is deprecated setup.py egg_info --egg-base ../../build/teleop_gopigo3_keyboard build --build-base /home/ubuntu/LyricalDave/ros2ws/build/teleop_gopigo3_keyboard/build install --record /home/ubuntu/LyricalDave/ros2ws/build/teleop_gopigo3_keyboard/install.log --single-version-externally-managed install_data
[6.263s] /usr/lib/python3/dist-packages/setuptools/_distutils/dist.py:289: UserWarning: Unknown distribution option: 'tests_require'
[6.264s]   warnings.warn(msg)
[6.538s] /usr/lib/python3/dist-packages/setuptools/dist.py:759: SetuptoolsDeprecationWarning: License classifiers are deprecated.
[6.541s] !!
[6.541s] 
[6.542s]         ********************************************************************************
[6.542s]         Please consider removing the following classifiers in favor of a SPDX license expression:
[6.544s] 
[6.544s]         License :: BSD
[6.545s] 
[6.545s]         See https://packaging.python.org/en/latest/guides/writing-pyproject-toml/#license for details.
[6.546s]         ********************************************************************************
[6.546s] 
[6.546s] !!
[6.550s]   self._finalize_license_expression()
[7.310s] running egg_info
[7.468s] writing ../../build/teleop_gopigo3_keyboard/teleop_gopigo3_keyboard.egg-info/PKG-INFO
[7.470s] writing dependency_links to ../../build/teleop_gopigo3_keyboard/teleop_gopigo3_keyboard.egg-info/dependency_links.txt
[7.472s] writing entry points to ../../build/teleop_gopigo3_keyboard/teleop_gopigo3_keyboard.egg-info/entry_points.txt
[7.473s] writing requirements to ../../build/teleop_gopigo3_keyboard/teleop_gopigo3_keyboard.egg-info/requires.txt
[7.474s] writing top-level names to ../../build/teleop_gopigo3_keyboard/teleop_gopigo3_keyboard.egg-info/top_level.txt
[7.821s] reading manifest file '../../build/teleop_gopigo3_keyboard/teleop_gopigo3_keyboard.egg-info/SOURCES.txt'
[7.822s] adding license file 'LICENSE'
[7.826s] writing manifest file '../../build/teleop_gopigo3_keyboard/teleop_gopigo3_keyboard.egg-info/SOURCES.txt'
[7.830s] running build
[7.831s] running build_py
[7.831s] copying teleop_gopigo3_keyboard.py -> /home/ubuntu/LyricalDave/ros2ws/build/teleop_gopigo3_keyboard/build/lib
[7.836s] running install
[7.864s] running install_lib
[8.069s] running install_data
[8.072s] copying resource/teleop_gopigo3_keyboard -> /home/ubuntu/LyricalDave/ros2ws/install/teleop_gopigo3_keyboard/share/ament_index/resource_index/packages
[8.074s] copying package.xml -> /home/ubuntu/LyricalDave/ros2ws/install/teleop_gopigo3_keyboard/share/teleop_gopigo3_keyboard
[8.077s] running install_egg_info
[8.224s] removing '/home/ubuntu/LyricalDave/ros2ws/install/teleop_gopigo3_keyboard/lib/python3.14/site-packages/teleop_gopigo3_keyboard-2.3.2-py3.14.egg-info' (and everything under it)
[8.226s] Copying ../../build/teleop_gopigo3_keyboard/teleop_gopigo3_keyboard.egg-info to /home/ubuntu/LyricalDave/ros2ws/install/teleop_gopigo3_keyboard/lib/python3.14/site-packages/teleop_gopigo3_keyboard-2.3.2-py3.14.egg-info
[8.234s] running install_scripts
[8.882s] Installing teleop_gopigo3_keyboard script to /home/ubuntu/LyricalDave/ros2ws/install/teleop_gopigo3_keyboard/lib/teleop_gopigo3_keyboard
[8.883s] writing list of installed files to '/home/ubuntu/LyricalDave/ros2ws/build/teleop_gopigo3_keyboard/install.log'
[9.180s] Invoked command in '/home/ubuntu/LyricalDave/ros2ws/src/teleop_gopigo3_keyboard' returned '0': PYTHONPATH=/home/ubuntu/LyricalDave/ros2ws/build/teleop_gopigo3_keyboard/prefix_override:/usr/lib/python3/dist-packages/colcon_core/task/python/colcon_distutils_commands:/home/ubuntu/LyricalDave/ros2ws/install/teleop_gopigo3_keyboard/lib/python3.14/site-packages:${PYTHONPATH} /usr/bin/python3 -W ignore:setup.py install is deprecated -W ignore:easy_install command is deprecated setup.py egg_info --egg-base ../../build/teleop_gopigo3_keyboard build --build-base /home/ubuntu/LyricalDave/ros2ws/build/teleop_gopigo3_keyboard/build install --record /home/ubuntu/LyricalDave/ros2ws/build/teleop_gopigo3_keyboard/install.log --single-version-externally-managed install_data
