-- Install configuration: ""
-- Up-to-date: /home/ubuntu/LyricalDave/ros2ws/install/gpg3_cartographer/share/gpg3_cartographer/config
-- Up-to-date: /home/ubuntu/LyricalDave/ros2ws/install/gpg3_cartographer/share/gpg3_cartographer/config/gpg3_2d.lua
-- Up-to-date: /home/ubuntu/LyricalDave/ros2ws/install/gpg3_cartographer/share/gpg3_cartographer/launch
-- Up-to-date: /home/ubuntu/LyricalDave/ros2ws/install/gpg3_cartographer/share/gpg3_cartographer/launch/cartographer.launch.py.orig
-- Up-to-date: /home/ubuntu/LyricalDave/ros2ws/install/gpg3_cartographer/share/gpg3_cartographer/launch/cartographer.launch.py
-- Up-to-date: /home/ubuntu/LyricalDave/ros2ws/install/gpg3_cartographer/share/ament_index/resource_index/package_run_dependencies/gpg3_cartographer
-- Up-to-date: /home/ubuntu/LyricalDave/ros2ws/install/gpg3_cartographer/share/ament_index/resource_index/parent_prefix_path/gpg3_cartographer
-- Up-to-date: /home/ubuntu/LyricalDave/ros2ws/install/gpg3_cartographer/share/gpg3_cartographer/environment/ament_prefix_path.sh
-- Up-to-date: /home/ubuntu/LyricalDave/ros2ws/install/gpg3_cartographer/share/gpg3_cartographer/environment/ament_prefix_path.dsv
-- Up-to-date: /home/ubuntu/LyricalDave/ros2ws/install/gpg3_cartographer/share/gpg3_cartographer/environment/path.sh
-- Up-to-date: /home/ubuntu/LyricalDave/ros2ws/install/gpg3_cartographer/share/gpg3_cartographer/environment/path.dsv
-- Up-to-date: /home/ubuntu/LyricalDave/ros2ws/install/gpg3_cartographer/share/gpg3_cartographer/local_setup.bash
-- Up-to-date: /home/ubuntu/LyricalDave/ros2ws/install/gpg3_cartographer/share/gpg3_cartographer/local_setup.fish
-- Up-to-date: /home/ubuntu/LyricalDave/ros2ws/install/gpg3_cartographer/share/gpg3_cartographer/local_setup.sh
-- Up-to-date: /home/ubuntu/LyricalDave/ros2ws/install/gpg3_cartographer/share/gpg3_cartographer/local_setup.zsh
-- Up-to-date: /home/ubuntu/LyricalDave/ros2ws/install/gpg3_cartographer/share/gpg3_cartographer/local_setup.dsv
-- Installing: /home/ubuntu/LyricalDave/ros2ws/install/gpg3_cartographer/share/gpg3_cartographer/package.dsv
-- Up-to-date: /home/ubuntu/LyricalDave/ros2ws/install/gpg3_cartographer/share/ament_index/resource_index/packages/gpg3_cartographer
-- Up-to-date: /home/ubuntu/LyricalDave/ros2ws/install/gpg3_cartographer/share/gpg3_cartographer/cmake/gpg3_cartographerConfig.cmake
-- Up-to-date: /home/ubuntu/LyricalDave/ros2ws/install/gpg3_cartographer/share/gpg3_cartographer/cmake/gpg3_cartographerConfig-version.cmake
-- Up-to-date: /home/ubuntu/LyricalDave/ros2ws/install/gpg3_cartographer/share/gpg3_cartographer/package.xml
