[0.110s] Invoking command in '/home/ubuntu/LyricalDave/ros2ws/build/gpg3_cartographer': CMAKE_PREFIX_PATH=${CMAKE_PREFIX_PATH}:/home/ubuntu/LyricalDave/ros2ws/install/teleop_gopigo3_keyboard:/home/ubuntu/LyricalDave/ros2ws/install/scan_client:/home/ubuntu/LyricalDave/ros2ws/install/ros2_libcamera_pub:/home/ubuntu/LyricalDave/ros2ws/install/ros2_gopigo3_node:/home/ubuntu/LyricalDave/ros2ws/install/explorer_wanderer:/home/ubuntu/LyricalDave/ros2ws/install/demo_nodes_py:/home/ubuntu/LyricalDave/ros2ws/install/dave:/opt/ros/lyrical /usr/bin/cmake --build /home/ubuntu/LyricalDave/ros2ws/build/gpg3_cartographer -- -j4 -l4
[0.311s] Invoked command in '/home/ubuntu/LyricalDave/ros2ws/build/gpg3_cartographer' returned '0': CMAKE_PREFIX_PATH=${CMAKE_PREFIX_PATH}:/home/ubuntu/LyricalDave/ros2ws/install/teleop_gopigo3_keyboard:/home/ubuntu/LyricalDave/ros2ws/install/scan_client:/home/ubuntu/LyricalDave/ros2ws/install/ros2_libcamera_pub:/home/ubuntu/LyricalDave/ros2ws/install/ros2_gopigo3_node:/home/ubuntu/LyricalDave/ros2ws/install/explorer_wanderer:/home/ubuntu/LyricalDave/ros2ws/install/demo_nodes_py:/home/ubuntu/LyricalDave/ros2ws/install/dave:/opt/ros/lyrical /usr/bin/cmake --build /home/ubuntu/LyricalDave/ros2ws/build/gpg3_cartographer -- -j4 -l4
[0.314s] Invoking command in '/home/ubuntu/LyricalDave/ros2ws/build/gpg3_cartographer': CMAKE_PREFIX_PATH=${CMAKE_PREFIX_PATH}:/home/ubuntu/LyricalDave/ros2ws/install/teleop_gopigo3_keyboard:/home/ubuntu/LyricalDave/ros2ws/install/scan_client:/home/ubuntu/LyricalDave/ros2ws/install/ros2_libcamera_pub:/home/ubuntu/LyricalDave/ros2ws/install/ros2_gopigo3_node:/home/ubuntu/LyricalDave/ros2ws/install/explorer_wanderer:/home/ubuntu/LyricalDave/ros2ws/install/demo_nodes_py:/home/ubuntu/LyricalDave/ros2ws/install/dave:/opt/ros/lyrical /usr/bin/cmake --install /home/ubuntu/LyricalDave/ros2ws/build/gpg3_cartographer
[0.369s] -- Install configuration: ""
[0.371s] -- Up-to-date: /home/ubuntu/LyricalDave/ros2ws/install/gpg3_cartographer/share/gpg3_cartographer/config
[0.372s] -- Up-to-date: /home/ubuntu/LyricalDave/ros2ws/install/gpg3_cartographer/share/gpg3_cartographer/config/gpg3_2d.lua
[0.373s] -- Up-to-date: /home/ubuntu/LyricalDave/ros2ws/install/gpg3_cartographer/share/gpg3_cartographer/launch
[0.374s] -- Up-to-date: /home/ubuntu/LyricalDave/ros2ws/install/gpg3_cartographer/share/gpg3_cartographer/launch/cartographer.launch.py.orig
[0.374s] -- Up-to-date: /home/ubuntu/LyricalDave/ros2ws/install/gpg3_cartographer/share/gpg3_cartographer/launch/cartographer.launch.py
[0.377s] -- Up-to-date: /home/ubuntu/LyricalDave/ros2ws/install/gpg3_cartographer/share/ament_index/resource_index/package_run_dependencies/gpg3_cartographer
[0.378s] -- Up-to-date: /home/ubuntu/LyricalDave/ros2ws/install/gpg3_cartographer/share/ament_index/resource_index/parent_prefix_path/gpg3_cartographer
[0.380s] -- Up-to-date: /home/ubuntu/LyricalDave/ros2ws/install/gpg3_cartographer/share/gpg3_cartographer/environment/ament_prefix_path.sh
[0.380s] -- Up-to-date: /home/ubuntu/LyricalDave/ros2ws/install/gpg3_cartographer/share/gpg3_cartographer/environment/ament_prefix_path.dsv
[0.381s] -- Up-to-date: /home/ubuntu/LyricalDave/ros2ws/install/gpg3_cartographer/share/gpg3_cartographer/environment/path.sh
[0.382s] -- Up-to-date: /home/ubuntu/LyricalDave/ros2ws/install/gpg3_cartographer/share/gpg3_cartographer/environment/path.dsv
[0.383s] -- Up-to-date: /home/ubuntu/LyricalDave/ros2ws/install/gpg3_cartographer/share/gpg3_cartographer/local_setup.bash
[0.384s] -- Up-to-date: /home/ubuntu/LyricalDave/ros2ws/install/gpg3_cartographer/share/gpg3_cartographer/local_setup.fish
[0.384s] -- Up-to-date: /home/ubuntu/LyricalDave/ros2ws/install/gpg3_cartographer/share/gpg3_cartographer/local_setup.sh
[0.386s] -- Up-to-date: /home/ubuntu/LyricalDave/ros2ws/install/gpg3_cartographer/share/gpg3_cartographer/local_setup.zsh
[0.387s] -- Up-to-date: /home/ubuntu/LyricalDave/ros2ws/install/gpg3_cartographer/share/gpg3_cartographer/local_setup.dsv
[0.388s] -- Installing: /home/ubuntu/LyricalDave/ros2ws/install/gpg3_cartographer/share/gpg3_cartographer/package.dsv
[0.391s] -- Up-to-date: /home/ubuntu/LyricalDave/ros2ws/install/gpg3_cartographer/share/ament_index/resource_index/packages/gpg3_cartographer
[0.392s] -- Up-to-date: /home/ubuntu/LyricalDave/ros2ws/install/gpg3_cartographer/share/gpg3_cartographer/cmake/gpg3_cartographerConfig.cmake
[0.394s] -- Up-to-date: /home/ubuntu/LyricalDave/ros2ws/install/gpg3_cartographer/share/gpg3_cartographer/cmake/gpg3_cartographerConfig-version.cmake
[0.396s] -- Up-to-date: /home/ubuntu/LyricalDave/ros2ws/install/gpg3_cartographer/share/gpg3_cartographer/package.xml
[0.399s] Invoked command in '/home/ubuntu/LyricalDave/ros2ws/build/gpg3_cartographer' returned '0': CMAKE_PREFIX_PATH=${CMAKE_PREFIX_PATH}:/home/ubuntu/LyricalDave/ros2ws/install/teleop_gopigo3_keyboard:/home/ubuntu/LyricalDave/ros2ws/install/scan_client:/home/ubuntu/LyricalDave/ros2ws/install/ros2_libcamera_pub:/home/ubuntu/LyricalDave/ros2ws/install/ros2_gopigo3_node:/home/ubuntu/LyricalDave/ros2ws/install/explorer_wanderer:/home/ubuntu/LyricalDave/ros2ws/install/demo_nodes_py:/home/ubuntu/LyricalDave/ros2ws/install/dave:/opt/ros/lyrical /usr/bin/cmake --install /home/ubuntu/LyricalDave/ros2ws/build/gpg3_cartographer
