[0mCMake Deprecation Warning at CMakeLists.txt:4 (cmake_minimum_required):
  Compatibility with CMake < 3.10 will be removed from a future version of
  CMake.

  Update the VERSION argument <min> value.  Or, use the <min>...<max> syntax
  to tell CMake that the project requires at least <min> but has been updated
  to work with policies introduced by <max> or earlier.

[0m
-- The C compiler identification is GNU 15.2.0
-- The CXX compiler identification is GNU 15.2.0
-- Detecting C compiler ABI info
-- Detecting C compiler ABI info - done
-- Check for working C compiler: /usr/bin/cc - skipped
-- Detecting C compile features
-- Detecting C compile features - done
-- Detecting CXX compiler ABI info
-- Detecting CXX compiler ABI info - done
-- Check for working CXX compiler: /usr/bin/c++ - skipped
-- Detecting CXX compile features
-- Detecting CXX compile features - done
-- Found ament_cmake: 2.8.7 (/opt/ros/lyrical/share/ament_cmake/cmake)
-- Configuring done (4.8s)
-- Generating done (0.0s)
-- Build files have been written to: /home/ubuntu/LyricalDave/ros2ws/build/gpg3_cartographer
-- Install configuration: ""
-- Installing: /home/ubuntu/LyricalDave/ros2ws/install/gpg3_cartographer/share/gpg3_cartographer/config
-- Installing: /home/ubuntu/LyricalDave/ros2ws/install/gpg3_cartographer/share/gpg3_cartographer/config/gpg3_2d.lua
-- Installing: /home/ubuntu/LyricalDave/ros2ws/install/gpg3_cartographer/share/gpg3_cartographer/launch
-- Installing: /home/ubuntu/LyricalDave/ros2ws/install/gpg3_cartographer/share/gpg3_cartographer/launch/cartographer.launch.py.orig
-- Installing: /home/ubuntu/LyricalDave/ros2ws/install/gpg3_cartographer/share/gpg3_cartographer/launch/cartographer.launch.py
-- Installing: /home/ubuntu/LyricalDave/ros2ws/install/gpg3_cartographer/share/ament_index/resource_index/package_run_dependencies/gpg3_cartographer
-- Installing: /home/ubuntu/LyricalDave/ros2ws/install/gpg3_cartographer/share/ament_index/resource_index/parent_prefix_path/gpg3_cartographer
-- Installing: /home/ubuntu/LyricalDave/ros2ws/install/gpg3_cartographer/share/gpg3_cartographer/environment/ament_prefix_path.sh
-- Installing: /home/ubuntu/LyricalDave/ros2ws/install/gpg3_cartographer/share/gpg3_cartographer/environment/ament_prefix_path.dsv
-- Installing: /home/ubuntu/LyricalDave/ros2ws/install/gpg3_cartographer/share/gpg3_cartographer/environment/path.sh
-- Installing: /home/ubuntu/LyricalDave/ros2ws/install/gpg3_cartographer/share/gpg3_cartographer/environment/path.dsv
-- Installing: /home/ubuntu/LyricalDave/ros2ws/install/gpg3_cartographer/share/gpg3_cartographer/local_setup.bash
-- Installing: /home/ubuntu/LyricalDave/ros2ws/install/gpg3_cartographer/share/gpg3_cartographer/local_setup.fish
-- Installing: /home/ubuntu/LyricalDave/ros2ws/install/gpg3_cartographer/share/gpg3_cartographer/local_setup.sh
-- Installing: /home/ubuntu/LyricalDave/ros2ws/install/gpg3_cartographer/share/gpg3_cartographer/local_setup.zsh
-- Installing: /home/ubuntu/LyricalDave/ros2ws/install/gpg3_cartographer/share/gpg3_cartographer/local_setup.dsv
-- Installing: /home/ubuntu/LyricalDave/ros2ws/install/gpg3_cartographer/share/gpg3_cartographer/package.dsv
-- Installing: /home/ubuntu/LyricalDave/ros2ws/install/gpg3_cartographer/share/ament_index/resource_index/packages/gpg3_cartographer
-- Installing: /home/ubuntu/LyricalDave/ros2ws/install/gpg3_cartographer/share/gpg3_cartographer/cmake/gpg3_cartographerConfig.cmake
-- Installing: /home/ubuntu/LyricalDave/ros2ws/install/gpg3_cartographer/share/gpg3_cartographer/cmake/gpg3_cartographerConfig-version.cmake
-- Installing: /home/ubuntu/LyricalDave/ros2ws/install/gpg3_cartographer/share/gpg3_cartographer/package.xml
