[0.075s] Invoking command in '/home/ubuntu/LyricalDave/ros2ws/build/gpg3_cartographer': CMAKE_PREFIX_PATH=/opt/ros/lyrical /usr/bin/cmake /home/ubuntu/LyricalDave/ros2ws/src/gpg3_cartographer -DCMAKE_INSTALL_PREFIX=/home/ubuntu/LyricalDave/ros2ws/install/gpg3_cartographer
[0.137s] [0mCMake Deprecation Warning at CMakeLists.txt:4 (cmake_minimum_required):
[0.139s]   Compatibility with CMake < 3.10 will be removed from a future version of
[0.144s]   CMake.
[0.144s] 
[0.145s]   Update the VERSION argument <min> value.  Or, use the <min>...<max> syntax
[0.145s]   to tell CMake that the project requires at least <min> but has been updated
[0.148s]   to work with policies introduced by <max> or earlier.
[0.149s] 
[0.149s] [0m
[0.644s] -- The C compiler identification is GNU 15.2.0
[1.077s] -- The CXX compiler identification is GNU 15.2.0
[1.114s] -- Detecting C compiler ABI info
[1.623s] -- Detecting C compiler ABI info - done
[1.713s] -- Check for working C compiler: /usr/bin/cc - skipped
[1.715s] -- Detecting C compile features
[1.718s] -- Detecting C compile features - done
[1.791s] -- Detecting CXX compiler ABI info
[2.363s] -- Detecting CXX compiler ABI info - done
[2.451s] -- Check for working CXX compiler: /usr/bin/c++ - skipped
[2.456s] -- Detecting CXX compile features
[2.458s] -- Detecting CXX compile features - done
[2.501s] -- Found ament_cmake: 2.8.7 (/opt/ros/lyrical/share/ament_cmake/cmake)
[4.946s] -- Configuring done (4.8s)
[4.977s] -- Generating done (0.0s)
[4.990s] -- Build files have been written to: /home/ubuntu/LyricalDave/ros2ws/build/gpg3_cartographer
[5.009s] Invoked command in '/home/ubuntu/LyricalDave/ros2ws/build/gpg3_cartographer' returned '0': CMAKE_PREFIX_PATH=/opt/ros/lyrical /usr/bin/cmake /home/ubuntu/LyricalDave/ros2ws/src/gpg3_cartographer -DCMAKE_INSTALL_PREFIX=/home/ubuntu/LyricalDave/ros2ws/install/gpg3_cartographer
[5.013s] Invoking command in '/home/ubuntu/LyricalDave/ros2ws/build/gpg3_cartographer': CMAKE_PREFIX_PATH=/opt/ros/lyrical /usr/bin/cmake --build /home/ubuntu/LyricalDave/ros2ws/build/gpg3_cartographer -- -j4 -l4
[5.261s] Invoked command in '/home/ubuntu/LyricalDave/ros2ws/build/gpg3_cartographer' returned '0': CMAKE_PREFIX_PATH=/opt/ros/lyrical /usr/bin/cmake --build /home/ubuntu/LyricalDave/ros2ws/build/gpg3_cartographer -- -j4 -l4
[5.317s] Invoking command in '/home/ubuntu/LyricalDave/ros2ws/build/gpg3_cartographer': CMAKE_PREFIX_PATH=/opt/ros/lyrical /usr/bin/cmake --install /home/ubuntu/LyricalDave/ros2ws/build/gpg3_cartographer
[5.355s] -- Install configuration: ""
[5.356s] -- Installing: /home/ubuntu/LyricalDave/ros2ws/install/gpg3_cartographer/share/gpg3_cartographer/config
[5.357s] -- Installing: /home/ubuntu/LyricalDave/ros2ws/install/gpg3_cartographer/share/gpg3_cartographer/config/gpg3_2d.lua
[5.358s] -- Installing: /home/ubuntu/LyricalDave/ros2ws/install/gpg3_cartographer/share/gpg3_cartographer/launch
[5.360s] -- Installing: /home/ubuntu/LyricalDave/ros2ws/install/gpg3_cartographer/share/gpg3_cartographer/launch/cartographer.launch.py.orig
[5.361s] -- Installing: /home/ubuntu/LyricalDave/ros2ws/install/gpg3_cartographer/share/gpg3_cartographer/launch/cartographer.launch.py
[5.363s] -- Installing: /home/ubuntu/LyricalDave/ros2ws/install/gpg3_cartographer/share/ament_index/resource_index/package_run_dependencies/gpg3_cartographer
[5.364s] -- Installing: /home/ubuntu/LyricalDave/ros2ws/install/gpg3_cartographer/share/ament_index/resource_index/parent_prefix_path/gpg3_cartographer
[5.367s] -- Installing: /home/ubuntu/LyricalDave/ros2ws/install/gpg3_cartographer/share/gpg3_cartographer/environment/ament_prefix_path.sh
[5.368s] -- Installing: /home/ubuntu/LyricalDave/ros2ws/install/gpg3_cartographer/share/gpg3_cartographer/environment/ament_prefix_path.dsv
[5.370s] -- Installing: /home/ubuntu/LyricalDave/ros2ws/install/gpg3_cartographer/share/gpg3_cartographer/environment/path.sh
[5.371s] -- Installing: /home/ubuntu/LyricalDave/ros2ws/install/gpg3_cartographer/share/gpg3_cartographer/environment/path.dsv
[5.373s] -- Installing: /home/ubuntu/LyricalDave/ros2ws/install/gpg3_cartographer/share/gpg3_cartographer/local_setup.bash
[5.380s] -- Installing: /home/ubuntu/LyricalDave/ros2ws/install/gpg3_cartographer/share/gpg3_cartographer/local_setup.fish
[5.381s] -- Installing: /home/ubuntu/LyricalDave/ros2ws/install/gpg3_cartographer/share/gpg3_cartographer/local_setup.sh
[5.382s] -- Installing: /home/ubuntu/LyricalDave/ros2ws/install/gpg3_cartographer/share/gpg3_cartographer/local_setup.zsh
[5.382s] -- Installing: /home/ubuntu/LyricalDave/ros2ws/install/gpg3_cartographer/share/gpg3_cartographer/local_setup.dsv
[5.383s] -- Installing: /home/ubuntu/LyricalDave/ros2ws/install/gpg3_cartographer/share/gpg3_cartographer/package.dsv
[5.383s] -- Installing: /home/ubuntu/LyricalDave/ros2ws/install/gpg3_cartographer/share/ament_index/resource_index/packages/gpg3_cartographer
[5.387s] -- Installing: /home/ubuntu/LyricalDave/ros2ws/install/gpg3_cartographer/share/gpg3_cartographer/cmake/gpg3_cartographerConfig.cmake
[5.390s] -- Installing: /home/ubuntu/LyricalDave/ros2ws/install/gpg3_cartographer/share/gpg3_cartographer/cmake/gpg3_cartographerConfig-version.cmake
[5.391s] -- Installing: /home/ubuntu/LyricalDave/ros2ws/install/gpg3_cartographer/share/gpg3_cartographer/package.xml
[5.392s] Invoked command in '/home/ubuntu/LyricalDave/ros2ws/build/gpg3_cartographer' returned '0': CMAKE_PREFIX_PATH=/opt/ros/lyrical /usr/bin/cmake --install /home/ubuntu/LyricalDave/ros2ws/build/gpg3_cartographer
