[0.051s] Invoking command in '/home/ubuntu/LyricalDave/ros2ws/build/nav2_gopigo3': CMAKE_PREFIX_PATH=/opt/ros/lyrical /usr/bin/cmake /home/ubuntu/LyricalDave/ros2ws/src/nav2_gopigo3 -DCMAKE_INSTALL_PREFIX=/home/ubuntu/LyricalDave/ros2ws/install/nav2_gopigo3
[0.095s] [0mCMake Deprecation Warning at CMakeLists.txt:1 (cmake_minimum_required):
[0.095s]   Compatibility with CMake < 3.10 will be removed from a future version of
[0.095s]   CMake.
[0.096s] 
[0.096s]   Update the VERSION argument <min> value.  Or, use the <min>...<max> syntax
[0.096s]   to tell CMake that the project requires at least <min> but has been updated
[0.099s]   to work with policies introduced by <max> or earlier.
[0.099s] 
[0.100s] [0m
[0.350s] -- The C compiler identification is GNU 15.2.0
[0.700s] -- The CXX compiler identification is GNU 15.2.0
[0.758s] -- Detecting C compiler ABI info
[1.463s] -- Detecting C compiler ABI info - done
[1.539s] -- Check for working C compiler: /usr/bin/cc - skipped
[1.542s] -- Detecting C compile features
[1.546s] -- Detecting C compile features - done
[1.610s] -- Detecting CXX compiler ABI info
[2.103s] -- Detecting CXX compiler ABI info - done
[2.217s] -- Check for working CXX compiler: /usr/bin/c++ - skipped
[2.221s] -- Detecting CXX compile features
[2.229s] -- Detecting CXX compile features - done
[2.299s] -- Found ament_cmake: 2.8.7 (/opt/ros/lyrical/share/ament_cmake/cmake)
[4.490s] -- Found ament_lint_auto: 0.20.6 (/opt/ros/lyrical/share/ament_lint_auto/cmake)
[5.178s] -- Added test 'copyright' to check source files copyright and LICENSE
[5.189s] -- Added test 'flake8' to check Python code syntax and style conventions
[5.193s] -- Configured 'flake8' exclude dirs and/or files: 
[5.194s] -- Added test 'lint_cmake' to check CMake code style
[5.200s] -- Added test 'pep257' to check Python code against some of the docstring style conventions in PEP 257
[5.207s] -- Added test 'xmllint' to check XML markup files
[5.215s] -- Configuring done (5.1s)
[5.247s] -- Generating done (0.0s)
[5.258s] -- Build files have been written to: /home/ubuntu/LyricalDave/ros2ws/build/nav2_gopigo3
[5.279s] Invoked command in '/home/ubuntu/LyricalDave/ros2ws/build/nav2_gopigo3' returned '0': CMAKE_PREFIX_PATH=/opt/ros/lyrical /usr/bin/cmake /home/ubuntu/LyricalDave/ros2ws/src/nav2_gopigo3 -DCMAKE_INSTALL_PREFIX=/home/ubuntu/LyricalDave/ros2ws/install/nav2_gopigo3
[5.284s] Invoking command in '/home/ubuntu/LyricalDave/ros2ws/build/nav2_gopigo3': CMAKE_PREFIX_PATH=/opt/ros/lyrical /usr/bin/cmake --build /home/ubuntu/LyricalDave/ros2ws/build/nav2_gopigo3 -- -j4 -l4
[5.549s] Built target ament_cmake_python_sync_nav2_gopigo3
[7.346s] running egg_info
[7.484s] creating nav2_gopigo3.egg-info
[7.484s] writing nav2_gopigo3.egg-info/PKG-INFO
[7.487s] writing dependency_links to nav2_gopigo3.egg-info/dependency_links.txt
[7.490s] writing top-level names to nav2_gopigo3.egg-info/top_level.txt
[7.490s] writing manifest file 'nav2_gopigo3.egg-info/SOURCES.txt'
[7.892s] reading manifest file 'nav2_gopigo3.egg-info/SOURCES.txt'
[7.895s] writing manifest file 'nav2_gopigo3.egg-info/SOURCES.txt'
[8.158s] Built target ament_cmake_python_build_nav2_gopigo3_egg
[8.222s] Invoked command in '/home/ubuntu/LyricalDave/ros2ws/build/nav2_gopigo3' returned '0': CMAKE_PREFIX_PATH=/opt/ros/lyrical /usr/bin/cmake --build /home/ubuntu/LyricalDave/ros2ws/build/nav2_gopigo3 -- -j4 -l4
[8.229s] Invoking command in '/home/ubuntu/LyricalDave/ros2ws/build/nav2_gopigo3': CMAKE_PREFIX_PATH=/opt/ros/lyrical /usr/bin/cmake --install /home/ubuntu/LyricalDave/ros2ws/build/nav2_gopigo3
[8.293s] -- Install configuration: ""
[8.296s] -- Installing: /home/ubuntu/LyricalDave/ros2ws/install/nav2_gopigo3/share/nav2_gopigo3/config
[8.297s] -- Installing: /home/ubuntu/LyricalDave/ros2ws/install/nav2_gopigo3/share/nav2_gopigo3/config/localization.yaml
[8.301s] -- Installing: /home/ubuntu/LyricalDave/ros2ws/install/nav2_gopigo3/share/nav2_gopigo3/config/nav2.yaml
[8.304s] -- Installing: /home/ubuntu/LyricalDave/ros2ws/install/nav2_gopigo3/share/nav2_gopigo3/config/slam.yaml
[8.308s] -- Installing: /home/ubuntu/LyricalDave/ros2ws/install/nav2_gopigo3/share/nav2_gopigo3/config/slam.tb4.yaml
[8.309s] -- Installing: /home/ubuntu/LyricalDave/ros2ws/install/nav2_gopigo3/share/nav2_gopigo3/launch
[8.314s] -- Installing: /home/ubuntu/LyricalDave/ros2ws/install/nav2_gopigo3/share/nav2_gopigo3/launch/slam.launch.py
[8.319s] -- Installing: /home/ubuntu/LyricalDave/ros2ws/install/nav2_gopigo3/share/nav2_gopigo3/launch/localization.launch.py
[8.324s] -- Installing: /home/ubuntu/LyricalDave/ros2ws/install/nav2_gopigo3/share/nav2_gopigo3/launch/nav2.launch.py
[8.326s] -- Installing: /home/ubuntu/LyricalDave/ros2ws/install/nav2_gopigo3/share/nav2_gopigo3/maps
[8.329s] -- Installing: /home/ubuntu/LyricalDave/ros2ws/install/nav2_gopigo3/share/nav2_gopigo3/maps/maze.pgm
[8.330s] -- Installing: /home/ubuntu/LyricalDave/ros2ws/install/nav2_gopigo3/share/nav2_gopigo3/maps/depot.pgm
[8.336s] -- Installing: /home/ubuntu/LyricalDave/ros2ws/install/nav2_gopigo3/share/nav2_gopigo3/maps/warehouse.yaml
[8.338s] -- Installing: /home/ubuntu/LyricalDave/ros2ws/install/nav2_gopigo3/share/nav2_gopigo3/maps/maze.yaml
[8.340s] -- Installing: /home/ubuntu/LyricalDave/ros2ws/install/nav2_gopigo3/share/nav2_gopigo3/maps/warehouse.pgm
[8.350s] -- Installing: /home/ubuntu/LyricalDave/ros2ws/install/nav2_gopigo3/share/nav2_gopigo3/maps/depot.yaml
[8.354s] -- Installing: /home/ubuntu/LyricalDave/ros2ws/install/nav2_gopigo3/share/nav2_gopigo3/environment/pythonpath.sh
[8.357s] -- Installing: /home/ubuntu/LyricalDave/ros2ws/install/nav2_gopigo3/share/nav2_gopigo3/environment/pythonpath.dsv
[8.363s] -- Installing: /home/ubuntu/LyricalDave/ros2ws/install/nav2_gopigo3/lib/python3.14/site-packages/gopigo3_navigator.py
[8.679s] Compiling '/home/ubuntu/LyricalDave/ros2ws/install/nav2_gopigo3/lib/python3.14/site-packages/gopigo3_navigator.py'...
[8.766s] -- Installing: /home/ubuntu/LyricalDave/ros2ws/install/nav2_gopigo3/share/ament_index/resource_index/package_run_dependencies/nav2_gopigo3
[8.768s] -- Installing: /home/ubuntu/LyricalDave/ros2ws/install/nav2_gopigo3/share/ament_index/resource_index/parent_prefix_path/nav2_gopigo3
[8.770s] -- Installing: /home/ubuntu/LyricalDave/ros2ws/install/nav2_gopigo3/share/nav2_gopigo3/environment/ament_prefix_path.sh
[8.772s] -- Installing: /home/ubuntu/LyricalDave/ros2ws/install/nav2_gopigo3/share/nav2_gopigo3/environment/ament_prefix_path.dsv
[8.774s] -- Installing: /home/ubuntu/LyricalDave/ros2ws/install/nav2_gopigo3/share/nav2_gopigo3/environment/path.sh
[8.777s] -- Installing: /home/ubuntu/LyricalDave/ros2ws/install/nav2_gopigo3/share/nav2_gopigo3/environment/path.dsv
[8.778s] -- Installing: /home/ubuntu/LyricalDave/ros2ws/install/nav2_gopigo3/share/nav2_gopigo3/local_setup.bash
[8.780s] -- Installing: /home/ubuntu/LyricalDave/ros2ws/install/nav2_gopigo3/share/nav2_gopigo3/local_setup.fish
[8.783s] -- Installing: /home/ubuntu/LyricalDave/ros2ws/install/nav2_gopigo3/share/nav2_gopigo3/local_setup.sh
[8.786s] -- Installing: /home/ubuntu/LyricalDave/ros2ws/install/nav2_gopigo3/share/nav2_gopigo3/local_setup.zsh
[8.787s] -- Installing: /home/ubuntu/LyricalDave/ros2ws/install/nav2_gopigo3/share/nav2_gopigo3/local_setup.dsv
[8.791s] -- Installing: /home/ubuntu/LyricalDave/ros2ws/install/nav2_gopigo3/share/nav2_gopigo3/package.dsv
[8.792s] -- Installing: /home/ubuntu/LyricalDave/ros2ws/install/nav2_gopigo3/share/ament_index/resource_index/packages/nav2_gopigo3
[8.794s] -- Installing: /home/ubuntu/LyricalDave/ros2ws/install/nav2_gopigo3/lib/python3.14/site-packages/nav2_gopigo3-1.0.4-py3.14.egg-info
[8.796s] -- Installing: /home/ubuntu/LyricalDave/ros2ws/install/nav2_gopigo3/lib/python3.14/site-packages/nav2_gopigo3-1.0.4-py3.14.egg-info/top_level.txt
[8.798s] -- Installing: /home/ubuntu/LyricalDave/ros2ws/install/nav2_gopigo3/lib/python3.14/site-packages/nav2_gopigo3-1.0.4-py3.14.egg-info/SOURCES.txt
[8.800s] -- Installing: /home/ubuntu/LyricalDave/ros2ws/install/nav2_gopigo3/lib/python3.14/site-packages/nav2_gopigo3-1.0.4-py3.14.egg-info/dependency_links.txt
[8.802s] -- Installing: /home/ubuntu/LyricalDave/ros2ws/install/nav2_gopigo3/lib/python3.14/site-packages/nav2_gopigo3-1.0.4-py3.14.egg-info/PKG-INFO
[8.804s] -- Installing: /home/ubuntu/LyricalDave/ros2ws/install/nav2_gopigo3/lib/python3.14/site-packages/nav2_gopigo3
[8.806s] -- Installing: /home/ubuntu/LyricalDave/ros2ws/install/nav2_gopigo3/lib/python3.14/site-packages/nav2_gopigo3/__init__.py
[8.810s] -- Installing: /home/ubuntu/LyricalDave/ros2ws/install/nav2_gopigo3/lib/python3.14/site-packages/nav2_gopigo3/gopigo3_navigator.py
[9.115s] Listing '/home/ubuntu/LyricalDave/ros2ws/install/nav2_gopigo3/lib/python3.14/site-packages/nav2_gopigo3'...
[9.115s] Compiling '/home/ubuntu/LyricalDave/ros2ws/install/nav2_gopigo3/lib/python3.14/site-packages/nav2_gopigo3/__init__.py'...
[9.115s] Compiling '/home/ubuntu/LyricalDave/ros2ws/install/nav2_gopigo3/lib/python3.14/site-packages/nav2_gopigo3/gopigo3_navigator.py'...
[9.202s] -- Installing: /home/ubuntu/LyricalDave/ros2ws/install/nav2_gopigo3/share/nav2_gopigo3/cmake/nav2_gopigo3Config.cmake
[9.203s] -- Installing: /home/ubuntu/LyricalDave/ros2ws/install/nav2_gopigo3/share/nav2_gopigo3/cmake/nav2_gopigo3Config-version.cmake
[9.205s] -- Installing: /home/ubuntu/LyricalDave/ros2ws/install/nav2_gopigo3/share/nav2_gopigo3/package.xml
[9.213s] Invoked command in '/home/ubuntu/LyricalDave/ros2ws/build/nav2_gopigo3' returned '0': CMAKE_PREFIX_PATH=/opt/ros/lyrical /usr/bin/cmake --install /home/ubuntu/LyricalDave/ros2ws/build/nav2_gopigo3
