[6.927s] Invoking command in '/home/ubuntu/LyricalDave/ros2ws/src/dave': PYTHONPATH=/home/ubuntu/LyricalDave/ros2ws/build/dave/prefix_override:/usr/lib/python3/dist-packages/colcon_core/task/python/colcon_distutils_commands:/home/ubuntu/LyricalDave/ros2ws/install/dave/lib/python3.14/site-packages:${PYTHONPATH} /usr/bin/python3 -W ignore:setup.py install is deprecated -W ignore:easy_install command is deprecated setup.py egg_info --egg-base ../../build/dave build --build-base /home/ubuntu/LyricalDave/ros2ws/build/dave/build install --record /home/ubuntu/LyricalDave/ros2ws/build/dave/install.log --single-version-externally-managed install_data
[7.973s] /usr/lib/python3/dist-packages/setuptools/_distutils/dist.py:289: UserWarning: Unknown distribution option: 'tests_require'
[7.974s]   warnings.warn(msg)
[8.767s] running egg_info
[8.895s] writing ../../build/dave/dave.egg-info/PKG-INFO
[8.897s] writing dependency_links to ../../build/dave/dave.egg-info/dependency_links.txt
[8.899s] writing entry points to ../../build/dave/dave.egg-info/entry_points.txt
[8.901s] writing requirements to ../../build/dave/dave.egg-info/requires.txt
[8.902s] writing top-level names to ../../build/dave/dave.egg-info/top_level.txt
[9.135s] reading manifest file '../../build/dave/dave.egg-info/SOURCES.txt'
[9.140s] writing manifest file '../../build/dave/dave.egg-info/SOURCES.txt'
[9.141s] running build
[9.142s] running build_py
[9.143s] copying dave/__init__.py -> /home/ubuntu/LyricalDave/ros2ws/build/dave/build/lib/dave
[9.146s] copying dave/test_dock.py -> /home/ubuntu/LyricalDave/ros2ws/build/dave/build/lib/dave
[9.148s] copying dave/say_node.py -> /home/ubuntu/LyricalDave/ros2ws/build/dave/build/lib/dave
[9.150s] copying dave/dave_node.py -> /home/ubuntu/LyricalDave/ros2ws/build/dave/build/lib/dave
[9.155s] copying dave/drive_node.py -> /home/ubuntu/LyricalDave/ros2ws/build/dave/build/lib/dave
[9.157s] copying dave/say_svc_client.py -> /home/ubuntu/LyricalDave/ros2ws/build/dave/build/lib/dave
[9.160s] copying dave/docking_node.py -> /home/ubuntu/LyricalDave/ros2ws/build/dave/build/lib/dave
[9.166s] copying dave/battery_node.py -> /home/ubuntu/LyricalDave/ros2ws/build/dave/build/lib/dave
[9.171s] running install
[9.208s] running install_lib
[9.325s] running install_data
[9.326s] copying resource/dave -> /home/ubuntu/LyricalDave/ros2ws/install/dave/share/ament_index/resource_index/packages
[9.332s] copying package.xml -> /home/ubuntu/LyricalDave/ros2ws/install/dave/share/dave
[9.332s] running install_egg_info
[9.535s] removing '/home/ubuntu/LyricalDave/ros2ws/install/dave/lib/python3.14/site-packages/dave-0.0.0-py3.14.egg-info' (and everything under it)
[9.544s] Copying ../../build/dave/dave.egg-info to /home/ubuntu/LyricalDave/ros2ws/install/dave/lib/python3.14/site-packages/dave-0.0.0-py3.14.egg-info
[9.558s] running install_scripts
[10.309s] Installing battery_node script to /home/ubuntu/LyricalDave/ros2ws/install/dave/lib/dave
[10.314s] Installing dave_node script to /home/ubuntu/LyricalDave/ros2ws/install/dave/lib/dave
[10.319s] Installing docking_node script to /home/ubuntu/LyricalDave/ros2ws/install/dave/lib/dave
[10.332s] Installing drive_node script to /home/ubuntu/LyricalDave/ros2ws/install/dave/lib/dave
[10.338s] Installing say_client script to /home/ubuntu/LyricalDave/ros2ws/install/dave/lib/dave
[10.341s] Installing say_node script to /home/ubuntu/LyricalDave/ros2ws/install/dave/lib/dave
[10.347s] Installing test_dock script to /home/ubuntu/LyricalDave/ros2ws/install/dave/lib/dave
[10.352s] writing list of installed files to '/home/ubuntu/LyricalDave/ros2ws/build/dave/install.log'
[10.818s] Invoked command in '/home/ubuntu/LyricalDave/ros2ws/src/dave' returned '0': PYTHONPATH=/home/ubuntu/LyricalDave/ros2ws/build/dave/prefix_override:/usr/lib/python3/dist-packages/colcon_core/task/python/colcon_distutils_commands:/home/ubuntu/LyricalDave/ros2ws/install/dave/lib/python3.14/site-packages:${PYTHONPATH} /usr/bin/python3 -W ignore:setup.py install is deprecated -W ignore:easy_install command is deprecated setup.py egg_info --egg-base ../../build/dave build --build-base /home/ubuntu/LyricalDave/ros2ws/build/dave/build install --record /home/ubuntu/LyricalDave/ros2ws/build/dave/install.log --single-version-externally-managed install_data
