[4.572s] Invoking command in '/home/ubuntu/LyricalDave/ros2ws/src/scan_client': PYTHONPATH=/home/ubuntu/LyricalDave/ros2ws/build/scan_client/prefix_override:/usr/lib/python3/dist-packages/colcon_core/task/python/colcon_distutils_commands:/home/ubuntu/LyricalDave/ros2ws/install/scan_client/lib/python3.14/site-packages:${PYTHONPATH} /usr/bin/python3 -W ignore:setup.py install is deprecated -W ignore:easy_install command is deprecated setup.py egg_info --egg-base ../../build/scan_client build --build-base /home/ubuntu/LyricalDave/ros2ws/build/scan_client/build install --record /home/ubuntu/LyricalDave/ros2ws/build/scan_client/install.log --single-version-externally-managed install_data
[5.576s] /usr/lib/python3/dist-packages/setuptools/_distutils/dist.py:289: UserWarning: Unknown distribution option: 'tests_require'
[5.576s]   warnings.warn(msg)
[5.833s] /usr/lib/python3/dist-packages/setuptools/dist.py:759: SetuptoolsDeprecationWarning: License classifiers are deprecated.
[5.834s] !!
[5.834s] 
[5.835s]         ********************************************************************************
[5.837s]         Please consider removing the following classifiers in favor of a SPDX license expression:
[5.838s] 
[5.840s]         License :: BSD
[5.841s] 
[5.841s]         See https://packaging.python.org/en/latest/guides/writing-pyproject-toml/#license for details.
[5.841s]         ********************************************************************************
[5.842s] 
[5.842s] !!
[5.843s]   self._finalize_license_expression()
[6.294s] running egg_info
[6.398s] writing ../../build/scan_client/scan_client.egg-info/PKG-INFO
[6.401s] writing dependency_links to ../../build/scan_client/scan_client.egg-info/dependency_links.txt
[6.403s] writing entry points to ../../build/scan_client/scan_client.egg-info/entry_points.txt
[6.404s] writing requirements to ../../build/scan_client/scan_client.egg-info/requires.txt
[6.404s] writing top-level names to ../../build/scan_client/scan_client.egg-info/top_level.txt
[6.634s] reading manifest file '../../build/scan_client/scan_client.egg-info/SOURCES.txt'
[6.634s] adding license file 'LICENSE'
[6.638s] writing manifest file '../../build/scan_client/scan_client.egg-info/SOURCES.txt'
[6.638s] running build
[6.639s] running build_py
[6.641s] copying scan_client.py -> /home/ubuntu/LyricalDave/ros2ws/build/scan_client/build/lib
[6.642s] running install
[6.665s] running install_lib
[6.778s] running install_data
[6.780s] copying resource/scan_client -> /home/ubuntu/LyricalDave/ros2ws/install/scan_client/share/ament_index/resource_index/packages
[6.781s] copying package.xml -> /home/ubuntu/LyricalDave/ros2ws/install/scan_client/share/scan_client
[6.783s] running install_egg_info
[6.952s] removing '/home/ubuntu/LyricalDave/ros2ws/install/scan_client/lib/python3.14/site-packages/scan_client-0.1-py3.14.egg-info' (and everything under it)
[6.956s] Copying ../../build/scan_client/scan_client.egg-info to /home/ubuntu/LyricalDave/ros2ws/install/scan_client/lib/python3.14/site-packages/scan_client-0.1-py3.14.egg-info
[6.969s] running install_scripts
[8.027s] Installing scan_client script to /home/ubuntu/LyricalDave/ros2ws/install/scan_client/lib/scan_client
[8.029s] writing list of installed files to '/home/ubuntu/LyricalDave/ros2ws/build/scan_client/install.log'
[8.344s] Invoked command in '/home/ubuntu/LyricalDave/ros2ws/src/scan_client' returned '0': PYTHONPATH=/home/ubuntu/LyricalDave/ros2ws/build/scan_client/prefix_override:/usr/lib/python3/dist-packages/colcon_core/task/python/colcon_distutils_commands:/home/ubuntu/LyricalDave/ros2ws/install/scan_client/lib/python3.14/site-packages:${PYTHONPATH} /usr/bin/python3 -W ignore:setup.py install is deprecated -W ignore:easy_install command is deprecated setup.py egg_info --egg-base ../../build/scan_client build --build-base /home/ubuntu/LyricalDave/ros2ws/build/scan_client/build install --record /home/ubuntu/LyricalDave/ros2ws/build/scan_client/install.log --single-version-externally-managed install_data
