[1.207s] Invoking command in '/home/ubuntu/LyricalDave/ros2ws/build/dave_interfaces': CMAKE_PREFIX_PATH=/opt/ros/lyrical /usr/bin/cmake /home/ubuntu/LyricalDave/ros2ws/src/dave_interfaces -DCMAKE_INSTALL_PREFIX=/home/ubuntu/LyricalDave/ros2ws/install/dave_interfaces
[1.234s] [0mCMake Deprecation Warning at CMakeLists.txt:1 (cmake_minimum_required):
[1.234s]   Compatibility with CMake < 3.10 will be removed from a future version of
[1.235s]   CMake.
[1.235s] 
[1.236s]   Update the VERSION argument <min> value.  Or, use the <min>...<max> syntax
[1.237s]   to tell CMake that the project requires at least <min> but has been updated
[1.237s]   to work with policies introduced by <max> or earlier.
[1.238s] 
[1.239s] [0m
[1.488s] -- The C compiler identification is GNU 15.2.0
[1.823s] -- The CXX compiler identification is GNU 15.2.0
[1.857s] -- Detecting C compiler ABI info
[2.251s] -- Detecting C compiler ABI info - done
[2.315s] -- Check for working C compiler: /usr/bin/cc - skipped
[2.316s] -- Detecting C compile features
[2.318s] -- Detecting C compile features - done
[2.373s] -- Detecting CXX compiler ABI info
[2.919s] -- Detecting CXX compiler ABI info - done
[2.996s] -- Check for working CXX compiler: /usr/bin/c++ - skipped
[3.001s] -- Detecting CXX compile features
[3.007s] -- Detecting CXX compile features - done
[3.071s] -- Found ament_cmake: 2.8.7 (/opt/ros/lyrical/share/ament_cmake/cmake)
[4.532s] -- Found rosidl_default_generators: 1.8.1 (/opt/ros/lyrical/share/rosidl_default_generators/cmake)
[4.555s] -- Using all available rosidl_typesupport_c: rosidl_typesupport_fastrtps_c;rosidl_typesupport_introspection_c
[4.726s] -- Using all available rosidl_typesupport_cpp: rosidl_typesupport_fastrtps_cpp;rosidl_typesupport_introspection_cpp
[4.896s] -- Found rosidl_adapter: 5.2.0 (/opt/ros/lyrical/share/rosidl_adapter/cmake)
[4.914s] -- Found std_msgs: 5.9.2 (/opt/ros/lyrical/share/std_msgs/cmake)
[5.845s] -- Found Python3: /home/ubuntu/.venv/gopigo3/bin/python3 (found version "3.14.4") found components: Interpreter
[11.944s] -- Using all available rosidl_typesupport_c: rosidl_typesupport_fastrtps_c;rosidl_typesupport_introspection_c
[15.511s] -- Using all available rosidl_typesupport_cpp: rosidl_typesupport_fastrtps_cpp;rosidl_typesupport_introspection_cpp
[18.436s] -- Found Python3: /home/ubuntu/.venv/gopigo3/bin/python3 (found version "3.14.4") found components: Interpreter Development NumPy Development.Module Development.Embed
[18.775s] -- Found Python3: /home/ubuntu/.venv/gopigo3/bin/python3 (found version "3.14.4") found components: Interpreter
[18.786s] -- Found ament_lint_auto: 0.20.6 (/opt/ros/lyrical/share/ament_lint_auto/cmake)
[18.897s] -- Added test 'lint_cmake' to check CMake code style
[18.903s] -- Added test 'xmllint' to check XML markup files
[18.930s] -- Configuring done (17.7s)
[19.233s] -- Generating done (0.3s)
[19.373s] -- Build files have been written to: /home/ubuntu/LyricalDave/ros2ws/build/dave_interfaces
[19.422s] Invoked command in '/home/ubuntu/LyricalDave/ros2ws/build/dave_interfaces' returned '0': CMAKE_PREFIX_PATH=/opt/ros/lyrical /usr/bin/cmake /home/ubuntu/LyricalDave/ros2ws/src/dave_interfaces -DCMAKE_INSTALL_PREFIX=/home/ubuntu/LyricalDave/ros2ws/install/dave_interfaces
[19.433s] Invoking command in '/home/ubuntu/LyricalDave/ros2ws/build/dave_interfaces': CMAKE_PREFIX_PATH=/opt/ros/lyrical /usr/bin/cmake --build /home/ubuntu/LyricalDave/ros2ws/build/dave_interfaces -- -j4 -l4
[19.735s] [  1%] [1m[34mGenerating type hashes for ROS interfaces[0m
[21.553s] [  1%] Built target dave_interfaces__rosidl_generator_type_description
[21.675s] [  2%] [1m[34mGenerating Rust code for ROS interfaces[0m
[24.014s] [  2%] Built target dave_interfaces__rs
[24.072s] [  4%] [1m[34mGenerating C code for ROS interfaces[0m
[30.361s] [  5%] [32mBuilding C object CMakeFiles/dave_interfaces__rosidl_generator_c.dir/rosidl_generator_c/dave_interfaces/srv/detail/say__description.c.o[0m
[30.609s] [  6%] [32mBuilding C object CMakeFiles/dave_interfaces__rosidl_generator_c.dir/rosidl_generator_c/dave_interfaces/srv/detail/say__type_support.c.o[0m
[30.852s] [  8%] [32mBuilding C object CMakeFiles/dave_interfaces__rosidl_generator_c.dir/rosidl_generator_c/dave_interfaces/srv/detail/dock__description.c.o[0m
[31.186s] [  9%] [32mBuilding C object CMakeFiles/dave_interfaces__rosidl_generator_c.dir/rosidl_generator_c/dave_interfaces/srv/detail/dock__functions.c.o[0m
[31.633s] [ 10%] [32mBuilding C object CMakeFiles/dave_interfaces__rosidl_generator_c.dir/rosidl_generator_c/dave_interfaces/srv/detail/dock__type_support.c.o[0m
[31.837s] [ 12%] [32mBuilding C object CMakeFiles/dave_interfaces__rosidl_generator_c.dir/rosidl_generator_c/dave_interfaces/srv/detail/undock__description.c.o[0m
[32.161s] [ 13%] [32mBuilding C object CMakeFiles/dave_interfaces__rosidl_generator_c.dir/rosidl_generator_c/dave_interfaces/srv/detail/undock__functions.c.o[0m
[32.564s] [ 14%] [32mBuilding C object CMakeFiles/dave_interfaces__rosidl_generator_c.dir/rosidl_generator_c/dave_interfaces/srv/detail/undock__type_support.c.o[0m
[32.759s] [ 16%] [32mBuilding C object CMakeFiles/dave_interfaces__rosidl_generator_c.dir/rosidl_generator_c/dave_interfaces/msg/detail/battery_state__description.c.o[0m
[32.959s] [ 17%] [32mBuilding C object CMakeFiles/dave_interfaces__rosidl_generator_c.dir/rosidl_generator_c/dave_interfaces/msg/detail/battery_state__functions.c.o[0m
[33.260s] [ 18%] [32mBuilding C object CMakeFiles/dave_interfaces__rosidl_generator_c.dir/rosidl_generator_c/dave_interfaces/msg/detail/battery_state__type_support.c.o[0m
[33.425s] [ 20%] [32mBuilding C object CMakeFiles/dave_interfaces__rosidl_generator_c.dir/rosidl_generator_c/dave_interfaces/msg/detail/dock_status__description.c.o[0m
[33.429s] [ 21%] [32mBuilding C object CMakeFiles/dave_interfaces__rosidl_generator_c.dir/rosidl_generator_c/dave_interfaces/srv/detail/say__functions.c.o[0m
[33.887s] [ 22%] [32mBuilding C object CMakeFiles/dave_interfaces__rosidl_generator_c.dir/rosidl_generator_c/dave_interfaces/msg/detail/dock_status__type_support.c.o[0m
[34.128s] [ 24%] [32mBuilding C object CMakeFiles/dave_interfaces__rosidl_generator_c.dir/rosidl_generator_c/dave_interfaces/msg/detail/dock_status__functions.c.o[0m
[34.608s] [ 25%] [1m[32mLinking C shared library libdave_interfaces__rosidl_generator_c.so[0m
[35.071s] [ 25%] Built target dave_interfaces__rosidl_generator_c
[35.305s] [ 26%] [1m[34mGenerating C++ code for ROS interfaces[0m
[40.522s] [ 26%] Built target dave_interfaces__cpp
[40.569s] [ 28%] [1m[34mGenerating C type support dispatch for ROS interfaces[0m
[43.093s] [ 29%] [32mBuilding CXX object CMakeFiles/dave_interfaces__rosidl_typesupport_c.dir/rosidl_typesupport_c/dave_interfaces/srv/say__type_support.cpp.o[0m
[43.403s] [ 30%] [32mBuilding CXX object CMakeFiles/dave_interfaces__rosidl_typesupport_c.dir/rosidl_typesupport_c/dave_interfaces/srv/dock__type_support.cpp.o[0m
[43.780s] [ 32%] [32mBuilding CXX object CMakeFiles/dave_interfaces__rosidl_typesupport_c.dir/rosidl_typesupport_c/dave_interfaces/srv/undock__type_support.cpp.o[0m
[44.085s] [ 33%] [32mBuilding CXX object CMakeFiles/dave_interfaces__rosidl_typesupport_c.dir/rosidl_typesupport_c/dave_interfaces/msg/battery_state__type_support.cpp.o[0m
[44.460s] [ 34%] [32mBuilding CXX object CMakeFiles/dave_interfaces__rosidl_typesupport_c.dir/rosidl_typesupport_c/dave_interfaces/msg/dock_status__type_support.cpp.o[0m
[44.856s] [ 36%] [1m[32mLinking CXX shared library libdave_interfaces__rosidl_typesupport_c.so[0m
[45.137s] [ 36%] Built target dave_interfaces__rosidl_typesupport_c
[45.290s] [ 37%] [1m[34mGenerating C++ type support for eProsima Fast-RTPS[0m
[48.204s] [ 38%] [1m[34mGenerating C++ introspection for ROS interfaces[0m
[49.915s] [ 40%] [32mBuilding CXX object CMakeFiles/dave_interfaces__rosidl_typesupport_fastrtps_cpp.dir/rosidl_typesupport_fastrtps_cpp/dave_interfaces/srv/detail/dds_fastrtps/say__type_support.cpp.o[0m
[51.674s] [ 41%] [32mBuilding CXX object CMakeFiles/dave_interfaces__rosidl_typesupport_introspection_cpp.dir/rosidl_typesupport_introspection_cpp/dave_interfaces/srv/detail/say__type_support.cpp.o[0m
[54.881s] [ 42%] [32mBuilding CXX object CMakeFiles/dave_interfaces__rosidl_typesupport_fastrtps_cpp.dir/rosidl_typesupport_fastrtps_cpp/dave_interfaces/srv/detail/dds_fastrtps/dock__type_support.cpp.o[0m
[55.907s] [ 44%] [32mBuilding CXX object CMakeFiles/dave_interfaces__rosidl_typesupport_introspection_cpp.dir/rosidl_typesupport_introspection_cpp/dave_interfaces/srv/detail/dock__type_support.cpp.o[0m
[59.512s] [ 45%] [32mBuilding CXX object CMakeFiles/dave_interfaces__rosidl_typesupport_introspection_cpp.dir/rosidl_typesupport_introspection_cpp/dave_interfaces/srv/detail/undock__type_support.cpp.o[0m
[59.972s] [ 46%] [32mBuilding CXX object CMakeFiles/dave_interfaces__rosidl_typesupport_fastrtps_cpp.dir/rosidl_typesupport_fastrtps_cpp/dave_interfaces/srv/detail/dds_fastrtps/undock__type_support.cpp.o[0m
[62.873s] [ 48%] [32mBuilding CXX object CMakeFiles/dave_interfaces__rosidl_typesupport_introspection_cpp.dir/rosidl_typesupport_introspection_cpp/dave_interfaces/msg/detail/battery_state__type_support.cpp.o[0m
[64.658s] [ 49%] [32mBuilding CXX object CMakeFiles/dave_interfaces__rosidl_typesupport_fastrtps_cpp.dir/rosidl_typesupport_fastrtps_cpp/dave_interfaces/msg/detail/dds_fastrtps/battery_state__type_support.cpp.o[0m
[66.004s] [ 50%] [32mBuilding CXX object CMakeFiles/dave_interfaces__rosidl_typesupport_introspection_cpp.dir/rosidl_typesupport_introspection_cpp/dave_interfaces/msg/detail/dock_status__type_support.cpp.o[0m
[68.541s] [ 52%] [32mBuilding CXX object CMakeFiles/dave_interfaces__rosidl_typesupport_fastrtps_cpp.dir/rosidl_typesupport_fastrtps_cpp/dave_interfaces/msg/detail/dds_fastrtps/dock_status__type_support.cpp.o[0m
[68.699s] [ 53%] [1m[34mGenerating C introspection for ROS interfaces[0m
[69.245s] [ 54%] [1m[32mLinking CXX shared library libdave_interfaces__rosidl_typesupport_introspection_cpp.so[0m
[69.637s] [ 54%] Built target dave_interfaces__rosidl_typesupport_introspection_cpp
[71.959s] [ 56%] [32mBuilding C object CMakeFiles/dave_interfaces__rosidl_typesupport_introspection_c.dir/rosidl_typesupport_introspection_c/dave_interfaces/srv/detail/say__type_support.c.o[0m
[72.122s] [ 57%] [1m[32mLinking CXX shared library libdave_interfaces__rosidl_typesupport_fastrtps_cpp.so[0m
[72.173s] [ 58%] [32mBuilding C object CMakeFiles/dave_interfaces__rosidl_typesupport_introspection_c.dir/rosidl_typesupport_introspection_c/dave_interfaces/srv/detail/dock__type_support.c.o[0m
[72.416s] [ 60%] [32mBuilding C object CMakeFiles/dave_interfaces__rosidl_typesupport_introspection_c.dir/rosidl_typesupport_introspection_c/dave_interfaces/srv/detail/undock__type_support.c.o[0m
[72.467s] [ 60%] Built target dave_interfaces__rosidl_typesupport_fastrtps_cpp
[72.505s] [ 61%] [1m[34mGenerating C++ type support dispatch for ROS interfaces[0m
[72.510s] [ 62%] [1m[34mGenerating C type support for eProsima Fast-RTPS[0m
[72.660s] [ 64%] [32mBuilding C object CMakeFiles/dave_interfaces__rosidl_typesupport_introspection_c.dir/rosidl_typesupport_introspection_c/dave_interfaces/msg/detail/battery_state__type_support.c.o[0m
[72.851s] [ 65%] [32mBuilding C object CMakeFiles/dave_interfaces__rosidl_typesupport_introspection_c.dir/rosidl_typesupport_introspection_c/dave_interfaces/msg/detail/dock_status__type_support.c.o[0m
[73.043s] [ 66%] [1m[32mLinking C shared library libdave_interfaces__rosidl_typesupport_introspection_c.so[0m
[73.187s] [ 66%] Built target dave_interfaces__rosidl_typesupport_introspection_c
[74.882s] [ 68%] [32mBuilding CXX object CMakeFiles/dave_interfaces__rosidl_typesupport_cpp.dir/rosidl_typesupport_cpp/dave_interfaces/srv/say__type_support.cpp.o[0m
[77.415s] [ 69%] [32mBuilding CXX object CMakeFiles/dave_interfaces__rosidl_typesupport_fastrtps_c.dir/rosidl_typesupport_fastrtps_c/dave_interfaces/srv/detail/say__type_support_c.cpp.o[0m
[78.894s] [ 70%] [32mBuilding CXX object CMakeFiles/dave_interfaces__rosidl_typesupport_cpp.dir/rosidl_typesupport_cpp/dave_interfaces/srv/undock__type_support.cpp.o[0m
[78.895s] [ 72%] [32mBuilding CXX object CMakeFiles/dave_interfaces__rosidl_typesupport_fastrtps_c.dir/rosidl_typesupport_fastrtps_c/dave_interfaces/srv/detail/dock__type_support_c.cpp.o[0m
[81.944s] [ 73%] [32mBuilding CXX object CMakeFiles/dave_interfaces__rosidl_typesupport_cpp.dir/rosidl_typesupport_cpp/dave_interfaces/srv/dock__type_support.cpp.o[0m
[82.567s] [ 74%] [32mBuilding CXX object CMakeFiles/dave_interfaces__rosidl_typesupport_fastrtps_c.dir/rosidl_typesupport_fastrtps_c/dave_interfaces/msg/detail/battery_state__type_support_c.cpp.o[0m
[82.571s] [ 76%] [32mBuilding CXX object CMakeFiles/dave_interfaces__rosidl_typesupport_fastrtps_c.dir/rosidl_typesupport_fastrtps_c/dave_interfaces/srv/detail/undock__type_support_c.cpp.o[0m
[85.335s] [ 77%] [32mBuilding CXX object CMakeFiles/dave_interfaces__rosidl_typesupport_cpp.dir/rosidl_typesupport_cpp/dave_interfaces/msg/battery_state__type_support.cpp.o[0m
[86.194s] [ 78%] [32mBuilding CXX object CMakeFiles/dave_interfaces__rosidl_typesupport_fastrtps_c.dir/rosidl_typesupport_fastrtps_c/dave_interfaces/msg/detail/dock_status__type_support_c.cpp.o[0m
[88.152s] [ 80%] [32mBuilding CXX object CMakeFiles/dave_interfaces__rosidl_typesupport_cpp.dir/rosidl_typesupport_cpp/dave_interfaces/msg/dock_status__type_support.cpp.o[0m
[89.461s] [ 81%] [1m[32mLinking CXX shared library libdave_interfaces__rosidl_typesupport_fastrtps_c.so[0m
[89.807s] [ 81%] Built target dave_interfaces__rosidl_typesupport_fastrtps_c
[90.467s] [ 82%] [1m[32mLinking CXX shared library libdave_interfaces__rosidl_typesupport_cpp.so[0m
[90.726s] [ 82%] Built target dave_interfaces__rosidl_typesupport_cpp
[90.794s] [ 82%] Built target dave_interfaces
[90.859s] [ 84%] [1m[34mGenerating Python code for ROS interfaces[0m
[95.708s] [ 84%] Built target dave_interfaces__py
[95.780s] [ 85%] [32mBuilding C object CMakeFiles/dave_interfaces__rosidl_generator_py.dir/rosidl_generator_py/dave_interfaces/srv/_say_s.c.o[0m
[95.782s] [ 86%] [32mBuilding C object CMakeFiles/dave_interfaces__rosidl_generator_py.dir/rosidl_generator_py/dave_interfaces/srv/_dock_s.c.o[0m
[95.824s] [ 86%] Built target ament_cmake_python_sync_dave_interfaces
[96.496s] [ 88%] [32mBuilding C object CMakeFiles/dave_interfaces__rosidl_generator_py.dir/rosidl_generator_py/dave_interfaces/msg/_battery_state_s.c.o[0m
[96.497s] [ 89%] [32mBuilding C object CMakeFiles/dave_interfaces__rosidl_generator_py.dir/rosidl_generator_py/dave_interfaces/srv/_undock_s.c.o[0m
[96.522s] [ 90%] [32mBuilding C object CMakeFiles/dave_interfaces__rosidl_generator_py.dir/rosidl_generator_py/dave_interfaces/msg/_dock_status_s.c.o[0m
[97.252s] [ 92%] [1m[32mLinking C shared library libdave_interfaces__rosidl_generator_py.so[0m
[97.366s] running egg_info
[97.442s] [ 92%] Built target dave_interfaces__rosidl_generator_py
[97.492s] creating dave_interfaces.egg-info
[97.493s] writing dave_interfaces.egg-info/PKG-INFO
[97.494s] writing dependency_links to dave_interfaces.egg-info/dependency_links.txt
[97.496s] writing top-level names to dave_interfaces.egg-info/top_level.txt
[97.497s] writing manifest file 'dave_interfaces.egg-info/SOURCES.txt'
[97.518s] [ 93%] [32mBuilding C object CMakeFiles/dave_interfaces_s__rosidl_typesupport_fastrtps_c.dir/rosidl_generator_py/dave_interfaces/_dave_interfaces_s.ep.rosidl_typesupport_fastrtps_c.c.o[0m
[97.526s] [ 94%] [32mBuilding C object CMakeFiles/dave_interfaces_s__rosidl_typesupport_introspection_c.dir/rosidl_generator_py/dave_interfaces/_dave_interfaces_s.ep.rosidl_typesupport_introspection_c.c.o[0m
[98.039s] reading manifest file 'dave_interfaces.egg-info/SOURCES.txt'
[98.043s] writing manifest file 'dave_interfaces.egg-info/SOURCES.txt'
[98.271s] [ 96%] [1m[32mLinking C shared module rosidl_generator_py/dave_interfaces/dave_interfaces_s__rosidl_typesupport_fastrtps_c.so[0m
[98.285s] [ 96%] Built target ament_cmake_python_build_dave_interfaces_egg
[98.293s] [ 97%] [1m[32mLinking C shared module rosidl_generator_py/dave_interfaces/dave_interfaces_s__rosidl_typesupport_introspection_c.so[0m
[98.378s] [ 98%] [32mBuilding C object CMakeFiles/dave_interfaces_s__rosidl_typesupport_c.dir/rosidl_generator_py/dave_interfaces/_dave_interfaces_s.ep.rosidl_typesupport_c.c.o[0m
[98.417s] [ 98%] Built target dave_interfaces_s__rosidl_typesupport_fastrtps_c
[98.426s] [ 98%] Built target dave_interfaces_s__rosidl_typesupport_introspection_c
[98.872s] [100%] [1m[32mLinking C shared module rosidl_generator_py/dave_interfaces/dave_interfaces_s__rosidl_typesupport_c.so[0m
[98.969s] [100%] Built target dave_interfaces_s__rosidl_typesupport_c
[99.007s] Invoked command in '/home/ubuntu/LyricalDave/ros2ws/build/dave_interfaces' returned '0': CMAKE_PREFIX_PATH=/opt/ros/lyrical /usr/bin/cmake --build /home/ubuntu/LyricalDave/ros2ws/build/dave_interfaces -- -j4 -l4
[99.011s] Invoking command in '/home/ubuntu/LyricalDave/ros2ws/build/dave_interfaces': CMAKE_PREFIX_PATH=/opt/ros/lyrical /usr/bin/cmake --install /home/ubuntu/LyricalDave/ros2ws/build/dave_interfaces
[99.037s] -- Install configuration: ""
[99.038s] -- Installing: /home/ubuntu/LyricalDave/ros2ws/install/dave_interfaces/share/ament_index/resource_index/rosidl_interfaces/dave_interfaces
[99.039s] -- Installing: /home/ubuntu/LyricalDave/ros2ws/install/dave_interfaces/share/dave_interfaces/srv/Say.json
[99.039s] -- Installing: /home/ubuntu/LyricalDave/ros2ws/install/dave_interfaces/share/dave_interfaces/srv/Dock.json
[99.040s] -- Installing: /home/ubuntu/LyricalDave/ros2ws/install/dave_interfaces/share/dave_interfaces/srv/Undock.json
[99.041s] -- Installing: /home/ubuntu/LyricalDave/ros2ws/install/dave_interfaces/share/dave_interfaces/msg/BatteryState.json
[99.041s] -- Installing: /home/ubuntu/LyricalDave/ros2ws/install/dave_interfaces/share/dave_interfaces/msg/DockStatus.json
[99.042s] -- Installing: /home/ubuntu/LyricalDave/ros2ws/install/dave_interfaces/include/dave_interfaces/dave_interfaces
[99.042s] -- Installing: /home/ubuntu/LyricalDave/ros2ws/install/dave_interfaces/include/dave_interfaces/dave_interfaces/srv
[99.042s] -- Installing: /home/ubuntu/LyricalDave/ros2ws/install/dave_interfaces/include/dave_interfaces/dave_interfaces/srv/dock.h
[99.043s] -- Installing: /home/ubuntu/LyricalDave/ros2ws/install/dave_interfaces/include/dave_interfaces/dave_interfaces/srv/say.h
[99.043s] -- Installing: /home/ubuntu/LyricalDave/ros2ws/install/dave_interfaces/include/dave_interfaces/dave_interfaces/srv/detail
[99.044s] -- Installing: /home/ubuntu/LyricalDave/ros2ws/install/dave_interfaces/include/dave_interfaces/dave_interfaces/srv/detail/say__functions.h
[99.044s] -- Installing: /home/ubuntu/LyricalDave/ros2ws/install/dave_interfaces/include/dave_interfaces/dave_interfaces/srv/detail/undock__description.c
[99.044s] -- Installing: /home/ubuntu/LyricalDave/ros2ws/install/dave_interfaces/include/dave_interfaces/dave_interfaces/srv/detail/undock__functions.c
[99.045s] -- Installing: /home/ubuntu/LyricalDave/ros2ws/install/dave_interfaces/include/dave_interfaces/dave_interfaces/srv/detail/say__description.c
[99.045s] -- Installing: /home/ubuntu/LyricalDave/ros2ws/install/dave_interfaces/include/dave_interfaces/dave_interfaces/srv/detail/dock__functions.h
[99.046s] -- Installing: /home/ubuntu/LyricalDave/ros2ws/install/dave_interfaces/include/dave_interfaces/dave_interfaces/srv/detail/say__struct.h
[99.046s] -- Installing: /home/ubuntu/LyricalDave/ros2ws/install/dave_interfaces/include/dave_interfaces/dave_interfaces/srv/detail/dock__functions.c
[99.047s] -- Installing: /home/ubuntu/LyricalDave/ros2ws/install/dave_interfaces/include/dave_interfaces/dave_interfaces/srv/detail/undock__functions.h
[99.047s] -- Installing: /home/ubuntu/LyricalDave/ros2ws/install/dave_interfaces/include/dave_interfaces/dave_interfaces/srv/detail/undock__struct.h
[99.048s] -- Installing: /home/ubuntu/LyricalDave/ros2ws/install/dave_interfaces/include/dave_interfaces/dave_interfaces/srv/detail/undock__type_support.h
[99.048s] -- Installing: /home/ubuntu/LyricalDave/ros2ws/install/dave_interfaces/include/dave_interfaces/dave_interfaces/srv/detail/dock__struct.h
[99.048s] -- Installing: /home/ubuntu/LyricalDave/ros2ws/install/dave_interfaces/include/dave_interfaces/dave_interfaces/srv/detail/dock__type_support.h
[99.049s] -- Installing: /home/ubuntu/LyricalDave/ros2ws/install/dave_interfaces/include/dave_interfaces/dave_interfaces/srv/detail/say__type_support.h
[99.049s] -- Installing: /home/ubuntu/LyricalDave/ros2ws/install/dave_interfaces/include/dave_interfaces/dave_interfaces/srv/detail/dock__type_support.c
[99.050s] -- Installing: /home/ubuntu/LyricalDave/ros2ws/install/dave_interfaces/include/dave_interfaces/dave_interfaces/srv/detail/dock__description.c
[99.050s] -- Installing: /home/ubuntu/LyricalDave/ros2ws/install/dave_interfaces/include/dave_interfaces/dave_interfaces/srv/detail/undock__type_support.c
[99.050s] -- Installing: /home/ubuntu/LyricalDave/ros2ws/install/dave_interfaces/include/dave_interfaces/dave_interfaces/srv/detail/say__type_support.c
[99.051s] -- Installing: /home/ubuntu/LyricalDave/ros2ws/install/dave_interfaces/include/dave_interfaces/dave_interfaces/srv/detail/say__functions.c
[99.051s] -- Installing: /home/ubuntu/LyricalDave/ros2ws/install/dave_interfaces/include/dave_interfaces/dave_interfaces/srv/undock.h
[99.052s] -- Installing: /home/ubuntu/LyricalDave/ros2ws/install/dave_interfaces/include/dave_interfaces/dave_interfaces/msg
[99.052s] -- Installing: /home/ubuntu/LyricalDave/ros2ws/install/dave_interfaces/include/dave_interfaces/dave_interfaces/msg/battery_state.h
[99.052s] -- Installing: /home/ubuntu/LyricalDave/ros2ws/install/dave_interfaces/include/dave_interfaces/dave_interfaces/msg/detail
[99.053s] -- Installing: /home/ubuntu/LyricalDave/ros2ws/install/dave_interfaces/include/dave_interfaces/dave_interfaces/msg/detail/battery_state__type_support.c
[99.053s] -- Installing: /home/ubuntu/LyricalDave/ros2ws/install/dave_interfaces/include/dave_interfaces/dave_interfaces/msg/detail/battery_state__functions.c
[99.054s] -- Installing: /home/ubuntu/LyricalDave/ros2ws/install/dave_interfaces/include/dave_interfaces/dave_interfaces/msg/detail/dock_status__description.c
[99.054s] -- Installing: /home/ubuntu/LyricalDave/ros2ws/install/dave_interfaces/include/dave_interfaces/dave_interfaces/msg/detail/battery_state__functions.h
[99.054s] -- Installing: /home/ubuntu/LyricalDave/ros2ws/install/dave_interfaces/include/dave_interfaces/dave_interfaces/msg/detail/dock_status__functions.h
[99.055s] -- Installing: /home/ubuntu/LyricalDave/ros2ws/install/dave_interfaces/include/dave_interfaces/dave_interfaces/msg/detail/dock_status__type_support.c
[99.055s] -- Installing: /home/ubuntu/LyricalDave/ros2ws/install/dave_interfaces/include/dave_interfaces/dave_interfaces/msg/detail/battery_state__type_support.h
[99.056s] -- Installing: /home/ubuntu/LyricalDave/ros2ws/install/dave_interfaces/include/dave_interfaces/dave_interfaces/msg/detail/battery_state__description.c
[99.056s] -- Installing: /home/ubuntu/LyricalDave/ros2ws/install/dave_interfaces/include/dave_interfaces/dave_interfaces/msg/detail/dock_status__type_support.h
[99.057s] -- Installing: /home/ubuntu/LyricalDave/ros2ws/install/dave_interfaces/include/dave_interfaces/dave_interfaces/msg/detail/dock_status__struct.h
[99.057s] -- Installing: /home/ubuntu/LyricalDave/ros2ws/install/dave_interfaces/include/dave_interfaces/dave_interfaces/msg/detail/dock_status__functions.c
[99.057s] -- Installing: /home/ubuntu/LyricalDave/ros2ws/install/dave_interfaces/include/dave_interfaces/dave_interfaces/msg/detail/battery_state__struct.h
[99.058s] -- Installing: /home/ubuntu/LyricalDave/ros2ws/install/dave_interfaces/include/dave_interfaces/dave_interfaces/msg/dock_status.h
[99.058s] -- Installing: /home/ubuntu/LyricalDave/ros2ws/install/dave_interfaces/include/dave_interfaces/dave_interfaces/msg/rosidl_generator_c__visibility_control.h
[99.059s] -- Installing: /home/ubuntu/LyricalDave/ros2ws/install/dave_interfaces/share/dave_interfaces/environment/library_path.sh
[99.059s] -- Installing: /home/ubuntu/LyricalDave/ros2ws/install/dave_interfaces/share/dave_interfaces/environment/library_path.dsv
[99.060s] -- Installing: /home/ubuntu/LyricalDave/ros2ws/install/dave_interfaces/lib/libdave_interfaces__rosidl_generator_c.so
[99.062s] -- Set non-toolchain portion of runtime path of "/home/ubuntu/LyricalDave/ros2ws/install/dave_interfaces/lib/libdave_interfaces__rosidl_generator_c.so" to ""
[99.063s] -- Up-to-date: /home/ubuntu/LyricalDave/ros2ws/install/dave_interfaces/include/dave_interfaces/dave_interfaces
[99.063s] -- Up-to-date: /home/ubuntu/LyricalDave/ros2ws/install/dave_interfaces/include/dave_interfaces/dave_interfaces/srv
[99.063s] -- Up-to-date: /home/ubuntu/LyricalDave/ros2ws/install/dave_interfaces/include/dave_interfaces/dave_interfaces/srv/detail
[99.064s] -- Installing: /home/ubuntu/LyricalDave/ros2ws/install/dave_interfaces/include/dave_interfaces/dave_interfaces/srv/detail/undock__rosidl_typesupport_fastrtps_c.h
[99.064s] -- Installing: /home/ubuntu/LyricalDave/ros2ws/install/dave_interfaces/include/dave_interfaces/dave_interfaces/srv/detail/say__rosidl_typesupport_fastrtps_c.h
[99.064s] -- Installing: /home/ubuntu/LyricalDave/ros2ws/install/dave_interfaces/include/dave_interfaces/dave_interfaces/srv/detail/dock__rosidl_typesupport_fastrtps_c.h
[99.065s] -- Up-to-date: /home/ubuntu/LyricalDave/ros2ws/install/dave_interfaces/include/dave_interfaces/dave_interfaces/msg
[99.065s] -- Installing: /home/ubuntu/LyricalDave/ros2ws/install/dave_interfaces/include/dave_interfaces/dave_interfaces/msg/rosidl_typesupport_fastrtps_c__visibility_control.h
[99.065s] -- Up-to-date: /home/ubuntu/LyricalDave/ros2ws/install/dave_interfaces/include/dave_interfaces/dave_interfaces/msg/detail
[99.066s] -- Installing: /home/ubuntu/LyricalDave/ros2ws/install/dave_interfaces/include/dave_interfaces/dave_interfaces/msg/detail/battery_state__rosidl_typesupport_fastrtps_c.h
[99.066s] -- Installing: /home/ubuntu/LyricalDave/ros2ws/install/dave_interfaces/include/dave_interfaces/dave_interfaces/msg/detail/dock_status__rosidl_typesupport_fastrtps_c.h
[99.066s] -- Installing: /home/ubuntu/LyricalDave/ros2ws/install/dave_interfaces/lib/libdave_interfaces__rosidl_typesupport_fastrtps_c.so
[99.068s] -- Set non-toolchain portion of runtime path of "/home/ubuntu/LyricalDave/ros2ws/install/dave_interfaces/lib/libdave_interfaces__rosidl_typesupport_fastrtps_c.so" to ""
[99.068s] -- Up-to-date: /home/ubuntu/LyricalDave/ros2ws/install/dave_interfaces/include/dave_interfaces/dave_interfaces
[99.069s] -- Up-to-date: /home/ubuntu/LyricalDave/ros2ws/install/dave_interfaces/include/dave_interfaces/dave_interfaces/srv
[99.069s] -- Up-to-date: /home/ubuntu/LyricalDave/ros2ws/install/dave_interfaces/include/dave_interfaces/dave_interfaces/srv/detail
[99.069s] -- Installing: /home/ubuntu/LyricalDave/ros2ws/install/dave_interfaces/include/dave_interfaces/dave_interfaces/srv/detail/undock__rosidl_typesupport_introspection_c.h
[99.070s] -- Installing: /home/ubuntu/LyricalDave/ros2ws/install/dave_interfaces/include/dave_interfaces/dave_interfaces/srv/detail/dock__rosidl_typesupport_introspection_c.h
[99.070s] -- Installing: /home/ubuntu/LyricalDave/ros2ws/install/dave_interfaces/include/dave_interfaces/dave_interfaces/srv/detail/dock__type_support.c
[99.070s] -- Installing: /home/ubuntu/LyricalDave/ros2ws/install/dave_interfaces/include/dave_interfaces/dave_interfaces/srv/detail/undock__type_support.c
[99.071s] -- Installing: /home/ubuntu/LyricalDave/ros2ws/install/dave_interfaces/include/dave_interfaces/dave_interfaces/srv/detail/say__rosidl_typesupport_introspection_c.h
[99.071s] -- Installing: /home/ubuntu/LyricalDave/ros2ws/install/dave_interfaces/include/dave_interfaces/dave_interfaces/srv/detail/say__type_support.c
[99.071s] -- Up-to-date: /home/ubuntu/LyricalDave/ros2ws/install/dave_interfaces/include/dave_interfaces/dave_interfaces/msg
[99.072s] -- Up-to-date: /home/ubuntu/LyricalDave/ros2ws/install/dave_interfaces/include/dave_interfaces/dave_interfaces/msg/detail
[99.072s] -- Installing: /home/ubuntu/LyricalDave/ros2ws/install/dave_interfaces/include/dave_interfaces/dave_interfaces/msg/detail/battery_state__type_support.c
[99.073s] -- Installing: /home/ubuntu/LyricalDave/ros2ws/install/dave_interfaces/include/dave_interfaces/dave_interfaces/msg/detail/battery_state__rosidl_typesupport_introspection_c.h
[99.073s] -- Installing: /home/ubuntu/LyricalDave/ros2ws/install/dave_interfaces/include/dave_interfaces/dave_interfaces/msg/detail/dock_status__rosidl_typesupport_introspection_c.h
[99.073s] -- Installing: /home/ubuntu/LyricalDave/ros2ws/install/dave_interfaces/include/dave_interfaces/dave_interfaces/msg/detail/dock_status__type_support.c
[99.074s] -- Installing: /home/ubuntu/LyricalDave/ros2ws/install/dave_interfaces/include/dave_interfaces/dave_interfaces/msg/rosidl_typesupport_introspection_c__visibility_control.h
[99.074s] -- Installing: /home/ubuntu/LyricalDave/ros2ws/install/dave_interfaces/lib/libdave_interfaces__rosidl_typesupport_introspection_c.so
[99.075s] -- Set non-toolchain portion of runtime path of "/home/ubuntu/LyricalDave/ros2ws/install/dave_interfaces/lib/libdave_interfaces__rosidl_typesupport_introspection_c.so" to ""
[99.076s] -- Installing: /home/ubuntu/LyricalDave/ros2ws/install/dave_interfaces/lib/libdave_interfaces__rosidl_typesupport_c.so
[99.077s] -- Set non-toolchain portion of runtime path of "/home/ubuntu/LyricalDave/ros2ws/install/dave_interfaces/lib/libdave_interfaces__rosidl_typesupport_c.so" to ""
[99.078s] -- Up-to-date: /home/ubuntu/LyricalDave/ros2ws/install/dave_interfaces/include/dave_interfaces/dave_interfaces
[99.078s] -- Up-to-date: /home/ubuntu/LyricalDave/ros2ws/install/dave_interfaces/include/dave_interfaces/dave_interfaces/srv
[99.078s] -- Installing: /home/ubuntu/LyricalDave/ros2ws/install/dave_interfaces/include/dave_interfaces/dave_interfaces/srv/undock.hpp
[99.079s] -- Installing: /home/ubuntu/LyricalDave/ros2ws/install/dave_interfaces/include/dave_interfaces/dave_interfaces/srv/say.hpp
[99.079s] -- Up-to-date: /home/ubuntu/LyricalDave/ros2ws/install/dave_interfaces/include/dave_interfaces/dave_interfaces/srv/detail
[99.079s] -- Installing: /home/ubuntu/LyricalDave/ros2ws/install/dave_interfaces/include/dave_interfaces/dave_interfaces/srv/detail/dock__type_support.hpp
[99.080s] -- Installing: /home/ubuntu/LyricalDave/ros2ws/install/dave_interfaces/include/dave_interfaces/dave_interfaces/srv/detail/say__traits.hpp
[99.080s] -- Installing: /home/ubuntu/LyricalDave/ros2ws/install/dave_interfaces/include/dave_interfaces/dave_interfaces/srv/detail/undock__builder.hpp
[99.080s] -- Installing: /home/ubuntu/LyricalDave/ros2ws/install/dave_interfaces/include/dave_interfaces/dave_interfaces/srv/detail/say__type_support.hpp
[99.081s] -- Installing: /home/ubuntu/LyricalDave/ros2ws/install/dave_interfaces/include/dave_interfaces/dave_interfaces/srv/detail/undock__struct.hpp
[99.081s] -- Installing: /home/ubuntu/LyricalDave/ros2ws/install/dave_interfaces/include/dave_interfaces/dave_interfaces/srv/detail/dock__builder.hpp
[99.081s] -- Installing: /home/ubuntu/LyricalDave/ros2ws/install/dave_interfaces/include/dave_interfaces/dave_interfaces/srv/detail/undock__type_support.hpp
[99.082s] -- Installing: /home/ubuntu/LyricalDave/ros2ws/install/dave_interfaces/include/dave_interfaces/dave_interfaces/srv/detail/undock__traits.hpp
[99.082s] -- Installing: /home/ubuntu/LyricalDave/ros2ws/install/dave_interfaces/include/dave_interfaces/dave_interfaces/srv/detail/say__builder.hpp
[99.082s] -- Installing: /home/ubuntu/LyricalDave/ros2ws/install/dave_interfaces/include/dave_interfaces/dave_interfaces/srv/detail/dock__traits.hpp
[99.083s] -- Installing: /home/ubuntu/LyricalDave/ros2ws/install/dave_interfaces/include/dave_interfaces/dave_interfaces/srv/detail/dock__struct.hpp
[99.083s] -- Installing: /home/ubuntu/LyricalDave/ros2ws/install/dave_interfaces/include/dave_interfaces/dave_interfaces/srv/detail/say__struct.hpp
[99.084s] -- Installing: /home/ubuntu/LyricalDave/ros2ws/install/dave_interfaces/include/dave_interfaces/dave_interfaces/srv/dock.hpp
[99.084s] -- Up-to-date: /home/ubuntu/LyricalDave/ros2ws/install/dave_interfaces/include/dave_interfaces/dave_interfaces/msg
[99.084s] -- Installing: /home/ubuntu/LyricalDave/ros2ws/install/dave_interfaces/include/dave_interfaces/dave_interfaces/msg/dock_status.hpp
[99.085s] -- Up-to-date: /home/ubuntu/LyricalDave/ros2ws/install/dave_interfaces/include/dave_interfaces/dave_interfaces/msg/detail
[99.085s] -- Installing: /home/ubuntu/LyricalDave/ros2ws/install/dave_interfaces/include/dave_interfaces/dave_interfaces/msg/detail/dock_status__builder.hpp
[99.085s] -- Installing: /home/ubuntu/LyricalDave/ros2ws/install/dave_interfaces/include/dave_interfaces/dave_interfaces/msg/detail/dock_status__traits.hpp
[99.086s] -- Installing: /home/ubuntu/LyricalDave/ros2ws/install/dave_interfaces/include/dave_interfaces/dave_interfaces/msg/detail/battery_state__type_support.hpp
[99.086s] -- Installing: /home/ubuntu/LyricalDave/ros2ws/install/dave_interfaces/include/dave_interfaces/dave_interfaces/msg/detail/dock_status__type_support.hpp
[99.086s] -- Installing: /home/ubuntu/LyricalDave/ros2ws/install/dave_interfaces/include/dave_interfaces/dave_interfaces/msg/detail/battery_state__traits.hpp
[99.087s] -- Installing: /home/ubuntu/LyricalDave/ros2ws/install/dave_interfaces/include/dave_interfaces/dave_interfaces/msg/detail/battery_state__builder.hpp
[99.087s] -- Installing: /home/ubuntu/LyricalDave/ros2ws/install/dave_interfaces/include/dave_interfaces/dave_interfaces/msg/detail/dock_status__struct.hpp
[99.088s] -- Installing: /home/ubuntu/LyricalDave/ros2ws/install/dave_interfaces/include/dave_interfaces/dave_interfaces/msg/detail/battery_state__struct.hpp
[99.088s] -- Installing: /home/ubuntu/LyricalDave/ros2ws/install/dave_interfaces/include/dave_interfaces/dave_interfaces/msg/rosidl_generator_cpp__visibility_control.hpp
[99.088s] -- Installing: /home/ubuntu/LyricalDave/ros2ws/install/dave_interfaces/include/dave_interfaces/dave_interfaces/msg/battery_state.hpp
[99.089s] -- Up-to-date: /home/ubuntu/LyricalDave/ros2ws/install/dave_interfaces/include/dave_interfaces/dave_interfaces
[99.089s] -- Up-to-date: /home/ubuntu/LyricalDave/ros2ws/install/dave_interfaces/include/dave_interfaces/dave_interfaces/srv
[99.090s] -- Up-to-date: /home/ubuntu/LyricalDave/ros2ws/install/dave_interfaces/include/dave_interfaces/dave_interfaces/srv/detail
[99.090s] -- Installing: /home/ubuntu/LyricalDave/ros2ws/install/dave_interfaces/include/dave_interfaces/dave_interfaces/srv/detail/undock__rosidl_typesupport_fastrtps_cpp.hpp
[99.090s] -- Installing: /home/ubuntu/LyricalDave/ros2ws/install/dave_interfaces/include/dave_interfaces/dave_interfaces/srv/detail/dds_fastrtps
[99.091s] -- Installing: /home/ubuntu/LyricalDave/ros2ws/install/dave_interfaces/include/dave_interfaces/dave_interfaces/srv/detail/dock__rosidl_typesupport_fastrtps_cpp.hpp
[99.091s] -- Installing: /home/ubuntu/LyricalDave/ros2ws/install/dave_interfaces/include/dave_interfaces/dave_interfaces/srv/detail/say__rosidl_typesupport_fastrtps_cpp.hpp
[99.091s] -- Up-to-date: /home/ubuntu/LyricalDave/ros2ws/install/dave_interfaces/include/dave_interfaces/dave_interfaces/msg
[99.092s] -- Installing: /home/ubuntu/LyricalDave/ros2ws/install/dave_interfaces/include/dave_interfaces/dave_interfaces/msg/rosidl_typesupport_fastrtps_cpp__visibility_control.h
[99.092s] -- Up-to-date: /home/ubuntu/LyricalDave/ros2ws/install/dave_interfaces/include/dave_interfaces/dave_interfaces/msg/detail
[99.092s] -- Installing: /home/ubuntu/LyricalDave/ros2ws/install/dave_interfaces/include/dave_interfaces/dave_interfaces/msg/detail/dds_fastrtps
[99.093s] -- Installing: /home/ubuntu/LyricalDave/ros2ws/install/dave_interfaces/include/dave_interfaces/dave_interfaces/msg/detail/battery_state__rosidl_typesupport_fastrtps_cpp.hpp
[99.093s] -- Installing: /home/ubuntu/LyricalDave/ros2ws/install/dave_interfaces/include/dave_interfaces/dave_interfaces/msg/detail/dock_status__rosidl_typesupport_fastrtps_cpp.hpp
[99.093s] -- Installing: /home/ubuntu/LyricalDave/ros2ws/install/dave_interfaces/lib/libdave_interfaces__rosidl_typesupport_fastrtps_cpp.so
[99.096s] -- Set non-toolchain portion of runtime path of "/home/ubuntu/LyricalDave/ros2ws/install/dave_interfaces/lib/libdave_interfaces__rosidl_typesupport_fastrtps_cpp.so" to ""
[99.096s] -- Up-to-date: /home/ubuntu/LyricalDave/ros2ws/install/dave_interfaces/include/dave_interfaces/dave_interfaces
[99.097s] -- Up-to-date: /home/ubuntu/LyricalDave/ros2ws/install/dave_interfaces/include/dave_interfaces/dave_interfaces/srv
[99.097s] -- Up-to-date: /home/ubuntu/LyricalDave/ros2ws/install/dave_interfaces/include/dave_interfaces/dave_interfaces/srv/detail
[99.097s] -- Installing: /home/ubuntu/LyricalDave/ros2ws/install/dave_interfaces/include/dave_interfaces/dave_interfaces/srv/detail/dock__type_support.cpp
[99.098s] -- Installing: /home/ubuntu/LyricalDave/ros2ws/install/dave_interfaces/include/dave_interfaces/dave_interfaces/srv/detail/undock__type_support.cpp
[99.098s] -- Installing: /home/ubuntu/LyricalDave/ros2ws/install/dave_interfaces/include/dave_interfaces/dave_interfaces/srv/detail/undock__rosidl_typesupport_introspection_cpp.hpp
[99.098s] -- Installing: /home/ubuntu/LyricalDave/ros2ws/install/dave_interfaces/include/dave_interfaces/dave_interfaces/srv/detail/dock__rosidl_typesupport_introspection_cpp.hpp
[99.099s] -- Installing: /home/ubuntu/LyricalDave/ros2ws/install/dave_interfaces/include/dave_interfaces/dave_interfaces/srv/detail/say__rosidl_typesupport_introspection_cpp.hpp
[99.099s] -- Installing: /home/ubuntu/LyricalDave/ros2ws/install/dave_interfaces/include/dave_interfaces/dave_interfaces/srv/detail/say__type_support.cpp
[99.099s] -- Up-to-date: /home/ubuntu/LyricalDave/ros2ws/install/dave_interfaces/include/dave_interfaces/dave_interfaces/msg
[99.100s] -- Up-to-date: /home/ubuntu/LyricalDave/ros2ws/install/dave_interfaces/include/dave_interfaces/dave_interfaces/msg/detail
[99.100s] -- Installing: /home/ubuntu/LyricalDave/ros2ws/install/dave_interfaces/include/dave_interfaces/dave_interfaces/msg/detail/dock_status__type_support.cpp
[99.100s] -- Installing: /home/ubuntu/LyricalDave/ros2ws/install/dave_interfaces/include/dave_interfaces/dave_interfaces/msg/detail/battery_state__rosidl_typesupport_introspection_cpp.hpp
[99.101s] -- Installing: /home/ubuntu/LyricalDave/ros2ws/install/dave_interfaces/include/dave_interfaces/dave_interfaces/msg/detail/battery_state__type_support.cpp
[99.101s] -- Installing: /home/ubuntu/LyricalDave/ros2ws/install/dave_interfaces/include/dave_interfaces/dave_interfaces/msg/detail/dock_status__rosidl_typesupport_introspection_cpp.hpp
[99.101s] -- Installing: /home/ubuntu/LyricalDave/ros2ws/install/dave_interfaces/lib/libdave_interfaces__rosidl_typesupport_introspection_cpp.so
[99.104s] -- Set non-toolchain portion of runtime path of "/home/ubuntu/LyricalDave/ros2ws/install/dave_interfaces/lib/libdave_interfaces__rosidl_typesupport_introspection_cpp.so" to ""
[99.104s] -- Installing: /home/ubuntu/LyricalDave/ros2ws/install/dave_interfaces/lib/libdave_interfaces__rosidl_typesupport_cpp.so
[99.106s] -- Set non-toolchain portion of runtime path of "/home/ubuntu/LyricalDave/ros2ws/install/dave_interfaces/lib/libdave_interfaces__rosidl_typesupport_cpp.so" to ""
[99.106s] -- Installing: /home/ubuntu/LyricalDave/ros2ws/install/dave_interfaces/share/dave_interfaces/environment/pythonpath.sh
[99.107s] -- Installing: /home/ubuntu/LyricalDave/ros2ws/install/dave_interfaces/share/dave_interfaces/environment/pythonpath.dsv
[99.108s] -- Installing: /home/ubuntu/LyricalDave/ros2ws/install/dave_interfaces/lib/python3.14/site-packages/dave_interfaces/dave_interfaces_s__rosidl_typesupport_fastrtps_c.so
[99.109s] -- Set non-toolchain portion of runtime path of "/home/ubuntu/LyricalDave/ros2ws/install/dave_interfaces/lib/python3.14/site-packages/dave_interfaces/dave_interfaces_s__rosidl_typesupport_fastrtps_c.so" to ""
[99.110s] -- Installing: /home/ubuntu/LyricalDave/ros2ws/install/dave_interfaces/lib/python3.14/site-packages/dave_interfaces/dave_interfaces_s__rosidl_typesupport_introspection_c.so
[99.111s] -- Set non-toolchain portion of runtime path of "/home/ubuntu/LyricalDave/ros2ws/install/dave_interfaces/lib/python3.14/site-packages/dave_interfaces/dave_interfaces_s__rosidl_typesupport_introspection_c.so" to ""
[99.111s] -- Installing: /home/ubuntu/LyricalDave/ros2ws/install/dave_interfaces/lib/python3.14/site-packages/dave_interfaces/dave_interfaces_s__rosidl_typesupport_c.so
[99.113s] -- Set non-toolchain portion of runtime path of "/home/ubuntu/LyricalDave/ros2ws/install/dave_interfaces/lib/python3.14/site-packages/dave_interfaces/dave_interfaces_s__rosidl_typesupport_c.so" to ""
[99.113s] -- Installing: /home/ubuntu/LyricalDave/ros2ws/install/dave_interfaces/lib/libdave_interfaces__rosidl_generator_py.so
[99.115s] -- Set non-toolchain portion of runtime path of "/home/ubuntu/LyricalDave/ros2ws/install/dave_interfaces/lib/libdave_interfaces__rosidl_generator_py.so" to ""
[99.115s] -- Installing: /home/ubuntu/LyricalDave/ros2ws/install/dave_interfaces/share/ament_index/resource_index/rust_packages/dave_interfaces
[99.115s] -- Installing: /home/ubuntu/LyricalDave/ros2ws/install/dave_interfaces/share/dave_interfaces/rust
[99.116s] -- Installing: /home/ubuntu/LyricalDave/ros2ws/install/dave_interfaces/share/dave_interfaces/rust/Cargo.toml
[99.116s] -- Installing: /home/ubuntu/LyricalDave/ros2ws/install/dave_interfaces/share/dave_interfaces/rust/src
[99.117s] -- Installing: /home/ubuntu/LyricalDave/ros2ws/install/dave_interfaces/share/dave_interfaces/rust/src/srv
[99.117s] -- Installing: /home/ubuntu/LyricalDave/ros2ws/install/dave_interfaces/share/dave_interfaces/rust/src/srv/rmw.rs
[99.117s] -- Installing: /home/ubuntu/LyricalDave/ros2ws/install/dave_interfaces/share/dave_interfaces/rust/src/msg
[99.118s] -- Installing: /home/ubuntu/LyricalDave/ros2ws/install/dave_interfaces/share/dave_interfaces/rust/src/msg/rmw.rs
[99.118s] -- Installing: /home/ubuntu/LyricalDave/ros2ws/install/dave_interfaces/share/dave_interfaces/rust/src/lib.rs
[99.119s] -- Installing: /home/ubuntu/LyricalDave/ros2ws/install/dave_interfaces/share/dave_interfaces/rust/src/msg.rs
[99.119s] -- Installing: /home/ubuntu/LyricalDave/ros2ws/install/dave_interfaces/share/dave_interfaces/rust/src/srv.rs
[99.119s] -- Installing: /home/ubuntu/LyricalDave/ros2ws/install/dave_interfaces/share/dave_interfaces/rust/build.rs
[99.120s] -- Installing: /home/ubuntu/LyricalDave/ros2ws/install/dave_interfaces/share/dave_interfaces/srv/Say.idl
[99.120s] -- Installing: /home/ubuntu/LyricalDave/ros2ws/install/dave_interfaces/share/dave_interfaces/srv/Dock.idl
[99.121s] -- Installing: /home/ubuntu/LyricalDave/ros2ws/install/dave_interfaces/share/dave_interfaces/srv/Undock.idl
[99.122s] -- Installing: /home/ubuntu/LyricalDave/ros2ws/install/dave_interfaces/share/dave_interfaces/msg/BatteryState.idl
[99.122s] -- Installing: /home/ubuntu/LyricalDave/ros2ws/install/dave_interfaces/share/dave_interfaces/msg/DockStatus.idl
[99.123s] -- Installing: /home/ubuntu/LyricalDave/ros2ws/install/dave_interfaces/share/dave_interfaces/srv/Say.srv
[99.123s] -- Installing: /home/ubuntu/LyricalDave/ros2ws/install/dave_interfaces/share/dave_interfaces/srv/Dock.srv
[99.124s] -- Installing: /home/ubuntu/LyricalDave/ros2ws/install/dave_interfaces/share/dave_interfaces/srv/Undock.srv
[99.124s] -- Installing: /home/ubuntu/LyricalDave/ros2ws/install/dave_interfaces/share/dave_interfaces/msg/BatteryState.msg
[99.125s] -- Installing: /home/ubuntu/LyricalDave/ros2ws/install/dave_interfaces/share/dave_interfaces/msg/DockStatus.msg
[99.125s] -- Installing: /home/ubuntu/LyricalDave/ros2ws/install/dave_interfaces/share/ament_index/resource_index/package_run_dependencies/dave_interfaces
[99.126s] -- Installing: /home/ubuntu/LyricalDave/ros2ws/install/dave_interfaces/share/ament_index/resource_index/parent_prefix_path/dave_interfaces
[99.127s] -- Installing: /home/ubuntu/LyricalDave/ros2ws/install/dave_interfaces/share/dave_interfaces/environment/ament_prefix_path.sh
[99.127s] -- Installing: /home/ubuntu/LyricalDave/ros2ws/install/dave_interfaces/share/dave_interfaces/environment/ament_prefix_path.dsv
[99.128s] -- Installing: /home/ubuntu/LyricalDave/ros2ws/install/dave_interfaces/share/dave_interfaces/environment/path.sh
[99.128s] -- Installing: /home/ubuntu/LyricalDave/ros2ws/install/dave_interfaces/share/dave_interfaces/environment/path.dsv
[99.129s] -- Installing: /home/ubuntu/LyricalDave/ros2ws/install/dave_interfaces/share/dave_interfaces/local_setup.bash
[99.129s] -- Installing: /home/ubuntu/LyricalDave/ros2ws/install/dave_interfaces/share/dave_interfaces/local_setup.fish
[99.130s] -- Installing: /home/ubuntu/LyricalDave/ros2ws/install/dave_interfaces/share/dave_interfaces/local_setup.sh
[99.130s] -- Installing: /home/ubuntu/LyricalDave/ros2ws/install/dave_interfaces/share/dave_interfaces/local_setup.zsh
[99.131s] -- Installing: /home/ubuntu/LyricalDave/ros2ws/install/dave_interfaces/share/dave_interfaces/local_setup.dsv
[99.132s] -- Installing: /home/ubuntu/LyricalDave/ros2ws/install/dave_interfaces/share/dave_interfaces/package.dsv
[99.132s] -- Installing: /home/ubuntu/LyricalDave/ros2ws/install/dave_interfaces/share/ament_index/resource_index/packages/dave_interfaces
[99.133s] -- Installing: /home/ubuntu/LyricalDave/ros2ws/install/dave_interfaces/share/dave_interfaces/cmake/export_dave_interfaces__rosidl_generator_cExport.cmake
[99.134s] -- Installing: /home/ubuntu/LyricalDave/ros2ws/install/dave_interfaces/share/dave_interfaces/cmake/export_dave_interfaces__rosidl_generator_cExport-noconfig.cmake
[99.134s] -- Installing: /home/ubuntu/LyricalDave/ros2ws/install/dave_interfaces/share/dave_interfaces/cmake/export_dave_interfaces__rosidl_typesupport_fastrtps_cExport.cmake
[99.135s] -- Installing: /home/ubuntu/LyricalDave/ros2ws/install/dave_interfaces/share/dave_interfaces/cmake/export_dave_interfaces__rosidl_typesupport_fastrtps_cExport-noconfig.cmake
[99.136s] -- Installing: /home/ubuntu/LyricalDave/ros2ws/install/dave_interfaces/share/dave_interfaces/cmake/dave_interfaces__rosidl_typesupport_introspection_cExport.cmake
[99.136s] -- Installing: /home/ubuntu/LyricalDave/ros2ws/install/dave_interfaces/share/dave_interfaces/cmake/dave_interfaces__rosidl_typesupport_introspection_cExport-noconfig.cmake
[99.137s] -- Installing: /home/ubuntu/LyricalDave/ros2ws/install/dave_interfaces/share/dave_interfaces/cmake/dave_interfaces__rosidl_typesupport_cExport.cmake
[99.138s] -- Installing: /home/ubuntu/LyricalDave/ros2ws/install/dave_interfaces/share/dave_interfaces/cmake/dave_interfaces__rosidl_typesupport_cExport-noconfig.cmake
[99.138s] -- Installing: /home/ubuntu/LyricalDave/ros2ws/install/dave_interfaces/share/dave_interfaces/cmake/export_dave_interfaces__rosidl_generator_cppExport.cmake
[99.139s] -- Installing: /home/ubuntu/LyricalDave/ros2ws/install/dave_interfaces/share/dave_interfaces/cmake/export_dave_interfaces__rosidl_typesupport_fastrtps_cppExport.cmake
[99.139s] -- Installing: /home/ubuntu/LyricalDave/ros2ws/install/dave_interfaces/share/dave_interfaces/cmake/export_dave_interfaces__rosidl_typesupport_fastrtps_cppExport-noconfig.cmake
[99.140s] -- Installing: /home/ubuntu/LyricalDave/ros2ws/install/dave_interfaces/share/dave_interfaces/cmake/dave_interfaces__rosidl_typesupport_introspection_cppExport.cmake
[99.141s] -- Installing: /home/ubuntu/LyricalDave/ros2ws/install/dave_interfaces/share/dave_interfaces/cmake/dave_interfaces__rosidl_typesupport_introspection_cppExport-noconfig.cmake
[99.141s] -- Installing: /home/ubuntu/LyricalDave/ros2ws/install/dave_interfaces/share/dave_interfaces/cmake/dave_interfaces__rosidl_typesupport_cppExport.cmake
[99.142s] -- Installing: /home/ubuntu/LyricalDave/ros2ws/install/dave_interfaces/share/dave_interfaces/cmake/dave_interfaces__rosidl_typesupport_cppExport-noconfig.cmake
[99.142s] -- Installing: /home/ubuntu/LyricalDave/ros2ws/install/dave_interfaces/share/dave_interfaces/cmake/export_dave_interfaces__rosidl_generator_pyExport.cmake
[99.143s] -- Installing: /home/ubuntu/LyricalDave/ros2ws/install/dave_interfaces/share/dave_interfaces/cmake/export_dave_interfaces__rosidl_generator_pyExport-noconfig.cmake
[99.144s] -- Installing: /home/ubuntu/LyricalDave/ros2ws/install/dave_interfaces/lib/python3.14/site-packages/dave_interfaces-0.0.1-py3.14.egg-info
[99.144s] -- Installing: /home/ubuntu/LyricalDave/ros2ws/install/dave_interfaces/lib/python3.14/site-packages/dave_interfaces-0.0.1-py3.14.egg-info/top_level.txt
[99.144s] -- Installing: /home/ubuntu/LyricalDave/ros2ws/install/dave_interfaces/lib/python3.14/site-packages/dave_interfaces-0.0.1-py3.14.egg-info/SOURCES.txt
[99.145s] -- Installing: /home/ubuntu/LyricalDave/ros2ws/install/dave_interfaces/lib/python3.14/site-packages/dave_interfaces-0.0.1-py3.14.egg-info/dependency_links.txt
[99.145s] -- Installing: /home/ubuntu/LyricalDave/ros2ws/install/dave_interfaces/lib/python3.14/site-packages/dave_interfaces-0.0.1-py3.14.egg-info/PKG-INFO
[99.146s] -- Up-to-date: /home/ubuntu/LyricalDave/ros2ws/install/dave_interfaces/lib/python3.14/site-packages/dave_interfaces
[99.146s] -- Installing: /home/ubuntu/LyricalDave/ros2ws/install/dave_interfaces/lib/python3.14/site-packages/dave_interfaces/__init__.py
[99.147s] -- Installing: /home/ubuntu/LyricalDave/ros2ws/install/dave_interfaces/lib/python3.14/site-packages/dave_interfaces/py.typed
[99.147s] -- Up-to-date: /home/ubuntu/LyricalDave/ros2ws/install/dave_interfaces/lib/python3.14/site-packages/dave_interfaces/dave_interfaces_s__rosidl_typesupport_introspection_c.so
[99.147s] -- Up-to-date: /home/ubuntu/LyricalDave/ros2ws/install/dave_interfaces/lib/python3.14/site-packages/dave_interfaces/dave_interfaces_s__rosidl_typesupport_c.so
[99.148s] -- Up-to-date: /home/ubuntu/LyricalDave/ros2ws/install/dave_interfaces/lib/python3.14/site-packages/dave_interfaces/dave_interfaces_s__rosidl_typesupport_fastrtps_c.so
[99.148s] -- Installing: /home/ubuntu/LyricalDave/ros2ws/install/dave_interfaces/lib/python3.14/site-packages/dave_interfaces/srv
[99.148s] -- Installing: /home/ubuntu/LyricalDave/ros2ws/install/dave_interfaces/lib/python3.14/site-packages/dave_interfaces/srv/__init__.py
[99.149s] -- Installing: /home/ubuntu/LyricalDave/ros2ws/install/dave_interfaces/lib/python3.14/site-packages/dave_interfaces/srv/_dock.py
[99.149s] -- Installing: /home/ubuntu/LyricalDave/ros2ws/install/dave_interfaces/lib/python3.14/site-packages/dave_interfaces/srv/_undock.py
[99.149s] -- Installing: /home/ubuntu/LyricalDave/ros2ws/install/dave_interfaces/lib/python3.14/site-packages/dave_interfaces/srv/_say_s.c
[99.150s] -- Installing: /home/ubuntu/LyricalDave/ros2ws/install/dave_interfaces/lib/python3.14/site-packages/dave_interfaces/srv/_undock_s.c
[99.150s] -- Installing: /home/ubuntu/LyricalDave/ros2ws/install/dave_interfaces/lib/python3.14/site-packages/dave_interfaces/srv/_say.py
[99.151s] -- Installing: /home/ubuntu/LyricalDave/ros2ws/install/dave_interfaces/lib/python3.14/site-packages/dave_interfaces/srv/_dock_s.c
[99.151s] -- Installing: /home/ubuntu/LyricalDave/ros2ws/install/dave_interfaces/lib/python3.14/site-packages/dave_interfaces/_dave_interfaces_s.ep.rosidl_typesupport_introspection_c.c
[99.151s] -- Installing: /home/ubuntu/LyricalDave/ros2ws/install/dave_interfaces/lib/python3.14/site-packages/dave_interfaces/_dave_interfaces_s.ep.rosidl_typesupport_c.c
[99.152s] -- Installing: /home/ubuntu/LyricalDave/ros2ws/install/dave_interfaces/lib/python3.14/site-packages/dave_interfaces/msg
[99.152s] -- Installing: /home/ubuntu/LyricalDave/ros2ws/install/dave_interfaces/lib/python3.14/site-packages/dave_interfaces/msg/__init__.py
[99.153s] -- Installing: /home/ubuntu/LyricalDave/ros2ws/install/dave_interfaces/lib/python3.14/site-packages/dave_interfaces/msg/_dock_status.py
[99.153s] -- Installing: /home/ubuntu/LyricalDave/ros2ws/install/dave_interfaces/lib/python3.14/site-packages/dave_interfaces/msg/_battery_state_s.c
[99.153s] -- Installing: /home/ubuntu/LyricalDave/ros2ws/install/dave_interfaces/lib/python3.14/site-packages/dave_interfaces/msg/_dock_status_s.c
[99.154s] -- Installing: /home/ubuntu/LyricalDave/ros2ws/install/dave_interfaces/lib/python3.14/site-packages/dave_interfaces/msg/_battery_state.py
[99.154s] -- Installing: /home/ubuntu/LyricalDave/ros2ws/install/dave_interfaces/lib/python3.14/site-packages/dave_interfaces/_dave_interfaces_s.ep.rosidl_typesupport_fastrtps_c.c
[99.401s] Listing '/home/ubuntu/LyricalDave/ros2ws/install/dave_interfaces/lib/python3.14/site-packages/dave_interfaces'...
[99.402s] Compiling '/home/ubuntu/LyricalDave/ros2ws/install/dave_interfaces/lib/python3.14/site-packages/dave_interfaces/__init__.py'...
[99.403s] Listing '/home/ubuntu/LyricalDave/ros2ws/install/dave_interfaces/lib/python3.14/site-packages/dave_interfaces/msg'...
[99.404s] Compiling '/home/ubuntu/LyricalDave/ros2ws/install/dave_interfaces/lib/python3.14/site-packages/dave_interfaces/msg/__init__.py'...
[99.406s] Compiling '/home/ubuntu/LyricalDave/ros2ws/install/dave_interfaces/lib/python3.14/site-packages/dave_interfaces/msg/_battery_state.py'...
[99.406s] Compiling '/home/ubuntu/LyricalDave/ros2ws/install/dave_interfaces/lib/python3.14/site-packages/dave_interfaces/msg/_dock_status.py'...
[99.407s] Listing '/home/ubuntu/LyricalDave/ros2ws/install/dave_interfaces/lib/python3.14/site-packages/dave_interfaces/srv'...
[99.408s] Compiling '/home/ubuntu/LyricalDave/ros2ws/install/dave_interfaces/lib/python3.14/site-packages/dave_interfaces/srv/__init__.py'...
[99.409s] Compiling '/home/ubuntu/LyricalDave/ros2ws/install/dave_interfaces/lib/python3.14/site-packages/dave_interfaces/srv/_dock.py'...
[99.410s] Compiling '/home/ubuntu/LyricalDave/ros2ws/install/dave_interfaces/lib/python3.14/site-packages/dave_interfaces/srv/_say.py'...
[99.411s] Compiling '/home/ubuntu/LyricalDave/ros2ws/install/dave_interfaces/lib/python3.14/site-packages/dave_interfaces/srv/_undock.py'...
[99.450s] -- Installing: /home/ubuntu/LyricalDave/ros2ws/install/dave_interfaces/share/dave_interfaces/cmake/rosidl_cmake-extras.cmake
[99.450s] -- Installing: /home/ubuntu/LyricalDave/ros2ws/install/dave_interfaces/share/dave_interfaces/cmake/ament_cmake_export_dependencies-extras.cmake
[99.451s] -- Installing: /home/ubuntu/LyricalDave/ros2ws/install/dave_interfaces/share/dave_interfaces/cmake/ament_cmake_export_include_directories-extras.cmake
[99.451s] -- Installing: /home/ubuntu/LyricalDave/ros2ws/install/dave_interfaces/share/dave_interfaces/cmake/ament_cmake_export_libraries-extras.cmake
[99.452s] -- Installing: /home/ubuntu/LyricalDave/ros2ws/install/dave_interfaces/share/dave_interfaces/cmake/ament_cmake_export_targets-extras.cmake
[99.453s] -- Installing: /home/ubuntu/LyricalDave/ros2ws/install/dave_interfaces/share/dave_interfaces/cmake/rosidl_cmake_export_typesupport_targets-extras.cmake
[99.453s] -- Installing: /home/ubuntu/LyricalDave/ros2ws/install/dave_interfaces/share/dave_interfaces/cmake/rosidl_cmake_export_typesupport_libraries-extras.cmake
[99.454s] -- Installing: /home/ubuntu/LyricalDave/ros2ws/install/dave_interfaces/share/dave_interfaces/cmake/rosidl_cmake_aggregate_target-extras.cmake
[99.454s] -- Installing: /home/ubuntu/LyricalDave/ros2ws/install/dave_interfaces/share/dave_interfaces/cmake/dave_interfacesConfig.cmake
[99.455s] -- Installing: /home/ubuntu/LyricalDave/ros2ws/install/dave_interfaces/share/dave_interfaces/cmake/dave_interfacesConfig-version.cmake
[99.455s] -- Installing: /home/ubuntu/LyricalDave/ros2ws/install/dave_interfaces/share/dave_interfaces/package.xml
[99.463s] Invoked command in '/home/ubuntu/LyricalDave/ros2ws/build/dave_interfaces' returned '0': CMAKE_PREFIX_PATH=/opt/ros/lyrical /usr/bin/cmake --install /home/ubuntu/LyricalDave/ros2ws/build/dave_interfaces
