[5.298s] Invoking command in '/home/ubuntu/LyricalDave/ros2ws/src/ros2_libcamera_pub': PYTHONPATH=/home/ubuntu/LyricalDave/ros2ws/build/ros2_libcamera_pub/prefix_override:/usr/lib/python3/dist-packages/colcon_core/task/python/colcon_distutils_commands:/home/ubuntu/LyricalDave/ros2ws/install/ros2_libcamera_pub/lib/python3.14/site-packages:${PYTHONPATH} /usr/bin/python3 -W ignore:setup.py install is deprecated -W ignore:easy_install command is deprecated setup.py egg_info --egg-base ../../build/ros2_libcamera_pub build --build-base /home/ubuntu/LyricalDave/ros2ws/build/ros2_libcamera_pub/build install --record /home/ubuntu/LyricalDave/ros2ws/build/ros2_libcamera_pub/install.log --single-version-externally-managed install_data
[6.457s] /usr/lib/python3/dist-packages/setuptools/_distutils/dist.py:289: UserWarning: Unknown distribution option: 'tests_require'
[6.458s]   warnings.warn(msg)
[6.705s] /usr/lib/python3/dist-packages/setuptools/dist.py:759: SetuptoolsDeprecationWarning: License classifiers are deprecated.
[6.705s] !!
[6.706s] 
[6.706s]         ********************************************************************************
[6.706s]         Please consider removing the following classifiers in favor of a SPDX license expression:
[6.710s] 
[6.710s]         License :: BSD
[6.711s] 
[6.712s]         See https://packaging.python.org/en/latest/guides/writing-pyproject-toml/#license for details.
[6.712s]         ********************************************************************************
[6.712s] 
[6.716s] !!
[6.716s]   self._finalize_license_expression()
[7.191s] running egg_info
[7.309s] writing ../../build/ros2_libcamera_pub/ros2_libcamera_pub.egg-info/PKG-INFO
[7.311s] writing dependency_links to ../../build/ros2_libcamera_pub/ros2_libcamera_pub.egg-info/dependency_links.txt
[7.313s] writing entry points to ../../build/ros2_libcamera_pub/ros2_libcamera_pub.egg-info/entry_points.txt
[7.316s] writing requirements to ../../build/ros2_libcamera_pub/ros2_libcamera_pub.egg-info/requires.txt
[7.317s] writing top-level names to ../../build/ros2_libcamera_pub/ros2_libcamera_pub.egg-info/top_level.txt
[7.539s] reading manifest file '../../build/ros2_libcamera_pub/ros2_libcamera_pub.egg-info/SOURCES.txt'
[7.541s] adding license file 'LICENSE'
[7.545s] writing manifest file '../../build/ros2_libcamera_pub/ros2_libcamera_pub.egg-info/SOURCES.txt'
[7.546s] running build
[7.550s] running build_py
[7.550s] copying libcamera_jpg_pub.py -> /home/ubuntu/LyricalDave/ros2ws/build/ros2_libcamera_pub/build/lib
[7.551s] running install
[7.571s] running install_lib
[7.684s] running install_data
[7.685s] copying resource/ros2_libcamera_pub -> /home/ubuntu/LyricalDave/ros2ws/install/ros2_libcamera_pub/share/ament_index/resource_index/packages
[7.688s] copying package.xml -> /home/ubuntu/LyricalDave/ros2ws/install/ros2_libcamera_pub/share/ros2_libcamera_pub
[7.689s] running install_egg_info
[7.798s] removing '/home/ubuntu/LyricalDave/ros2ws/install/ros2_libcamera_pub/lib/python3.14/site-packages/ros2_libcamera_pub-2.3.2-py3.14.egg-info' (and everything under it)
[7.800s] Copying ../../build/ros2_libcamera_pub/ros2_libcamera_pub.egg-info to /home/ubuntu/LyricalDave/ros2ws/install/ros2_libcamera_pub/lib/python3.14/site-packages/ros2_libcamera_pub-2.3.2-py3.14.egg-info
[7.806s] running install_scripts
[8.734s] Installing libcamera_jpg_pub script to /home/ubuntu/LyricalDave/ros2ws/install/ros2_libcamera_pub/lib/ros2_libcamera_pub
[8.737s] writing list of installed files to '/home/ubuntu/LyricalDave/ros2ws/build/ros2_libcamera_pub/install.log'
[9.031s] Invoked command in '/home/ubuntu/LyricalDave/ros2ws/src/ros2_libcamera_pub' returned '0': PYTHONPATH=/home/ubuntu/LyricalDave/ros2ws/build/ros2_libcamera_pub/prefix_override:/usr/lib/python3/dist-packages/colcon_core/task/python/colcon_distutils_commands:/home/ubuntu/LyricalDave/ros2ws/install/ros2_libcamera_pub/lib/python3.14/site-packages:${PYTHONPATH} /usr/bin/python3 -W ignore:setup.py install is deprecated -W ignore:easy_install command is deprecated setup.py egg_info --egg-base ../../build/ros2_libcamera_pub build --build-base /home/ubuntu/LyricalDave/ros2ws/build/ros2_libcamera_pub/build install --record /home/ubuntu/LyricalDave/ros2ws/build/ros2_libcamera_pub/install.log --single-version-externally-managed install_data
