[0.044s] Invoking command in '/home/ubuntu/LyricalDave/ros2ws/build/nav2_gopigo3': CMAKE_PREFIX_PATH=${CMAKE_PREFIX_PATH}:/home/ubuntu/LyricalDave/ros2ws/install/teleop_gopigo3_keyboard:/home/ubuntu/LyricalDave/ros2ws/install/scan_client:/home/ubuntu/LyricalDave/ros2ws/install/ros2_libcamera_pub:/home/ubuntu/LyricalDave/ros2ws/install/ros2_gopigo3_node:/home/ubuntu/LyricalDave/ros2ws/install/explorer_wanderer:/home/ubuntu/LyricalDave/ros2ws/install/demo_nodes_py:/home/ubuntu/LyricalDave/ros2ws/install/dave:/opt/ros/lyrical /usr/bin/cmake --build /home/ubuntu/LyricalDave/ros2ws/build/nav2_gopigo3 -- -j4 -l4
[0.317s] Built target ament_cmake_python_sync_nav2_gopigo3
[1.777s] running egg_info
[1.964s] writing nav2_gopigo3.egg-info/PKG-INFO
[1.966s] writing dependency_links to nav2_gopigo3.egg-info/dependency_links.txt
[1.969s] writing top-level names to nav2_gopigo3.egg-info/top_level.txt
[2.376s] reading manifest file 'nav2_gopigo3.egg-info/SOURCES.txt'
[2.385s] writing manifest file 'nav2_gopigo3.egg-info/SOURCES.txt'
[2.760s] Built target ament_cmake_python_build_nav2_gopigo3_egg
[2.871s] Invoked command in '/home/ubuntu/LyricalDave/ros2ws/build/nav2_gopigo3' returned '0': CMAKE_PREFIX_PATH=${CMAKE_PREFIX_PATH}:/home/ubuntu/LyricalDave/ros2ws/install/teleop_gopigo3_keyboard:/home/ubuntu/LyricalDave/ros2ws/install/scan_client:/home/ubuntu/LyricalDave/ros2ws/install/ros2_libcamera_pub:/home/ubuntu/LyricalDave/ros2ws/install/ros2_gopigo3_node:/home/ubuntu/LyricalDave/ros2ws/install/explorer_wanderer:/home/ubuntu/LyricalDave/ros2ws/install/demo_nodes_py:/home/ubuntu/LyricalDave/ros2ws/install/dave:/opt/ros/lyrical /usr/bin/cmake --build /home/ubuntu/LyricalDave/ros2ws/build/nav2_gopigo3 -- -j4 -l4
[2.878s] Invoking command in '/home/ubuntu/LyricalDave/ros2ws/build/nav2_gopigo3': CMAKE_PREFIX_PATH=${CMAKE_PREFIX_PATH}:/home/ubuntu/LyricalDave/ros2ws/install/teleop_gopigo3_keyboard:/home/ubuntu/LyricalDave/ros2ws/install/scan_client:/home/ubuntu/LyricalDave/ros2ws/install/ros2_libcamera_pub:/home/ubuntu/LyricalDave/ros2ws/install/ros2_gopigo3_node:/home/ubuntu/LyricalDave/ros2ws/install/explorer_wanderer:/home/ubuntu/LyricalDave/ros2ws/install/demo_nodes_py:/home/ubuntu/LyricalDave/ros2ws/install/dave:/opt/ros/lyrical /usr/bin/cmake --install /home/ubuntu/LyricalDave/ros2ws/build/nav2_gopigo3
[2.952s] -- Install configuration: ""
[2.953s] -- Up-to-date: /home/ubuntu/LyricalDave/ros2ws/install/nav2_gopigo3/share/nav2_gopigo3/config
[2.958s] -- Up-to-date: /home/ubuntu/LyricalDave/ros2ws/install/nav2_gopigo3/share/nav2_gopigo3/config/localization.yaml
[2.958s] -- Up-to-date: /home/ubuntu/LyricalDave/ros2ws/install/nav2_gopigo3/share/nav2_gopigo3/config/nav2.yaml
[2.958s] -- Up-to-date: /home/ubuntu/LyricalDave/ros2ws/install/nav2_gopigo3/share/nav2_gopigo3/config/slam.yaml
[2.959s] -- Up-to-date: /home/ubuntu/LyricalDave/ros2ws/install/nav2_gopigo3/share/nav2_gopigo3/config/slam.tb4.yaml
[2.959s] -- Up-to-date: /home/ubuntu/LyricalDave/ros2ws/install/nav2_gopigo3/share/nav2_gopigo3/launch
[2.959s] -- Up-to-date: /home/ubuntu/LyricalDave/ros2ws/install/nav2_gopigo3/share/nav2_gopigo3/launch/slam.launch.py
[2.960s] -- Up-to-date: /home/ubuntu/LyricalDave/ros2ws/install/nav2_gopigo3/share/nav2_gopigo3/launch/localization.launch.py
[2.960s] -- Up-to-date: /home/ubuntu/LyricalDave/ros2ws/install/nav2_gopigo3/share/nav2_gopigo3/launch/nav2.launch.py
[2.960s] -- Up-to-date: /home/ubuntu/LyricalDave/ros2ws/install/nav2_gopigo3/share/nav2_gopigo3/maps
[2.965s] -- Up-to-date: /home/ubuntu/LyricalDave/ros2ws/install/nav2_gopigo3/share/nav2_gopigo3/maps/maze.pgm
[2.966s] -- Up-to-date: /home/ubuntu/LyricalDave/ros2ws/install/nav2_gopigo3/share/nav2_gopigo3/maps/depot.pgm
[2.966s] -- Up-to-date: /home/ubuntu/LyricalDave/ros2ws/install/nav2_gopigo3/share/nav2_gopigo3/maps/warehouse.yaml
[2.966s] -- Up-to-date: /home/ubuntu/LyricalDave/ros2ws/install/nav2_gopigo3/share/nav2_gopigo3/maps/maze.yaml
[2.967s] -- Up-to-date: /home/ubuntu/LyricalDave/ros2ws/install/nav2_gopigo3/share/nav2_gopigo3/maps/warehouse.pgm
[2.967s] -- Up-to-date: /home/ubuntu/LyricalDave/ros2ws/install/nav2_gopigo3/share/nav2_gopigo3/maps/depot.yaml
[2.968s] -- Up-to-date: /home/ubuntu/LyricalDave/ros2ws/install/nav2_gopigo3/share/nav2_gopigo3/environment/pythonpath.sh
[2.973s] -- Up-to-date: /home/ubuntu/LyricalDave/ros2ws/install/nav2_gopigo3/share/nav2_gopigo3/environment/pythonpath.dsv
[2.974s] -- Up-to-date: /home/ubuntu/LyricalDave/ros2ws/install/nav2_gopigo3/lib/python3.14/site-packages/gopigo3_navigator.py
[3.263s] -- Up-to-date: /home/ubuntu/LyricalDave/ros2ws/install/nav2_gopigo3/share/ament_index/resource_index/package_run_dependencies/nav2_gopigo3
[3.263s] -- Up-to-date: /home/ubuntu/LyricalDave/ros2ws/install/nav2_gopigo3/share/ament_index/resource_index/parent_prefix_path/nav2_gopigo3
[3.264s] -- Up-to-date: /home/ubuntu/LyricalDave/ros2ws/install/nav2_gopigo3/share/nav2_gopigo3/environment/ament_prefix_path.sh
[3.264s] -- Up-to-date: /home/ubuntu/LyricalDave/ros2ws/install/nav2_gopigo3/share/nav2_gopigo3/environment/ament_prefix_path.dsv
[3.264s] -- Up-to-date: /home/ubuntu/LyricalDave/ros2ws/install/nav2_gopigo3/share/nav2_gopigo3/environment/path.sh
[3.265s] -- Up-to-date: /home/ubuntu/LyricalDave/ros2ws/install/nav2_gopigo3/share/nav2_gopigo3/environment/path.dsv
[3.266s] -- Up-to-date: /home/ubuntu/LyricalDave/ros2ws/install/nav2_gopigo3/share/nav2_gopigo3/local_setup.bash
[3.267s] -- Up-to-date: /home/ubuntu/LyricalDave/ros2ws/install/nav2_gopigo3/share/nav2_gopigo3/local_setup.fish
[3.267s] -- Up-to-date: /home/ubuntu/LyricalDave/ros2ws/install/nav2_gopigo3/share/nav2_gopigo3/local_setup.sh
[3.267s] -- Up-to-date: /home/ubuntu/LyricalDave/ros2ws/install/nav2_gopigo3/share/nav2_gopigo3/local_setup.zsh
[3.268s] -- Up-to-date: /home/ubuntu/LyricalDave/ros2ws/install/nav2_gopigo3/share/nav2_gopigo3/local_setup.dsv
[3.268s] -- Installing: /home/ubuntu/LyricalDave/ros2ws/install/nav2_gopigo3/share/nav2_gopigo3/package.dsv
[3.269s] -- Up-to-date: /home/ubuntu/LyricalDave/ros2ws/install/nav2_gopigo3/share/ament_index/resource_index/packages/nav2_gopigo3
[3.269s] -- Up-to-date: /home/ubuntu/LyricalDave/ros2ws/install/nav2_gopigo3/lib/python3.14/site-packages/nav2_gopigo3-1.0.4-py3.14.egg-info
[3.270s] -- Installing: /home/ubuntu/LyricalDave/ros2ws/install/nav2_gopigo3/lib/python3.14/site-packages/nav2_gopigo3-1.0.4-py3.14.egg-info/top_level.txt
[3.270s] -- Installing: /home/ubuntu/LyricalDave/ros2ws/install/nav2_gopigo3/lib/python3.14/site-packages/nav2_gopigo3-1.0.4-py3.14.egg-info/SOURCES.txt
[3.273s] -- Installing: /home/ubuntu/LyricalDave/ros2ws/install/nav2_gopigo3/lib/python3.14/site-packages/nav2_gopigo3-1.0.4-py3.14.egg-info/dependency_links.txt
[3.274s] -- Installing: /home/ubuntu/LyricalDave/ros2ws/install/nav2_gopigo3/lib/python3.14/site-packages/nav2_gopigo3-1.0.4-py3.14.egg-info/PKG-INFO
[3.275s] -- Up-to-date: /home/ubuntu/LyricalDave/ros2ws/install/nav2_gopigo3/lib/python3.14/site-packages/nav2_gopigo3
[3.276s] -- Up-to-date: /home/ubuntu/LyricalDave/ros2ws/install/nav2_gopigo3/lib/python3.14/site-packages/nav2_gopigo3/__init__.py
[3.277s] -- Up-to-date: /home/ubuntu/LyricalDave/ros2ws/install/nav2_gopigo3/lib/python3.14/site-packages/nav2_gopigo3/gopigo3_navigator.py
[3.514s] Listing '/home/ubuntu/LyricalDave/ros2ws/install/nav2_gopigo3/lib/python3.14/site-packages/nav2_gopigo3'...
[3.575s] -- Up-to-date: /home/ubuntu/LyricalDave/ros2ws/install/nav2_gopigo3/share/nav2_gopigo3/cmake/nav2_gopigo3Config.cmake
[3.576s] -- Up-to-date: /home/ubuntu/LyricalDave/ros2ws/install/nav2_gopigo3/share/nav2_gopigo3/cmake/nav2_gopigo3Config-version.cmake
[3.577s] -- Up-to-date: /home/ubuntu/LyricalDave/ros2ws/install/nav2_gopigo3/share/nav2_gopigo3/package.xml
[4.220s] Invoked command in '/home/ubuntu/LyricalDave/ros2ws/build/nav2_gopigo3' returned '0': CMAKE_PREFIX_PATH=${CMAKE_PREFIX_PATH}:/home/ubuntu/LyricalDave/ros2ws/install/teleop_gopigo3_keyboard:/home/ubuntu/LyricalDave/ros2ws/install/scan_client:/home/ubuntu/LyricalDave/ros2ws/install/ros2_libcamera_pub:/home/ubuntu/LyricalDave/ros2ws/install/ros2_gopigo3_node:/home/ubuntu/LyricalDave/ros2ws/install/explorer_wanderer:/home/ubuntu/LyricalDave/ros2ws/install/demo_nodes_py:/home/ubuntu/LyricalDave/ros2ws/install/dave:/opt/ros/lyrical /usr/bin/cmake --install /home/ubuntu/LyricalDave/ros2ws/build/nav2_gopigo3
