[6.906s] Invoking command in '/home/ubuntu/LyricalDave/ros2ws/src/dave': PYTHONPATH=/home/ubuntu/LyricalDave/ros2ws/build/dave/prefix_override:/usr/lib/python3/dist-packages/colcon_core/task/python/colcon_distutils_commands:/home/ubuntu/LyricalDave/ros2ws/install/dave/lib/python3.14/site-packages:${PYTHONPATH} /usr/bin/python3 -W ignore:setup.py install is deprecated -W ignore:easy_install command is deprecated setup.py egg_info --egg-base ../../build/dave build --build-base /home/ubuntu/LyricalDave/ros2ws/build/dave/build install --record /home/ubuntu/LyricalDave/ros2ws/build/dave/install.log --single-version-externally-managed install_data
[8.158s] /usr/lib/python3/dist-packages/setuptools/_distutils/dist.py:289: UserWarning: Unknown distribution option: 'tests_require'
[8.158s]   warnings.warn(msg)
[9.161s] running egg_info
[9.325s] creating ../../build/dave/dave.egg-info
[9.328s] writing ../../build/dave/dave.egg-info/PKG-INFO
[9.330s] writing dependency_links to ../../build/dave/dave.egg-info/dependency_links.txt
[9.334s] writing entry points to ../../build/dave/dave.egg-info/entry_points.txt
[9.340s] writing requirements to ../../build/dave/dave.egg-info/requires.txt
[9.341s] writing top-level names to ../../build/dave/dave.egg-info/top_level.txt
[9.342s] writing manifest file '../../build/dave/dave.egg-info/SOURCES.txt'
[9.703s] reading manifest file '../../build/dave/dave.egg-info/SOURCES.txt'
[9.707s] writing manifest file '../../build/dave/dave.egg-info/SOURCES.txt'
[9.710s] running build
[9.711s] running build_py
[9.713s] creating /home/ubuntu/LyricalDave/ros2ws/build/dave/build/lib/dave
[9.714s] copying dave/__init__.py -> /home/ubuntu/LyricalDave/ros2ws/build/dave/build/lib/dave
[9.714s] copying dave/test_dock.py -> /home/ubuntu/LyricalDave/ros2ws/build/dave/build/lib/dave
[9.715s] copying dave/say_node.py -> /home/ubuntu/LyricalDave/ros2ws/build/dave/build/lib/dave
[9.718s] copying dave/dave_node.py -> /home/ubuntu/LyricalDave/ros2ws/build/dave/build/lib/dave
[9.720s] copying dave/drive_node.py -> /home/ubuntu/LyricalDave/ros2ws/build/dave/build/lib/dave
[9.720s] copying dave/say_svc_client.py -> /home/ubuntu/LyricalDave/ros2ws/build/dave/build/lib/dave
[9.722s] copying dave/docking_node.py -> /home/ubuntu/LyricalDave/ros2ws/build/dave/build/lib/dave
[9.723s] copying dave/battery_node.py -> /home/ubuntu/LyricalDave/ros2ws/build/dave/build/lib/dave
[9.728s] running install
[9.765s] running install_lib
[9.936s] creating /home/ubuntu/LyricalDave/ros2ws/install/dave/lib/python3.14/site-packages/dave
[9.937s] copying /home/ubuntu/LyricalDave/ros2ws/build/dave/build/lib/dave/__init__.py -> /home/ubuntu/LyricalDave/ros2ws/install/dave/lib/python3.14/site-packages/dave
[9.938s] copying /home/ubuntu/LyricalDave/ros2ws/build/dave/build/lib/dave/test_dock.py -> /home/ubuntu/LyricalDave/ros2ws/install/dave/lib/python3.14/site-packages/dave
[9.939s] copying /home/ubuntu/LyricalDave/ros2ws/build/dave/build/lib/dave/say_node.py -> /home/ubuntu/LyricalDave/ros2ws/install/dave/lib/python3.14/site-packages/dave
[9.941s] copying /home/ubuntu/LyricalDave/ros2ws/build/dave/build/lib/dave/dave_node.py -> /home/ubuntu/LyricalDave/ros2ws/install/dave/lib/python3.14/site-packages/dave
[9.943s] copying /home/ubuntu/LyricalDave/ros2ws/build/dave/build/lib/dave/drive_node.py -> /home/ubuntu/LyricalDave/ros2ws/install/dave/lib/python3.14/site-packages/dave
[9.946s] copying /home/ubuntu/LyricalDave/ros2ws/build/dave/build/lib/dave/say_svc_client.py -> /home/ubuntu/LyricalDave/ros2ws/install/dave/lib/python3.14/site-packages/dave
[9.946s] copying /home/ubuntu/LyricalDave/ros2ws/build/dave/build/lib/dave/docking_node.py -> /home/ubuntu/LyricalDave/ros2ws/install/dave/lib/python3.14/site-packages/dave
[9.947s] copying /home/ubuntu/LyricalDave/ros2ws/build/dave/build/lib/dave/battery_node.py -> /home/ubuntu/LyricalDave/ros2ws/install/dave/lib/python3.14/site-packages/dave
[9.950s] byte-compiling /home/ubuntu/LyricalDave/ros2ws/install/dave/lib/python3.14/site-packages/dave/__init__.py to __init__.cpython-314.pyc
[9.951s] byte-compiling /home/ubuntu/LyricalDave/ros2ws/install/dave/lib/python3.14/site-packages/dave/test_dock.py to test_dock.cpython-314.pyc
[9.957s] byte-compiling /home/ubuntu/LyricalDave/ros2ws/install/dave/lib/python3.14/site-packages/dave/say_node.py to say_node.cpython-314.pyc
[9.961s] /home/ubuntu/LyricalDave/ros2ws/install/dave/lib/python3.14/site-packages/dave/say_node.py:26: SyntaxWarning: "\ " is an invalid escape sequence. Such sequences will not work in the future. Did you mean "\\ "? A raw string is also an option.
[9.961s]   -v /dev/snd:/dev/snd \                           <<----
[9.962s] byte-compiling /home/ubuntu/LyricalDave/ros2ws/install/dave/lib/python3.14/site-packages/dave/dave_node.py to dave_node.cpython-314.pyc
[9.980s] byte-compiling /home/ubuntu/LyricalDave/ros2ws/install/dave/lib/python3.14/site-packages/dave/drive_node.py to drive_node.cpython-314.pyc
[9.985s] byte-compiling /home/ubuntu/LyricalDave/ros2ws/install/dave/lib/python3.14/site-packages/dave/say_svc_client.py to say_svc_client.cpython-314.pyc
[9.988s] byte-compiling /home/ubuntu/LyricalDave/ros2ws/install/dave/lib/python3.14/site-packages/dave/docking_node.py to docking_node.cpython-314.pyc
[9.997s] byte-compiling /home/ubuntu/LyricalDave/ros2ws/install/dave/lib/python3.14/site-packages/dave/battery_node.py to battery_node.cpython-314.pyc
[10.004s] running install_data
[10.009s] creating /home/ubuntu/LyricalDave/ros2ws/install/dave/share/ament_index/resource_index/packages
[10.011s] copying resource/dave -> /home/ubuntu/LyricalDave/ros2ws/install/dave/share/ament_index/resource_index/packages
[10.020s] copying package.xml -> /home/ubuntu/LyricalDave/ros2ws/install/dave/share/dave
[10.021s] running install_egg_info
[10.191s] Copying ../../build/dave/dave.egg-info to /home/ubuntu/LyricalDave/ros2ws/install/dave/lib/python3.14/site-packages/dave-0.0.0-py3.14.egg-info
[10.196s] running install_scripts
[11.028s] Installing battery_node script to /home/ubuntu/LyricalDave/ros2ws/install/dave/lib/dave
[11.029s] Installing dave_node script to /home/ubuntu/LyricalDave/ros2ws/install/dave/lib/dave
[11.030s] Installing docking_node script to /home/ubuntu/LyricalDave/ros2ws/install/dave/lib/dave
[11.032s] Installing say_client script to /home/ubuntu/LyricalDave/ros2ws/install/dave/lib/dave
[11.036s] Installing say_node script to /home/ubuntu/LyricalDave/ros2ws/install/dave/lib/dave
[11.041s] Installing test_dock script to /home/ubuntu/LyricalDave/ros2ws/install/dave/lib/dave
[11.046s] writing list of installed files to '/home/ubuntu/LyricalDave/ros2ws/build/dave/install.log'
[11.409s] Invoked command in '/home/ubuntu/LyricalDave/ros2ws/src/dave' returned '0': PYTHONPATH=/home/ubuntu/LyricalDave/ros2ws/build/dave/prefix_override:/usr/lib/python3/dist-packages/colcon_core/task/python/colcon_distutils_commands:/home/ubuntu/LyricalDave/ros2ws/install/dave/lib/python3.14/site-packages:${PYTHONPATH} /usr/bin/python3 -W ignore:setup.py install is deprecated -W ignore:easy_install command is deprecated setup.py egg_info --egg-base ../../build/dave build --build-base /home/ubuntu/LyricalDave/ros2ws/build/dave/build install --record /home/ubuntu/LyricalDave/ros2ws/build/dave/install.log --single-version-externally-managed install_data
