[6.058s] Invoking command in '/home/ubuntu/LyricalDave/ros2ws/build/ros2_gopigo3_node': PYTHONPATH=/home/ubuntu/LyricalDave/ros2ws/build/ros2_gopigo3_node/prefix_override:/usr/lib/python3/dist-packages/colcon_core/task/python/colcon_distutils_commands:/home/ubuntu/LyricalDave/ros2ws/install/ros2_gopigo3_node/lib/python3.14/site-packages:/home/ubuntu/LyricalDave/ros2ws/install/ros2_gopigo3_msg/lib/python3.14/site-packages:/home/ubuntu/LyricalDave/ros2ws/build/teleop_gopigo3_keyboard:/home/ubuntu/LyricalDave/ros2ws/install/teleop_gopigo3_keyboard/lib/python3.14/site-packages:/home/ubuntu/LyricalDave/ros2ws/install/scan_client/lib/python3.14/site-packages:/home/ubuntu/LyricalDave/ros2ws/install/ros2_libcamera_pub/lib/python3.14/site-packages:/home/ubuntu/LyricalDave/ros2ws/build/ros2_gopigo3_node:/home/ubuntu/LyricalDave/ros2ws/install/ros2_gopigo3_node/lib/python3.14/site-packages:/home/ubuntu/LyricalDave/ros2ws/install/nav2_gopigo3/lib/python3.14/site-packages:/home/ubuntu/LyricalDave/ros2ws/install/explorer_wanderer/lib/python3.14/site-packages:/home/ubuntu/LyricalDave/ros2ws/install/demo_nodes_py/lib/python3.14/site-packages:/home/ubuntu/LyricalDave/ros2ws/install/dave_interfaces/lib/python3.14/site-packages:/home/ubuntu/LyricalDave/ros2ws/build/dave:/home/ubuntu/LyricalDave/ros2ws/install/dave/lib/python3.14/site-packages:/home/ubuntu/LyricalDave/ros2ws/install/apriltag_msgs/lib/python3.14/site-packages:/opt/ros/lyrical/lib/python3.14/site-packages /usr/bin/python3 -W ignore:setup.py install is deprecated -W ignore:easy_install command is deprecated setup.py develop --uninstall --editable --build-directory /home/ubuntu/LyricalDave/ros2ws/build/ros2_gopigo3_node/build
[7.119s] /usr/lib/python3/dist-packages/setuptools/_distutils/dist.py:289: UserWarning: Unknown distribution option: 'tests_require'
[7.119s]   warnings.warn(msg)
[7.592s] running develop
[8.258s] Removing /home/ubuntu/LyricalDave/ros2ws/install/ros2_gopigo3_node/lib/python3.14/site-packages/ros2-gopigo3-node.egg-link (link to .)
[8.464s] Invoked command in '/home/ubuntu/LyricalDave/ros2ws/build/ros2_gopigo3_node' returned '0': PYTHONPATH=/home/ubuntu/LyricalDave/ros2ws/build/ros2_gopigo3_node/prefix_override:/usr/lib/python3/dist-packages/colcon_core/task/python/colcon_distutils_commands:/home/ubuntu/LyricalDave/ros2ws/install/ros2_gopigo3_node/lib/python3.14/site-packages:/home/ubuntu/LyricalDave/ros2ws/install/ros2_gopigo3_msg/lib/python3.14/site-packages:/home/ubuntu/LyricalDave/ros2ws/build/teleop_gopigo3_keyboard:/home/ubuntu/LyricalDave/ros2ws/install/teleop_gopigo3_keyboard/lib/python3.14/site-packages:/home/ubuntu/LyricalDave/ros2ws/install/scan_client/lib/python3.14/site-packages:/home/ubuntu/LyricalDave/ros2ws/install/ros2_libcamera_pub/lib/python3.14/site-packages:/home/ubuntu/LyricalDave/ros2ws/build/ros2_gopigo3_node:/home/ubuntu/LyricalDave/ros2ws/install/ros2_gopigo3_node/lib/python3.14/site-packages:/home/ubuntu/LyricalDave/ros2ws/install/nav2_gopigo3/lib/python3.14/site-packages:/home/ubuntu/LyricalDave/ros2ws/install/explorer_wanderer/lib/python3.14/site-packages:/home/ubuntu/LyricalDave/ros2ws/install/demo_nodes_py/lib/python3.14/site-packages:/home/ubuntu/LyricalDave/ros2ws/install/dave_interfaces/lib/python3.14/site-packages:/home/ubuntu/LyricalDave/ros2ws/build/dave:/home/ubuntu/LyricalDave/ros2ws/install/dave/lib/python3.14/site-packages:/home/ubuntu/LyricalDave/ros2ws/install/apriltag_msgs/lib/python3.14/site-packages:/opt/ros/lyrical/lib/python3.14/site-packages /usr/bin/python3 -W ignore:setup.py install is deprecated -W ignore:easy_install command is deprecated setup.py develop --uninstall --editable --build-directory /home/ubuntu/LyricalDave/ros2ws/build/ros2_gopigo3_node/build
[8.469s] Invoking command in '/home/ubuntu/LyricalDave/ros2ws/src/ros2_gopigo3_node': PYTHONPATH=/home/ubuntu/LyricalDave/ros2ws/build/ros2_gopigo3_node/prefix_override:/usr/lib/python3/dist-packages/colcon_core/task/python/colcon_distutils_commands:/home/ubuntu/LyricalDave/ros2ws/install/ros2_gopigo3_node/lib/python3.14/site-packages:/home/ubuntu/LyricalDave/ros2ws/install/ros2_gopigo3_msg/lib/python3.14/site-packages:/home/ubuntu/LyricalDave/ros2ws/build/teleop_gopigo3_keyboard:/home/ubuntu/LyricalDave/ros2ws/install/teleop_gopigo3_keyboard/lib/python3.14/site-packages:/home/ubuntu/LyricalDave/ros2ws/install/scan_client/lib/python3.14/site-packages:/home/ubuntu/LyricalDave/ros2ws/install/ros2_libcamera_pub/lib/python3.14/site-packages:/home/ubuntu/LyricalDave/ros2ws/build/ros2_gopigo3_node:/home/ubuntu/LyricalDave/ros2ws/install/ros2_gopigo3_node/lib/python3.14/site-packages:/home/ubuntu/LyricalDave/ros2ws/install/nav2_gopigo3/lib/python3.14/site-packages:/home/ubuntu/LyricalDave/ros2ws/install/explorer_wanderer/lib/python3.14/site-packages:/home/ubuntu/LyricalDave/ros2ws/install/demo_nodes_py/lib/python3.14/site-packages:/home/ubuntu/LyricalDave/ros2ws/install/dave_interfaces/lib/python3.14/site-packages:/home/ubuntu/LyricalDave/ros2ws/build/dave:/home/ubuntu/LyricalDave/ros2ws/install/dave/lib/python3.14/site-packages:/home/ubuntu/LyricalDave/ros2ws/install/apriltag_msgs/lib/python3.14/site-packages:/opt/ros/lyrical/lib/python3.14/site-packages /usr/bin/python3 -W ignore:setup.py install is deprecated -W ignore:easy_install command is deprecated setup.py egg_info --egg-base ../../build/ros2_gopigo3_node build --build-base /home/ubuntu/LyricalDave/ros2ws/build/ros2_gopigo3_node/build install --record /home/ubuntu/LyricalDave/ros2ws/build/ros2_gopigo3_node/install.log --single-version-externally-managed install_data --force
[9.196s] /usr/lib/python3/dist-packages/setuptools/_distutils/dist.py:289: UserWarning: Unknown distribution option: 'tests_require'
[9.196s]   warnings.warn(msg)
[9.572s] running egg_info
[9.633s] writing ../../build/ros2_gopigo3_node/ros2_gopigo3_node.egg-info/PKG-INFO
[9.635s] writing dependency_links to ../../build/ros2_gopigo3_node/ros2_gopigo3_node.egg-info/dependency_links.txt
[9.636s] writing entry points to ../../build/ros2_gopigo3_node/ros2_gopigo3_node.egg-info/entry_points.txt
[9.637s] writing requirements to ../../build/ros2_gopigo3_node/ros2_gopigo3_node.egg-info/requires.txt
[9.637s] writing top-level names to ../../build/ros2_gopigo3_node/ros2_gopigo3_node.egg-info/top_level.txt
[9.769s] reading manifest file '../../build/ros2_gopigo3_node/ros2_gopigo3_node.egg-info/SOURCES.txt'
[9.773s] writing manifest file '../../build/ros2_gopigo3_node/ros2_gopigo3_node.egg-info/SOURCES.txt'
[9.774s] running build
[9.774s] running build_py
[9.775s] copying ros2_gopigo3_node/__init__.py -> /home/ubuntu/LyricalDave/ros2ws/build/ros2_gopigo3_node/build/lib/ros2_gopigo3_node
[9.776s] copying ros2_gopigo3_node/distance_sensor.py -> /home/ubuntu/LyricalDave/ros2ws/build/ros2_gopigo3_node/build/lib/ros2_gopigo3_node
[9.777s] copying ros2_gopigo3_node/gopigo3_node.py -> /home/ubuntu/LyricalDave/ros2ws/build/ros2_gopigo3_node/build/lib/ros2_gopigo3_node
[9.778s] copying ros2_gopigo3_node/imu_sensor.py -> /home/ubuntu/LyricalDave/ros2ws/build/ros2_gopigo3_node/build/lib/ros2_gopigo3_node
[9.778s] copying ros2_gopigo3_node/distance_sensor_subscriber.py -> /home/ubuntu/LyricalDave/ros2ws/build/ros2_gopigo3_node/build/lib/ros2_gopigo3_node
[9.779s] copying ros2_gopigo3_node/odometer.py -> /home/ubuntu/LyricalDave/ros2ws/build/ros2_gopigo3_node/build/lib/ros2_gopigo3_node
[9.780s] copying ros2_gopigo3_node/safety_shutdown.py -> /home/ubuntu/LyricalDave/ros2ws/build/ros2_gopigo3_node/build/lib/ros2_gopigo3_node
[9.781s] copying ros2_gopigo3_node/ultrasonic_ranger.py -> /home/ubuntu/LyricalDave/ros2ws/build/ros2_gopigo3_node/build/lib/ros2_gopigo3_node
[9.782s] running install
[9.799s] running install_lib
[9.861s] creating /home/ubuntu/LyricalDave/ros2ws/install/ros2_gopigo3_node/lib/python3.14/site-packages/ros2_gopigo3_node
[9.862s] copying /home/ubuntu/LyricalDave/ros2ws/build/ros2_gopigo3_node/build/lib/ros2_gopigo3_node/__init__.py -> /home/ubuntu/LyricalDave/ros2ws/install/ros2_gopigo3_node/lib/python3.14/site-packages/ros2_gopigo3_node
[9.862s] copying /home/ubuntu/LyricalDave/ros2ws/build/ros2_gopigo3_node/build/lib/ros2_gopigo3_node/distance_sensor.py -> /home/ubuntu/LyricalDave/ros2ws/install/ros2_gopigo3_node/lib/python3.14/site-packages/ros2_gopigo3_node
[9.863s] copying /home/ubuntu/LyricalDave/ros2ws/build/ros2_gopigo3_node/build/lib/ros2_gopigo3_node/gopigo3_node.py -> /home/ubuntu/LyricalDave/ros2ws/install/ros2_gopigo3_node/lib/python3.14/site-packages/ros2_gopigo3_node
[9.863s] copying /home/ubuntu/LyricalDave/ros2ws/build/ros2_gopigo3_node/build/lib/ros2_gopigo3_node/imu_sensor.py -> /home/ubuntu/LyricalDave/ros2ws/install/ros2_gopigo3_node/lib/python3.14/site-packages/ros2_gopigo3_node
[9.864s] copying /home/ubuntu/LyricalDave/ros2ws/build/ros2_gopigo3_node/build/lib/ros2_gopigo3_node/distance_sensor_subscriber.py -> /home/ubuntu/LyricalDave/ros2ws/install/ros2_gopigo3_node/lib/python3.14/site-packages/ros2_gopigo3_node
[9.865s] copying /home/ubuntu/LyricalDave/ros2ws/build/ros2_gopigo3_node/build/lib/ros2_gopigo3_node/odometer.py -> /home/ubuntu/LyricalDave/ros2ws/install/ros2_gopigo3_node/lib/python3.14/site-packages/ros2_gopigo3_node
[9.865s] copying /home/ubuntu/LyricalDave/ros2ws/build/ros2_gopigo3_node/build/lib/ros2_gopigo3_node/safety_shutdown.py -> /home/ubuntu/LyricalDave/ros2ws/install/ros2_gopigo3_node/lib/python3.14/site-packages/ros2_gopigo3_node
[9.866s] copying /home/ubuntu/LyricalDave/ros2ws/build/ros2_gopigo3_node/build/lib/ros2_gopigo3_node/ultrasonic_ranger.py -> /home/ubuntu/LyricalDave/ros2ws/install/ros2_gopigo3_node/lib/python3.14/site-packages/ros2_gopigo3_node
[9.868s] byte-compiling /home/ubuntu/LyricalDave/ros2ws/install/ros2_gopigo3_node/lib/python3.14/site-packages/ros2_gopigo3_node/__init__.py to __init__.cpython-314.pyc
[9.869s] byte-compiling /home/ubuntu/LyricalDave/ros2ws/install/ros2_gopigo3_node/lib/python3.14/site-packages/ros2_gopigo3_node/distance_sensor.py to distance_sensor.cpython-314.pyc
[9.872s] byte-compiling /home/ubuntu/LyricalDave/ros2ws/install/ros2_gopigo3_node/lib/python3.14/site-packages/ros2_gopigo3_node/gopigo3_node.py to gopigo3_node.cpython-314.pyc
[9.888s] byte-compiling /home/ubuntu/LyricalDave/ros2ws/install/ros2_gopigo3_node/lib/python3.14/site-packages/ros2_gopigo3_node/imu_sensor.py to imu_sensor.cpython-314.pyc
[9.891s] byte-compiling /home/ubuntu/LyricalDave/ros2ws/install/ros2_gopigo3_node/lib/python3.14/site-packages/ros2_gopigo3_node/distance_sensor_subscriber.py to distance_sensor_subscriber.cpython-314.pyc
[9.893s] byte-compiling /home/ubuntu/LyricalDave/ros2ws/install/ros2_gopigo3_node/lib/python3.14/site-packages/ros2_gopigo3_node/odometer.py to odometer.cpython-314.pyc
[9.900s] byte-compiling /home/ubuntu/LyricalDave/ros2ws/install/ros2_gopigo3_node/lib/python3.14/site-packages/ros2_gopigo3_node/safety_shutdown.py to safety_shutdown.cpython-314.pyc
[9.904s] byte-compiling /home/ubuntu/LyricalDave/ros2ws/install/ros2_gopigo3_node/lib/python3.14/site-packages/ros2_gopigo3_node/ultrasonic_ranger.py to ultrasonic_ranger.cpython-314.pyc
[9.907s] running install_data
[9.908s] copying resource/ros2_gopigo3_node -> /home/ubuntu/LyricalDave/ros2ws/install/ros2_gopigo3_node/share/ament_index/resource_index/packages
[9.908s] copying package.xml -> /home/ubuntu/LyricalDave/ros2ws/install/ros2_gopigo3_node/share/ros2_gopigo3_node
[9.909s] copying launch/ros2_finmark_state_and_joint.launch.py -> /home/ubuntu/LyricalDave/ros2ws/install/ros2_gopigo3_node/share/ros2_gopigo3_node
[9.910s] copying launch/ros2_gopi5go_dave_state_and_joint.launch.py -> /home/ubuntu/LyricalDave/ros2ws/install/ros2_gopigo3_node/share/ros2_gopigo3_node
[9.911s] copying launch/ros2_dave_state_and_joint.launch.py -> /home/ubuntu/LyricalDave/ros2ws/install/ros2_gopigo3_node/share/ros2_gopigo3_node
[9.911s] copying launch/ros2_gpgMin_state_and_joint.launch.py -> /home/ubuntu/LyricalDave/ros2ws/install/ros2_gopigo3_node/share/ros2_gopigo3_node
[9.912s] copying urdf/finmark.urdf -> /home/ubuntu/LyricalDave/ros2ws/install/ros2_gopigo3_node/share/ros2_gopigo3_node
[9.913s] copying urdf/dave.urdf -> /home/ubuntu/LyricalDave/ros2ws/install/ros2_gopigo3_node/share/ros2_gopigo3_node
[9.914s] copying urdf/gpgMin.urdf -> /home/ubuntu/LyricalDave/ros2ws/install/ros2_gopigo3_node/share/ros2_gopigo3_node
[9.914s] copying urdf/common_properties.urdf -> /home/ubuntu/LyricalDave/ros2ws/install/ros2_gopigo3_node/share/ros2_gopigo3_node
[9.915s] copying urdf/gpg3_gopi5go_dave.urdf -> /home/ubuntu/LyricalDave/ros2ws/install/ros2_gopigo3_node/share/ros2_gopigo3_node
[9.916s] copying urdf/kilteddave.urdf -> /home/ubuntu/LyricalDave/ros2ws/install/ros2_gopigo3_node/share/ros2_gopigo3_node
[9.917s] copying urdf/humbledave2.urdf -> /home/ubuntu/LyricalDave/ros2ws/install/ros2_gopigo3_node/share/ros2_gopigo3_node
[9.917s] copying urdf/gopi5go_dave.urdf -> /home/ubuntu/LyricalDave/ros2ws/install/ros2_gopigo3_node/share/ros2_gopigo3_node
[9.918s] running install_egg_info
[9.980s] Copying ../../build/ros2_gopigo3_node/ros2_gopigo3_node.egg-info to /home/ubuntu/LyricalDave/ros2ws/install/ros2_gopigo3_node/lib/python3.14/site-packages/ros2_gopigo3_node-0.0.0-py3.14.egg-info
[9.983s] running install_scripts
[10.296s] Installing distance_sensor script to /home/ubuntu/LyricalDave/ros2ws/install/ros2_gopigo3_node/lib/ros2_gopigo3_node
[10.297s] Installing distance_sensor_subscriber script to /home/ubuntu/LyricalDave/ros2ws/install/ros2_gopigo3_node/lib/ros2_gopigo3_node
[10.297s] Installing gopigo3_node script to /home/ubuntu/LyricalDave/ros2ws/install/ros2_gopigo3_node/lib/ros2_gopigo3_node
[10.298s] Installing imu_sensor script to /home/ubuntu/LyricalDave/ros2ws/install/ros2_gopigo3_node/lib/ros2_gopigo3_node
[10.301s] Installing odometer script to /home/ubuntu/LyricalDave/ros2ws/install/ros2_gopigo3_node/lib/ros2_gopigo3_node
[10.302s] Installing ultrasonic_ranger script to /home/ubuntu/LyricalDave/ros2ws/install/ros2_gopigo3_node/lib/ros2_gopigo3_node
[10.305s] writing list of installed files to '/home/ubuntu/LyricalDave/ros2ws/build/ros2_gopigo3_node/install.log'
[10.486s] Invoked command in '/home/ubuntu/LyricalDave/ros2ws/src/ros2_gopigo3_node' returned '0': PYTHONPATH=/home/ubuntu/LyricalDave/ros2ws/build/ros2_gopigo3_node/prefix_override:/usr/lib/python3/dist-packages/colcon_core/task/python/colcon_distutils_commands:/home/ubuntu/LyricalDave/ros2ws/install/ros2_gopigo3_node/lib/python3.14/site-packages:/home/ubuntu/LyricalDave/ros2ws/install/ros2_gopigo3_msg/lib/python3.14/site-packages:/home/ubuntu/LyricalDave/ros2ws/build/teleop_gopigo3_keyboard:/home/ubuntu/LyricalDave/ros2ws/install/teleop_gopigo3_keyboard/lib/python3.14/site-packages:/home/ubuntu/LyricalDave/ros2ws/install/scan_client/lib/python3.14/site-packages:/home/ubuntu/LyricalDave/ros2ws/install/ros2_libcamera_pub/lib/python3.14/site-packages:/home/ubuntu/LyricalDave/ros2ws/build/ros2_gopigo3_node:/home/ubuntu/LyricalDave/ros2ws/install/ros2_gopigo3_node/lib/python3.14/site-packages:/home/ubuntu/LyricalDave/ros2ws/install/nav2_gopigo3/lib/python3.14/site-packages:/home/ubuntu/LyricalDave/ros2ws/install/explorer_wanderer/lib/python3.14/site-packages:/home/ubuntu/LyricalDave/ros2ws/install/demo_nodes_py/lib/python3.14/site-packages:/home/ubuntu/LyricalDave/ros2ws/install/dave_interfaces/lib/python3.14/site-packages:/home/ubuntu/LyricalDave/ros2ws/build/dave:/home/ubuntu/LyricalDave/ros2ws/install/dave/lib/python3.14/site-packages:/home/ubuntu/LyricalDave/ros2ws/install/apriltag_msgs/lib/python3.14/site-packages:/opt/ros/lyrical/lib/python3.14/site-packages /usr/bin/python3 -W ignore:setup.py install is deprecated -W ignore:easy_install command is deprecated setup.py egg_info --egg-base ../../build/ros2_gopigo3_node build --build-base /home/ubuntu/LyricalDave/ros2ws/build/ros2_gopigo3_node/build install --record /home/ubuntu/LyricalDave/ros2ws/build/ros2_gopigo3_node/install.log --single-version-externally-managed install_data --force
