[5.220s] Invoking command in '/home/ubuntu/LyricalDave/ros2ws/src/explorer_wanderer': PYTHONPATH=/home/ubuntu/LyricalDave/ros2ws/build/explorer_wanderer/prefix_override:/usr/lib/python3/dist-packages/colcon_core/task/python/colcon_distutils_commands:/home/ubuntu/LyricalDave/ros2ws/install/explorer_wanderer/lib/python3.14/site-packages:${PYTHONPATH} /usr/bin/python3 -W ignore:setup.py install is deprecated -W ignore:easy_install command is deprecated setup.py egg_info --egg-base ../../build/explorer_wanderer build --build-base /home/ubuntu/LyricalDave/ros2ws/build/explorer_wanderer/build install --record /home/ubuntu/LyricalDave/ros2ws/build/explorer_wanderer/install.log --single-version-externally-managed install_data
[6.541s] /usr/lib/python3/dist-packages/setuptools/_distutils/dist.py:289: UserWarning: Unknown distribution option: 'tests_require'
[6.542s]   warnings.warn(msg)
[7.178s] running egg_info
[7.251s] writing ../../build/explorer_wanderer/explorer_wanderer.egg-info/PKG-INFO
[7.253s] writing dependency_links to ../../build/explorer_wanderer/explorer_wanderer.egg-info/dependency_links.txt
[7.254s] writing entry points to ../../build/explorer_wanderer/explorer_wanderer.egg-info/entry_points.txt
[7.256s] writing requirements to ../../build/explorer_wanderer/explorer_wanderer.egg-info/requires.txt
[7.256s] writing top-level names to ../../build/explorer_wanderer/explorer_wanderer.egg-info/top_level.txt
[7.527s] reading manifest file '../../build/explorer_wanderer/explorer_wanderer.egg-info/SOURCES.txt'
[7.527s] writing manifest file '../../build/explorer_wanderer/explorer_wanderer.egg-info/SOURCES.txt'
[7.528s] running build
[7.528s] running build_py
[7.531s] copying explorer_wanderer/__init__.py -> /home/ubuntu/LyricalDave/ros2ws/build/explorer_wanderer/build/lib/explorer_wanderer
[7.532s] copying explorer_wanderer/wanderer.py -> /home/ubuntu/LyricalDave/ros2ws/build/explorer_wanderer/build/lib/explorer_wanderer
[7.533s] copying explorer_wanderer/discoverer_server.py -> /home/ubuntu/LyricalDave/ros2ws/build/explorer_wanderer/build/lib/explorer_wanderer
[7.535s] copying explorer_wanderer/wanderer_server.py -> /home/ubuntu/LyricalDave/ros2ws/build/explorer_wanderer/build/lib/explorer_wanderer
[7.536s] running install
[7.558s] running install_lib
[7.649s] running install_data
[7.650s] copying resource/explorer_wanderer -> /home/ubuntu/LyricalDave/ros2ws/install/explorer_wanderer/share/ament_index/resource_index/packages
[7.651s] copying package.xml -> /home/ubuntu/LyricalDave/ros2ws/install/explorer_wanderer/share/explorer_wanderer
[7.652s] running install_egg_info
[7.744s] removing '/home/ubuntu/LyricalDave/ros2ws/install/explorer_wanderer/lib/python3.14/site-packages/explorer_wanderer-0.0.1-py3.14.egg-info' (and everything under it)
[7.745s] Copying ../../build/explorer_wanderer/explorer_wanderer.egg-info to /home/ubuntu/LyricalDave/ros2ws/install/explorer_wanderer/lib/python3.14/site-packages/explorer_wanderer-0.0.1-py3.14.egg-info
[7.749s] running install_scripts
[8.178s] Installing discoverer_server script to /home/ubuntu/LyricalDave/ros2ws/install/explorer_wanderer/lib/explorer_wanderer
[8.179s] Installing wanderer script to /home/ubuntu/LyricalDave/ros2ws/install/explorer_wanderer/lib/explorer_wanderer
[8.180s] Installing wanderer_server script to /home/ubuntu/LyricalDave/ros2ws/install/explorer_wanderer/lib/explorer_wanderer
[8.182s] writing list of installed files to '/home/ubuntu/LyricalDave/ros2ws/build/explorer_wanderer/install.log'
[8.712s] Invoked command in '/home/ubuntu/LyricalDave/ros2ws/src/explorer_wanderer' returned '0': PYTHONPATH=/home/ubuntu/LyricalDave/ros2ws/build/explorer_wanderer/prefix_override:/usr/lib/python3/dist-packages/colcon_core/task/python/colcon_distutils_commands:/home/ubuntu/LyricalDave/ros2ws/install/explorer_wanderer/lib/python3.14/site-packages:${PYTHONPATH} /usr/bin/python3 -W ignore:setup.py install is deprecated -W ignore:easy_install command is deprecated setup.py egg_info --egg-base ../../build/explorer_wanderer build --build-base /home/ubuntu/LyricalDave/ros2ws/build/explorer_wanderer/build install --record /home/ubuntu/LyricalDave/ros2ws/build/explorer_wanderer/install.log --single-version-externally-managed install_data
