/usr/lib/python3/dist-packages/setuptools/_distutils/dist.py:289: UserWarning: Unknown distribution option: 'tests_require'
  warnings.warn(msg)
running egg_info
creating ../../build/ros2_gopigo3_node/ros2_gopigo3_node.egg-info
writing ../../build/ros2_gopigo3_node/ros2_gopigo3_node.egg-info/PKG-INFO
writing dependency_links to ../../build/ros2_gopigo3_node/ros2_gopigo3_node.egg-info/dependency_links.txt
writing entry points to ../../build/ros2_gopigo3_node/ros2_gopigo3_node.egg-info/entry_points.txt
writing requirements to ../../build/ros2_gopigo3_node/ros2_gopigo3_node.egg-info/requires.txt
writing top-level names to ../../build/ros2_gopigo3_node/ros2_gopigo3_node.egg-info/top_level.txt
writing manifest file '../../build/ros2_gopigo3_node/ros2_gopigo3_node.egg-info/SOURCES.txt'
reading manifest file '../../build/ros2_gopigo3_node/ros2_gopigo3_node.egg-info/SOURCES.txt'
writing manifest file '../../build/ros2_gopigo3_node/ros2_gopigo3_node.egg-info/SOURCES.txt'
running build
running build_py
creating /home/ubuntu/LyricalDave/ros2ws/build/ros2_gopigo3_node/build/lib/ros2_gopigo3_node
copying ros2_gopigo3_node/__init__.py -> /home/ubuntu/LyricalDave/ros2ws/build/ros2_gopigo3_node/build/lib/ros2_gopigo3_node
copying ros2_gopigo3_node/distance_sensor.py -> /home/ubuntu/LyricalDave/ros2ws/build/ros2_gopigo3_node/build/lib/ros2_gopigo3_node
copying ros2_gopigo3_node/gopigo3_node.py -> /home/ubuntu/LyricalDave/ros2ws/build/ros2_gopigo3_node/build/lib/ros2_gopigo3_node
copying ros2_gopigo3_node/imu_sensor.py -> /home/ubuntu/LyricalDave/ros2ws/build/ros2_gopigo3_node/build/lib/ros2_gopigo3_node
copying ros2_gopigo3_node/distance_sensor_subscriber.py -> /home/ubuntu/LyricalDave/ros2ws/build/ros2_gopigo3_node/build/lib/ros2_gopigo3_node
copying ros2_gopigo3_node/odometer.py -> /home/ubuntu/LyricalDave/ros2ws/build/ros2_gopigo3_node/build/lib/ros2_gopigo3_node
copying ros2_gopigo3_node/safety_shutdown.py -> /home/ubuntu/LyricalDave/ros2ws/build/ros2_gopigo3_node/build/lib/ros2_gopigo3_node
copying ros2_gopigo3_node/ultrasonic_ranger.py -> /home/ubuntu/LyricalDave/ros2ws/build/ros2_gopigo3_node/build/lib/ros2_gopigo3_node
running install
running install_lib
creating /home/ubuntu/LyricalDave/ros2ws/install/ros2_gopigo3_node/lib/python3.14/site-packages/ros2_gopigo3_node
copying /home/ubuntu/LyricalDave/ros2ws/build/ros2_gopigo3_node/build/lib/ros2_gopigo3_node/__init__.py -> /home/ubuntu/LyricalDave/ros2ws/install/ros2_gopigo3_node/lib/python3.14/site-packages/ros2_gopigo3_node
copying /home/ubuntu/LyricalDave/ros2ws/build/ros2_gopigo3_node/build/lib/ros2_gopigo3_node/distance_sensor.py -> /home/ubuntu/LyricalDave/ros2ws/install/ros2_gopigo3_node/lib/python3.14/site-packages/ros2_gopigo3_node
copying /home/ubuntu/LyricalDave/ros2ws/build/ros2_gopigo3_node/build/lib/ros2_gopigo3_node/gopigo3_node.py -> /home/ubuntu/LyricalDave/ros2ws/install/ros2_gopigo3_node/lib/python3.14/site-packages/ros2_gopigo3_node
copying /home/ubuntu/LyricalDave/ros2ws/build/ros2_gopigo3_node/build/lib/ros2_gopigo3_node/imu_sensor.py -> /home/ubuntu/LyricalDave/ros2ws/install/ros2_gopigo3_node/lib/python3.14/site-packages/ros2_gopigo3_node
copying /home/ubuntu/LyricalDave/ros2ws/build/ros2_gopigo3_node/build/lib/ros2_gopigo3_node/distance_sensor_subscriber.py -> /home/ubuntu/LyricalDave/ros2ws/install/ros2_gopigo3_node/lib/python3.14/site-packages/ros2_gopigo3_node
copying /home/ubuntu/LyricalDave/ros2ws/build/ros2_gopigo3_node/build/lib/ros2_gopigo3_node/odometer.py -> /home/ubuntu/LyricalDave/ros2ws/install/ros2_gopigo3_node/lib/python3.14/site-packages/ros2_gopigo3_node
copying /home/ubuntu/LyricalDave/ros2ws/build/ros2_gopigo3_node/build/lib/ros2_gopigo3_node/safety_shutdown.py -> /home/ubuntu/LyricalDave/ros2ws/install/ros2_gopigo3_node/lib/python3.14/site-packages/ros2_gopigo3_node
copying /home/ubuntu/LyricalDave/ros2ws/build/ros2_gopigo3_node/build/lib/ros2_gopigo3_node/ultrasonic_ranger.py -> /home/ubuntu/LyricalDave/ros2ws/install/ros2_gopigo3_node/lib/python3.14/site-packages/ros2_gopigo3_node
byte-compiling /home/ubuntu/LyricalDave/ros2ws/install/ros2_gopigo3_node/lib/python3.14/site-packages/ros2_gopigo3_node/__init__.py to __init__.cpython-314.pyc
byte-compiling /home/ubuntu/LyricalDave/ros2ws/install/ros2_gopigo3_node/lib/python3.14/site-packages/ros2_gopigo3_node/distance_sensor.py to distance_sensor.cpython-314.pyc
byte-compiling /home/ubuntu/LyricalDave/ros2ws/install/ros2_gopigo3_node/lib/python3.14/site-packages/ros2_gopigo3_node/gopigo3_node.py to gopigo3_node.cpython-314.pyc
byte-compiling /home/ubuntu/LyricalDave/ros2ws/install/ros2_gopigo3_node/lib/python3.14/site-packages/ros2_gopigo3_node/imu_sensor.py to imu_sensor.cpython-314.pyc
byte-compiling /home/ubuntu/LyricalDave/ros2ws/install/ros2_gopigo3_node/lib/python3.14/site-packages/ros2_gopigo3_node/distance_sensor_subscriber.py to distance_sensor_subscriber.cpython-314.pyc
byte-compiling /home/ubuntu/LyricalDave/ros2ws/install/ros2_gopigo3_node/lib/python3.14/site-packages/ros2_gopigo3_node/odometer.py to odometer.cpython-314.pyc
byte-compiling /home/ubuntu/LyricalDave/ros2ws/install/ros2_gopigo3_node/lib/python3.14/site-packages/ros2_gopigo3_node/safety_shutdown.py to safety_shutdown.cpython-314.pyc
byte-compiling /home/ubuntu/LyricalDave/ros2ws/install/ros2_gopigo3_node/lib/python3.14/site-packages/ros2_gopigo3_node/ultrasonic_ranger.py to ultrasonic_ranger.cpython-314.pyc
running install_data
creating /home/ubuntu/LyricalDave/ros2ws/install/ros2_gopigo3_node/share/ament_index/resource_index/packages
copying resource/ros2_gopigo3_node -> /home/ubuntu/LyricalDave/ros2ws/install/ros2_gopigo3_node/share/ament_index/resource_index/packages
copying package.xml -> /home/ubuntu/LyricalDave/ros2ws/install/ros2_gopigo3_node/share/ros2_gopigo3_node
copying launch/ros2_finmark_state_and_joint.launch.py -> /home/ubuntu/LyricalDave/ros2ws/install/ros2_gopigo3_node/share/ros2_gopigo3_node
copying launch/ros2_gopi5go_dave_state_and_joint.launch.py -> /home/ubuntu/LyricalDave/ros2ws/install/ros2_gopigo3_node/share/ros2_gopigo3_node
copying launch/ros2_dave_state_and_joint.launch.py -> /home/ubuntu/LyricalDave/ros2ws/install/ros2_gopigo3_node/share/ros2_gopigo3_node
copying launch/ros2_gpgMin_state_and_joint.launch.py -> /home/ubuntu/LyricalDave/ros2ws/install/ros2_gopigo3_node/share/ros2_gopigo3_node
copying urdf/finmark.urdf -> /home/ubuntu/LyricalDave/ros2ws/install/ros2_gopigo3_node/share/ros2_gopigo3_node
copying urdf/dave.urdf -> /home/ubuntu/LyricalDave/ros2ws/install/ros2_gopigo3_node/share/ros2_gopigo3_node
copying urdf/gpgMin.urdf -> /home/ubuntu/LyricalDave/ros2ws/install/ros2_gopigo3_node/share/ros2_gopigo3_node
copying urdf/common_properties.urdf -> /home/ubuntu/LyricalDave/ros2ws/install/ros2_gopigo3_node/share/ros2_gopigo3_node
copying urdf/gpg3_gopi5go_dave.urdf -> /home/ubuntu/LyricalDave/ros2ws/install/ros2_gopigo3_node/share/ros2_gopigo3_node
copying urdf/kilteddave.urdf -> /home/ubuntu/LyricalDave/ros2ws/install/ros2_gopigo3_node/share/ros2_gopigo3_node
copying urdf/humbledave2.urdf -> /home/ubuntu/LyricalDave/ros2ws/install/ros2_gopigo3_node/share/ros2_gopigo3_node
copying urdf/gopi5go_dave.urdf -> /home/ubuntu/LyricalDave/ros2ws/install/ros2_gopigo3_node/share/ros2_gopigo3_node
running install_egg_info
Copying ../../build/ros2_gopigo3_node/ros2_gopigo3_node.egg-info to /home/ubuntu/LyricalDave/ros2ws/install/ros2_gopigo3_node/lib/python3.14/site-packages/ros2_gopigo3_node-0.0.0-py3.14.egg-info
running install_scripts
Installing distance_sensor script to /home/ubuntu/LyricalDave/ros2ws/install/ros2_gopigo3_node/lib/ros2_gopigo3_node
Installing distance_sensor_subscriber script to /home/ubuntu/LyricalDave/ros2ws/install/ros2_gopigo3_node/lib/ros2_gopigo3_node
Installing gopigo3_node script to /home/ubuntu/LyricalDave/ros2ws/install/ros2_gopigo3_node/lib/ros2_gopigo3_node
Installing imu_sensor script to /home/ubuntu/LyricalDave/ros2ws/install/ros2_gopigo3_node/lib/ros2_gopigo3_node
Installing odometer script to /home/ubuntu/LyricalDave/ros2ws/install/ros2_gopigo3_node/lib/ros2_gopigo3_node
Installing ultrasonic_ranger script to /home/ubuntu/LyricalDave/ros2ws/install/ros2_gopigo3_node/lib/ros2_gopigo3_node
writing list of installed files to '/home/ubuntu/LyricalDave/ros2ws/build/ros2_gopigo3_node/install.log'
