[6.300s] Invoking command in '/home/ubuntu/LyricalDave/ros2ws/src/ros2_gopigo3_node': AMENT_PREFIX_PATH=/home/ubuntu/LyricalDave/ros2ws/install/ros2_gopigo3_msg:${AMENT_PREFIX_PATH} CMAKE_PREFIX_PATH=/home/ubuntu/LyricalDave/ros2ws/install/ros2_gopigo3_msg PYTHONPATH=/home/ubuntu/LyricalDave/ros2ws/build/ros2_gopigo3_node/prefix_override:/usr/lib/python3/dist-packages/colcon_core/task/python/colcon_distutils_commands:/home/ubuntu/LyricalDave/ros2ws/install/ros2_gopigo3_node/lib/python3.14/site-packages:/home/ubuntu/LyricalDave/ros2ws/install/ros2_gopigo3_msg/lib/python3.14/site-packages:/home/ubuntu/LyricalDave/ros2ws/build/teleop_gopigo3_keyboard:/home/ubuntu/LyricalDave/ros2ws/install/teleop_gopigo3_keyboard/lib/python3.14/site-packages:/home/ubuntu/LyricalDave/ros2ws/install/scan_client/lib/python3.14/site-packages:/home/ubuntu/LyricalDave/ros2ws/install/ros2_libcamera_pub/lib/python3.14/site-packages:/home/ubuntu/LyricalDave/ros2ws/build/ros2_gopigo3_node:/home/ubuntu/LyricalDave/ros2ws/install/ros2_gopigo3_node/lib/python3.14/site-packages:/home/ubuntu/LyricalDave/ros2ws/install/nav2_gopigo3/lib/python3.14/site-packages:/home/ubuntu/LyricalDave/ros2ws/install/explorer_wanderer/lib/python3.14/site-packages:/home/ubuntu/LyricalDave/ros2ws/install/demo_nodes_py/lib/python3.14/site-packages:/home/ubuntu/LyricalDave/ros2ws/install/dave_interfaces/lib/python3.14/site-packages:/home/ubuntu/LyricalDave/ros2ws/build/dave:/home/ubuntu/LyricalDave/ros2ws/install/dave/lib/python3.14/site-packages:/home/ubuntu/LyricalDave/ros2ws/install/apriltag_msgs/lib/python3.14/site-packages:/opt/ros/lyrical/lib/python3.14/site-packages /usr/bin/python3 -W ignore:setup.py install is deprecated -W ignore:easy_install command is deprecated setup.py egg_info --egg-base ../../build/ros2_gopigo3_node build --build-base /home/ubuntu/LyricalDave/ros2ws/build/ros2_gopigo3_node/build install --record /home/ubuntu/LyricalDave/ros2ws/build/ros2_gopigo3_node/install.log --single-version-externally-managed install_data
[7.565s] /usr/lib/python3/dist-packages/setuptools/_distutils/dist.py:289: UserWarning: Unknown distribution option: 'tests_require'
[7.566s]   warnings.warn(msg)
[8.655s] running egg_info
[8.818s] creating ../../build/ros2_gopigo3_node/ros2_gopigo3_node.egg-info
[8.819s] writing ../../build/ros2_gopigo3_node/ros2_gopigo3_node.egg-info/PKG-INFO
[8.822s] writing dependency_links to ../../build/ros2_gopigo3_node/ros2_gopigo3_node.egg-info/dependency_links.txt
[8.823s] writing entry points to ../../build/ros2_gopigo3_node/ros2_gopigo3_node.egg-info/entry_points.txt
[8.824s] writing requirements to ../../build/ros2_gopigo3_node/ros2_gopigo3_node.egg-info/requires.txt
[8.825s] writing top-level names to ../../build/ros2_gopigo3_node/ros2_gopigo3_node.egg-info/top_level.txt
[8.826s] writing manifest file '../../build/ros2_gopigo3_node/ros2_gopigo3_node.egg-info/SOURCES.txt'
[9.174s] reading manifest file '../../build/ros2_gopigo3_node/ros2_gopigo3_node.egg-info/SOURCES.txt'
[9.178s] writing manifest file '../../build/ros2_gopigo3_node/ros2_gopigo3_node.egg-info/SOURCES.txt'
[9.178s] running build
[9.179s] running build_py
[9.180s] creating /home/ubuntu/LyricalDave/ros2ws/build/ros2_gopigo3_node/build/lib/ros2_gopigo3_node
[9.181s] copying ros2_gopigo3_node/__init__.py -> /home/ubuntu/LyricalDave/ros2ws/build/ros2_gopigo3_node/build/lib/ros2_gopigo3_node
[9.182s] copying ros2_gopigo3_node/distance_sensor.py -> /home/ubuntu/LyricalDave/ros2ws/build/ros2_gopigo3_node/build/lib/ros2_gopigo3_node
[9.183s] copying ros2_gopigo3_node/gopigo3_node.py -> /home/ubuntu/LyricalDave/ros2ws/build/ros2_gopigo3_node/build/lib/ros2_gopigo3_node
[9.184s] copying ros2_gopigo3_node/imu_sensor.py -> /home/ubuntu/LyricalDave/ros2ws/build/ros2_gopigo3_node/build/lib/ros2_gopigo3_node
[9.186s] copying ros2_gopigo3_node/distance_sensor_subscriber.py -> /home/ubuntu/LyricalDave/ros2ws/build/ros2_gopigo3_node/build/lib/ros2_gopigo3_node
[9.187s] copying ros2_gopigo3_node/odometer.py -> /home/ubuntu/LyricalDave/ros2ws/build/ros2_gopigo3_node/build/lib/ros2_gopigo3_node
[9.188s] copying ros2_gopigo3_node/safety_shutdown.py -> /home/ubuntu/LyricalDave/ros2ws/build/ros2_gopigo3_node/build/lib/ros2_gopigo3_node
[9.189s] copying ros2_gopigo3_node/ultrasonic_ranger.py -> /home/ubuntu/LyricalDave/ros2ws/build/ros2_gopigo3_node/build/lib/ros2_gopigo3_node
[9.192s] running install
[9.214s] running install_lib
[9.360s] creating /home/ubuntu/LyricalDave/ros2ws/install/ros2_gopigo3_node/lib/python3.14/site-packages/ros2_gopigo3_node
[9.361s] copying /home/ubuntu/LyricalDave/ros2ws/build/ros2_gopigo3_node/build/lib/ros2_gopigo3_node/__init__.py -> /home/ubuntu/LyricalDave/ros2ws/install/ros2_gopigo3_node/lib/python3.14/site-packages/ros2_gopigo3_node
[9.363s] copying /home/ubuntu/LyricalDave/ros2ws/build/ros2_gopigo3_node/build/lib/ros2_gopigo3_node/distance_sensor.py -> /home/ubuntu/LyricalDave/ros2ws/install/ros2_gopigo3_node/lib/python3.14/site-packages/ros2_gopigo3_node
[9.363s] copying /home/ubuntu/LyricalDave/ros2ws/build/ros2_gopigo3_node/build/lib/ros2_gopigo3_node/gopigo3_node.py -> /home/ubuntu/LyricalDave/ros2ws/install/ros2_gopigo3_node/lib/python3.14/site-packages/ros2_gopigo3_node
[9.364s] copying /home/ubuntu/LyricalDave/ros2ws/build/ros2_gopigo3_node/build/lib/ros2_gopigo3_node/imu_sensor.py -> /home/ubuntu/LyricalDave/ros2ws/install/ros2_gopigo3_node/lib/python3.14/site-packages/ros2_gopigo3_node
[9.365s] copying /home/ubuntu/LyricalDave/ros2ws/build/ros2_gopigo3_node/build/lib/ros2_gopigo3_node/distance_sensor_subscriber.py -> /home/ubuntu/LyricalDave/ros2ws/install/ros2_gopigo3_node/lib/python3.14/site-packages/ros2_gopigo3_node
[9.366s] copying /home/ubuntu/LyricalDave/ros2ws/build/ros2_gopigo3_node/build/lib/ros2_gopigo3_node/odometer.py -> /home/ubuntu/LyricalDave/ros2ws/install/ros2_gopigo3_node/lib/python3.14/site-packages/ros2_gopigo3_node
[9.368s] copying /home/ubuntu/LyricalDave/ros2ws/build/ros2_gopigo3_node/build/lib/ros2_gopigo3_node/safety_shutdown.py -> /home/ubuntu/LyricalDave/ros2ws/install/ros2_gopigo3_node/lib/python3.14/site-packages/ros2_gopigo3_node
[9.369s] copying /home/ubuntu/LyricalDave/ros2ws/build/ros2_gopigo3_node/build/lib/ros2_gopigo3_node/ultrasonic_ranger.py -> /home/ubuntu/LyricalDave/ros2ws/install/ros2_gopigo3_node/lib/python3.14/site-packages/ros2_gopigo3_node
[9.372s] byte-compiling /home/ubuntu/LyricalDave/ros2ws/install/ros2_gopigo3_node/lib/python3.14/site-packages/ros2_gopigo3_node/__init__.py to __init__.cpython-314.pyc
[9.374s] byte-compiling /home/ubuntu/LyricalDave/ros2ws/install/ros2_gopigo3_node/lib/python3.14/site-packages/ros2_gopigo3_node/distance_sensor.py to distance_sensor.cpython-314.pyc
[9.378s] byte-compiling /home/ubuntu/LyricalDave/ros2ws/install/ros2_gopigo3_node/lib/python3.14/site-packages/ros2_gopigo3_node/gopigo3_node.py to gopigo3_node.cpython-314.pyc
[9.397s] byte-compiling /home/ubuntu/LyricalDave/ros2ws/install/ros2_gopigo3_node/lib/python3.14/site-packages/ros2_gopigo3_node/imu_sensor.py to imu_sensor.cpython-314.pyc
[9.402s] byte-compiling /home/ubuntu/LyricalDave/ros2ws/install/ros2_gopigo3_node/lib/python3.14/site-packages/ros2_gopigo3_node/distance_sensor_subscriber.py to distance_sensor_subscriber.cpython-314.pyc
[9.405s] byte-compiling /home/ubuntu/LyricalDave/ros2ws/install/ros2_gopigo3_node/lib/python3.14/site-packages/ros2_gopigo3_node/odometer.py to odometer.cpython-314.pyc
[9.416s] byte-compiling /home/ubuntu/LyricalDave/ros2ws/install/ros2_gopigo3_node/lib/python3.14/site-packages/ros2_gopigo3_node/safety_shutdown.py to safety_shutdown.cpython-314.pyc
[9.421s] byte-compiling /home/ubuntu/LyricalDave/ros2ws/install/ros2_gopigo3_node/lib/python3.14/site-packages/ros2_gopigo3_node/ultrasonic_ranger.py to ultrasonic_ranger.cpython-314.pyc
[9.425s] running install_data
[9.426s] creating /home/ubuntu/LyricalDave/ros2ws/install/ros2_gopigo3_node/share/ament_index/resource_index/packages
[9.428s] copying resource/ros2_gopigo3_node -> /home/ubuntu/LyricalDave/ros2ws/install/ros2_gopigo3_node/share/ament_index/resource_index/packages
[9.429s] copying package.xml -> /home/ubuntu/LyricalDave/ros2ws/install/ros2_gopigo3_node/share/ros2_gopigo3_node
[9.430s] copying launch/ros2_finmark_state_and_joint.launch.py -> /home/ubuntu/LyricalDave/ros2ws/install/ros2_gopigo3_node/share/ros2_gopigo3_node
[9.431s] copying launch/ros2_gopi5go_dave_state_and_joint.launch.py -> /home/ubuntu/LyricalDave/ros2ws/install/ros2_gopigo3_node/share/ros2_gopigo3_node
[9.432s] copying launch/ros2_dave_state_and_joint.launch.py -> /home/ubuntu/LyricalDave/ros2ws/install/ros2_gopigo3_node/share/ros2_gopigo3_node
[9.433s] copying launch/ros2_gpgMin_state_and_joint.launch.py -> /home/ubuntu/LyricalDave/ros2ws/install/ros2_gopigo3_node/share/ros2_gopigo3_node
[9.435s] copying urdf/finmark.urdf -> /home/ubuntu/LyricalDave/ros2ws/install/ros2_gopigo3_node/share/ros2_gopigo3_node
[9.436s] copying urdf/dave.urdf -> /home/ubuntu/LyricalDave/ros2ws/install/ros2_gopigo3_node/share/ros2_gopigo3_node
[9.437s] copying urdf/gpgMin.urdf -> /home/ubuntu/LyricalDave/ros2ws/install/ros2_gopigo3_node/share/ros2_gopigo3_node
[9.438s] copying urdf/common_properties.urdf -> /home/ubuntu/LyricalDave/ros2ws/install/ros2_gopigo3_node/share/ros2_gopigo3_node
[9.439s] copying urdf/gpg3_gopi5go_dave.urdf -> /home/ubuntu/LyricalDave/ros2ws/install/ros2_gopigo3_node/share/ros2_gopigo3_node
[9.440s] copying urdf/kilteddave.urdf -> /home/ubuntu/LyricalDave/ros2ws/install/ros2_gopigo3_node/share/ros2_gopigo3_node
[9.441s] copying urdf/humbledave2.urdf -> /home/ubuntu/LyricalDave/ros2ws/install/ros2_gopigo3_node/share/ros2_gopigo3_node
[9.442s] copying urdf/gopi5go_dave.urdf -> /home/ubuntu/LyricalDave/ros2ws/install/ros2_gopigo3_node/share/ros2_gopigo3_node
[9.443s] running install_egg_info
[9.583s] Copying ../../build/ros2_gopigo3_node/ros2_gopigo3_node.egg-info to /home/ubuntu/LyricalDave/ros2ws/install/ros2_gopigo3_node/lib/python3.14/site-packages/ros2_gopigo3_node-0.0.0-py3.14.egg-info
[9.589s] running install_scripts
[10.360s] Installing distance_sensor script to /home/ubuntu/LyricalDave/ros2ws/install/ros2_gopigo3_node/lib/ros2_gopigo3_node
[10.361s] Installing distance_sensor_subscriber script to /home/ubuntu/LyricalDave/ros2ws/install/ros2_gopigo3_node/lib/ros2_gopigo3_node
[10.362s] Installing gopigo3_node script to /home/ubuntu/LyricalDave/ros2ws/install/ros2_gopigo3_node/lib/ros2_gopigo3_node
[10.363s] Installing imu_sensor script to /home/ubuntu/LyricalDave/ros2ws/install/ros2_gopigo3_node/lib/ros2_gopigo3_node
[10.364s] Installing odometer script to /home/ubuntu/LyricalDave/ros2ws/install/ros2_gopigo3_node/lib/ros2_gopigo3_node
[10.365s] Installing ultrasonic_ranger script to /home/ubuntu/LyricalDave/ros2ws/install/ros2_gopigo3_node/lib/ros2_gopigo3_node
[10.367s] writing list of installed files to '/home/ubuntu/LyricalDave/ros2ws/build/ros2_gopigo3_node/install.log'
[10.620s] Invoked command in '/home/ubuntu/LyricalDave/ros2ws/src/ros2_gopigo3_node' returned '0': AMENT_PREFIX_PATH=/home/ubuntu/LyricalDave/ros2ws/install/ros2_gopigo3_msg:${AMENT_PREFIX_PATH} CMAKE_PREFIX_PATH=/home/ubuntu/LyricalDave/ros2ws/install/ros2_gopigo3_msg PYTHONPATH=/home/ubuntu/LyricalDave/ros2ws/build/ros2_gopigo3_node/prefix_override:/usr/lib/python3/dist-packages/colcon_core/task/python/colcon_distutils_commands:/home/ubuntu/LyricalDave/ros2ws/install/ros2_gopigo3_node/lib/python3.14/site-packages:/home/ubuntu/LyricalDave/ros2ws/install/ros2_gopigo3_msg/lib/python3.14/site-packages:/home/ubuntu/LyricalDave/ros2ws/build/teleop_gopigo3_keyboard:/home/ubuntu/LyricalDave/ros2ws/install/teleop_gopigo3_keyboard/lib/python3.14/site-packages:/home/ubuntu/LyricalDave/ros2ws/install/scan_client/lib/python3.14/site-packages:/home/ubuntu/LyricalDave/ros2ws/install/ros2_libcamera_pub/lib/python3.14/site-packages:/home/ubuntu/LyricalDave/ros2ws/build/ros2_gopigo3_node:/home/ubuntu/LyricalDave/ros2ws/install/ros2_gopigo3_node/lib/python3.14/site-packages:/home/ubuntu/LyricalDave/ros2ws/install/nav2_gopigo3/lib/python3.14/site-packages:/home/ubuntu/LyricalDave/ros2ws/install/explorer_wanderer/lib/python3.14/site-packages:/home/ubuntu/LyricalDave/ros2ws/install/demo_nodes_py/lib/python3.14/site-packages:/home/ubuntu/LyricalDave/ros2ws/install/dave_interfaces/lib/python3.14/site-packages:/home/ubuntu/LyricalDave/ros2ws/build/dave:/home/ubuntu/LyricalDave/ros2ws/install/dave/lib/python3.14/site-packages:/home/ubuntu/LyricalDave/ros2ws/install/apriltag_msgs/lib/python3.14/site-packages:/opt/ros/lyrical/lib/python3.14/site-packages /usr/bin/python3 -W ignore:setup.py install is deprecated -W ignore:easy_install command is deprecated setup.py egg_info --egg-base ../../build/ros2_gopigo3_node build --build-base /home/ubuntu/LyricalDave/ros2ws/build/ros2_gopigo3_node/build install --record /home/ubuntu/LyricalDave/ros2ws/build/ros2_gopigo3_node/install.log --single-version-externally-managed install_data
