[2.836s] Invoking command in '/home/ubuntu/LyricalDave/ros2ws/build/ros2_gopigo3_node': PYTHONPATH=/home/ubuntu/LyricalDave/ros2ws/build/ros2_gopigo3_node/prefix_override:/usr/lib/python3/dist-packages/colcon_core/task/python/colcon_distutils_commands:/home/ubuntu/LyricalDave/ros2ws/install/ros2_gopigo3_node/lib/python3.14/site-packages:/home/ubuntu/LyricalDave/ros2ws/install/ros2_gopigo3_msg/lib/python3.14/site-packages:/home/ubuntu/LyricalDave/ros2ws/build/teleop_gopigo3_keyboard:/home/ubuntu/LyricalDave/ros2ws/install/teleop_gopigo3_keyboard/lib/python3.14/site-packages:/home/ubuntu/LyricalDave/ros2ws/install/scan_client/lib/python3.14/site-packages:/home/ubuntu/LyricalDave/ros2ws/install/ros2_libcamera_pub/lib/python3.14/site-packages:/home/ubuntu/LyricalDave/ros2ws/build/ros2_gopigo3_node:/home/ubuntu/LyricalDave/ros2ws/install/ros2_gopigo3_node/lib/python3.14/site-packages:/home/ubuntu/LyricalDave/ros2ws/install/nav2_gopigo3/lib/python3.14/site-packages:/home/ubuntu/LyricalDave/ros2ws/install/explorer_wanderer/lib/python3.14/site-packages:/home/ubuntu/LyricalDave/ros2ws/install/demo_nodes_py/lib/python3.14/site-packages:/home/ubuntu/LyricalDave/ros2ws/install/dave_interfaces/lib/python3.14/site-packages:/home/ubuntu/LyricalDave/ros2ws/build/dave:/home/ubuntu/LyricalDave/ros2ws/install/dave/lib/python3.14/site-packages:/home/ubuntu/LyricalDave/ros2ws/install/apriltag_msgs/lib/python3.14/site-packages:/opt/ros/lyrical/lib/python3.14/site-packages /usr/bin/python3 -W ignore:setup.py install is deprecated -W ignore:easy_install command is deprecated setup.py develop --editable --build-directory /home/ubuntu/LyricalDave/ros2ws/build/ros2_gopigo3_node/build --no-deps symlink_data --force
[3.466s] /usr/lib/python3/dist-packages/setuptools/_distutils/dist.py:289: UserWarning: Unknown distribution option: 'tests_require'
[3.467s]   warnings.warn(msg)
[3.929s] running develop
[4.473s] running egg_info
[4.534s] writing ros2_gopigo3_node.egg-info/PKG-INFO
[4.536s] writing dependency_links to ros2_gopigo3_node.egg-info/dependency_links.txt
[4.537s] writing entry points to ros2_gopigo3_node.egg-info/entry_points.txt
[4.538s] writing requirements to ros2_gopigo3_node.egg-info/requires.txt
[4.538s] writing top-level names to ros2_gopigo3_node.egg-info/top_level.txt
[4.666s] reading manifest file 'ros2_gopigo3_node.egg-info/SOURCES.txt'
[4.670s] writing manifest file 'ros2_gopigo3_node.egg-info/SOURCES.txt'
[4.736s] running build_ext
[4.737s] Creating /home/ubuntu/LyricalDave/ros2ws/install/ros2_gopigo3_node/lib/python3.14/site-packages/ros2-gopigo3-node.egg-link (link to .)
[4.739s] Installing distance_sensor script to /home/ubuntu/LyricalDave/ros2ws/install/ros2_gopigo3_node/lib/ros2_gopigo3_node
[4.740s] Installing distance_sensor_subscriber script to /home/ubuntu/LyricalDave/ros2ws/install/ros2_gopigo3_node/lib/ros2_gopigo3_node
[4.741s] Installing gopigo3_node script to /home/ubuntu/LyricalDave/ros2ws/install/ros2_gopigo3_node/lib/ros2_gopigo3_node
[4.742s] Installing imu_sensor script to /home/ubuntu/LyricalDave/ros2ws/install/ros2_gopigo3_node/lib/ros2_gopigo3_node
[4.742s] Installing odometer script to /home/ubuntu/LyricalDave/ros2ws/install/ros2_gopigo3_node/lib/ros2_gopigo3_node
[4.743s] Installing ultrasonic_ranger script to /home/ubuntu/LyricalDave/ros2ws/install/ros2_gopigo3_node/lib/ros2_gopigo3_node
[4.744s] 
[4.744s] Installed /home/ubuntu/LyricalDave/ros2ws/build/ros2_gopigo3_node
[4.745s] running symlink_data
[4.745s] symbolically linking /home/ubuntu/LyricalDave/ros2ws/build/ros2_gopigo3_node/resource/ros2_gopigo3_node -> /home/ubuntu/LyricalDave/ros2ws/install/ros2_gopigo3_node/share/ament_index/resource_index/packages
[4.746s] symbolically linking /home/ubuntu/LyricalDave/ros2ws/build/ros2_gopigo3_node/package.xml -> /home/ubuntu/LyricalDave/ros2ws/install/ros2_gopigo3_node/share/ros2_gopigo3_node
[4.747s] symbolically linking /home/ubuntu/LyricalDave/ros2ws/build/ros2_gopigo3_node/launch/ros2_finmark_state_and_joint.launch.py -> /home/ubuntu/LyricalDave/ros2ws/install/ros2_gopigo3_node/share/ros2_gopigo3_node
[4.748s] symbolically linking /home/ubuntu/LyricalDave/ros2ws/build/ros2_gopigo3_node/launch/ros2_gopi5go_dave_state_and_joint.launch.py -> /home/ubuntu/LyricalDave/ros2ws/install/ros2_gopigo3_node/share/ros2_gopigo3_node
[4.748s] symbolically linking /home/ubuntu/LyricalDave/ros2ws/build/ros2_gopigo3_node/launch/ros2_dave_state_and_joint.launch.py -> /home/ubuntu/LyricalDave/ros2ws/install/ros2_gopigo3_node/share/ros2_gopigo3_node
[4.749s] symbolically linking /home/ubuntu/LyricalDave/ros2ws/build/ros2_gopigo3_node/launch/ros2_gpgMin_state_and_joint.launch.py -> /home/ubuntu/LyricalDave/ros2ws/install/ros2_gopigo3_node/share/ros2_gopigo3_node
[4.750s] symbolically linking /home/ubuntu/LyricalDave/ros2ws/build/ros2_gopigo3_node/urdf/finmark.urdf -> /home/ubuntu/LyricalDave/ros2ws/install/ros2_gopigo3_node/share/ros2_gopigo3_node
[4.750s] symbolically linking /home/ubuntu/LyricalDave/ros2ws/build/ros2_gopigo3_node/urdf/dave.urdf -> /home/ubuntu/LyricalDave/ros2ws/install/ros2_gopigo3_node/share/ros2_gopigo3_node
[4.751s] symbolically linking /home/ubuntu/LyricalDave/ros2ws/build/ros2_gopigo3_node/urdf/gpgMin.urdf -> /home/ubuntu/LyricalDave/ros2ws/install/ros2_gopigo3_node/share/ros2_gopigo3_node
[4.751s] symbolically linking /home/ubuntu/LyricalDave/ros2ws/build/ros2_gopigo3_node/urdf/common_properties.urdf -> /home/ubuntu/LyricalDave/ros2ws/install/ros2_gopigo3_node/share/ros2_gopigo3_node
[4.752s] symbolically linking /home/ubuntu/LyricalDave/ros2ws/build/ros2_gopigo3_node/urdf/gpg3_gopi5go_dave.urdf -> /home/ubuntu/LyricalDave/ros2ws/install/ros2_gopigo3_node/share/ros2_gopigo3_node
[4.752s] symbolically linking /home/ubuntu/LyricalDave/ros2ws/build/ros2_gopigo3_node/urdf/kilteddave.urdf -> /home/ubuntu/LyricalDave/ros2ws/install/ros2_gopigo3_node/share/ros2_gopigo3_node
[4.753s] symbolically linking /home/ubuntu/LyricalDave/ros2ws/build/ros2_gopigo3_node/urdf/humbledave2.urdf -> /home/ubuntu/LyricalDave/ros2ws/install/ros2_gopigo3_node/share/ros2_gopigo3_node
[4.754s] symbolically linking /home/ubuntu/LyricalDave/ros2ws/build/ros2_gopigo3_node/urdf/gopi5go_dave.urdf -> /home/ubuntu/LyricalDave/ros2ws/install/ros2_gopigo3_node/share/ros2_gopigo3_node
[4.947s] Invoked command in '/home/ubuntu/LyricalDave/ros2ws/build/ros2_gopigo3_node' returned '0': PYTHONPATH=/home/ubuntu/LyricalDave/ros2ws/build/ros2_gopigo3_node/prefix_override:/usr/lib/python3/dist-packages/colcon_core/task/python/colcon_distutils_commands:/home/ubuntu/LyricalDave/ros2ws/install/ros2_gopigo3_node/lib/python3.14/site-packages:/home/ubuntu/LyricalDave/ros2ws/install/ros2_gopigo3_msg/lib/python3.14/site-packages:/home/ubuntu/LyricalDave/ros2ws/build/teleop_gopigo3_keyboard:/home/ubuntu/LyricalDave/ros2ws/install/teleop_gopigo3_keyboard/lib/python3.14/site-packages:/home/ubuntu/LyricalDave/ros2ws/install/scan_client/lib/python3.14/site-packages:/home/ubuntu/LyricalDave/ros2ws/install/ros2_libcamera_pub/lib/python3.14/site-packages:/home/ubuntu/LyricalDave/ros2ws/build/ros2_gopigo3_node:/home/ubuntu/LyricalDave/ros2ws/install/ros2_gopigo3_node/lib/python3.14/site-packages:/home/ubuntu/LyricalDave/ros2ws/install/nav2_gopigo3/lib/python3.14/site-packages:/home/ubuntu/LyricalDave/ros2ws/install/explorer_wanderer/lib/python3.14/site-packages:/home/ubuntu/LyricalDave/ros2ws/install/demo_nodes_py/lib/python3.14/site-packages:/home/ubuntu/LyricalDave/ros2ws/install/dave_interfaces/lib/python3.14/site-packages:/home/ubuntu/LyricalDave/ros2ws/build/dave:/home/ubuntu/LyricalDave/ros2ws/install/dave/lib/python3.14/site-packages:/home/ubuntu/LyricalDave/ros2ws/install/apriltag_msgs/lib/python3.14/site-packages:/opt/ros/lyrical/lib/python3.14/site-packages /usr/bin/python3 -W ignore:setup.py install is deprecated -W ignore:easy_install command is deprecated setup.py develop --editable --build-directory /home/ubuntu/LyricalDave/ros2ws/build/ros2_gopigo3_node/build --no-deps symlink_data --force
