/usr/lib/python3/dist-packages/setuptools/_distutils/dist.py:289: UserWarning: Unknown distribution option: 'tests_require'
  warnings.warn(msg)
/usr/lib/python3/dist-packages/setuptools/dist.py:759: SetuptoolsDeprecationWarning: License classifiers are deprecated.
!!

        ********************************************************************************
        Please consider removing the following classifiers in favor of a SPDX license expression:

        License :: BSD

        See https://packaging.python.org/en/latest/guides/writing-pyproject-toml/#license for details.
        ********************************************************************************

!!
  self._finalize_license_expression()
running egg_info
writing ../../build/scan_client/scan_client.egg-info/PKG-INFO
writing dependency_links to ../../build/scan_client/scan_client.egg-info/dependency_links.txt
writing entry points to ../../build/scan_client/scan_client.egg-info/entry_points.txt
writing requirements to ../../build/scan_client/scan_client.egg-info/requires.txt
writing top-level names to ../../build/scan_client/scan_client.egg-info/top_level.txt
reading manifest file '../../build/scan_client/scan_client.egg-info/SOURCES.txt'
adding license file 'LICENSE'
writing manifest file '../../build/scan_client/scan_client.egg-info/SOURCES.txt'
running build
running build_py
copying scan_client.py -> /home/ubuntu/LyricalDave/ros2ws/build/scan_client/build/lib
running install
running install_lib
running install_data
copying resource/scan_client -> /home/ubuntu/LyricalDave/ros2ws/install/scan_client/share/ament_index/resource_index/packages
copying package.xml -> /home/ubuntu/LyricalDave/ros2ws/install/scan_client/share/scan_client
running install_egg_info
removing '/home/ubuntu/LyricalDave/ros2ws/install/scan_client/lib/python3.14/site-packages/scan_client-0.1-py3.14.egg-info' (and everything under it)
Copying ../../build/scan_client/scan_client.egg-info to /home/ubuntu/LyricalDave/ros2ws/install/scan_client/lib/python3.14/site-packages/scan_client-0.1-py3.14.egg-info
running install_scripts
Installing scan_client script to /home/ubuntu/LyricalDave/ros2ws/install/scan_client/lib/scan_client
writing list of installed files to '/home/ubuntu/LyricalDave/ros2ws/build/scan_client/install.log'
