[5.744s] Invoking command in '/home/ubuntu/LyricalDave/ros2ws/src/scan_client': PYTHONPATH=/home/ubuntu/LyricalDave/ros2ws/build/scan_client/prefix_override:/usr/lib/python3/dist-packages/colcon_core/task/python/colcon_distutils_commands:/home/ubuntu/LyricalDave/ros2ws/install/scan_client/lib/python3.14/site-packages:${PYTHONPATH} /usr/bin/python3 -W ignore:setup.py install is deprecated -W ignore:easy_install command is deprecated setup.py egg_info --egg-base ../../build/scan_client build --build-base /home/ubuntu/LyricalDave/ros2ws/build/scan_client/build install --record /home/ubuntu/LyricalDave/ros2ws/build/scan_client/install.log --single-version-externally-managed install_data
[6.704s] /usr/lib/python3/dist-packages/setuptools/_distutils/dist.py:289: UserWarning: Unknown distribution option: 'tests_require'
[6.707s]   warnings.warn(msg)
[6.937s] /usr/lib/python3/dist-packages/setuptools/dist.py:759: SetuptoolsDeprecationWarning: License classifiers are deprecated.
[6.938s] !!
[6.940s] 
[6.943s]         ********************************************************************************
[6.944s]         Please consider removing the following classifiers in favor of a SPDX license expression:
[6.944s] 
[6.945s]         License :: BSD
[6.945s] 
[6.946s]         See https://packaging.python.org/en/latest/guides/writing-pyproject-toml/#license for details.
[6.946s]         ********************************************************************************
[6.947s] 
[6.948s] !!
[6.948s]   self._finalize_license_expression()
[7.708s] running egg_info
[7.849s] writing ../../build/scan_client/scan_client.egg-info/PKG-INFO
[7.851s] writing dependency_links to ../../build/scan_client/scan_client.egg-info/dependency_links.txt
[7.852s] writing entry points to ../../build/scan_client/scan_client.egg-info/entry_points.txt
[7.853s] writing requirements to ../../build/scan_client/scan_client.egg-info/requires.txt
[7.854s] writing top-level names to ../../build/scan_client/scan_client.egg-info/top_level.txt
[8.082s] reading manifest file '../../build/scan_client/scan_client.egg-info/SOURCES.txt'
[8.084s] adding license file 'LICENSE'
[8.087s] writing manifest file '../../build/scan_client/scan_client.egg-info/SOURCES.txt'
[8.089s] running build
[8.091s] running build_py
[8.091s] copying scan_client.py -> /home/ubuntu/LyricalDave/ros2ws/build/scan_client/build/lib
[8.091s] running install
[8.111s] running install_lib
[8.205s] running install_data
[8.206s] copying resource/scan_client -> /home/ubuntu/LyricalDave/ros2ws/install/scan_client/share/ament_index/resource_index/packages
[8.207s] copying package.xml -> /home/ubuntu/LyricalDave/ros2ws/install/scan_client/share/scan_client
[8.208s] running install_egg_info
[8.300s] removing '/home/ubuntu/LyricalDave/ros2ws/install/scan_client/lib/python3.14/site-packages/scan_client-0.1-py3.14.egg-info' (and everything under it)
[8.301s] Copying ../../build/scan_client/scan_client.egg-info to /home/ubuntu/LyricalDave/ros2ws/install/scan_client/lib/python3.14/site-packages/scan_client-0.1-py3.14.egg-info
[8.306s] running install_scripts
[8.772s] Installing scan_client script to /home/ubuntu/LyricalDave/ros2ws/install/scan_client/lib/scan_client
[8.774s] writing list of installed files to '/home/ubuntu/LyricalDave/ros2ws/build/scan_client/install.log'
[9.046s] Invoked command in '/home/ubuntu/LyricalDave/ros2ws/src/scan_client' returned '0': PYTHONPATH=/home/ubuntu/LyricalDave/ros2ws/build/scan_client/prefix_override:/usr/lib/python3/dist-packages/colcon_core/task/python/colcon_distutils_commands:/home/ubuntu/LyricalDave/ros2ws/install/scan_client/lib/python3.14/site-packages:${PYTHONPATH} /usr/bin/python3 -W ignore:setup.py install is deprecated -W ignore:easy_install command is deprecated setup.py egg_info --egg-base ../../build/scan_client build --build-base /home/ubuntu/LyricalDave/ros2ws/build/scan_client/build install --record /home/ubuntu/LyricalDave/ros2ws/build/scan_client/install.log --single-version-externally-managed install_data
