[5.207s] Invoking command in '/home/ubuntu/LyricalDave/ros2ws/src/explorer_wanderer': PYTHONPATH=/home/ubuntu/LyricalDave/ros2ws/build/explorer_wanderer/prefix_override:/usr/lib/python3/dist-packages/colcon_core/task/python/colcon_distutils_commands:/home/ubuntu/LyricalDave/ros2ws/install/explorer_wanderer/lib/python3.14/site-packages:${PYTHONPATH} /usr/bin/python3 -W ignore:setup.py install is deprecated -W ignore:easy_install command is deprecated setup.py egg_info --egg-base ../../build/explorer_wanderer build --build-base /home/ubuntu/LyricalDave/ros2ws/build/explorer_wanderer/build install --record /home/ubuntu/LyricalDave/ros2ws/build/explorer_wanderer/install.log --single-version-externally-managed install_data
[6.639s] /usr/lib/python3/dist-packages/setuptools/_distutils/dist.py:289: UserWarning: Unknown distribution option: 'tests_require'
[6.640s]   warnings.warn(msg)
[7.327s] running egg_info
[7.397s] writing ../../build/explorer_wanderer/explorer_wanderer.egg-info/PKG-INFO
[7.399s] writing dependency_links to ../../build/explorer_wanderer/explorer_wanderer.egg-info/dependency_links.txt
[7.400s] writing entry points to ../../build/explorer_wanderer/explorer_wanderer.egg-info/entry_points.txt
[7.401s] writing requirements to ../../build/explorer_wanderer/explorer_wanderer.egg-info/requires.txt
[7.402s] writing top-level names to ../../build/explorer_wanderer/explorer_wanderer.egg-info/top_level.txt
[7.667s] reading manifest file '../../build/explorer_wanderer/explorer_wanderer.egg-info/SOURCES.txt'
[7.672s] writing manifest file '../../build/explorer_wanderer/explorer_wanderer.egg-info/SOURCES.txt'
[7.673s] running build
[7.673s] running build_py
[7.674s] copying explorer_wanderer/__init__.py -> /home/ubuntu/LyricalDave/ros2ws/build/explorer_wanderer/build/lib/explorer_wanderer
[7.675s] copying explorer_wanderer/wanderer.py -> /home/ubuntu/LyricalDave/ros2ws/build/explorer_wanderer/build/lib/explorer_wanderer
[7.681s] copying explorer_wanderer/discoverer_server.py -> /home/ubuntu/LyricalDave/ros2ws/build/explorer_wanderer/build/lib/explorer_wanderer
[7.682s] copying explorer_wanderer/wanderer_server.py -> /home/ubuntu/LyricalDave/ros2ws/build/explorer_wanderer/build/lib/explorer_wanderer
[7.684s] running install
[7.701s] running install_lib
[7.798s] running install_data
[7.799s] copying resource/explorer_wanderer -> /home/ubuntu/LyricalDave/ros2ws/install/explorer_wanderer/share/ament_index/resource_index/packages
[7.800s] copying package.xml -> /home/ubuntu/LyricalDave/ros2ws/install/explorer_wanderer/share/explorer_wanderer
[7.800s] running install_egg_info
[7.917s] removing '/home/ubuntu/LyricalDave/ros2ws/install/explorer_wanderer/lib/python3.14/site-packages/explorer_wanderer-0.0.1-py3.14.egg-info' (and everything under it)
[7.919s] Copying ../../build/explorer_wanderer/explorer_wanderer.egg-info to /home/ubuntu/LyricalDave/ros2ws/install/explorer_wanderer/lib/python3.14/site-packages/explorer_wanderer-0.0.1-py3.14.egg-info
[7.925s] running install_scripts
[8.518s] Installing discoverer_server script to /home/ubuntu/LyricalDave/ros2ws/install/explorer_wanderer/lib/explorer_wanderer
[8.519s] Installing wanderer script to /home/ubuntu/LyricalDave/ros2ws/install/explorer_wanderer/lib/explorer_wanderer
[8.521s] Installing wanderer_server script to /home/ubuntu/LyricalDave/ros2ws/install/explorer_wanderer/lib/explorer_wanderer
[8.523s] writing list of installed files to '/home/ubuntu/LyricalDave/ros2ws/build/explorer_wanderer/install.log'
[10.093s] Invoked command in '/home/ubuntu/LyricalDave/ros2ws/src/explorer_wanderer' returned '0': PYTHONPATH=/home/ubuntu/LyricalDave/ros2ws/build/explorer_wanderer/prefix_override:/usr/lib/python3/dist-packages/colcon_core/task/python/colcon_distutils_commands:/home/ubuntu/LyricalDave/ros2ws/install/explorer_wanderer/lib/python3.14/site-packages:${PYTHONPATH} /usr/bin/python3 -W ignore:setup.py install is deprecated -W ignore:easy_install command is deprecated setup.py egg_info --egg-base ../../build/explorer_wanderer build --build-base /home/ubuntu/LyricalDave/ros2ws/build/explorer_wanderer/build install --record /home/ubuntu/LyricalDave/ros2ws/build/explorer_wanderer/install.log --single-version-externally-managed install_data
