[0.109s] Invoking command in '/home/ubuntu/LyricalDave/ros2ws/build/ros2_gopigo3_msg': CMAKE_PREFIX_PATH=${CMAKE_PREFIX_PATH}:/home/ubuntu/LyricalDave/ros2ws/install/teleop_gopigo3_keyboard:/home/ubuntu/LyricalDave/ros2ws/install/scan_client:/home/ubuntu/LyricalDave/ros2ws/install/ros2_libcamera_pub:/home/ubuntu/LyricalDave/ros2ws/install/ros2_gopigo3_node:/home/ubuntu/LyricalDave/ros2ws/install/explorer_wanderer:/home/ubuntu/LyricalDave/ros2ws/install/demo_nodes_py:/home/ubuntu/LyricalDave/ros2ws/install/dave:/opt/ros/lyrical /usr/bin/cmake --build /home/ubuntu/LyricalDave/ros2ws/build/ros2_gopigo3_msg -- -j4 -l4
[1.570s] [  1%] Built target ros2_gopigo3_msg__rs
[1.571s] [  3%] Built target ros2_gopigo3_msg__rosidl_generator_type_description
[1.576s] [  5%] Built target ros2_gopigo3_msg__cpp
[1.578s] [ 25%] Built target ros2_gopigo3_msg__rosidl_generator_c
[1.578s] [ 34%] Built target ros2_gopigo3_msg__rosidl_typesupport_fastrtps_c
[1.579s] [ 43%] Built target ros2_gopigo3_msg__rosidl_typesupport_c
[1.580s] [ 52%] Built target ros2_gopigo3_msg__rosidl_typesupport_fastrtps_cpp
[1.581s] [ 61%] Built target ros2_gopigo3_msg__rosidl_typesupport_introspection_c
[1.581s] [ 70%] Built target ros2_gopigo3_msg__rosidl_typesupport_introspection_cpp
[1.581s] [ 80%] Built target ros2_gopigo3_msg__rosidl_typesupport_cpp
[1.582s] [ 80%] Built target ros2_gopigo3_msg
[1.583s] [ 81%] Built target ros2_gopigo3_msg__py
[1.583s] [ 89%] Built target ros2_gopigo3_msg__rosidl_generator_py
[1.584s] [ 89%] Built target ament_cmake_python_sync_ros2_gopigo3_msg
[1.584s] [ 92%] Built target ros2_gopigo3_msg_s__rosidl_typesupport_fastrtps_c
[1.584s] [ 96%] Built target ros2_gopigo3_msg_s__rosidl_typesupport_c
[1.585s] [100%] Built target ros2_gopigo3_msg_s__rosidl_typesupport_introspection_c
[2.694s] running egg_info
[2.809s] writing ros2_gopigo3_msg.egg-info/PKG-INFO
[2.812s] writing dependency_links to ros2_gopigo3_msg.egg-info/dependency_links.txt
[2.813s] writing top-level names to ros2_gopigo3_msg.egg-info/top_level.txt
[3.355s] reading manifest file 'ros2_gopigo3_msg.egg-info/SOURCES.txt'
[3.362s] writing manifest file 'ros2_gopigo3_msg.egg-info/SOURCES.txt'
[3.664s] [100%] Built target ament_cmake_python_build_ros2_gopigo3_msg_egg
[3.720s] Invoked command in '/home/ubuntu/LyricalDave/ros2ws/build/ros2_gopigo3_msg' returned '0': CMAKE_PREFIX_PATH=${CMAKE_PREFIX_PATH}:/home/ubuntu/LyricalDave/ros2ws/install/teleop_gopigo3_keyboard:/home/ubuntu/LyricalDave/ros2ws/install/scan_client:/home/ubuntu/LyricalDave/ros2ws/install/ros2_libcamera_pub:/home/ubuntu/LyricalDave/ros2ws/install/ros2_gopigo3_node:/home/ubuntu/LyricalDave/ros2ws/install/explorer_wanderer:/home/ubuntu/LyricalDave/ros2ws/install/demo_nodes_py:/home/ubuntu/LyricalDave/ros2ws/install/dave:/opt/ros/lyrical /usr/bin/cmake --build /home/ubuntu/LyricalDave/ros2ws/build/ros2_gopigo3_msg -- -j4 -l4
