[0.053s] Invoking command in '/home/ubuntu/LyricalDave/ros2ws/build/gpg3_cartographer': CMAKE_PREFIX_PATH=/opt/ros/lyrical /usr/bin/cmake --build /home/ubuntu/LyricalDave/ros2ws/build/gpg3_cartographer -- -j4 -l4
[0.261s] Invoked command in '/home/ubuntu/LyricalDave/ros2ws/build/gpg3_cartographer' returned '0': CMAKE_PREFIX_PATH=/opt/ros/lyrical /usr/bin/cmake --build /home/ubuntu/LyricalDave/ros2ws/build/gpg3_cartographer -- -j4 -l4
[0.266s] Invoking command in '/home/ubuntu/LyricalDave/ros2ws/build/gpg3_cartographer': CMAKE_PREFIX_PATH=/opt/ros/lyrical /usr/bin/cmake --install /home/ubuntu/LyricalDave/ros2ws/build/gpg3_cartographer
[0.310s] -- Install configuration: ""
[0.311s] -- Up-to-date: /home/ubuntu/LyricalDave/ros2ws/install/gpg3_cartographer/share/gpg3_cartographer/config
[0.313s] -- Up-to-date: /home/ubuntu/LyricalDave/ros2ws/install/gpg3_cartographer/share/gpg3_cartographer/config/gpg3_2d.lua
[0.315s] -- Up-to-date: /home/ubuntu/LyricalDave/ros2ws/install/gpg3_cartographer/share/gpg3_cartographer/launch
[0.317s] -- Up-to-date: /home/ubuntu/LyricalDave/ros2ws/install/gpg3_cartographer/share/gpg3_cartographer/launch/cartographer.launch.py.orig
[0.319s] -- Up-to-date: /home/ubuntu/LyricalDave/ros2ws/install/gpg3_cartographer/share/gpg3_cartographer/launch/cartographer.launch.py
[0.321s] -- Up-to-date: /home/ubuntu/LyricalDave/ros2ws/install/gpg3_cartographer/share/ament_index/resource_index/package_run_dependencies/gpg3_cartographer
[0.322s] -- Up-to-date: /home/ubuntu/LyricalDave/ros2ws/install/gpg3_cartographer/share/ament_index/resource_index/parent_prefix_path/gpg3_cartographer
[0.323s] -- Up-to-date: /home/ubuntu/LyricalDave/ros2ws/install/gpg3_cartographer/share/gpg3_cartographer/environment/ament_prefix_path.sh
[0.326s] -- Up-to-date: /home/ubuntu/LyricalDave/ros2ws/install/gpg3_cartographer/share/gpg3_cartographer/environment/ament_prefix_path.dsv
[0.326s] -- Up-to-date: /home/ubuntu/LyricalDave/ros2ws/install/gpg3_cartographer/share/gpg3_cartographer/environment/path.sh
[0.327s] -- Up-to-date: /home/ubuntu/LyricalDave/ros2ws/install/gpg3_cartographer/share/gpg3_cartographer/environment/path.dsv
[0.332s] -- Up-to-date: /home/ubuntu/LyricalDave/ros2ws/install/gpg3_cartographer/share/gpg3_cartographer/local_setup.bash
[0.333s] -- Up-to-date: /home/ubuntu/LyricalDave/ros2ws/install/gpg3_cartographer/share/gpg3_cartographer/local_setup.fish
[0.334s] -- Up-to-date: /home/ubuntu/LyricalDave/ros2ws/install/gpg3_cartographer/share/gpg3_cartographer/local_setup.sh
[0.335s] -- Up-to-date: /home/ubuntu/LyricalDave/ros2ws/install/gpg3_cartographer/share/gpg3_cartographer/local_setup.zsh
[0.335s] -- Up-to-date: /home/ubuntu/LyricalDave/ros2ws/install/gpg3_cartographer/share/gpg3_cartographer/local_setup.dsv
[0.336s] -- Up-to-date: /home/ubuntu/LyricalDave/ros2ws/install/gpg3_cartographer/share/gpg3_cartographer/package.dsv
[0.336s] -- Up-to-date: /home/ubuntu/LyricalDave/ros2ws/install/gpg3_cartographer/share/ament_index/resource_index/packages/gpg3_cartographer
[0.337s] -- Up-to-date: /home/ubuntu/LyricalDave/ros2ws/install/gpg3_cartographer/share/gpg3_cartographer/cmake/gpg3_cartographerConfig.cmake
[0.337s] -- Up-to-date: /home/ubuntu/LyricalDave/ros2ws/install/gpg3_cartographer/share/gpg3_cartographer/cmake/gpg3_cartographerConfig-version.cmake
[0.338s] -- Up-to-date: /home/ubuntu/LyricalDave/ros2ws/install/gpg3_cartographer/share/gpg3_cartographer/package.xml
[0.342s] Invoked command in '/home/ubuntu/LyricalDave/ros2ws/build/gpg3_cartographer' returned '0': CMAKE_PREFIX_PATH=/opt/ros/lyrical /usr/bin/cmake --install /home/ubuntu/LyricalDave/ros2ws/build/gpg3_cartographer
