[6.867s] Invoking command in '/home/ubuntu/LyricalDave/ros2ws/src/dave': PYTHONPATH=/home/ubuntu/LyricalDave/ros2ws/build/dave/prefix_override:/usr/lib/python3/dist-packages/colcon_core/task/python/colcon_distutils_commands:/home/ubuntu/LyricalDave/ros2ws/install/dave/lib/python3.14/site-packages:${PYTHONPATH} /usr/bin/python3 -W ignore:setup.py install is deprecated -W ignore:easy_install command is deprecated setup.py egg_info --egg-base ../../build/dave build --build-base /home/ubuntu/LyricalDave/ros2ws/build/dave/build install --record /home/ubuntu/LyricalDave/ros2ws/build/dave/install.log --single-version-externally-managed install_data
[7.938s] /usr/lib/python3/dist-packages/setuptools/_distutils/dist.py:289: UserWarning: Unknown distribution option: 'tests_require'
[7.939s]   warnings.warn(msg)
[8.717s] running egg_info
[8.825s] writing ../../build/dave/dave.egg-info/PKG-INFO
[8.827s] writing dependency_links to ../../build/dave/dave.egg-info/dependency_links.txt
[8.829s] writing entry points to ../../build/dave/dave.egg-info/entry_points.txt
[8.830s] writing requirements to ../../build/dave/dave.egg-info/requires.txt
[8.831s] writing top-level names to ../../build/dave/dave.egg-info/top_level.txt
[9.063s] reading manifest file '../../build/dave/dave.egg-info/SOURCES.txt'
[9.068s] writing manifest file '../../build/dave/dave.egg-info/SOURCES.txt'
[9.069s] running build
[9.070s] running build_py
[9.072s] copying dave/__init__.py -> /home/ubuntu/LyricalDave/ros2ws/build/dave/build/lib/dave
[9.073s] copying dave/test_dock.py -> /home/ubuntu/LyricalDave/ros2ws/build/dave/build/lib/dave
[9.077s] copying dave/say_node.py -> /home/ubuntu/LyricalDave/ros2ws/build/dave/build/lib/dave
[9.078s] copying dave/dave_node.py -> /home/ubuntu/LyricalDave/ros2ws/build/dave/build/lib/dave
[9.078s] copying dave/drive_node.py -> /home/ubuntu/LyricalDave/ros2ws/build/dave/build/lib/dave
[9.079s] copying dave/say_svc_client.py -> /home/ubuntu/LyricalDave/ros2ws/build/dave/build/lib/dave
[9.079s] copying dave/docking_node.py -> /home/ubuntu/LyricalDave/ros2ws/build/dave/build/lib/dave
[9.080s] copying dave/battery_node.py -> /home/ubuntu/LyricalDave/ros2ws/build/dave/build/lib/dave
[9.082s] running install
[9.106s] running install_lib
[9.280s] copying /home/ubuntu/LyricalDave/ros2ws/build/dave/build/lib/dave/drive_node.py -> /home/ubuntu/LyricalDave/ros2ws/install/dave/lib/python3.14/site-packages/dave
[9.286s] byte-compiling /home/ubuntu/LyricalDave/ros2ws/install/dave/lib/python3.14/site-packages/dave/drive_node.py to drive_node.cpython-314.pyc
[9.297s] running install_data
[9.299s] copying resource/dave -> /home/ubuntu/LyricalDave/ros2ws/install/dave/share/ament_index/resource_index/packages
[9.301s] copying package.xml -> /home/ubuntu/LyricalDave/ros2ws/install/dave/share/dave
[9.305s] running install_egg_info
[9.513s] removing '/home/ubuntu/LyricalDave/ros2ws/install/dave/lib/python3.14/site-packages/dave-0.0.0-py3.14.egg-info' (and everything under it)
[9.513s] Copying ../../build/dave/dave.egg-info to /home/ubuntu/LyricalDave/ros2ws/install/dave/lib/python3.14/site-packages/dave-0.0.0-py3.14.egg-info
[9.519s] running install_scripts
[10.286s] Installing battery_node script to /home/ubuntu/LyricalDave/ros2ws/install/dave/lib/dave
[10.289s] Installing dave_node script to /home/ubuntu/LyricalDave/ros2ws/install/dave/lib/dave
[10.294s] Installing docking_node script to /home/ubuntu/LyricalDave/ros2ws/install/dave/lib/dave
[10.302s] Installing drive_node script to /home/ubuntu/LyricalDave/ros2ws/install/dave/lib/dave
[10.305s] Installing say_client script to /home/ubuntu/LyricalDave/ros2ws/install/dave/lib/dave
[10.310s] Installing say_node script to /home/ubuntu/LyricalDave/ros2ws/install/dave/lib/dave
[10.313s] Installing test_dock script to /home/ubuntu/LyricalDave/ros2ws/install/dave/lib/dave
[10.322s] writing list of installed files to '/home/ubuntu/LyricalDave/ros2ws/build/dave/install.log'
[11.945s] Invoked command in '/home/ubuntu/LyricalDave/ros2ws/src/dave' returned '0': PYTHONPATH=/home/ubuntu/LyricalDave/ros2ws/build/dave/prefix_override:/usr/lib/python3/dist-packages/colcon_core/task/python/colcon_distutils_commands:/home/ubuntu/LyricalDave/ros2ws/install/dave/lib/python3.14/site-packages:${PYTHONPATH} /usr/bin/python3 -W ignore:setup.py install is deprecated -W ignore:easy_install command is deprecated setup.py egg_info --egg-base ../../build/dave build --build-base /home/ubuntu/LyricalDave/ros2ws/build/dave/build install --record /home/ubuntu/LyricalDave/ros2ws/build/dave/install.log --single-version-externally-managed install_data
